[2022-04-28 15:30:07,921] {taskinstance.py:1043} INFO - Dependencies all met for <TaskInstance: starwarapi.transform_load scheduled__2022-04-28T15:29:02.323668+00:00 [queued]>
[2022-04-28 15:30:07,955] {taskinstance.py:1043} INFO - Dependencies all met for <TaskInstance: starwarapi.transform_load scheduled__2022-04-28T15:29:02.323668+00:00 [queued]>
[2022-04-28 15:30:07,956] {taskinstance.py:1249} INFO - 
--------------------------------------------------------------------------------
[2022-04-28 15:30:07,960] {taskinstance.py:1250} INFO - Starting attempt 1 of 2
[2022-04-28 15:30:07,963] {taskinstance.py:1251} INFO - 
--------------------------------------------------------------------------------
[2022-04-28 15:30:08,042] {taskinstance.py:1270} INFO - Executing <Task(PythonOperator): transform_load> on 2022-04-28 15:29:02.323668+00:00
[2022-04-28 15:30:08,054] {standard_task_runner.py:52} INFO - Started process 521 to run task
[2022-04-28 15:30:08,072] {standard_task_runner.py:79} INFO - Running: ['***', 'tasks', 'run', 'starwarapi', 'transform_load', 'scheduled__2022-04-28T15:29:02.323668+00:00', '--job-id', '65', '--raw', '--subdir', 'DAGS_FOLDER/starwar_dag.py', '--cfg-path', '/tmp/tmp07y3gpfb', '--error-file', '/tmp/tmpmtv7z917']
[2022-04-28 15:30:08,083] {standard_task_runner.py:80} INFO - Job 65: Subtask transform_load
[2022-04-28 15:30:08,369] {logging_mixin.py:109} INFO - Running <TaskInstance: starwarapi.transform_load scheduled__2022-04-28T15:29:02.323668+00:00 [running]> on host f3cfb7d93a54
[2022-04-28 15:30:08,681] {taskinstance.py:1448} INFO - Exporting the following env vars:
AIRFLOW_CTX_DAG_OWNER=***
AIRFLOW_CTX_DAG_ID=starwarapi
AIRFLOW_CTX_TASK_ID=transform_load
AIRFLOW_CTX_EXECUTION_DATE=2022-04-28T15:29:02.323668+00:00
AIRFLOW_CTX_DAG_RUN_ID=scheduled__2022-04-28T15:29:02.323668+00:00
[2022-04-28 15:30:09,659] {python.py:175} INFO - Done. Returned value was: None
[2022-04-28 15:30:09,691] {taskinstance.py:1288} INFO - Marking task as SUCCESS. dag_id=starwarapi, task_id=transform_load, execution_date=20220428T152902, start_date=20220428T153007, end_date=20220428T153009
[2022-04-28 15:30:09,803] {local_task_job.py:154} INFO - Task exited with return code 0
[2022-04-28 15:30:09,995] {local_task_job.py:264} INFO - 0 downstream tasks scheduled from follow-on schedule check
