[2022-04-28 15:24:10,296] {taskinstance.py:1043} INFO - Dependencies all met for <TaskInstance: starwarapi.loaded scheduled__2022-04-28T15:23:02.323668+00:00 [queued]>
[2022-04-28 15:24:10,319] {taskinstance.py:1043} INFO - Dependencies all met for <TaskInstance: starwarapi.loaded scheduled__2022-04-28T15:23:02.323668+00:00 [queued]>
[2022-04-28 15:24:10,321] {taskinstance.py:1249} INFO - 
--------------------------------------------------------------------------------
[2022-04-28 15:24:10,330] {taskinstance.py:1250} INFO - Starting attempt 1 of 2
[2022-04-28 15:24:10,335] {taskinstance.py:1251} INFO - 
--------------------------------------------------------------------------------
[2022-04-28 15:24:10,371] {taskinstance.py:1270} INFO - Executing <Task(BashOperator): loaded> on 2022-04-28 15:23:02.323668+00:00
[2022-04-28 15:24:10,393] {standard_task_runner.py:52} INFO - Started process 222 to run task
[2022-04-28 15:24:10,404] {standard_task_runner.py:79} INFO - Running: ['***', 'tasks', 'run', 'starwarapi', 'loaded', 'scheduled__2022-04-28T15:23:02.323668+00:00', '--job-id', '42', '--raw', '--subdir', 'DAGS_FOLDER/starwar_dag.py', '--cfg-path', '/tmp/tmp3qrvnsev', '--error-file', '/tmp/tmp84dl6ttq']
[2022-04-28 15:24:10,410] {standard_task_runner.py:80} INFO - Job 42: Subtask loaded
[2022-04-28 15:24:10,782] {logging_mixin.py:109} INFO - Running <TaskInstance: starwarapi.loaded scheduled__2022-04-28T15:23:02.323668+00:00 [running]> on host f3cfb7d93a54
[2022-04-28 15:24:11,011] {taskinstance.py:1448} INFO - Exporting the following env vars:
AIRFLOW_CTX_DAG_OWNER=***
AIRFLOW_CTX_DAG_ID=starwarapi
AIRFLOW_CTX_TASK_ID=loaded
AIRFLOW_CTX_EXECUTION_DATE=2022-04-28T15:23:02.323668+00:00
AIRFLOW_CTX_DAG_RUN_ID=scheduled__2022-04-28T15:23:02.323668+00:00
[2022-04-28 15:24:11,019] {subprocess.py:62} INFO - Tmp dir root location: 
 /tmp
[2022-04-28 15:24:11,023] {subprocess.py:74} INFO - Running command: ['bash', '-c', "echo 'Data_loaded_to_CSV'"]
[2022-04-28 15:24:11,058] {subprocess.py:85} INFO - Output:
[2022-04-28 15:24:11,068] {subprocess.py:89} INFO - Data_loaded_to_CSV
[2022-04-28 15:24:11,070] {subprocess.py:93} INFO - Command exited with return code 0
[2022-04-28 15:24:11,202] {taskinstance.py:1288} INFO - Marking task as SUCCESS. dag_id=starwarapi, task_id=loaded, execution_date=20220428T152302, start_date=20220428T152410, end_date=20220428T152411
[2022-04-28 15:24:11,302] {local_task_job.py:154} INFO - Task exited with return code 0
[2022-04-28 15:24:11,562] {local_task_job.py:264} INFO - 0 downstream tasks scheduled from follow-on schedule check
