[2022-04-28 15:30:05,302] {taskinstance.py:1043} INFO - Dependencies all met for <TaskInstance: starwarapi.extracted scheduled__2022-04-28T15:29:02.323668+00:00 [queued]>
[2022-04-28 15:30:05,341] {taskinstance.py:1043} INFO - Dependencies all met for <TaskInstance: starwarapi.extracted scheduled__2022-04-28T15:29:02.323668+00:00 [queued]>
[2022-04-28 15:30:05,344] {taskinstance.py:1249} INFO - 
--------------------------------------------------------------------------------
[2022-04-28 15:30:05,349] {taskinstance.py:1250} INFO - Starting attempt 1 of 2
[2022-04-28 15:30:05,352] {taskinstance.py:1251} INFO - 
--------------------------------------------------------------------------------
[2022-04-28 15:30:05,408] {taskinstance.py:1270} INFO - Executing <Task(BashOperator): extracted> on 2022-04-28 15:29:02.323668+00:00
[2022-04-28 15:30:05,436] {standard_task_runner.py:79} INFO - Running: ['***', 'tasks', 'run', 'starwarapi', 'extracted', 'scheduled__2022-04-28T15:29:02.323668+00:00', '--job-id', '64', '--raw', '--subdir', 'DAGS_FOLDER/starwar_dag.py', '--cfg-path', '/tmp/tmprss6a64l', '--error-file', '/tmp/tmp5p13f6sp']
[2022-04-28 15:30:05,440] {standard_task_runner.py:80} INFO - Job 64: Subtask extracted
[2022-04-28 15:30:05,428] {standard_task_runner.py:52} INFO - Started process 510 to run task
[2022-04-28 15:30:05,604] {logging_mixin.py:109} INFO - Running <TaskInstance: starwarapi.extracted scheduled__2022-04-28T15:29:02.323668+00:00 [running]> on host f3cfb7d93a54
[2022-04-28 15:30:05,794] {taskinstance.py:1448} INFO - Exporting the following env vars:
AIRFLOW_CTX_DAG_OWNER=***
AIRFLOW_CTX_DAG_ID=starwarapi
AIRFLOW_CTX_TASK_ID=extracted
AIRFLOW_CTX_EXECUTION_DATE=2022-04-28T15:29:02.323668+00:00
AIRFLOW_CTX_DAG_RUN_ID=scheduled__2022-04-28T15:29:02.323668+00:00
[2022-04-28 15:30:05,805] {subprocess.py:62} INFO - Tmp dir root location: 
 /tmp
[2022-04-28 15:30:05,811] {subprocess.py:74} INFO - Running command: ['bash', '-c', "echo 'Data_Extracted'"]
[2022-04-28 15:30:05,842] {subprocess.py:85} INFO - Output:
[2022-04-28 15:30:05,855] {subprocess.py:89} INFO - Data_Extracted
[2022-04-28 15:30:05,864] {subprocess.py:93} INFO - Command exited with return code 0
[2022-04-28 15:30:05,943] {taskinstance.py:1288} INFO - Marking task as SUCCESS. dag_id=starwarapi, task_id=extracted, execution_date=20220428T152902, start_date=20220428T153005, end_date=20220428T153005
[2022-04-28 15:30:06,018] {local_task_job.py:154} INFO - Task exited with return code 0
[2022-04-28 15:30:06,170] {local_task_job.py:264} INFO - 1 downstream tasks scheduled from follow-on schedule check
