[2022-04-26 01:42:53,009] {taskinstance.py:1043} INFO - Dependencies all met for <TaskInstance: starwarapi.extract scheduled__2022-04-26T01:41:51.766646+00:00 [queued]>
[2022-04-26 01:42:53,026] {taskinstance.py:1043} INFO - Dependencies all met for <TaskInstance: starwarapi.extract scheduled__2022-04-26T01:41:51.766646+00:00 [queued]>
[2022-04-26 01:42:53,028] {taskinstance.py:1249} INFO - 
--------------------------------------------------------------------------------
[2022-04-26 01:42:53,029] {taskinstance.py:1250} INFO - Starting attempt 1 of 2
[2022-04-26 01:42:53,030] {taskinstance.py:1251} INFO - 
--------------------------------------------------------------------------------
[2022-04-26 01:42:53,062] {taskinstance.py:1270} INFO - Executing <Task(PythonOperator): extract> on 2022-04-26 01:41:51.766646+00:00
[2022-04-26 01:42:53,070] {standard_task_runner.py:52} INFO - Started process 1323 to run task
[2022-04-26 01:42:53,113] {standard_task_runner.py:79} INFO - Running: ['***', 'tasks', 'run', 'starwarapi', 'extract', 'scheduled__2022-04-26T01:41:51.766646+00:00', '--job-id', '160', '--raw', '--subdir', 'DAGS_FOLDER/starwar_dag.py', '--cfg-path', '/tmp/tmpzdyxhgqu', '--error-file', '/tmp/tmpkol7kzc0']
[2022-04-26 01:42:53,122] {standard_task_runner.py:80} INFO - Job 160: Subtask extract
[2022-04-26 01:42:53,252] {logging_mixin.py:109} INFO - Running <TaskInstance: starwarapi.extract scheduled__2022-04-26T01:41:51.766646+00:00 [running]> on host 66327e1a8873
[2022-04-26 01:42:53,488] {taskinstance.py:1448} INFO - Exporting the following env vars:
AIRFLOW_CTX_DAG_OWNER=***
AIRFLOW_CTX_DAG_ID=starwarapi
AIRFLOW_CTX_TASK_ID=extract
AIRFLOW_CTX_EXECUTION_DATE=2022-04-26T01:41:51.766646+00:00
AIRFLOW_CTX_DAG_RUN_ID=scheduled__2022-04-26T01:41:51.766646+00:00
[2022-04-26 01:42:56,830] {logging_mixin.py:109} INFO - <Response [200]>
[2022-04-26 01:42:56,847] {python.py:175} INFO - Done. Returned value was: None
[2022-04-26 01:42:56,886] {taskinstance.py:1288} INFO - Marking task as SUCCESS. dag_id=starwarapi, task_id=extract, execution_date=20220426T014151, start_date=20220426T014253, end_date=20220426T014256
[2022-04-26 01:42:57,004] {local_task_job.py:154} INFO - Task exited with return code 0
[2022-04-26 01:42:57,139] {local_task_job.py:264} INFO - 1 downstream tasks scheduled from follow-on schedule check
