[2022-04-26 01:33:33,218] {taskinstance.py:1043} INFO - Dependencies all met for <TaskInstance: starwarapi.loaded scheduled__2022-04-26T01:32:51.766646+00:00 [queued]>
[2022-04-26 01:33:33,252] {taskinstance.py:1043} INFO - Dependencies all met for <TaskInstance: starwarapi.loaded scheduled__2022-04-26T01:32:51.766646+00:00 [queued]>
[2022-04-26 01:33:33,262] {taskinstance.py:1249} INFO - 
--------------------------------------------------------------------------------
[2022-04-26 01:33:33,269] {taskinstance.py:1250} INFO - Starting attempt 1 of 2
[2022-04-26 01:33:33,277] {taskinstance.py:1251} INFO - 
--------------------------------------------------------------------------------
[2022-04-26 01:33:33,297] {taskinstance.py:1270} INFO - Executing <Task(BashOperator): loaded> on 2022-04-26 01:32:51.766646+00:00
[2022-04-26 01:33:33,305] {standard_task_runner.py:52} INFO - Started process 813 to run task
[2022-04-26 01:33:33,321] {standard_task_runner.py:79} INFO - Running: ['***', 'tasks', 'run', 'starwarapi', 'loaded', 'scheduled__2022-04-26T01:32:51.766646+00:00', '--job-id', '95', '--raw', '--subdir', 'DAGS_FOLDER/starwar_dag.py', '--cfg-path', '/tmp/tmpfum8ilja', '--error-file', '/tmp/tmprwqx4bw_']
[2022-04-26 01:33:33,323] {standard_task_runner.py:80} INFO - Job 95: Subtask loaded
[2022-04-26 01:33:33,433] {logging_mixin.py:109} INFO - Running <TaskInstance: starwarapi.loaded scheduled__2022-04-26T01:32:51.766646+00:00 [running]> on host 66327e1a8873
[2022-04-26 01:33:33,556] {taskinstance.py:1448} INFO - Exporting the following env vars:
AIRFLOW_CTX_DAG_OWNER=***
AIRFLOW_CTX_DAG_ID=starwarapi
AIRFLOW_CTX_TASK_ID=loaded
AIRFLOW_CTX_EXECUTION_DATE=2022-04-26T01:32:51.766646+00:00
AIRFLOW_CTX_DAG_RUN_ID=scheduled__2022-04-26T01:32:51.766646+00:00
[2022-04-26 01:33:33,591] {subprocess.py:62} INFO - Tmp dir root location: 
 /tmp
[2022-04-26 01:33:33,623] {subprocess.py:74} INFO - Running command: ['bash', '-c', "echo 'Data_loaded_to_CSV'"]
[2022-04-26 01:33:33,656] {subprocess.py:85} INFO - Output:
[2022-04-26 01:33:33,671] {subprocess.py:89} INFO - Data_loaded_to_CSV
[2022-04-26 01:33:33,673] {subprocess.py:93} INFO - Command exited with return code 0
[2022-04-26 01:33:33,741] {taskinstance.py:1288} INFO - Marking task as SUCCESS. dag_id=starwarapi, task_id=loaded, execution_date=20220426T013251, start_date=20220426T013333, end_date=20220426T013333
[2022-04-26 01:33:33,838] {local_task_job.py:154} INFO - Task exited with return code 0
[2022-04-26 01:33:33,926] {local_task_job.py:264} INFO - 0 downstream tasks scheduled from follow-on schedule check
