[2022-04-26 01:29:07,137] {taskinstance.py:1043} INFO - Dependencies all met for <TaskInstance: starwarapi.loaded scheduled__2022-04-26T01:28:21.766646+00:00 [queued]>
[2022-04-26 01:29:07,174] {taskinstance.py:1043} INFO - Dependencies all met for <TaskInstance: starwarapi.loaded scheduled__2022-04-26T01:28:21.766646+00:00 [queued]>
[2022-04-26 01:29:07,183] {taskinstance.py:1249} INFO - 
--------------------------------------------------------------------------------
[2022-04-26 01:29:07,188] {taskinstance.py:1250} INFO - Starting attempt 1 of 2
[2022-04-26 01:29:07,197] {taskinstance.py:1251} INFO - 
--------------------------------------------------------------------------------
[2022-04-26 01:29:07,236] {taskinstance.py:1270} INFO - Executing <Task(BashOperator): loaded> on 2022-04-26 01:28:21.766646+00:00
[2022-04-26 01:29:07,247] {standard_task_runner.py:52} INFO - Started process 567 to run task
[2022-04-26 01:29:07,260] {standard_task_runner.py:79} INFO - Running: ['***', 'tasks', 'run', 'starwarapi', 'loaded', 'scheduled__2022-04-26T01:28:21.766646+00:00', '--job-id', '59', '--raw', '--subdir', 'DAGS_FOLDER/starwar_dag.py', '--cfg-path', '/tmp/tmpy1pv0qs2', '--error-file', '/tmp/tmpa5qbv_ut']
[2022-04-26 01:29:07,261] {standard_task_runner.py:80} INFO - Job 59: Subtask loaded
[2022-04-26 01:29:07,576] {logging_mixin.py:109} INFO - Running <TaskInstance: starwarapi.loaded scheduled__2022-04-26T01:28:21.766646+00:00 [running]> on host 66327e1a8873
[2022-04-26 01:29:07,788] {taskinstance.py:1448} INFO - Exporting the following env vars:
AIRFLOW_CTX_DAG_OWNER=***
AIRFLOW_CTX_DAG_ID=starwarapi
AIRFLOW_CTX_TASK_ID=loaded
AIRFLOW_CTX_EXECUTION_DATE=2022-04-26T01:28:21.766646+00:00
AIRFLOW_CTX_DAG_RUN_ID=scheduled__2022-04-26T01:28:21.766646+00:00
[2022-04-26 01:29:07,794] {subprocess.py:62} INFO - Tmp dir root location: 
 /tmp
[2022-04-26 01:29:07,796] {subprocess.py:74} INFO - Running command: ['bash', '-c', "echo 'Data_loaded_to_CSV'"]
[2022-04-26 01:29:07,840] {subprocess.py:85} INFO - Output:
[2022-04-26 01:29:07,847] {subprocess.py:89} INFO - Data_loaded_to_CSV
[2022-04-26 01:29:07,853] {subprocess.py:93} INFO - Command exited with return code 0
[2022-04-26 01:29:08,113] {taskinstance.py:1288} INFO - Marking task as SUCCESS. dag_id=starwarapi, task_id=loaded, execution_date=20220426T012821, start_date=20220426T012907, end_date=20220426T012908
[2022-04-26 01:29:08,222] {local_task_job.py:154} INFO - Task exited with return code 0
[2022-04-26 01:29:08,666] {local_task_job.py:264} INFO - 0 downstream tasks scheduled from follow-on schedule check
