[2022-04-28 15:31:04,766] {taskinstance.py:1043} INFO - Dependencies all met for <TaskInstance: starwarapi.extracted scheduled__2022-04-28T15:30:02.323668+00:00 [queued]>
[2022-04-28 15:31:04,805] {taskinstance.py:1043} INFO - Dependencies all met for <TaskInstance: starwarapi.extracted scheduled__2022-04-28T15:30:02.323668+00:00 [queued]>
[2022-04-28 15:31:04,820] {taskinstance.py:1249} INFO - 
--------------------------------------------------------------------------------
[2022-04-28 15:31:04,831] {taskinstance.py:1250} INFO - Starting attempt 1 of 2
[2022-04-28 15:31:04,833] {taskinstance.py:1251} INFO - 
--------------------------------------------------------------------------------
[2022-04-28 15:31:04,898] {taskinstance.py:1270} INFO - Executing <Task(BashOperator): extracted> on 2022-04-28 15:30:02.323668+00:00
[2022-04-28 15:31:04,921] {standard_task_runner.py:79} INFO - Running: ['***', 'tasks', 'run', 'starwarapi', 'extracted', 'scheduled__2022-04-28T15:30:02.323668+00:00', '--job-id', '68', '--raw', '--subdir', 'DAGS_FOLDER/starwar_dag.py', '--cfg-path', '/tmp/tmpow9e4u4f', '--error-file', '/tmp/tmpku2lfyxs']
[2022-04-28 15:31:04,925] {standard_task_runner.py:80} INFO - Job 68: Subtask extracted
[2022-04-28 15:31:04,912] {standard_task_runner.py:52} INFO - Started process 563 to run task
[2022-04-28 15:31:05,290] {logging_mixin.py:109} INFO - Running <TaskInstance: starwarapi.extracted scheduled__2022-04-28T15:30:02.323668+00:00 [running]> on host f3cfb7d93a54
[2022-04-28 15:31:05,481] {taskinstance.py:1448} INFO - Exporting the following env vars:
AIRFLOW_CTX_DAG_OWNER=***
AIRFLOW_CTX_DAG_ID=starwarapi
AIRFLOW_CTX_TASK_ID=extracted
AIRFLOW_CTX_EXECUTION_DATE=2022-04-28T15:30:02.323668+00:00
AIRFLOW_CTX_DAG_RUN_ID=scheduled__2022-04-28T15:30:02.323668+00:00
[2022-04-28 15:31:05,486] {subprocess.py:62} INFO - Tmp dir root location: 
 /tmp
[2022-04-28 15:31:05,489] {subprocess.py:74} INFO - Running command: ['bash', '-c', "echo 'Data_Extracted'"]
[2022-04-28 15:31:05,519] {subprocess.py:85} INFO - Output:
[2022-04-28 15:31:05,521] {subprocess.py:89} INFO - Data_Extracted
[2022-04-28 15:31:05,524] {subprocess.py:93} INFO - Command exited with return code 0
[2022-04-28 15:31:05,588] {taskinstance.py:1288} INFO - Marking task as SUCCESS. dag_id=starwarapi, task_id=extracted, execution_date=20220428T153002, start_date=20220428T153104, end_date=20220428T153105
[2022-04-28 15:31:05,645] {local_task_job.py:154} INFO - Task exited with return code 0
[2022-04-28 15:31:05,748] {local_task_job.py:264} INFO - 1 downstream tasks scheduled from follow-on schedule check
