[2022-04-26 00:36:26,526] {taskinstance.py:1043} INFO - Dependencies all met for <TaskInstance: starwarapi.loaded manual__2022-04-26T00:35:54.381161+00:00 [queued]>
[2022-04-26 00:36:26,567] {taskinstance.py:1043} INFO - Dependencies all met for <TaskInstance: starwarapi.loaded manual__2022-04-26T00:35:54.381161+00:00 [queued]>
[2022-04-26 00:36:26,568] {taskinstance.py:1249} INFO - 
--------------------------------------------------------------------------------
[2022-04-26 00:36:26,570] {taskinstance.py:1250} INFO - Starting attempt 1 of 2
[2022-04-26 00:36:26,571] {taskinstance.py:1251} INFO - 
--------------------------------------------------------------------------------
[2022-04-26 00:36:26,667] {taskinstance.py:1270} INFO - Executing <Task(BashOperator): loaded> on 2022-04-26 00:35:54.381161+00:00
[2022-04-26 00:36:26,679] {standard_task_runner.py:52} INFO - Started process 155 to run task
[2022-04-26 00:36:26,691] {standard_task_runner.py:79} INFO - Running: ['***', 'tasks', 'run', 'starwarapi', 'loaded', 'manual__2022-04-26T00:35:54.381161+00:00', '--job-id', '6', '--raw', '--subdir', 'DAGS_FOLDER/starwar_dag.py', '--cfg-path', '/tmp/tmpdpnq5h_d', '--error-file', '/tmp/tmppf6eiz8t']
[2022-04-26 00:36:26,702] {standard_task_runner.py:80} INFO - Job 6: Subtask loaded
[2022-04-26 00:36:27,214] {logging_mixin.py:109} INFO - Running <TaskInstance: starwarapi.loaded manual__2022-04-26T00:35:54.381161+00:00 [running]> on host 647d11b86f63
[2022-04-26 00:36:27,497] {taskinstance.py:1448} INFO - Exporting the following env vars:
AIRFLOW_CTX_DAG_OWNER=***
AIRFLOW_CTX_DAG_ID=starwarapi
AIRFLOW_CTX_TASK_ID=loaded
AIRFLOW_CTX_EXECUTION_DATE=2022-04-26T00:35:54.381161+00:00
AIRFLOW_CTX_DAG_RUN_ID=manual__2022-04-26T00:35:54.381161+00:00
[2022-04-26 00:36:27,511] {subprocess.py:62} INFO - Tmp dir root location: 
 /tmp
[2022-04-26 00:36:27,515] {subprocess.py:74} INFO - Running command: ['bash', '-c', "echo 'Data_loaded_to_CSV'"]
[2022-04-26 00:36:27,579] {subprocess.py:85} INFO - Output:
[2022-04-26 00:36:27,606] {subprocess.py:89} INFO - Data_loaded_to_CSV
[2022-04-26 00:36:27,611] {subprocess.py:93} INFO - Command exited with return code 0
[2022-04-26 00:36:27,760] {taskinstance.py:1288} INFO - Marking task as SUCCESS. dag_id=starwarapi, task_id=loaded, execution_date=20220426T003554, start_date=20220426T003626, end_date=20220426T003627
[2022-04-26 00:36:27,890] {local_task_job.py:154} INFO - Task exited with return code 0
[2022-04-26 00:36:28,054] {local_task_job.py:264} INFO - 0 downstream tasks scheduled from follow-on schedule check
