[2022-04-26 01:21:08,704] {taskinstance.py:1043} INFO - Dependencies all met for <TaskInstance: starwarapi.loaded scheduled__2022-04-26T00:46:34.862951+00:00 [queued]>
[2022-04-26 01:21:09,358] {taskinstance.py:1043} INFO - Dependencies all met for <TaskInstance: starwarapi.loaded scheduled__2022-04-26T00:46:34.862951+00:00 [queued]>
[2022-04-26 01:21:09,362] {taskinstance.py:1249} INFO - 
--------------------------------------------------------------------------------
[2022-04-26 01:21:09,372] {taskinstance.py:1250} INFO - Starting attempt 1 of 2
[2022-04-26 01:21:09,375] {taskinstance.py:1251} INFO - 
--------------------------------------------------------------------------------
[2022-04-26 01:21:10,508] {taskinstance.py:1270} INFO - Executing <Task(BashOperator): loaded> on 2022-04-26 00:46:34.862951+00:00
[2022-04-26 01:21:11,425] {standard_task_runner.py:52} INFO - Started process 233 to run task
[2022-04-26 01:21:11,588] {standard_task_runner.py:79} INFO - Running: ['***', 'tasks', 'run', 'starwarapi', 'loaded', 'scheduled__2022-04-26T00:46:34.862951+00:00', '--job-id', '41', '--raw', '--subdir', 'DAGS_FOLDER/starwar_dag.py', '--cfg-path', '/tmp/tmpij3hxo05', '--error-file', '/tmp/tmpca3ygnw_']
[2022-04-26 01:21:11,600] {standard_task_runner.py:80} INFO - Job 41: Subtask loaded
[2022-04-26 01:21:16,107] {logging_mixin.py:109} INFO - Running <TaskInstance: starwarapi.loaded scheduled__2022-04-26T00:46:34.862951+00:00 [running]> on host 66327e1a8873
[2022-04-26 01:21:18,692] {taskinstance.py:1448} INFO - Exporting the following env vars:
AIRFLOW_CTX_DAG_OWNER=***
AIRFLOW_CTX_DAG_ID=starwarapi
AIRFLOW_CTX_TASK_ID=loaded
AIRFLOW_CTX_EXECUTION_DATE=2022-04-26T00:46:34.862951+00:00
AIRFLOW_CTX_DAG_RUN_ID=scheduled__2022-04-26T00:46:34.862951+00:00
[2022-04-26 01:21:18,717] {subprocess.py:62} INFO - Tmp dir root location: 
 /tmp
[2022-04-26 01:21:18,733] {subprocess.py:74} INFO - Running command: ['bash', '-c', "echo 'Data_loaded_to_CSV'"]
[2022-04-26 01:21:18,903] {subprocess.py:85} INFO - Output:
[2022-04-26 01:21:18,926] {subprocess.py:89} INFO - Data_loaded_to_CSV
[2022-04-26 01:21:18,935] {subprocess.py:93} INFO - Command exited with return code 0
[2022-04-26 01:21:19,107] {taskinstance.py:1288} INFO - Marking task as SUCCESS. dag_id=starwarapi, task_id=loaded, execution_date=20220426T004634, start_date=20220426T012108, end_date=20220426T012119
[2022-04-26 01:21:19,188] {local_task_job.py:154} INFO - Task exited with return code 0
[2022-04-26 01:21:19,414] {local_task_job.py:264} INFO - 0 downstream tasks scheduled from follow-on schedule check
