[2022-04-25 16:29:15,088] {taskinstance.py:1043} INFO - Dependencies all met for <TaskInstance: starwarapi.extracted scheduled__2022-04-25T16:27:43.253047+00:00 [queued]>
[2022-04-25 16:29:15,171] {taskinstance.py:1043} INFO - Dependencies all met for <TaskInstance: starwarapi.extracted scheduled__2022-04-25T16:27:43.253047+00:00 [queued]>
[2022-04-25 16:29:15,172] {taskinstance.py:1249} INFO - 
--------------------------------------------------------------------------------
[2022-04-25 16:29:15,174] {taskinstance.py:1250} INFO - Starting attempt 1 of 2
[2022-04-25 16:29:15,183] {taskinstance.py:1251} INFO - 
--------------------------------------------------------------------------------
[2022-04-25 16:29:15,298] {taskinstance.py:1270} INFO - Executing <Task(BashOperator): extracted> on 2022-04-25 16:27:43.253047+00:00
[2022-04-25 16:29:15,369] {standard_task_runner.py:52} INFO - Started process 221 to run task
[2022-04-25 16:29:15,417] {standard_task_runner.py:79} INFO - Running: ['***', 'tasks', 'run', 'starwarapi', 'extracted', 'scheduled__2022-04-25T16:27:43.253047+00:00', '--job-id', '100', '--raw', '--subdir', 'DAGS_FOLDER/starwar_dag.py', '--cfg-path', '/tmp/tmpkjdkzr2f', '--error-file', '/tmp/tmp70wh7ws8']
[2022-04-25 16:29:15,430] {standard_task_runner.py:80} INFO - Job 100: Subtask extracted
[2022-04-25 16:29:16,176] {logging_mixin.py:109} INFO - Running <TaskInstance: starwarapi.extracted scheduled__2022-04-25T16:27:43.253047+00:00 [running]> on host 78492d0c0135
[2022-04-25 16:29:17,005] {taskinstance.py:1448} INFO - Exporting the following env vars:
AIRFLOW_CTX_DAG_EMAIL=anuragvuppala@gmail.com
AIRFLOW_CTX_DAG_OWNER=***
AIRFLOW_CTX_DAG_ID=starwarapi
AIRFLOW_CTX_TASK_ID=extracted
AIRFLOW_CTX_EXECUTION_DATE=2022-04-25T16:27:43.253047+00:00
AIRFLOW_CTX_DAG_RUN_ID=scheduled__2022-04-25T16:27:43.253047+00:00
[2022-04-25 16:29:17,024] {subprocess.py:62} INFO - Tmp dir root location: 
 /tmp
[2022-04-25 16:29:17,037] {subprocess.py:74} INFO - Running command: ['bash', '-c', "echo 'Data_Extracted'"]
[2022-04-25 16:29:17,345] {subprocess.py:85} INFO - Output:
[2022-04-25 16:29:17,402] {subprocess.py:89} INFO - Data_Extracted
[2022-04-25 16:29:17,576] {subprocess.py:93} INFO - Command exited with return code 0
[2022-04-25 16:29:18,165] {taskinstance.py:1288} INFO - Marking task as SUCCESS. dag_id=starwarapi, task_id=extracted, execution_date=20220425T162743, start_date=20220425T162915, end_date=20220425T162918
[2022-04-25 16:29:18,398] {local_task_job.py:154} INFO - Task exited with return code 0
[2022-04-25 16:29:18,690] {local_task_job.py:264} INFO - 1 downstream tasks scheduled from follow-on schedule check
