[2022-04-26 01:47:48,846] {taskinstance.py:1043} INFO - Dependencies all met for <TaskInstance: starwarapi.transform_load scheduled__2022-04-26T01:46:38.733923+00:00 [queued]>
[2022-04-26 01:47:48,871] {taskinstance.py:1043} INFO - Dependencies all met for <TaskInstance: starwarapi.transform_load scheduled__2022-04-26T01:46:38.733923+00:00 [queued]>
[2022-04-26 01:47:48,879] {taskinstance.py:1249} INFO - 
--------------------------------------------------------------------------------
[2022-04-26 01:47:48,884] {taskinstance.py:1250} INFO - Starting attempt 1 of 2
[2022-04-26 01:47:48,914] {taskinstance.py:1251} INFO - 
--------------------------------------------------------------------------------
[2022-04-26 01:47:48,966] {taskinstance.py:1270} INFO - Executing <Task(PythonOperator): transform_load> on 2022-04-26 01:46:38.733923+00:00
[2022-04-26 01:47:49,007] {standard_task_runner.py:52} INFO - Started process 1539 to run task
[2022-04-26 01:47:49,058] {standard_task_runner.py:79} INFO - Running: ['***', 'tasks', 'run', 'starwarapi', 'transform_load', 'scheduled__2022-04-26T01:46:38.733923+00:00', '--job-id', '170', '--raw', '--subdir', 'DAGS_FOLDER/starwar_dag.py', '--cfg-path', '/tmp/tmp48n5ulgs', '--error-file', '/tmp/tmp7p4xyq8a']
[2022-04-26 01:47:49,072] {standard_task_runner.py:80} INFO - Job 170: Subtask transform_load
[2022-04-26 01:47:50,258] {logging_mixin.py:109} INFO - Running <TaskInstance: starwarapi.transform_load scheduled__2022-04-26T01:46:38.733923+00:00 [running]> on host 66327e1a8873
[2022-04-26 01:47:50,729] {taskinstance.py:1448} INFO - Exporting the following env vars:
AIRFLOW_CTX_DAG_OWNER=***
AIRFLOW_CTX_DAG_ID=starwarapi
AIRFLOW_CTX_TASK_ID=transform_load
AIRFLOW_CTX_EXECUTION_DATE=2022-04-26T01:46:38.733923+00:00
AIRFLOW_CTX_DAG_RUN_ID=scheduled__2022-04-26T01:46:38.733923+00:00
[2022-04-26 01:47:52,395] {python.py:175} INFO - Done. Returned value was: None
[2022-04-26 01:47:52,426] {taskinstance.py:1288} INFO - Marking task as SUCCESS. dag_id=starwarapi, task_id=transform_load, execution_date=20220426T014638, start_date=20220426T014748, end_date=20220426T014752
[2022-04-26 01:47:52,532] {local_task_job.py:154} INFO - Task exited with return code 0
[2022-04-26 01:47:52,616] {local_task_job.py:264} INFO - 0 downstream tasks scheduled from follow-on schedule check
