[2022-04-26 01:39:02,994] {taskinstance.py:1043} INFO - Dependencies all met for <TaskInstance: starwarapi.transform_load scheduled__2022-04-26T01:38:21.766646+00:00 [queued]>
[2022-04-26 01:39:03,040] {taskinstance.py:1043} INFO - Dependencies all met for <TaskInstance: starwarapi.transform_load scheduled__2022-04-26T01:38:21.766646+00:00 [queued]>
[2022-04-26 01:39:03,041] {taskinstance.py:1249} INFO - 
--------------------------------------------------------------------------------
[2022-04-26 01:39:03,042] {taskinstance.py:1250} INFO - Starting attempt 1 of 2
[2022-04-26 01:39:03,043] {taskinstance.py:1251} INFO - 
--------------------------------------------------------------------------------
[2022-04-26 01:39:03,069] {taskinstance.py:1270} INFO - Executing <Task(PythonOperator): transform_load> on 2022-04-26 01:38:21.766646+00:00
[2022-04-26 01:39:03,081] {standard_task_runner.py:52} INFO - Started process 1113 to run task
[2022-04-26 01:39:03,089] {standard_task_runner.py:79} INFO - Running: ['***', 'tasks', 'run', 'starwarapi', 'transform_load', 'scheduled__2022-04-26T01:38:21.766646+00:00', '--job-id', '138', '--raw', '--subdir', 'DAGS_FOLDER/starwar_dag.py', '--cfg-path', '/tmp/tmpu9x511dt', '--error-file', '/tmp/tmprku_3ga5']
[2022-04-26 01:39:03,091] {standard_task_runner.py:80} INFO - Job 138: Subtask transform_load
[2022-04-26 01:39:03,208] {logging_mixin.py:109} INFO - Running <TaskInstance: starwarapi.transform_load scheduled__2022-04-26T01:38:21.766646+00:00 [running]> on host 66327e1a8873
[2022-04-26 01:39:03,384] {taskinstance.py:1448} INFO - Exporting the following env vars:
AIRFLOW_CTX_DAG_OWNER=***
AIRFLOW_CTX_DAG_ID=starwarapi
AIRFLOW_CTX_TASK_ID=transform_load
AIRFLOW_CTX_EXECUTION_DATE=2022-04-26T01:38:21.766646+00:00
AIRFLOW_CTX_DAG_RUN_ID=scheduled__2022-04-26T01:38:21.766646+00:00
[2022-04-26 01:39:04,509] {python.py:175} INFO - Done. Returned value was: None
[2022-04-26 01:39:04,552] {taskinstance.py:1288} INFO - Marking task as SUCCESS. dag_id=starwarapi, task_id=transform_load, execution_date=20220426T013821, start_date=20220426T013903, end_date=20220426T013904
[2022-04-26 01:39:04,643] {local_task_job.py:154} INFO - Task exited with return code 0
[2022-04-26 01:39:04,721] {local_task_job.py:264} INFO - 1 downstream tasks scheduled from follow-on schedule check
