[2022-04-26 00:36:08,227] {taskinstance.py:1043} INFO - Dependencies all met for <TaskInstance: starwarapi.transform_load manual__2022-04-26T00:35:54.381161+00:00 [queued]>
[2022-04-26 00:36:08,252] {taskinstance.py:1043} INFO - Dependencies all met for <TaskInstance: starwarapi.transform_load manual__2022-04-26T00:35:54.381161+00:00 [queued]>
[2022-04-26 00:36:08,253] {taskinstance.py:1249} INFO - 
--------------------------------------------------------------------------------
[2022-04-26 00:36:08,254] {taskinstance.py:1250} INFO - Starting attempt 1 of 2
[2022-04-26 00:36:08,255] {taskinstance.py:1251} INFO - 
--------------------------------------------------------------------------------
[2022-04-26 00:36:08,279] {taskinstance.py:1270} INFO - Executing <Task(PythonOperator): transform_load> on 2022-04-26 00:35:54.381161+00:00
[2022-04-26 00:36:08,287] {standard_task_runner.py:52} INFO - Started process 142 to run task
[2022-04-26 00:36:08,301] {standard_task_runner.py:79} INFO - Running: ['***', 'tasks', 'run', 'starwarapi', 'transform_load', 'manual__2022-04-26T00:35:54.381161+00:00', '--job-id', '5', '--raw', '--subdir', 'DAGS_FOLDER/starwar_dag.py', '--cfg-path', '/tmp/tmp0cc8b86b', '--error-file', '/tmp/tmp5x35wgl8']
[2022-04-26 00:36:08,304] {standard_task_runner.py:80} INFO - Job 5: Subtask transform_load
[2022-04-26 00:36:08,410] {logging_mixin.py:109} INFO - Running <TaskInstance: starwarapi.transform_load manual__2022-04-26T00:35:54.381161+00:00 [running]> on host 647d11b86f63
[2022-04-26 00:36:08,520] {taskinstance.py:1448} INFO - Exporting the following env vars:
AIRFLOW_CTX_DAG_OWNER=***
AIRFLOW_CTX_DAG_ID=starwarapi
AIRFLOW_CTX_TASK_ID=transform_load
AIRFLOW_CTX_EXECUTION_DATE=2022-04-26T00:35:54.381161+00:00
AIRFLOW_CTX_DAG_RUN_ID=manual__2022-04-26T00:35:54.381161+00:00
[2022-04-26 00:36:23,330] {python.py:175} INFO - Done. Returned value was: None
[2022-04-26 00:36:23,445] {taskinstance.py:1288} INFO - Marking task as SUCCESS. dag_id=starwarapi, task_id=transform_load, execution_date=20220426T003554, start_date=20220426T003608, end_date=20220426T003623
[2022-04-26 00:36:23,903] {local_task_job.py:154} INFO - Task exited with return code 0
[2022-04-26 00:36:24,105] {local_task_job.py:264} INFO - 1 downstream tasks scheduled from follow-on schedule check
