[2022-04-28 15:21:01,983] {processor.py:163} INFO - Started process (PID=50) to work on /opt/airflow/dags/starwar_dag.py
[2022-04-28 15:21:01,986] {processor.py:642} INFO - Processing file /opt/airflow/dags/starwar_dag.py for tasks to queue
[2022-04-28 15:21:01,990] {logging_mixin.py:109} INFO - [2022-04-28 15:21:01,989] {dagbag.py:500} INFO - Filling up the DagBag from /opt/airflow/dags/starwar_dag.py
[2022-04-28 15:21:02,162] {processor.py:652} INFO - DAG(s) dict_keys(['starwarapi']) retrieved from /opt/airflow/dags/starwar_dag.py
[2022-04-28 15:21:02,255] {logging_mixin.py:109} INFO - [2022-04-28 15:21:02,255] {dag.py:2398} INFO - Sync 1 DAGs
[2022-04-28 15:21:02,324] {logging_mixin.py:109} INFO - [2022-04-28 15:21:02,324] {dag.py:2937} INFO - Setting next_dagrun for starwarapi to 2022-04-28T15:20:02.323668+00:00
[2022-04-28 15:21:02,394] {processor.py:171} INFO - Processing /opt/airflow/dags/starwar_dag.py took 0.417 seconds
[2022-04-28 15:21:32,638] {processor.py:163} INFO - Started process (PID=70) to work on /opt/airflow/dags/starwar_dag.py
[2022-04-28 15:21:32,651] {processor.py:642} INFO - Processing file /opt/airflow/dags/starwar_dag.py for tasks to queue
[2022-04-28 15:21:32,655] {logging_mixin.py:109} INFO - [2022-04-28 15:21:32,654] {dagbag.py:500} INFO - Filling up the DagBag from /opt/airflow/dags/starwar_dag.py
[2022-04-28 15:21:32,835] {processor.py:652} INFO - DAG(s) dict_keys(['starwarapi']) retrieved from /opt/airflow/dags/starwar_dag.py
[2022-04-28 15:21:32,912] {logging_mixin.py:109} INFO - [2022-04-28 15:21:32,912] {dag.py:2398} INFO - Sync 1 DAGs
[2022-04-28 15:21:32,968] {logging_mixin.py:109} INFO - [2022-04-28 15:21:32,968] {dag.py:2937} INFO - Setting next_dagrun for starwarapi to 2022-04-28T15:21:02.323668+00:00
[2022-04-28 15:21:32,993] {processor.py:171} INFO - Processing /opt/airflow/dags/starwar_dag.py took 0.393 seconds
[2022-04-28 15:22:03,171] {processor.py:163} INFO - Started process (PID=101) to work on /opt/airflow/dags/starwar_dag.py
[2022-04-28 15:22:03,192] {processor.py:642} INFO - Processing file /opt/airflow/dags/starwar_dag.py for tasks to queue
[2022-04-28 15:22:03,219] {logging_mixin.py:109} INFO - [2022-04-28 15:22:03,219] {dagbag.py:500} INFO - Filling up the DagBag from /opt/airflow/dags/starwar_dag.py
[2022-04-28 15:22:03,522] {processor.py:652} INFO - DAG(s) dict_keys(['starwarapi']) retrieved from /opt/airflow/dags/starwar_dag.py
[2022-04-28 15:22:03,652] {logging_mixin.py:109} INFO - [2022-04-28 15:22:03,652] {dag.py:2398} INFO - Sync 1 DAGs
[2022-04-28 15:22:03,792] {logging_mixin.py:109} INFO - [2022-04-28 15:22:03,792] {dag.py:2937} INFO - Setting next_dagrun for starwarapi to 2022-04-28T15:22:02.323668+00:00
[2022-04-28 15:22:03,865] {processor.py:171} INFO - Processing /opt/airflow/dags/starwar_dag.py took 0.710 seconds
[2022-04-28 15:22:35,546] {processor.py:163} INFO - Started process (PID=118) to work on /opt/airflow/dags/starwar_dag.py
[2022-04-28 15:22:35,554] {processor.py:642} INFO - Processing file /opt/airflow/dags/starwar_dag.py for tasks to queue
[2022-04-28 15:22:35,568] {logging_mixin.py:109} INFO - [2022-04-28 15:22:35,567] {dagbag.py:500} INFO - Filling up the DagBag from /opt/airflow/dags/starwar_dag.py
[2022-04-28 15:22:35,977] {processor.py:652} INFO - DAG(s) dict_keys(['starwarapi']) retrieved from /opt/airflow/dags/starwar_dag.py
[2022-04-28 15:22:36,078] {logging_mixin.py:109} INFO - [2022-04-28 15:22:36,077] {dag.py:2398} INFO - Sync 1 DAGs
[2022-04-28 15:22:36,175] {logging_mixin.py:109} INFO - [2022-04-28 15:22:36,174] {dag.py:2937} INFO - Setting next_dagrun for starwarapi to 2022-04-28T15:22:02.323668+00:00
[2022-04-28 15:22:36,221] {processor.py:171} INFO - Processing /opt/airflow/dags/starwar_dag.py took 0.856 seconds
[2022-04-28 15:23:07,737] {processor.py:163} INFO - Started process (PID=140) to work on /opt/airflow/dags/starwar_dag.py
[2022-04-28 15:23:07,743] {processor.py:642} INFO - Processing file /opt/airflow/dags/starwar_dag.py for tasks to queue
[2022-04-28 15:23:07,760] {logging_mixin.py:109} INFO - [2022-04-28 15:23:07,760] {dagbag.py:500} INFO - Filling up the DagBag from /opt/airflow/dags/starwar_dag.py
[2022-04-28 15:23:07,905] {processor.py:652} INFO - DAG(s) dict_keys(['starwarapi']) retrieved from /opt/airflow/dags/starwar_dag.py
[2022-04-28 15:23:08,038] {logging_mixin.py:109} INFO - [2022-04-28 15:23:08,038] {dag.py:2398} INFO - Sync 1 DAGs
[2022-04-28 15:23:08,121] {logging_mixin.py:109} INFO - [2022-04-28 15:23:08,121] {dag.py:2937} INFO - Setting next_dagrun for starwarapi to 2022-04-28T15:23:02.323668+00:00
[2022-04-28 15:23:08,184] {processor.py:171} INFO - Processing /opt/airflow/dags/starwar_dag.py took 0.479 seconds
[2022-04-28 15:23:39,118] {processor.py:163} INFO - Started process (PID=152) to work on /opt/airflow/dags/starwar_dag.py
[2022-04-28 15:23:39,125] {processor.py:642} INFO - Processing file /opt/airflow/dags/starwar_dag.py for tasks to queue
[2022-04-28 15:23:39,130] {logging_mixin.py:109} INFO - [2022-04-28 15:23:39,129] {dagbag.py:500} INFO - Filling up the DagBag from /opt/airflow/dags/starwar_dag.py
[2022-04-28 15:23:39,248] {processor.py:652} INFO - DAG(s) dict_keys(['starwarapi']) retrieved from /opt/airflow/dags/starwar_dag.py
[2022-04-28 15:23:39,381] {logging_mixin.py:109} INFO - [2022-04-28 15:23:39,381] {dag.py:2398} INFO - Sync 1 DAGs
[2022-04-28 15:23:39,467] {logging_mixin.py:109} INFO - [2022-04-28 15:23:39,467] {dag.py:2937} INFO - Setting next_dagrun for starwarapi to 2022-04-28T15:23:02.323668+00:00
[2022-04-28 15:23:39,510] {processor.py:171} INFO - Processing /opt/airflow/dags/starwar_dag.py took 0.405 seconds
[2022-04-28 15:24:09,617] {processor.py:163} INFO - Started process (PID=171) to work on /opt/airflow/dags/starwar_dag.py
[2022-04-28 15:24:09,620] {processor.py:642} INFO - Processing file /opt/airflow/dags/starwar_dag.py for tasks to queue
[2022-04-28 15:24:09,624] {logging_mixin.py:109} INFO - [2022-04-28 15:24:09,623] {dagbag.py:500} INFO - Filling up the DagBag from /opt/airflow/dags/starwar_dag.py
[2022-04-28 15:24:09,681] {processor.py:652} INFO - DAG(s) dict_keys(['starwarapi']) retrieved from /opt/airflow/dags/starwar_dag.py
[2022-04-28 15:24:09,774] {logging_mixin.py:109} INFO - [2022-04-28 15:24:09,774] {dag.py:2398} INFO - Sync 1 DAGs
[2022-04-28 15:24:09,835] {logging_mixin.py:109} INFO - [2022-04-28 15:24:09,835] {dag.py:2937} INFO - Setting next_dagrun for starwarapi to 2022-04-28T15:24:02.323668+00:00
[2022-04-28 15:24:09,883] {processor.py:171} INFO - Processing /opt/airflow/dags/starwar_dag.py took 0.274 seconds
[2022-04-28 15:24:40,037] {processor.py:163} INFO - Started process (PID=201) to work on /opt/airflow/dags/starwar_dag.py
[2022-04-28 15:24:40,046] {processor.py:642} INFO - Processing file /opt/airflow/dags/starwar_dag.py for tasks to queue
[2022-04-28 15:24:40,050] {logging_mixin.py:109} INFO - [2022-04-28 15:24:40,050] {dagbag.py:500} INFO - Filling up the DagBag from /opt/airflow/dags/starwar_dag.py
[2022-04-28 15:24:40,100] {processor.py:652} INFO - DAG(s) dict_keys(['starwarapi']) retrieved from /opt/airflow/dags/starwar_dag.py
[2022-04-28 15:24:40,149] {logging_mixin.py:109} INFO - [2022-04-28 15:24:40,148] {dag.py:2398} INFO - Sync 1 DAGs
[2022-04-28 15:24:40,191] {logging_mixin.py:109} INFO - [2022-04-28 15:24:40,191] {dag.py:2937} INFO - Setting next_dagrun for starwarapi to 2022-04-28T15:24:02.323668+00:00
[2022-04-28 15:24:40,216] {processor.py:171} INFO - Processing /opt/airflow/dags/starwar_dag.py took 0.186 seconds
[2022-04-28 15:25:10,462] {processor.py:163} INFO - Started process (PID=226) to work on /opt/airflow/dags/starwar_dag.py
[2022-04-28 15:25:10,486] {processor.py:642} INFO - Processing file /opt/airflow/dags/starwar_dag.py for tasks to queue
[2022-04-28 15:25:10,498] {logging_mixin.py:109} INFO - [2022-04-28 15:25:10,497] {dagbag.py:500} INFO - Filling up the DagBag from /opt/airflow/dags/starwar_dag.py
[2022-04-28 15:25:10,677] {processor.py:652} INFO - DAG(s) dict_keys(['starwarapi']) retrieved from /opt/airflow/dags/starwar_dag.py
[2022-04-28 15:25:10,795] {logging_mixin.py:109} INFO - [2022-04-28 15:25:10,795] {dag.py:2398} INFO - Sync 1 DAGs
[2022-04-28 15:25:10,915] {logging_mixin.py:109} INFO - [2022-04-28 15:25:10,915] {dag.py:2937} INFO - Setting next_dagrun for starwarapi to 2022-04-28T15:25:02.323668+00:00
[2022-04-28 15:25:10,962] {processor.py:171} INFO - Processing /opt/airflow/dags/starwar_dag.py took 0.521 seconds
[2022-04-28 15:25:41,113] {processor.py:163} INFO - Started process (PID=246) to work on /opt/airflow/dags/starwar_dag.py
[2022-04-28 15:25:41,117] {processor.py:642} INFO - Processing file /opt/airflow/dags/starwar_dag.py for tasks to queue
[2022-04-28 15:25:41,120] {logging_mixin.py:109} INFO - [2022-04-28 15:25:41,120] {dagbag.py:500} INFO - Filling up the DagBag from /opt/airflow/dags/starwar_dag.py
[2022-04-28 15:25:41,154] {processor.py:652} INFO - DAG(s) dict_keys(['starwarapi']) retrieved from /opt/airflow/dags/starwar_dag.py
[2022-04-28 15:25:41,215] {logging_mixin.py:109} INFO - [2022-04-28 15:25:41,215] {dag.py:2398} INFO - Sync 1 DAGs
[2022-04-28 15:25:41,247] {logging_mixin.py:109} INFO - [2022-04-28 15:25:41,247] {dag.py:2937} INFO - Setting next_dagrun for starwarapi to 2022-04-28T15:25:02.323668+00:00
[2022-04-28 15:25:41,276] {processor.py:171} INFO - Processing /opt/airflow/dags/starwar_dag.py took 0.171 seconds
[2022-04-28 15:26:11,336] {processor.py:163} INFO - Started process (PID=267) to work on /opt/airflow/dags/starwar_dag.py
[2022-04-28 15:26:11,341] {processor.py:642} INFO - Processing file /opt/airflow/dags/starwar_dag.py for tasks to queue
[2022-04-28 15:26:11,343] {logging_mixin.py:109} INFO - [2022-04-28 15:26:11,343] {dagbag.py:500} INFO - Filling up the DagBag from /opt/airflow/dags/starwar_dag.py
[2022-04-28 15:26:11,376] {processor.py:652} INFO - DAG(s) dict_keys(['starwarapi']) retrieved from /opt/airflow/dags/starwar_dag.py
[2022-04-28 15:26:11,428] {logging_mixin.py:109} INFO - [2022-04-28 15:26:11,428] {dag.py:2398} INFO - Sync 1 DAGs
[2022-04-28 15:26:11,463] {logging_mixin.py:109} INFO - [2022-04-28 15:26:11,463] {dag.py:2937} INFO - Setting next_dagrun for starwarapi to 2022-04-28T15:26:02.323668+00:00
[2022-04-28 15:26:11,533] {processor.py:171} INFO - Processing /opt/airflow/dags/starwar_dag.py took 0.203 seconds
[2022-04-28 15:26:41,833] {processor.py:163} INFO - Started process (PID=286) to work on /opt/airflow/dags/starwar_dag.py
[2022-04-28 15:26:41,848] {processor.py:642} INFO - Processing file /opt/airflow/dags/starwar_dag.py for tasks to queue
[2022-04-28 15:26:41,854] {logging_mixin.py:109} INFO - [2022-04-28 15:26:41,853] {dagbag.py:500} INFO - Filling up the DagBag from /opt/airflow/dags/starwar_dag.py
[2022-04-28 15:26:42,067] {processor.py:652} INFO - DAG(s) dict_keys(['starwarapi']) retrieved from /opt/airflow/dags/starwar_dag.py
[2022-04-28 15:26:42,256] {logging_mixin.py:109} INFO - [2022-04-28 15:26:42,256] {dag.py:2398} INFO - Sync 1 DAGs
[2022-04-28 15:26:42,473] {logging_mixin.py:109} INFO - [2022-04-28 15:26:42,473] {dag.py:2937} INFO - Setting next_dagrun for starwarapi to 2022-04-28T15:26:02.323668+00:00
[2022-04-28 15:26:42,828] {processor.py:171} INFO - Processing /opt/airflow/dags/starwar_dag.py took 1.018 seconds
[2022-04-28 15:27:13,138] {processor.py:163} INFO - Started process (PID=306) to work on /opt/airflow/dags/starwar_dag.py
[2022-04-28 15:27:13,140] {processor.py:642} INFO - Processing file /opt/airflow/dags/starwar_dag.py for tasks to queue
[2022-04-28 15:27:13,143] {logging_mixin.py:109} INFO - [2022-04-28 15:27:13,143] {dagbag.py:500} INFO - Filling up the DagBag from /opt/airflow/dags/starwar_dag.py
[2022-04-28 15:27:13,176] {processor.py:652} INFO - DAG(s) dict_keys(['starwarapi']) retrieved from /opt/airflow/dags/starwar_dag.py
[2022-04-28 15:27:13,213] {logging_mixin.py:109} INFO - [2022-04-28 15:27:13,213] {dag.py:2398} INFO - Sync 1 DAGs
[2022-04-28 15:27:13,241] {logging_mixin.py:109} INFO - [2022-04-28 15:27:13,241] {dag.py:2937} INFO - Setting next_dagrun for starwarapi to 2022-04-28T15:27:02.323668+00:00
[2022-04-28 15:27:13,258] {processor.py:171} INFO - Processing /opt/airflow/dags/starwar_dag.py took 0.128 seconds
[2022-04-28 15:27:44,062] {processor.py:163} INFO - Started process (PID=329) to work on /opt/airflow/dags/starwar_dag.py
[2022-04-28 15:27:44,065] {processor.py:642} INFO - Processing file /opt/airflow/dags/starwar_dag.py for tasks to queue
[2022-04-28 15:27:44,067] {logging_mixin.py:109} INFO - [2022-04-28 15:27:44,067] {dagbag.py:500} INFO - Filling up the DagBag from /opt/airflow/dags/starwar_dag.py
[2022-04-28 15:27:44,099] {processor.py:652} INFO - DAG(s) dict_keys(['starwarapi']) retrieved from /opt/airflow/dags/starwar_dag.py
[2022-04-28 15:27:44,131] {logging_mixin.py:109} INFO - [2022-04-28 15:27:44,131] {dag.py:2398} INFO - Sync 1 DAGs
[2022-04-28 15:27:44,158] {logging_mixin.py:109} INFO - [2022-04-28 15:27:44,158] {dag.py:2937} INFO - Setting next_dagrun for starwarapi to 2022-04-28T15:27:02.323668+00:00
[2022-04-28 15:27:44,173] {processor.py:171} INFO - Processing /opt/airflow/dags/starwar_dag.py took 0.115 seconds
[2022-04-28 15:28:14,385] {processor.py:163} INFO - Started process (PID=350) to work on /opt/airflow/dags/starwar_dag.py
[2022-04-28 15:28:14,389] {processor.py:642} INFO - Processing file /opt/airflow/dags/starwar_dag.py for tasks to queue
[2022-04-28 15:28:14,392] {logging_mixin.py:109} INFO - [2022-04-28 15:28:14,391] {dagbag.py:500} INFO - Filling up the DagBag from /opt/airflow/dags/starwar_dag.py
[2022-04-28 15:28:14,443] {processor.py:652} INFO - DAG(s) dict_keys(['starwarapi']) retrieved from /opt/airflow/dags/starwar_dag.py
[2022-04-28 15:28:14,484] {logging_mixin.py:109} INFO - [2022-04-28 15:28:14,484] {dag.py:2398} INFO - Sync 1 DAGs
[2022-04-28 15:28:14,516] {logging_mixin.py:109} INFO - [2022-04-28 15:28:14,516] {dag.py:2937} INFO - Setting next_dagrun for starwarapi to 2022-04-28T15:28:02.323668+00:00
[2022-04-28 15:28:14,543] {processor.py:171} INFO - Processing /opt/airflow/dags/starwar_dag.py took 0.168 seconds
[2022-04-28 15:28:44,643] {processor.py:163} INFO - Started process (PID=369) to work on /opt/airflow/dags/starwar_dag.py
[2022-04-28 15:28:44,646] {processor.py:642} INFO - Processing file /opt/airflow/dags/starwar_dag.py for tasks to queue
[2022-04-28 15:28:44,648] {logging_mixin.py:109} INFO - [2022-04-28 15:28:44,648] {dagbag.py:500} INFO - Filling up the DagBag from /opt/airflow/dags/starwar_dag.py
[2022-04-28 15:28:44,682] {processor.py:652} INFO - DAG(s) dict_keys(['starwarapi']) retrieved from /opt/airflow/dags/starwar_dag.py
[2022-04-28 15:28:44,714] {logging_mixin.py:109} INFO - [2022-04-28 15:28:44,714] {dag.py:2398} INFO - Sync 1 DAGs
[2022-04-28 15:28:44,744] {logging_mixin.py:109} INFO - [2022-04-28 15:28:44,744] {dag.py:2937} INFO - Setting next_dagrun for starwarapi to 2022-04-28T15:28:02.323668+00:00
[2022-04-28 15:28:44,762] {processor.py:171} INFO - Processing /opt/airflow/dags/starwar_dag.py took 0.124 seconds
[2022-04-28 15:29:14,939] {processor.py:163} INFO - Started process (PID=393) to work on /opt/airflow/dags/starwar_dag.py
[2022-04-28 15:29:14,942] {processor.py:642} INFO - Processing file /opt/airflow/dags/starwar_dag.py for tasks to queue
[2022-04-28 15:29:14,944] {logging_mixin.py:109} INFO - [2022-04-28 15:29:14,943] {dagbag.py:500} INFO - Filling up the DagBag from /opt/airflow/dags/starwar_dag.py
[2022-04-28 15:29:14,980] {processor.py:652} INFO - DAG(s) dict_keys(['starwarapi']) retrieved from /opt/airflow/dags/starwar_dag.py
[2022-04-28 15:29:15,014] {logging_mixin.py:109} INFO - [2022-04-28 15:29:15,014] {dag.py:2398} INFO - Sync 1 DAGs
[2022-04-28 15:29:15,049] {logging_mixin.py:109} INFO - [2022-04-28 15:29:15,049] {dag.py:2937} INFO - Setting next_dagrun for starwarapi to 2022-04-28T15:29:02.323668+00:00
[2022-04-28 15:29:15,076] {processor.py:171} INFO - Processing /opt/airflow/dags/starwar_dag.py took 0.142 seconds
[2022-04-28 15:29:45,161] {processor.py:163} INFO - Started process (PID=413) to work on /opt/airflow/dags/starwar_dag.py
[2022-04-28 15:29:45,165] {processor.py:642} INFO - Processing file /opt/airflow/dags/starwar_dag.py for tasks to queue
[2022-04-28 15:29:45,167] {logging_mixin.py:109} INFO - [2022-04-28 15:29:45,167] {dagbag.py:500} INFO - Filling up the DagBag from /opt/airflow/dags/starwar_dag.py
[2022-04-28 15:29:45,218] {processor.py:652} INFO - DAG(s) dict_keys(['starwarapi']) retrieved from /opt/airflow/dags/starwar_dag.py
[2022-04-28 15:29:45,261] {logging_mixin.py:109} INFO - [2022-04-28 15:29:45,261] {dag.py:2398} INFO - Sync 1 DAGs
[2022-04-28 15:29:45,307] {logging_mixin.py:109} INFO - [2022-04-28 15:29:45,307] {dag.py:2937} INFO - Setting next_dagrun for starwarapi to 2022-04-28T15:29:02.323668+00:00
[2022-04-28 15:29:45,326] {processor.py:171} INFO - Processing /opt/airflow/dags/starwar_dag.py took 0.170 seconds
[2022-04-28 15:30:15,372] {processor.py:163} INFO - Started process (PID=435) to work on /opt/airflow/dags/starwar_dag.py
[2022-04-28 15:30:15,384] {processor.py:642} INFO - Processing file /opt/airflow/dags/starwar_dag.py for tasks to queue
[2022-04-28 15:30:15,386] {logging_mixin.py:109} INFO - [2022-04-28 15:30:15,386] {dagbag.py:500} INFO - Filling up the DagBag from /opt/airflow/dags/starwar_dag.py
[2022-04-28 15:30:15,418] {processor.py:652} INFO - DAG(s) dict_keys(['starwarapi']) retrieved from /opt/airflow/dags/starwar_dag.py
[2022-04-28 15:30:15,451] {logging_mixin.py:109} INFO - [2022-04-28 15:30:15,451] {dag.py:2398} INFO - Sync 1 DAGs
[2022-04-28 15:30:15,477] {logging_mixin.py:109} INFO - [2022-04-28 15:30:15,476] {dag.py:2937} INFO - Setting next_dagrun for starwarapi to 2022-04-28T15:30:02.323668+00:00
[2022-04-28 15:30:15,502] {processor.py:171} INFO - Processing /opt/airflow/dags/starwar_dag.py took 0.134 seconds
[2022-04-28 15:30:45,618] {processor.py:163} INFO - Started process (PID=466) to work on /opt/airflow/dags/starwar_dag.py
[2022-04-28 15:30:45,623] {processor.py:642} INFO - Processing file /opt/airflow/dags/starwar_dag.py for tasks to queue
[2022-04-28 15:30:45,625] {logging_mixin.py:109} INFO - [2022-04-28 15:30:45,625] {dagbag.py:500} INFO - Filling up the DagBag from /opt/airflow/dags/starwar_dag.py
[2022-04-28 15:30:45,659] {processor.py:652} INFO - DAG(s) dict_keys(['starwarapi']) retrieved from /opt/airflow/dags/starwar_dag.py
[2022-04-28 15:30:45,694] {logging_mixin.py:109} INFO - [2022-04-28 15:30:45,694] {dag.py:2398} INFO - Sync 1 DAGs
[2022-04-28 15:30:45,724] {logging_mixin.py:109} INFO - [2022-04-28 15:30:45,723] {dag.py:2937} INFO - Setting next_dagrun for starwarapi to 2022-04-28T15:30:02.323668+00:00
[2022-04-28 15:30:45,748] {processor.py:171} INFO - Processing /opt/airflow/dags/starwar_dag.py took 0.135 seconds
[2022-04-28 15:31:15,939] {processor.py:163} INFO - Started process (PID=487) to work on /opt/airflow/dags/starwar_dag.py
[2022-04-28 15:31:15,945] {processor.py:642} INFO - Processing file /opt/airflow/dags/starwar_dag.py for tasks to queue
[2022-04-28 15:31:15,948] {logging_mixin.py:109} INFO - [2022-04-28 15:31:15,947] {dagbag.py:500} INFO - Filling up the DagBag from /opt/airflow/dags/starwar_dag.py
[2022-04-28 15:31:15,985] {processor.py:652} INFO - DAG(s) dict_keys(['starwarapi']) retrieved from /opt/airflow/dags/starwar_dag.py
[2022-04-28 15:31:16,040] {logging_mixin.py:109} INFO - [2022-04-28 15:31:16,039] {dag.py:2398} INFO - Sync 1 DAGs
[2022-04-28 15:31:16,070] {logging_mixin.py:109} INFO - [2022-04-28 15:31:16,070] {dag.py:2937} INFO - Setting next_dagrun for starwarapi to 2022-04-28T15:31:02.323668+00:00
[2022-04-28 15:31:16,092] {processor.py:171} INFO - Processing /opt/airflow/dags/starwar_dag.py took 0.163 seconds
[2022-04-28 15:31:46,432] {processor.py:163} INFO - Started process (PID=508) to work on /opt/airflow/dags/starwar_dag.py
[2022-04-28 15:31:46,445] {processor.py:642} INFO - Processing file /opt/airflow/dags/starwar_dag.py for tasks to queue
[2022-04-28 15:31:46,448] {logging_mixin.py:109} INFO - [2022-04-28 15:31:46,448] {dagbag.py:500} INFO - Filling up the DagBag from /opt/airflow/dags/starwar_dag.py
[2022-04-28 15:31:46,488] {processor.py:652} INFO - DAG(s) dict_keys(['starwarapi']) retrieved from /opt/airflow/dags/starwar_dag.py
[2022-04-28 15:31:46,527] {logging_mixin.py:109} INFO - [2022-04-28 15:31:46,527] {dag.py:2398} INFO - Sync 1 DAGs
[2022-04-28 15:31:46,564] {logging_mixin.py:109} INFO - [2022-04-28 15:31:46,564] {dag.py:2937} INFO - Setting next_dagrun for starwarapi to 2022-04-28T15:31:02.323668+00:00
[2022-04-28 15:31:46,584] {processor.py:171} INFO - Processing /opt/airflow/dags/starwar_dag.py took 0.158 seconds
[2022-04-28 15:32:16,925] {processor.py:163} INFO - Started process (PID=528) to work on /opt/airflow/dags/starwar_dag.py
[2022-04-28 15:32:17,087] {processor.py:642} INFO - Processing file /opt/airflow/dags/starwar_dag.py for tasks to queue
[2022-04-28 15:32:17,099] {logging_mixin.py:109} INFO - [2022-04-28 15:32:17,098] {dagbag.py:500} INFO - Filling up the DagBag from /opt/airflow/dags/starwar_dag.py
[2022-04-28 15:32:17,307] {processor.py:652} INFO - DAG(s) dict_keys(['starwarapi']) retrieved from /opt/airflow/dags/starwar_dag.py
[2022-04-28 15:32:17,378] {logging_mixin.py:109} INFO - [2022-04-28 15:32:17,378] {dag.py:2398} INFO - Sync 1 DAGs
[2022-04-28 15:32:17,445] {logging_mixin.py:109} INFO - [2022-04-28 15:32:17,445] {dag.py:2937} INFO - Setting next_dagrun for starwarapi to 2022-04-28T15:32:02.323668+00:00
[2022-04-28 15:32:17,500] {processor.py:171} INFO - Processing /opt/airflow/dags/starwar_dag.py took 0.605 seconds
