[2022-04-28 15:21:41,225] {taskinstance.py:1043} INFO - Dependencies all met for <TaskInstance: starwarapi.extracted scheduled__2022-04-28T15:17:27.665379+00:00 [queued]>
[2022-04-28 15:21:41,350] {taskinstance.py:1043} INFO - Dependencies all met for <TaskInstance: starwarapi.extracted scheduled__2022-04-28T15:17:27.665379+00:00 [queued]>
[2022-04-28 15:21:41,354] {taskinstance.py:1249} INFO - 
--------------------------------------------------------------------------------
[2022-04-28 15:21:41,365] {taskinstance.py:1250} INFO - Starting attempt 1 of 2
[2022-04-28 15:21:41,367] {taskinstance.py:1251} INFO - 
--------------------------------------------------------------------------------
[2022-04-28 15:21:41,469] {taskinstance.py:1270} INFO - Executing <Task(BashOperator): extracted> on 2022-04-28 15:17:27.665379+00:00
[2022-04-28 15:21:41,583] {standard_task_runner.py:52} INFO - Started process 93 to run task
[2022-04-28 15:21:41,704] {standard_task_runner.py:79} INFO - Running: ['***', 'tasks', 'run', 'starwarapi', 'extracted', 'scheduled__2022-04-28T15:17:27.665379+00:00', '--job-id', '25', '--raw', '--subdir', 'DAGS_FOLDER/starwar_dag.py', '--cfg-path', '/tmp/tmper04a4ys', '--error-file', '/tmp/tmp6gw_ri1y']
[2022-04-28 15:21:41,711] {standard_task_runner.py:80} INFO - Job 25: Subtask extracted
[2022-04-28 15:21:45,460] {logging_mixin.py:109} INFO - Running <TaskInstance: starwarapi.extracted scheduled__2022-04-28T15:17:27.665379+00:00 [running]> on host f3cfb7d93a54
[2022-04-28 15:21:46,147] {taskinstance.py:1448} INFO - Exporting the following env vars:
AIRFLOW_CTX_DAG_OWNER=***
AIRFLOW_CTX_DAG_ID=starwarapi
AIRFLOW_CTX_TASK_ID=extracted
AIRFLOW_CTX_EXECUTION_DATE=2022-04-28T15:17:27.665379+00:00
AIRFLOW_CTX_DAG_RUN_ID=scheduled__2022-04-28T15:17:27.665379+00:00
[2022-04-28 15:21:46,179] {subprocess.py:62} INFO - Tmp dir root location: 
 /tmp
[2022-04-28 15:21:46,188] {subprocess.py:74} INFO - Running command: ['bash', '-c', "echo 'Data_Extracted'"]
[2022-04-28 15:21:46,421] {subprocess.py:85} INFO - Output:
[2022-04-28 15:21:46,490] {subprocess.py:89} INFO - Data_Extracted
[2022-04-28 15:21:46,497] {subprocess.py:93} INFO - Command exited with return code 0
[2022-04-28 15:21:46,709] {taskinstance.py:1288} INFO - Marking task as SUCCESS. dag_id=starwarapi, task_id=extracted, execution_date=20220428T151727, start_date=20220428T152141, end_date=20220428T152146
[2022-04-28 15:21:47,205] {local_task_job.py:212} WARNING - State of this instance has been externally set to success. Terminating instance.
