[2022-04-28 15:25:06,903] {taskinstance.py:1043} INFO - Dependencies all met for <TaskInstance: starwarapi.transform_load scheduled__2022-04-28T15:24:02.323668+00:00 [queued]>
[2022-04-28 15:25:07,051] {taskinstance.py:1043} INFO - Dependencies all met for <TaskInstance: starwarapi.transform_load scheduled__2022-04-28T15:24:02.323668+00:00 [queued]>
[2022-04-28 15:25:07,053] {taskinstance.py:1249} INFO - 
--------------------------------------------------------------------------------
[2022-04-28 15:25:07,055] {taskinstance.py:1250} INFO - Starting attempt 1 of 2
[2022-04-28 15:25:07,056] {taskinstance.py:1251} INFO - 
--------------------------------------------------------------------------------
[2022-04-28 15:25:07,098] {taskinstance.py:1270} INFO - Executing <Task(PythonOperator): transform_load> on 2022-04-28 15:24:02.323668+00:00
[2022-04-28 15:25:07,109] {standard_task_runner.py:52} INFO - Started process 269 to run task
[2022-04-28 15:25:07,124] {standard_task_runner.py:79} INFO - Running: ['***', 'tasks', 'run', 'starwarapi', 'transform_load', 'scheduled__2022-04-28T15:24:02.323668+00:00', '--job-id', '45', '--raw', '--subdir', 'DAGS_FOLDER/starwar_dag.py', '--cfg-path', '/tmp/tmpleakkgp5', '--error-file', '/tmp/tmpdm6d_l58']
[2022-04-28 15:25:07,240] {standard_task_runner.py:80} INFO - Job 45: Subtask transform_load
[2022-04-28 15:25:07,487] {logging_mixin.py:109} INFO - Running <TaskInstance: starwarapi.transform_load scheduled__2022-04-28T15:24:02.323668+00:00 [running]> on host f3cfb7d93a54
[2022-04-28 15:25:07,719] {taskinstance.py:1448} INFO - Exporting the following env vars:
AIRFLOW_CTX_DAG_OWNER=***
AIRFLOW_CTX_DAG_ID=starwarapi
AIRFLOW_CTX_TASK_ID=transform_load
AIRFLOW_CTX_EXECUTION_DATE=2022-04-28T15:24:02.323668+00:00
AIRFLOW_CTX_DAG_RUN_ID=scheduled__2022-04-28T15:24:02.323668+00:00
[2022-04-28 15:25:08,834] {python.py:175} INFO - Done. Returned value was: None
[2022-04-28 15:25:08,886] {taskinstance.py:1288} INFO - Marking task as SUCCESS. dag_id=starwarapi, task_id=transform_load, execution_date=20220428T152402, start_date=20220428T152506, end_date=20220428T152508
[2022-04-28 15:25:08,957] {local_task_job.py:154} INFO - Task exited with return code 0
[2022-04-28 15:25:09,026] {local_task_job.py:264} INFO - 1 downstream tasks scheduled from follow-on schedule check
