[2022-04-26 01:19:38,227] {taskinstance.py:1043} INFO - Dependencies all met for <TaskInstance: starwarapi.extracted scheduled__2022-04-26T00:40:25.850955+00:00 [queued]>
[2022-04-26 01:19:38,731] {taskinstance.py:1043} INFO - Dependencies all met for <TaskInstance: starwarapi.extracted scheduled__2022-04-26T00:40:25.850955+00:00 [queued]>
[2022-04-26 01:19:38,746] {taskinstance.py:1249} INFO - 
--------------------------------------------------------------------------------
[2022-04-26 01:19:38,749] {taskinstance.py:1250} INFO - Starting attempt 1 of 2
[2022-04-26 01:19:38,780] {taskinstance.py:1251} INFO - 
--------------------------------------------------------------------------------
[2022-04-26 01:19:39,577] {taskinstance.py:1270} INFO - Executing <Task(BashOperator): extracted> on 2022-04-26 00:40:25.850955+00:00
[2022-04-26 01:19:40,184] {standard_task_runner.py:52} INFO - Started process 139 to run task
[2022-04-26 01:19:40,550] {standard_task_runner.py:79} INFO - Running: ['***', 'tasks', 'run', 'starwarapi', 'extracted', 'scheduled__2022-04-26T00:40:25.850955+00:00', '--job-id', '23', '--raw', '--subdir', 'DAGS_FOLDER/starwar_dag.py', '--cfg-path', '/tmp/tmpiexh1zrc', '--error-file', '/tmp/tmprcc0ihuu']
[2022-04-26 01:19:40,564] {standard_task_runner.py:80} INFO - Job 23: Subtask extracted
[2022-04-26 01:19:43,094] {logging_mixin.py:109} INFO - Running <TaskInstance: starwarapi.extracted scheduled__2022-04-26T00:40:25.850955+00:00 [running]> on host 66327e1a8873
[2022-04-26 01:19:45,527] {taskinstance.py:1448} INFO - Exporting the following env vars:
AIRFLOW_CTX_DAG_OWNER=***
AIRFLOW_CTX_DAG_ID=starwarapi
AIRFLOW_CTX_TASK_ID=extracted
AIRFLOW_CTX_EXECUTION_DATE=2022-04-26T00:40:25.850955+00:00
AIRFLOW_CTX_DAG_RUN_ID=scheduled__2022-04-26T00:40:25.850955+00:00
[2022-04-26 01:19:45,541] {subprocess.py:62} INFO - Tmp dir root location: 
 /tmp
[2022-04-26 01:19:45,592] {subprocess.py:74} INFO - Running command: ['bash', '-c', "echo 'Data_Extracted'"]
[2022-04-26 01:19:46,222] {subprocess.py:85} INFO - Output:
[2022-04-26 01:19:46,463] {subprocess.py:89} INFO - Data_Extracted
[2022-04-26 01:19:46,466] {subprocess.py:93} INFO - Command exited with return code 0
[2022-04-26 01:19:47,411] {taskinstance.py:1288} INFO - Marking task as SUCCESS. dag_id=starwarapi, task_id=extracted, execution_date=20220426T004025, start_date=20220426T011938, end_date=20220426T011947
[2022-04-26 01:19:48,730] {local_task_job.py:154} INFO - Task exited with return code 0
[2022-04-26 01:19:49,784] {local_task_job.py:264} INFO - 1 downstream tasks scheduled from follow-on schedule check
