[2022-04-26 01:21:04,843] {taskinstance.py:1043} INFO - Dependencies all met for <TaskInstance: starwarapi.loaded scheduled__2022-04-26T00:45:34.862951+00:00 [queued]>
[2022-04-26 01:21:05,124] {taskinstance.py:1043} INFO - Dependencies all met for <TaskInstance: starwarapi.loaded scheduled__2022-04-26T00:45:34.862951+00:00 [queued]>
[2022-04-26 01:21:05,135] {taskinstance.py:1249} INFO - 
--------------------------------------------------------------------------------
[2022-04-26 01:21:05,181] {taskinstance.py:1250} INFO - Starting attempt 1 of 2
[2022-04-26 01:21:05,183] {taskinstance.py:1251} INFO - 
--------------------------------------------------------------------------------
[2022-04-26 01:21:05,419] {taskinstance.py:1270} INFO - Executing <Task(BashOperator): loaded> on 2022-04-26 00:45:34.862951+00:00
[2022-04-26 01:21:05,604] {standard_task_runner.py:52} INFO - Started process 222 to run task
[2022-04-26 01:21:05,714] {standard_task_runner.py:79} INFO - Running: ['***', 'tasks', 'run', 'starwarapi', 'loaded', 'scheduled__2022-04-26T00:45:34.862951+00:00', '--job-id', '37', '--raw', '--subdir', 'DAGS_FOLDER/starwar_dag.py', '--cfg-path', '/tmp/tmpuxmoh2_0', '--error-file', '/tmp/tmpq9giaer1']
[2022-04-26 01:21:05,729] {standard_task_runner.py:80} INFO - Job 37: Subtask loaded
[2022-04-26 01:21:08,958] {logging_mixin.py:109} INFO - Running <TaskInstance: starwarapi.loaded scheduled__2022-04-26T00:45:34.862951+00:00 [running]> on host 66327e1a8873
[2022-04-26 01:21:14,298] {taskinstance.py:1448} INFO - Exporting the following env vars:
AIRFLOW_CTX_DAG_OWNER=***
AIRFLOW_CTX_DAG_ID=starwarapi
AIRFLOW_CTX_TASK_ID=loaded
AIRFLOW_CTX_EXECUTION_DATE=2022-04-26T00:45:34.862951+00:00
AIRFLOW_CTX_DAG_RUN_ID=scheduled__2022-04-26T00:45:34.862951+00:00
[2022-04-26 01:21:14,363] {subprocess.py:62} INFO - Tmp dir root location: 
 /tmp
[2022-04-26 01:21:14,533] {subprocess.py:74} INFO - Running command: ['bash', '-c', "echo 'Data_loaded_to_CSV'"]
[2022-04-26 01:21:15,317] {subprocess.py:85} INFO - Output:
[2022-04-26 01:21:15,430] {subprocess.py:89} INFO - Data_loaded_to_CSV
[2022-04-26 01:21:15,433] {subprocess.py:93} INFO - Command exited with return code 0
[2022-04-26 01:21:16,590] {taskinstance.py:1288} INFO - Marking task as SUCCESS. dag_id=starwarapi, task_id=loaded, execution_date=20220426T004534, start_date=20220426T012104, end_date=20220426T012116
[2022-04-26 01:21:17,861] {local_task_job.py:154} INFO - Task exited with return code 0
[2022-04-26 01:21:18,154] {local_task_job.py:264} INFO - 0 downstream tasks scheduled from follow-on schedule check
