[2022-04-26 01:38:22,448] {taskinstance.py:1043} INFO - Dependencies all met for <TaskInstance: starwarapi.extract scheduled__2022-04-26T01:37:51.766646+00:00 [queued]>
[2022-04-26 01:38:22,464] {taskinstance.py:1043} INFO - Dependencies all met for <TaskInstance: starwarapi.extract scheduled__2022-04-26T01:37:51.766646+00:00 [queued]>
[2022-04-26 01:38:22,466] {taskinstance.py:1249} INFO - 
--------------------------------------------------------------------------------
[2022-04-26 01:38:22,467] {taskinstance.py:1250} INFO - Starting attempt 1 of 2
[2022-04-26 01:38:22,469] {taskinstance.py:1251} INFO - 
--------------------------------------------------------------------------------
[2022-04-26 01:38:22,507] {taskinstance.py:1270} INFO - Executing <Task(PythonOperator): extract> on 2022-04-26 01:37:51.766646+00:00
[2022-04-26 01:38:22,520] {standard_task_runner.py:52} INFO - Started process 1078 to run task
[2022-04-26 01:38:22,533] {standard_task_runner.py:79} INFO - Running: ['***', 'tasks', 'run', 'starwarapi', 'extract', 'scheduled__2022-04-26T01:37:51.766646+00:00', '--job-id', '132', '--raw', '--subdir', 'DAGS_FOLDER/starwar_dag.py', '--cfg-path', '/tmp/tmpa6fu4jdh', '--error-file', '/tmp/tmp5qcyr75k']
[2022-04-26 01:38:22,535] {standard_task_runner.py:80} INFO - Job 132: Subtask extract
[2022-04-26 01:38:22,856] {logging_mixin.py:109} INFO - Running <TaskInstance: starwarapi.extract scheduled__2022-04-26T01:37:51.766646+00:00 [running]> on host 66327e1a8873
[2022-04-26 01:38:23,118] {taskinstance.py:1448} INFO - Exporting the following env vars:
AIRFLOW_CTX_DAG_OWNER=***
AIRFLOW_CTX_DAG_ID=starwarapi
AIRFLOW_CTX_TASK_ID=extract
AIRFLOW_CTX_EXECUTION_DATE=2022-04-26T01:37:51.766646+00:00
AIRFLOW_CTX_DAG_RUN_ID=scheduled__2022-04-26T01:37:51.766646+00:00
[2022-04-26 01:38:26,748] {logging_mixin.py:109} INFO - <Response [200]>
[2022-04-26 01:38:26,752] {python.py:175} INFO - Done. Returned value was: None
[2022-04-26 01:38:26,772] {taskinstance.py:1288} INFO - Marking task as SUCCESS. dag_id=starwarapi, task_id=extract, execution_date=20220426T013751, start_date=20220426T013822, end_date=20220426T013826
[2022-04-26 01:38:26,820] {local_task_job.py:154} INFO - Task exited with return code 0
[2022-04-26 01:38:26,901] {local_task_job.py:264} INFO - 1 downstream tasks scheduled from follow-on schedule check
