[2022-04-26 01:19:59,389] {taskinstance.py:1043} INFO - Dependencies all met for <TaskInstance: starwarapi.transform_load scheduled__2022-04-26T00:46:34.862951+00:00 [queued]>
[2022-04-26 01:19:59,852] {taskinstance.py:1043} INFO - Dependencies all met for <TaskInstance: starwarapi.transform_load scheduled__2022-04-26T00:46:34.862951+00:00 [queued]>
[2022-04-26 01:19:59,858] {taskinstance.py:1249} INFO - 
--------------------------------------------------------------------------------
[2022-04-26 01:19:59,874] {taskinstance.py:1250} INFO - Starting attempt 1 of 2
[2022-04-26 01:19:59,876] {taskinstance.py:1251} INFO - 
--------------------------------------------------------------------------------
[2022-04-26 01:20:00,136] {taskinstance.py:1270} INFO - Executing <Task(PythonOperator): transform_load> on 2022-04-26 00:46:34.862951+00:00
[2022-04-26 01:20:00,288] {standard_task_runner.py:52} INFO - Started process 175 to run task
[2022-04-26 01:20:00,311] {standard_task_runner.py:79} INFO - Running: ['***', 'tasks', 'run', 'starwarapi', 'transform_load', 'scheduled__2022-04-26T00:46:34.862951+00:00', '--job-id', '34', '--raw', '--subdir', 'DAGS_FOLDER/starwar_dag.py', '--cfg-path', '/tmp/tmpazrc4u84', '--error-file', '/tmp/tmpbr626uq7']
[2022-04-26 01:20:00,381] {standard_task_runner.py:80} INFO - Job 34: Subtask transform_load
[2022-04-26 01:20:01,623] {logging_mixin.py:109} INFO - Running <TaskInstance: starwarapi.transform_load scheduled__2022-04-26T00:46:34.862951+00:00 [running]> on host 66327e1a8873
[2022-04-26 01:20:02,444] {taskinstance.py:1448} INFO - Exporting the following env vars:
AIRFLOW_CTX_DAG_OWNER=***
AIRFLOW_CTX_DAG_ID=starwarapi
AIRFLOW_CTX_TASK_ID=transform_load
AIRFLOW_CTX_EXECUTION_DATE=2022-04-26T00:46:34.862951+00:00
AIRFLOW_CTX_DAG_RUN_ID=scheduled__2022-04-26T00:46:34.862951+00:00
[2022-04-26 01:20:52,076] {python.py:175} INFO - Done. Returned value was: None
[2022-04-26 01:20:54,817] {taskinstance.py:1288} INFO - Marking task as SUCCESS. dag_id=starwarapi, task_id=transform_load, execution_date=20220426T004634, start_date=20220426T011959, end_date=20220426T012054
[2022-04-26 01:20:58,088] {local_task_job.py:154} INFO - Task exited with return code 0
[2022-04-26 01:20:58,842] {local_task_job.py:264} INFO - 0 downstream tasks scheduled from follow-on schedule check
