[2022-04-26 01:19:40,503] {taskinstance.py:1043} INFO - Dependencies all met for <TaskInstance: starwarapi.extracted scheduled__2022-04-26T00:48:49.654927+00:00 [queued]>
[2022-04-26 01:19:41,028] {taskinstance.py:1043} INFO - Dependencies all met for <TaskInstance: starwarapi.extracted scheduled__2022-04-26T00:48:49.654927+00:00 [queued]>
[2022-04-26 01:19:41,052] {taskinstance.py:1249} INFO - 
--------------------------------------------------------------------------------
[2022-04-26 01:19:41,063] {taskinstance.py:1250} INFO - Starting attempt 1 of 2
[2022-04-26 01:19:41,071] {taskinstance.py:1251} INFO - 
--------------------------------------------------------------------------------
[2022-04-26 01:19:41,374] {taskinstance.py:1270} INFO - Executing <Task(BashOperator): extracted> on 2022-04-26 00:48:49.654927+00:00
[2022-04-26 01:19:41,611] {standard_task_runner.py:52} INFO - Started process 142 to run task
[2022-04-26 01:19:41,882] {standard_task_runner.py:79} INFO - Running: ['***', 'tasks', 'run', 'starwarapi', 'extracted', 'scheduled__2022-04-26T00:48:49.654927+00:00', '--job-id', '27', '--raw', '--subdir', 'DAGS_FOLDER/starwar_dag.py', '--cfg-path', '/tmp/tmp2kw5gkws', '--error-file', '/tmp/tmps9r130uy']
[2022-04-26 01:19:41,887] {standard_task_runner.py:80} INFO - Job 27: Subtask extracted
[2022-04-26 01:19:44,240] {logging_mixin.py:109} INFO - Running <TaskInstance: starwarapi.extracted scheduled__2022-04-26T00:48:49.654927+00:00 [running]> on host 66327e1a8873
[2022-04-26 01:19:47,000] {taskinstance.py:1448} INFO - Exporting the following env vars:
AIRFLOW_CTX_DAG_OWNER=***
AIRFLOW_CTX_DAG_ID=starwarapi
AIRFLOW_CTX_TASK_ID=extracted
AIRFLOW_CTX_EXECUTION_DATE=2022-04-26T00:48:49.654927+00:00
AIRFLOW_CTX_DAG_RUN_ID=scheduled__2022-04-26T00:48:49.654927+00:00
[2022-04-26 01:19:47,088] {subprocess.py:62} INFO - Tmp dir root location: 
 /tmp
[2022-04-26 01:19:47,115] {subprocess.py:74} INFO - Running command: ['bash', '-c', "echo 'Data_Extracted'"]
[2022-04-26 01:19:48,029] {subprocess.py:85} INFO - Output:
[2022-04-26 01:19:48,206] {subprocess.py:89} INFO - Data_Extracted
[2022-04-26 01:19:48,244] {subprocess.py:93} INFO - Command exited with return code 0
[2022-04-26 01:19:49,144] {taskinstance.py:1288} INFO - Marking task as SUCCESS. dag_id=starwarapi, task_id=extracted, execution_date=20220426T004849, start_date=20220426T011940, end_date=20220426T011949
[2022-04-26 01:19:49,896] {local_task_job.py:154} INFO - Task exited with return code 0
[2022-04-26 01:19:52,779] {local_task_job.py:264} INFO - 0 downstream tasks scheduled from follow-on schedule check
