[2022-04-26 01:48:49,948] {taskinstance.py:1043} INFO - Dependencies all met for <TaskInstance: starwarapi.loaded scheduled__2022-04-26T01:47:38.733923+00:00 [queued]>
[2022-04-26 01:48:49,979] {taskinstance.py:1043} INFO - Dependencies all met for <TaskInstance: starwarapi.loaded scheduled__2022-04-26T01:47:38.733923+00:00 [queued]>
[2022-04-26 01:48:49,980] {taskinstance.py:1249} INFO - 
--------------------------------------------------------------------------------
[2022-04-26 01:48:49,982] {taskinstance.py:1250} INFO - Starting attempt 1 of 2
[2022-04-26 01:48:49,983] {taskinstance.py:1251} INFO - 
--------------------------------------------------------------------------------
[2022-04-26 01:48:50,019] {taskinstance.py:1270} INFO - Executing <Task(BashOperator): loaded> on 2022-04-26 01:47:38.733923+00:00
[2022-04-26 01:48:50,030] {standard_task_runner.py:52} INFO - Started process 1592 to run task
[2022-04-26 01:48:50,048] {standard_task_runner.py:79} INFO - Running: ['***', 'tasks', 'run', 'starwarapi', 'loaded', 'scheduled__2022-04-26T01:47:38.733923+00:00', '--job-id', '175', '--raw', '--subdir', 'DAGS_FOLDER/starwar_dag.py', '--cfg-path', '/tmp/tmptb9pd5u2', '--error-file', '/tmp/tmpv7goptz_']
[2022-04-26 01:48:50,050] {standard_task_runner.py:80} INFO - Job 175: Subtask loaded
[2022-04-26 01:48:50,169] {logging_mixin.py:109} INFO - Running <TaskInstance: starwarapi.loaded scheduled__2022-04-26T01:47:38.733923+00:00 [running]> on host 66327e1a8873
[2022-04-26 01:48:50,416] {taskinstance.py:1448} INFO - Exporting the following env vars:
AIRFLOW_CTX_DAG_OWNER=***
AIRFLOW_CTX_DAG_ID=starwarapi
AIRFLOW_CTX_TASK_ID=loaded
AIRFLOW_CTX_EXECUTION_DATE=2022-04-26T01:47:38.733923+00:00
AIRFLOW_CTX_DAG_RUN_ID=scheduled__2022-04-26T01:47:38.733923+00:00
[2022-04-26 01:48:50,424] {subprocess.py:62} INFO - Tmp dir root location: 
 /tmp
[2022-04-26 01:48:50,426] {subprocess.py:74} INFO - Running command: ['bash', '-c', "echo 'Data_loaded_to_CSV'"]
[2022-04-26 01:48:50,463] {subprocess.py:85} INFO - Output:
[2022-04-26 01:48:50,474] {subprocess.py:89} INFO - Data_loaded_to_CSV
[2022-04-26 01:48:50,483] {subprocess.py:93} INFO - Command exited with return code 0
[2022-04-26 01:48:50,590] {taskinstance.py:1288} INFO - Marking task as SUCCESS. dag_id=starwarapi, task_id=loaded, execution_date=20220426T014738, start_date=20220426T014849, end_date=20220426T014850
[2022-04-26 01:48:50,684] {local_task_job.py:154} INFO - Task exited with return code 0
[2022-04-26 01:48:50,813] {local_task_job.py:264} INFO - 0 downstream tasks scheduled from follow-on schedule check
