[2022-04-25 23:59:44,298] {taskinstance.py:1043} INFO - Dependencies all met for <TaskInstance: starwarapi.extract manual__2022-04-25T23:59:42.725452+00:00 [queued]>
[2022-04-25 23:59:44,318] {taskinstance.py:1043} INFO - Dependencies all met for <TaskInstance: starwarapi.extract manual__2022-04-25T23:59:42.725452+00:00 [queued]>
[2022-04-25 23:59:44,321] {taskinstance.py:1249} INFO - 
--------------------------------------------------------------------------------
[2022-04-25 23:59:44,322] {taskinstance.py:1250} INFO - Starting attempt 1 of 2
[2022-04-25 23:59:44,323] {taskinstance.py:1251} INFO - 
--------------------------------------------------------------------------------
[2022-04-25 23:59:44,344] {taskinstance.py:1270} INFO - Executing <Task(PythonOperator): extract> on 2022-04-25 23:59:42.725452+00:00
[2022-04-25 23:59:44,355] {standard_task_runner.py:52} INFO - Started process 157 to run task
[2022-04-25 23:59:44,369] {standard_task_runner.py:79} INFO - Running: ['***', 'tasks', 'run', 'starwarapi', 'extract', 'manual__2022-04-25T23:59:42.725452+00:00', '--job-id', '3', '--raw', '--subdir', 'DAGS_FOLDER/starwar_dag.py', '--cfg-path', '/tmp/tmpupvgujgp', '--error-file', '/tmp/tmpnwwlxmrp']
[2022-04-25 23:59:44,371] {standard_task_runner.py:80} INFO - Job 3: Subtask extract
[2022-04-25 23:59:44,491] {logging_mixin.py:109} INFO - Running <TaskInstance: starwarapi.extract manual__2022-04-25T23:59:42.725452+00:00 [running]> on host 9333772ee88e
[2022-04-25 23:59:44,564] {taskinstance.py:1448} INFO - Exporting the following env vars:
AIRFLOW_CTX_DAG_OWNER=***
AIRFLOW_CTX_DAG_ID=starwarapi
AIRFLOW_CTX_TASK_ID=extract
AIRFLOW_CTX_EXECUTION_DATE=2022-04-25T23:59:42.725452+00:00
AIRFLOW_CTX_DAG_RUN_ID=manual__2022-04-25T23:59:42.725452+00:00
[2022-04-25 23:59:45,359] {logging_mixin.py:109} INFO - <Response [200]>
[2022-04-25 23:59:45,366] {python.py:175} INFO - Done. Returned value was: None
[2022-04-25 23:59:45,430] {taskinstance.py:1288} INFO - Marking task as SUCCESS. dag_id=starwarapi, task_id=extract, execution_date=20220425T235942, start_date=20220425T235944, end_date=20220425T235945
[2022-04-25 23:59:45,541] {local_task_job.py:154} INFO - Task exited with return code 0
[2022-04-25 23:59:45,814] {local_task_job.py:264} INFO - 0 downstream tasks scheduled from follow-on schedule check
