[2022-04-26 01:50:44,343] {taskinstance.py:1043} INFO - Dependencies all met for <TaskInstance: starwarapi.extracted scheduled__2022-04-26T01:49:38.733923+00:00 [queued]>
[2022-04-26 01:50:44,364] {taskinstance.py:1043} INFO - Dependencies all met for <TaskInstance: starwarapi.extracted scheduled__2022-04-26T01:49:38.733923+00:00 [queued]>
[2022-04-26 01:50:44,366] {taskinstance.py:1249} INFO - 
--------------------------------------------------------------------------------
[2022-04-26 01:50:44,368] {taskinstance.py:1250} INFO - Starting attempt 1 of 2
[2022-04-26 01:50:44,370] {taskinstance.py:1251} INFO - 
--------------------------------------------------------------------------------
[2022-04-26 01:50:44,411] {taskinstance.py:1270} INFO - Executing <Task(BashOperator): extracted> on 2022-04-26 01:49:38.733923+00:00
[2022-04-26 01:50:44,429] {standard_task_runner.py:52} INFO - Started process 1682 to run task
[2022-04-26 01:50:44,438] {standard_task_runner.py:79} INFO - Running: ['***', 'tasks', 'run', 'starwarapi', 'extracted', 'scheduled__2022-04-26T01:49:38.733923+00:00', '--job-id', '181', '--raw', '--subdir', 'DAGS_FOLDER/starwar_dag.py', '--cfg-path', '/tmp/tmp9kic4omm', '--error-file', '/tmp/tmpevcj6bs1']
[2022-04-26 01:50:44,440] {standard_task_runner.py:80} INFO - Job 181: Subtask extracted
[2022-04-26 01:50:44,546] {logging_mixin.py:109} INFO - Running <TaskInstance: starwarapi.extracted scheduled__2022-04-26T01:49:38.733923+00:00 [running]> on host 66327e1a8873
[2022-04-26 01:50:44,673] {taskinstance.py:1448} INFO - Exporting the following env vars:
AIRFLOW_CTX_DAG_OWNER=***
AIRFLOW_CTX_DAG_ID=starwarapi
AIRFLOW_CTX_TASK_ID=extracted
AIRFLOW_CTX_EXECUTION_DATE=2022-04-26T01:49:38.733923+00:00
AIRFLOW_CTX_DAG_RUN_ID=scheduled__2022-04-26T01:49:38.733923+00:00
[2022-04-26 01:50:44,682] {subprocess.py:62} INFO - Tmp dir root location: 
 /tmp
[2022-04-26 01:50:44,687] {subprocess.py:74} INFO - Running command: ['bash', '-c', "echo 'Data_Extracted'"]
[2022-04-26 01:50:44,710] {subprocess.py:85} INFO - Output:
[2022-04-26 01:50:44,728] {subprocess.py:89} INFO - Data_Extracted
[2022-04-26 01:50:44,733] {subprocess.py:93} INFO - Command exited with return code 0
[2022-04-26 01:50:44,803] {taskinstance.py:1288} INFO - Marking task as SUCCESS. dag_id=starwarapi, task_id=extracted, execution_date=20220426T014938, start_date=20220426T015044, end_date=20220426T015044
[2022-04-26 01:50:44,863] {local_task_job.py:154} INFO - Task exited with return code 0
[2022-04-26 01:50:44,969] {local_task_job.py:264} INFO - 1 downstream tasks scheduled from follow-on schedule check
