[2022-04-26 01:18:58,434] {taskinstance.py:1043} INFO - Dependencies all met for <TaskInstance: starwarapi.extract scheduled__2022-04-26T00:45:34.862951+00:00 [queued]>
[2022-04-26 01:18:59,821] {taskinstance.py:1043} INFO - Dependencies all met for <TaskInstance: starwarapi.extract scheduled__2022-04-26T00:45:34.862951+00:00 [queued]>
[2022-04-26 01:18:59,840] {taskinstance.py:1249} INFO - 
--------------------------------------------------------------------------------
[2022-04-26 01:18:59,846] {taskinstance.py:1250} INFO - Starting attempt 2 of 2
[2022-04-26 01:18:59,857] {taskinstance.py:1251} INFO - 
--------------------------------------------------------------------------------
[2022-04-26 01:19:00,971] {taskinstance.py:1270} INFO - Executing <Task(PythonOperator): extract> on 2022-04-26 00:45:34.862951+00:00
[2022-04-26 01:19:01,504] {standard_task_runner.py:52} INFO - Started process 102 to run task
[2022-04-26 01:19:01,582] {standard_task_runner.py:79} INFO - Running: ['***', 'tasks', 'run', 'starwarapi', 'extract', 'scheduled__2022-04-26T00:45:34.862951+00:00', '--job-id', '12', '--raw', '--subdir', 'DAGS_FOLDER/starwar_dag.py', '--cfg-path', '/tmp/tmpivw3z5qu', '--error-file', '/tmp/tmp79eui43h']
[2022-04-26 01:19:01,593] {standard_task_runner.py:80} INFO - Job 12: Subtask extract
[2022-04-26 01:19:09,178] {logging_mixin.py:109} INFO - Running <TaskInstance: starwarapi.extract scheduled__2022-04-26T00:45:34.862951+00:00 [running]> on host 66327e1a8873
[2022-04-26 01:19:13,035] {taskinstance.py:1448} INFO - Exporting the following env vars:
AIRFLOW_CTX_DAG_OWNER=***
AIRFLOW_CTX_DAG_ID=starwarapi
AIRFLOW_CTX_TASK_ID=extract
AIRFLOW_CTX_EXECUTION_DATE=2022-04-26T00:45:34.862951+00:00
AIRFLOW_CTX_DAG_RUN_ID=scheduled__2022-04-26T00:45:34.862951+00:00
[2022-04-26 01:19:14,841] {logging_mixin.py:109} INFO - <Response [200]>
[2022-04-26 01:19:14,895] {python.py:175} INFO - Done. Returned value was: None
[2022-04-26 01:19:15,567] {taskinstance.py:1288} INFO - Marking task as SUCCESS. dag_id=starwarapi, task_id=extract, execution_date=20220426T004534, start_date=20220426T011858, end_date=20220426T011915
[2022-04-26 01:19:16,854] {local_task_job.py:154} INFO - Task exited with return code 0
[2022-04-26 01:19:17,985] {local_task_job.py:264} INFO - 0 downstream tasks scheduled from follow-on schedule check
