[2022-04-26 01:32:52,909] {taskinstance.py:1043} INFO - Dependencies all met for <TaskInstance: starwarapi.extract scheduled__2022-04-26T01:32:21.766646+00:00 [queued]>
[2022-04-26 01:32:52,937] {taskinstance.py:1043} INFO - Dependencies all met for <TaskInstance: starwarapi.extract scheduled__2022-04-26T01:32:21.766646+00:00 [queued]>
[2022-04-26 01:32:52,941] {taskinstance.py:1249} INFO - 
--------------------------------------------------------------------------------
[2022-04-26 01:32:52,943] {taskinstance.py:1250} INFO - Starting attempt 1 of 2
[2022-04-26 01:32:52,948] {taskinstance.py:1251} INFO - 
--------------------------------------------------------------------------------
[2022-04-26 01:32:52,990] {taskinstance.py:1270} INFO - Executing <Task(PythonOperator): extract> on 2022-04-26 01:32:21.766646+00:00
[2022-04-26 01:32:53,000] {standard_task_runner.py:52} INFO - Started process 774 to run task
[2022-04-26 01:32:53,015] {standard_task_runner.py:79} INFO - Running: ['***', 'tasks', 'run', 'starwarapi', 'extract', 'scheduled__2022-04-26T01:32:21.766646+00:00', '--job-id', '88', '--raw', '--subdir', 'DAGS_FOLDER/starwar_dag.py', '--cfg-path', '/tmp/tmp8ppiikkj', '--error-file', '/tmp/tmpu2m8cxd0']
[2022-04-26 01:32:53,021] {standard_task_runner.py:80} INFO - Job 88: Subtask extract
[2022-04-26 01:32:53,244] {logging_mixin.py:109} INFO - Running <TaskInstance: starwarapi.extract scheduled__2022-04-26T01:32:21.766646+00:00 [running]> on host 66327e1a8873
[2022-04-26 01:32:53,497] {taskinstance.py:1448} INFO - Exporting the following env vars:
AIRFLOW_CTX_DAG_OWNER=***
AIRFLOW_CTX_DAG_ID=starwarapi
AIRFLOW_CTX_TASK_ID=extract
AIRFLOW_CTX_EXECUTION_DATE=2022-04-26T01:32:21.766646+00:00
AIRFLOW_CTX_DAG_RUN_ID=scheduled__2022-04-26T01:32:21.766646+00:00
[2022-04-26 01:32:56,569] {logging_mixin.py:109} INFO - <Response [200]>
[2022-04-26 01:32:56,577] {python.py:175} INFO - Done. Returned value was: None
[2022-04-26 01:32:56,618] {taskinstance.py:1288} INFO - Marking task as SUCCESS. dag_id=starwarapi, task_id=extract, execution_date=20220426T013221, start_date=20220426T013252, end_date=20220426T013256
[2022-04-26 01:32:56,696] {local_task_job.py:154} INFO - Task exited with return code 0
[2022-04-26 01:32:56,760] {local_task_job.py:264} INFO - 1 downstream tasks scheduled from follow-on schedule check
