[2022-04-26 01:30:05,911] {taskinstance.py:1043} INFO - Dependencies all met for <TaskInstance: starwarapi.loaded scheduled__2022-04-26T01:29:21.766646+00:00 [queued]>
[2022-04-26 01:30:05,969] {taskinstance.py:1043} INFO - Dependencies all met for <TaskInstance: starwarapi.loaded scheduled__2022-04-26T01:29:21.766646+00:00 [queued]>
[2022-04-26 01:30:05,979] {taskinstance.py:1249} INFO - 
--------------------------------------------------------------------------------
[2022-04-26 01:30:05,981] {taskinstance.py:1250} INFO - Starting attempt 1 of 2
[2022-04-26 01:30:05,983] {taskinstance.py:1251} INFO - 
--------------------------------------------------------------------------------
[2022-04-26 01:30:06,035] {taskinstance.py:1270} INFO - Executing <Task(BashOperator): loaded> on 2022-04-26 01:29:21.766646+00:00
[2022-04-26 01:30:06,049] {standard_task_runner.py:52} INFO - Started process 628 to run task
[2022-04-26 01:30:06,072] {standard_task_runner.py:79} INFO - Running: ['***', 'tasks', 'run', 'starwarapi', 'loaded', 'scheduled__2022-04-26T01:29:21.766646+00:00', '--job-id', '67', '--raw', '--subdir', 'DAGS_FOLDER/starwar_dag.py', '--cfg-path', '/tmp/tmp4pu47552', '--error-file', '/tmp/tmpuih1_x__']
[2022-04-26 01:30:06,075] {standard_task_runner.py:80} INFO - Job 67: Subtask loaded
[2022-04-26 01:30:06,854] {logging_mixin.py:109} INFO - Running <TaskInstance: starwarapi.loaded scheduled__2022-04-26T01:29:21.766646+00:00 [running]> on host 66327e1a8873
[2022-04-26 01:30:07,375] {taskinstance.py:1448} INFO - Exporting the following env vars:
AIRFLOW_CTX_DAG_OWNER=***
AIRFLOW_CTX_DAG_ID=starwarapi
AIRFLOW_CTX_TASK_ID=loaded
AIRFLOW_CTX_EXECUTION_DATE=2022-04-26T01:29:21.766646+00:00
AIRFLOW_CTX_DAG_RUN_ID=scheduled__2022-04-26T01:29:21.766646+00:00
[2022-04-26 01:30:07,384] {subprocess.py:62} INFO - Tmp dir root location: 
 /tmp
[2022-04-26 01:30:07,387] {subprocess.py:74} INFO - Running command: ['bash', '-c', "echo 'Data_loaded_to_CSV'"]
[2022-04-26 01:30:07,476] {subprocess.py:85} INFO - Output:
[2022-04-26 01:30:07,484] {subprocess.py:89} INFO - Data_loaded_to_CSV
[2022-04-26 01:30:07,489] {subprocess.py:93} INFO - Command exited with return code 0
[2022-04-26 01:30:07,699] {taskinstance.py:1288} INFO - Marking task as SUCCESS. dag_id=starwarapi, task_id=loaded, execution_date=20220426T012921, start_date=20220426T013005, end_date=20220426T013007
[2022-04-26 01:30:07,949] {local_task_job.py:154} INFO - Task exited with return code 0
[2022-04-26 01:30:08,676] {local_task_job.py:264} INFO - 0 downstream tasks scheduled from follow-on schedule check
