[2022-04-25 16:52:17,861] {taskinstance.py:1043} INFO - Dependencies all met for <TaskInstance: starwarapi.loaded scheduled__2022-04-25T16:30:10.547488+00:00 [queued]>
[2022-04-25 16:52:18,020] {taskinstance.py:1043} INFO - Dependencies all met for <TaskInstance: starwarapi.loaded scheduled__2022-04-25T16:30:10.547488+00:00 [queued]>
[2022-04-25 16:52:18,027] {taskinstance.py:1249} INFO - 
--------------------------------------------------------------------------------
[2022-04-25 16:52:18,040] {taskinstance.py:1250} INFO - Starting attempt 1 of 2
[2022-04-25 16:52:18,054] {taskinstance.py:1251} INFO - 
--------------------------------------------------------------------------------
[2022-04-25 16:52:18,213] {taskinstance.py:1270} INFO - Executing <Task(BashOperator): loaded> on 2022-04-25 16:30:10.547488+00:00
[2022-04-25 16:52:18,405] {standard_task_runner.py:52} INFO - Started process 164 to run task
[2022-04-25 16:52:18,567] {standard_task_runner.py:79} INFO - Running: ['***', 'tasks', 'run', 'starwarapi', 'loaded', 'scheduled__2022-04-25T16:30:10.547488+00:00', '--job-id', '113', '--raw', '--subdir', 'DAGS_FOLDER/starwar_dag.py', '--cfg-path', '/tmp/tmpp2jkszi4', '--error-file', '/tmp/tmplssno4s0']
[2022-04-25 16:52:18,581] {standard_task_runner.py:80} INFO - Job 113: Subtask loaded
[2022-04-25 16:52:19,831] {logging_mixin.py:109} INFO - Running <TaskInstance: starwarapi.loaded scheduled__2022-04-25T16:30:10.547488+00:00 [running]> on host 171c4f2b9aa0
[2022-04-25 16:52:20,510] {taskinstance.py:1448} INFO - Exporting the following env vars:
AIRFLOW_CTX_DAG_EMAIL=anuragvuppala@gmail.com
AIRFLOW_CTX_DAG_OWNER=***
AIRFLOW_CTX_DAG_ID=starwarapi
AIRFLOW_CTX_TASK_ID=loaded
AIRFLOW_CTX_EXECUTION_DATE=2022-04-25T16:30:10.547488+00:00
AIRFLOW_CTX_DAG_RUN_ID=scheduled__2022-04-25T16:30:10.547488+00:00
[2022-04-25 16:52:20,521] {subprocess.py:62} INFO - Tmp dir root location: 
 /tmp
[2022-04-25 16:52:20,525] {subprocess.py:74} INFO - Running command: ['bash', '-c', "echo 'Data_loaded_to_CSV'"]
[2022-04-25 16:52:20,635] {subprocess.py:85} INFO - Output:
[2022-04-25 16:52:20,652] {subprocess.py:89} INFO - Data_loaded_to_CSV
[2022-04-25 16:52:20,662] {subprocess.py:93} INFO - Command exited with return code 0
[2022-04-25 16:52:20,743] {taskinstance.py:1288} INFO - Marking task as SUCCESS. dag_id=starwarapi, task_id=loaded, execution_date=20220425T163010, start_date=20220425T165217, end_date=20220425T165220
[2022-04-25 16:52:20,930] {local_task_job.py:154} INFO - Task exited with return code 0
[2022-04-25 16:52:21,134] {local_task_job.py:264} INFO - 0 downstream tasks scheduled from follow-on schedule check
