[2022-04-25 16:52:05,537] {taskinstance.py:1043} INFO - Dependencies all met for <TaskInstance: starwarapi.transform_load scheduled__2022-04-25T16:49:08.155533+00:00 [queued]>
[2022-04-25 16:52:05,934] {taskinstance.py:1043} INFO - Dependencies all met for <TaskInstance: starwarapi.transform_load scheduled__2022-04-25T16:49:08.155533+00:00 [queued]>
[2022-04-25 16:52:05,959] {taskinstance.py:1249} INFO - 
--------------------------------------------------------------------------------
[2022-04-25 16:52:06,013] {taskinstance.py:1250} INFO - Starting attempt 1 of 2
[2022-04-25 16:52:06,017] {taskinstance.py:1251} INFO - 
--------------------------------------------------------------------------------
[2022-04-25 16:52:06,498] {taskinstance.py:1270} INFO - Executing <Task(PythonOperator): transform_load> on 2022-04-25 16:49:08.155533+00:00
[2022-04-25 16:52:07,214] {standard_task_runner.py:52} INFO - Started process 153 to run task
[2022-04-25 16:52:07,317] {standard_task_runner.py:79} INFO - Running: ['***', 'tasks', 'run', 'starwarapi', 'transform_load', 'scheduled__2022-04-25T16:49:08.155533+00:00', '--job-id', '110', '--raw', '--subdir', 'DAGS_FOLDER/starwar_dag.py', '--cfg-path', '/tmp/tmpl8lzrak1', '--error-file', '/tmp/tmpuupz4_zp']
[2022-04-25 16:52:07,351] {standard_task_runner.py:80} INFO - Job 110: Subtask transform_load
[2022-04-25 16:52:08,186] {logging_mixin.py:109} INFO - Running <TaskInstance: starwarapi.transform_load scheduled__2022-04-25T16:49:08.155533+00:00 [running]> on host 171c4f2b9aa0
[2022-04-25 16:52:09,001] {taskinstance.py:1448} INFO - Exporting the following env vars:
AIRFLOW_CTX_DAG_EMAIL=anuragvuppala@gmail.com
AIRFLOW_CTX_DAG_OWNER=***
AIRFLOW_CTX_DAG_ID=starwarapi
AIRFLOW_CTX_TASK_ID=transform_load
AIRFLOW_CTX_EXECUTION_DATE=2022-04-25T16:49:08.155533+00:00
AIRFLOW_CTX_DAG_RUN_ID=scheduled__2022-04-25T16:49:08.155533+00:00
[2022-04-25 16:52:09,254] {python.py:175} INFO - Done. Returned value was: loaded
[2022-04-25 16:52:09,788] {taskinstance.py:1288} INFO - Marking task as SUCCESS. dag_id=starwarapi, task_id=transform_load, execution_date=20220425T164908, start_date=20220425T165205, end_date=20220425T165209
[2022-04-25 16:52:10,178] {local_task_job.py:154} INFO - Task exited with return code 0
[2022-04-25 16:52:11,138] {local_task_job.py:264} INFO - 0 downstream tasks scheduled from follow-on schedule check
