[2022-04-26 01:39:56,277] {taskinstance.py:1043} INFO - Dependencies all met for <TaskInstance: starwarapi.extracted scheduled__2022-04-26T01:39:21.766646+00:00 [queued]>
[2022-04-26 01:39:56,296] {taskinstance.py:1043} INFO - Dependencies all met for <TaskInstance: starwarapi.extracted scheduled__2022-04-26T01:39:21.766646+00:00 [queued]>
[2022-04-26 01:39:56,297] {taskinstance.py:1249} INFO - 
--------------------------------------------------------------------------------
[2022-04-26 01:39:56,298] {taskinstance.py:1250} INFO - Starting attempt 1 of 2
[2022-04-26 01:39:56,300] {taskinstance.py:1251} INFO - 
--------------------------------------------------------------------------------
[2022-04-26 01:39:56,328] {taskinstance.py:1270} INFO - Executing <Task(BashOperator): extracted> on 2022-04-26 01:39:21.766646+00:00
[2022-04-26 01:39:56,336] {standard_task_runner.py:52} INFO - Started process 1163 to run task
[2022-04-26 01:39:56,346] {standard_task_runner.py:79} INFO - Running: ['***', 'tasks', 'run', 'starwarapi', 'extracted', 'scheduled__2022-04-26T01:39:21.766646+00:00', '--job-id', '145', '--raw', '--subdir', 'DAGS_FOLDER/starwar_dag.py', '--cfg-path', '/tmp/tmpuy77rr9b', '--error-file', '/tmp/tmp6bxj1nsv']
[2022-04-26 01:39:56,348] {standard_task_runner.py:80} INFO - Job 145: Subtask extracted
[2022-04-26 01:39:56,483] {logging_mixin.py:109} INFO - Running <TaskInstance: starwarapi.extracted scheduled__2022-04-26T01:39:21.766646+00:00 [running]> on host 66327e1a8873
[2022-04-26 01:39:56,669] {taskinstance.py:1448} INFO - Exporting the following env vars:
AIRFLOW_CTX_DAG_OWNER=***
AIRFLOW_CTX_DAG_ID=starwarapi
AIRFLOW_CTX_TASK_ID=extracted
AIRFLOW_CTX_EXECUTION_DATE=2022-04-26T01:39:21.766646+00:00
AIRFLOW_CTX_DAG_RUN_ID=scheduled__2022-04-26T01:39:21.766646+00:00
[2022-04-26 01:39:56,686] {subprocess.py:62} INFO - Tmp dir root location: 
 /tmp
[2022-04-26 01:39:56,693] {subprocess.py:74} INFO - Running command: ['bash', '-c', "echo 'Data_Extracted'"]
[2022-04-26 01:39:56,738] {subprocess.py:85} INFO - Output:
[2022-04-26 01:39:56,744] {subprocess.py:89} INFO - Data_Extracted
[2022-04-26 01:39:56,755] {subprocess.py:93} INFO - Command exited with return code 0
[2022-04-26 01:39:56,853] {taskinstance.py:1288} INFO - Marking task as SUCCESS. dag_id=starwarapi, task_id=extracted, execution_date=20220426T013921, start_date=20220426T013956, end_date=20220426T013956
[2022-04-26 01:39:56,998] {local_task_job.py:154} INFO - Task exited with return code 0
[2022-04-26 01:39:57,312] {local_task_job.py:264} INFO - 1 downstream tasks scheduled from follow-on schedule check
