[2022-04-26 01:29:53,314] {taskinstance.py:1043} INFO - Dependencies all met for <TaskInstance: starwarapi.extract scheduled__2022-04-26T01:29:21.766646+00:00 [queued]>
[2022-04-26 01:29:53,339] {taskinstance.py:1043} INFO - Dependencies all met for <TaskInstance: starwarapi.extract scheduled__2022-04-26T01:29:21.766646+00:00 [queued]>
[2022-04-26 01:29:53,340] {taskinstance.py:1249} INFO - 
--------------------------------------------------------------------------------
[2022-04-26 01:29:53,342] {taskinstance.py:1250} INFO - Starting attempt 1 of 2
[2022-04-26 01:29:53,345] {taskinstance.py:1251} INFO - 
--------------------------------------------------------------------------------
[2022-04-26 01:29:53,375] {taskinstance.py:1270} INFO - Executing <Task(PythonOperator): extract> on 2022-04-26 01:29:21.766646+00:00
[2022-04-26 01:29:53,384] {standard_task_runner.py:52} INFO - Started process 611 to run task
[2022-04-26 01:29:53,390] {standard_task_runner.py:79} INFO - Running: ['***', 'tasks', 'run', 'starwarapi', 'extract', 'scheduled__2022-04-26T01:29:21.766646+00:00', '--job-id', '64', '--raw', '--subdir', 'DAGS_FOLDER/starwar_dag.py', '--cfg-path', '/tmp/tmpv3h30rty', '--error-file', '/tmp/tmp0i6uncy0']
[2022-04-26 01:29:53,392] {standard_task_runner.py:80} INFO - Job 64: Subtask extract
[2022-04-26 01:29:53,532] {logging_mixin.py:109} INFO - Running <TaskInstance: starwarapi.extract scheduled__2022-04-26T01:29:21.766646+00:00 [running]> on host 66327e1a8873
[2022-04-26 01:29:53,868] {taskinstance.py:1448} INFO - Exporting the following env vars:
AIRFLOW_CTX_DAG_OWNER=***
AIRFLOW_CTX_DAG_ID=starwarapi
AIRFLOW_CTX_TASK_ID=extract
AIRFLOW_CTX_EXECUTION_DATE=2022-04-26T01:29:21.766646+00:00
AIRFLOW_CTX_DAG_RUN_ID=scheduled__2022-04-26T01:29:21.766646+00:00
[2022-04-26 01:29:57,330] {logging_mixin.py:109} INFO - <Response [200]>
[2022-04-26 01:29:57,380] {python.py:175} INFO - Done. Returned value was: None
[2022-04-26 01:29:57,465] {taskinstance.py:1288} INFO - Marking task as SUCCESS. dag_id=starwarapi, task_id=extract, execution_date=20220426T012921, start_date=20220426T012953, end_date=20220426T012957
[2022-04-26 01:29:57,633] {local_task_job.py:154} INFO - Task exited with return code 0
[2022-04-26 01:29:57,832] {local_task_job.py:264} INFO - 1 downstream tasks scheduled from follow-on schedule check
