[2022-04-28 15:28:07,479] {taskinstance.py:1043} INFO - Dependencies all met for <TaskInstance: starwarapi.transform_load scheduled__2022-04-28T15:27:02.323668+00:00 [queued]>
[2022-04-28 15:28:07,528] {taskinstance.py:1043} INFO - Dependencies all met for <TaskInstance: starwarapi.transform_load scheduled__2022-04-28T15:27:02.323668+00:00 [queued]>
[2022-04-28 15:28:07,530] {taskinstance.py:1249} INFO - 
--------------------------------------------------------------------------------
[2022-04-28 15:28:07,531] {taskinstance.py:1250} INFO - Starting attempt 1 of 2
[2022-04-28 15:28:07,532] {taskinstance.py:1251} INFO - 
--------------------------------------------------------------------------------
[2022-04-28 15:28:07,588] {taskinstance.py:1270} INFO - Executing <Task(PythonOperator): transform_load> on 2022-04-28 15:27:02.323668+00:00
[2022-04-28 15:28:07,605] {standard_task_runner.py:52} INFO - Started process 421 to run task
[2022-04-28 15:28:07,621] {standard_task_runner.py:79} INFO - Running: ['***', 'tasks', 'run', 'starwarapi', 'transform_load', 'scheduled__2022-04-28T15:27:02.323668+00:00', '--job-id', '57', '--raw', '--subdir', 'DAGS_FOLDER/starwar_dag.py', '--cfg-path', '/tmp/tmp41fyzfgv', '--error-file', '/tmp/tmp56nq853h']
[2022-04-28 15:28:07,626] {standard_task_runner.py:80} INFO - Job 57: Subtask transform_load
[2022-04-28 15:28:07,923] {logging_mixin.py:109} INFO - Running <TaskInstance: starwarapi.transform_load scheduled__2022-04-28T15:27:02.323668+00:00 [running]> on host f3cfb7d93a54
[2022-04-28 15:28:08,433] {taskinstance.py:1448} INFO - Exporting the following env vars:
AIRFLOW_CTX_DAG_OWNER=***
AIRFLOW_CTX_DAG_ID=starwarapi
AIRFLOW_CTX_TASK_ID=transform_load
AIRFLOW_CTX_EXECUTION_DATE=2022-04-28T15:27:02.323668+00:00
AIRFLOW_CTX_DAG_RUN_ID=scheduled__2022-04-28T15:27:02.323668+00:00
[2022-04-28 15:28:10,733] {python.py:175} INFO - Done. Returned value was: None
[2022-04-28 15:28:10,778] {taskinstance.py:1288} INFO - Marking task as SUCCESS. dag_id=starwarapi, task_id=transform_load, execution_date=20220428T152702, start_date=20220428T152807, end_date=20220428T152810
[2022-04-28 15:28:10,905] {local_task_job.py:154} INFO - Task exited with return code 0
[2022-04-28 15:28:11,050] {local_task_job.py:264} INFO - 0 downstream tasks scheduled from follow-on schedule check
