[2022-04-28 15:24:03,428] {taskinstance.py:1043} INFO - Dependencies all met for <TaskInstance: starwarapi.extract scheduled__2022-04-28T15:23:02.323668+00:00 [queued]>
[2022-04-28 15:24:03,476] {taskinstance.py:1043} INFO - Dependencies all met for <TaskInstance: starwarapi.extract scheduled__2022-04-28T15:23:02.323668+00:00 [queued]>
[2022-04-28 15:24:03,478] {taskinstance.py:1249} INFO - 
--------------------------------------------------------------------------------
[2022-04-28 15:24:03,480] {taskinstance.py:1250} INFO - Starting attempt 1 of 2
[2022-04-28 15:24:03,482] {taskinstance.py:1251} INFO - 
--------------------------------------------------------------------------------
[2022-04-28 15:24:03,517] {taskinstance.py:1270} INFO - Executing <Task(PythonOperator): extract> on 2022-04-28 15:23:02.323668+00:00
[2022-04-28 15:24:03,528] {standard_task_runner.py:52} INFO - Started process 214 to run task
[2022-04-28 15:24:03,541] {standard_task_runner.py:79} INFO - Running: ['***', 'tasks', 'run', 'starwarapi', 'extract', 'scheduled__2022-04-28T15:23:02.323668+00:00', '--job-id', '39', '--raw', '--subdir', 'DAGS_FOLDER/starwar_dag.py', '--cfg-path', '/tmp/tmpo364_ymi', '--error-file', '/tmp/tmpas6vyrqr']
[2022-04-28 15:24:03,543] {standard_task_runner.py:80} INFO - Job 39: Subtask extract
[2022-04-28 15:24:03,634] {logging_mixin.py:109} INFO - Running <TaskInstance: starwarapi.extract scheduled__2022-04-28T15:23:02.323668+00:00 [running]> on host f3cfb7d93a54
[2022-04-28 15:24:03,711] {taskinstance.py:1448} INFO - Exporting the following env vars:
AIRFLOW_CTX_DAG_OWNER=***
AIRFLOW_CTX_DAG_ID=starwarapi
AIRFLOW_CTX_TASK_ID=extract
AIRFLOW_CTX_EXECUTION_DATE=2022-04-28T15:23:02.323668+00:00
AIRFLOW_CTX_DAG_RUN_ID=scheduled__2022-04-28T15:23:02.323668+00:00
[2022-04-28 15:24:04,020] {logging_mixin.py:109} INFO - <Response [200]>
[2022-04-28 15:24:04,032] {python.py:175} INFO - Done. Returned value was: None
[2022-04-28 15:24:04,067] {taskinstance.py:1288} INFO - Marking task as SUCCESS. dag_id=starwarapi, task_id=extract, execution_date=20220428T152302, start_date=20220428T152403, end_date=20220428T152404
[2022-04-28 15:24:04,120] {local_task_job.py:154} INFO - Task exited with return code 0
[2022-04-28 15:24:04,218] {local_task_job.py:264} INFO - 1 downstream tasks scheduled from follow-on schedule check
