[2022-04-25 16:26:35,316] {taskinstance.py:1043} INFO - Dependencies all met for <TaskInstance: starwarapi.extracted scheduled__2022-04-25T16:24:57.060756+00:00 [queued]>
[2022-04-25 16:26:35,475] {taskinstance.py:1043} INFO - Dependencies all met for <TaskInstance: starwarapi.extracted scheduled__2022-04-25T16:24:57.060756+00:00 [queued]>
[2022-04-25 16:26:35,487] {taskinstance.py:1249} INFO - 
--------------------------------------------------------------------------------
[2022-04-25 16:26:35,493] {taskinstance.py:1250} INFO - Starting attempt 1 of 2
[2022-04-25 16:26:35,511] {taskinstance.py:1251} INFO - 
--------------------------------------------------------------------------------
[2022-04-25 16:26:35,669] {taskinstance.py:1270} INFO - Executing <Task(BashOperator): extracted> on 2022-04-25 16:24:57.060756+00:00
[2022-04-25 16:26:35,693] {standard_task_runner.py:52} INFO - Started process 102 to run task
[2022-04-25 16:26:35,761] {standard_task_runner.py:79} INFO - Running: ['***', 'tasks', 'run', 'starwarapi', 'extracted', 'scheduled__2022-04-25T16:24:57.060756+00:00', '--job-id', '88', '--raw', '--subdir', 'DAGS_FOLDER/starwar_dag.py', '--cfg-path', '/tmp/tmp2gru0ecj', '--error-file', '/tmp/tmpci6qsxu4']
[2022-04-25 16:26:35,769] {standard_task_runner.py:80} INFO - Job 88: Subtask extracted
[2022-04-25 16:26:36,428] {logging_mixin.py:109} INFO - Running <TaskInstance: starwarapi.extracted scheduled__2022-04-25T16:24:57.060756+00:00 [running]> on host 78492d0c0135
[2022-04-25 16:26:37,550] {taskinstance.py:1448} INFO - Exporting the following env vars:
AIRFLOW_CTX_DAG_EMAIL=anuragvuppala@gmail.com
AIRFLOW_CTX_DAG_OWNER=***
AIRFLOW_CTX_DAG_ID=starwarapi
AIRFLOW_CTX_TASK_ID=extracted
AIRFLOW_CTX_EXECUTION_DATE=2022-04-25T16:24:57.060756+00:00
AIRFLOW_CTX_DAG_RUN_ID=scheduled__2022-04-25T16:24:57.060756+00:00
[2022-04-25 16:26:37,557] {subprocess.py:62} INFO - Tmp dir root location: 
 /tmp
[2022-04-25 16:26:37,560] {subprocess.py:74} INFO - Running command: ['bash', '-c', "echo 'Data_Extracted'"]
[2022-04-25 16:26:37,617] {subprocess.py:85} INFO - Output:
[2022-04-25 16:26:37,650] {subprocess.py:89} INFO - Data_Extracted
[2022-04-25 16:26:37,655] {subprocess.py:93} INFO - Command exited with return code 0
[2022-04-25 16:26:37,720] {taskinstance.py:1288} INFO - Marking task as SUCCESS. dag_id=starwarapi, task_id=extracted, execution_date=20220425T162457, start_date=20220425T162635, end_date=20220425T162637
[2022-04-25 16:26:37,977] {local_task_job.py:154} INFO - Task exited with return code 0
[2022-04-25 16:26:38,332] {local_task_job.py:264} INFO - 1 downstream tasks scheduled from follow-on schedule check
