[2022-04-26 01:50:46,944] {taskinstance.py:1043} INFO - Dependencies all met for <TaskInstance: starwarapi.transform_load scheduled__2022-04-26T01:49:38.733923+00:00 [queued]>
[2022-04-26 01:50:46,980] {taskinstance.py:1043} INFO - Dependencies all met for <TaskInstance: starwarapi.transform_load scheduled__2022-04-26T01:49:38.733923+00:00 [queued]>
[2022-04-26 01:50:46,987] {taskinstance.py:1249} INFO - 
--------------------------------------------------------------------------------
[2022-04-26 01:50:46,988] {taskinstance.py:1250} INFO - Starting attempt 1 of 2
[2022-04-26 01:50:46,991] {taskinstance.py:1251} INFO - 
--------------------------------------------------------------------------------
[2022-04-26 01:50:47,135] {taskinstance.py:1270} INFO - Executing <Task(PythonOperator): transform_load> on 2022-04-26 01:49:38.733923+00:00
[2022-04-26 01:50:47,214] {standard_task_runner.py:79} INFO - Running: ['***', 'tasks', 'run', 'starwarapi', 'transform_load', 'scheduled__2022-04-26T01:49:38.733923+00:00', '--job-id', '182', '--raw', '--subdir', 'DAGS_FOLDER/starwar_dag.py', '--cfg-path', '/tmp/tmpge78lec9', '--error-file', '/tmp/tmpzvhzhx7p']
[2022-04-26 01:50:47,266] {standard_task_runner.py:80} INFO - Job 182: Subtask transform_load
[2022-04-26 01:50:47,192] {standard_task_runner.py:52} INFO - Started process 1692 to run task
[2022-04-26 01:50:47,943] {logging_mixin.py:109} INFO - Running <TaskInstance: starwarapi.transform_load scheduled__2022-04-26T01:49:38.733923+00:00 [running]> on host 66327e1a8873
[2022-04-26 01:50:48,355] {taskinstance.py:1448} INFO - Exporting the following env vars:
AIRFLOW_CTX_DAG_OWNER=***
AIRFLOW_CTX_DAG_ID=starwarapi
AIRFLOW_CTX_TASK_ID=transform_load
AIRFLOW_CTX_EXECUTION_DATE=2022-04-26T01:49:38.733923+00:00
AIRFLOW_CTX_DAG_RUN_ID=scheduled__2022-04-26T01:49:38.733923+00:00
[2022-04-26 01:50:50,003] {python.py:175} INFO - Done. Returned value was: None
[2022-04-26 01:50:50,046] {taskinstance.py:1288} INFO - Marking task as SUCCESS. dag_id=starwarapi, task_id=transform_load, execution_date=20220426T014938, start_date=20220426T015046, end_date=20220426T015050
[2022-04-26 01:50:50,170] {local_task_job.py:154} INFO - Task exited with return code 0
[2022-04-26 01:50:50,350] {local_task_job.py:264} INFO - 0 downstream tasks scheduled from follow-on schedule check
