[2022-04-26 01:39:05,953] {taskinstance.py:1043} INFO - Dependencies all met for <TaskInstance: starwarapi.loaded scheduled__2022-04-26T01:38:21.766646+00:00 [queued]>
[2022-04-26 01:39:05,975] {taskinstance.py:1043} INFO - Dependencies all met for <TaskInstance: starwarapi.loaded scheduled__2022-04-26T01:38:21.766646+00:00 [queued]>
[2022-04-26 01:39:05,976] {taskinstance.py:1249} INFO - 
--------------------------------------------------------------------------------
[2022-04-26 01:39:05,980] {taskinstance.py:1250} INFO - Starting attempt 1 of 2
[2022-04-26 01:39:05,983] {taskinstance.py:1251} INFO - 
--------------------------------------------------------------------------------
[2022-04-26 01:39:06,014] {taskinstance.py:1270} INFO - Executing <Task(BashOperator): loaded> on 2022-04-26 01:38:21.766646+00:00
[2022-04-26 01:39:06,023] {standard_task_runner.py:52} INFO - Started process 1116 to run task
[2022-04-26 01:39:06,034] {standard_task_runner.py:79} INFO - Running: ['***', 'tasks', 'run', 'starwarapi', 'loaded', 'scheduled__2022-04-26T01:38:21.766646+00:00', '--job-id', '139', '--raw', '--subdir', 'DAGS_FOLDER/starwar_dag.py', '--cfg-path', '/tmp/tmpwda42i45', '--error-file', '/tmp/tmppkqzrttv']
[2022-04-26 01:39:06,040] {standard_task_runner.py:80} INFO - Job 139: Subtask loaded
[2022-04-26 01:39:06,172] {logging_mixin.py:109} INFO - Running <TaskInstance: starwarapi.loaded scheduled__2022-04-26T01:38:21.766646+00:00 [running]> on host 66327e1a8873
[2022-04-26 01:39:06,276] {taskinstance.py:1448} INFO - Exporting the following env vars:
AIRFLOW_CTX_DAG_OWNER=***
AIRFLOW_CTX_DAG_ID=starwarapi
AIRFLOW_CTX_TASK_ID=loaded
AIRFLOW_CTX_EXECUTION_DATE=2022-04-26T01:38:21.766646+00:00
AIRFLOW_CTX_DAG_RUN_ID=scheduled__2022-04-26T01:38:21.766646+00:00
[2022-04-26 01:39:06,278] {subprocess.py:62} INFO - Tmp dir root location: 
 /tmp
[2022-04-26 01:39:06,280] {subprocess.py:74} INFO - Running command: ['bash', '-c', "echo 'Data_loaded_to_CSV'"]
[2022-04-26 01:39:06,298] {subprocess.py:85} INFO - Output:
[2022-04-26 01:39:06,302] {subprocess.py:89} INFO - Data_loaded_to_CSV
[2022-04-26 01:39:06,304] {subprocess.py:93} INFO - Command exited with return code 0
[2022-04-26 01:39:06,399] {taskinstance.py:1288} INFO - Marking task as SUCCESS. dag_id=starwarapi, task_id=loaded, execution_date=20220426T013821, start_date=20220426T013905, end_date=20220426T013906
[2022-04-26 01:39:06,478] {local_task_job.py:154} INFO - Task exited with return code 0
[2022-04-26 01:39:06,530] {local_task_job.py:264} INFO - 0 downstream tasks scheduled from follow-on schedule check
