[2022-04-26 01:31:23,522] {taskinstance.py:1043} INFO - Dependencies all met for <TaskInstance: starwarapi.extract scheduled__2022-04-26T01:30:51.766646+00:00 [queued]>
[2022-04-26 01:31:23,558] {taskinstance.py:1043} INFO - Dependencies all met for <TaskInstance: starwarapi.extract scheduled__2022-04-26T01:30:51.766646+00:00 [queued]>
[2022-04-26 01:31:23,560] {taskinstance.py:1249} INFO - 
--------------------------------------------------------------------------------
[2022-04-26 01:31:23,562] {taskinstance.py:1250} INFO - Starting attempt 1 of 2
[2022-04-26 01:31:23,564] {taskinstance.py:1251} INFO - 
--------------------------------------------------------------------------------
[2022-04-26 01:31:23,590] {taskinstance.py:1270} INFO - Executing <Task(PythonOperator): extract> on 2022-04-26 01:30:51.766646+00:00
[2022-04-26 01:31:23,599] {standard_task_runner.py:52} INFO - Started process 694 to run task
[2022-04-26 01:31:23,612] {standard_task_runner.py:79} INFO - Running: ['***', 'tasks', 'run', 'starwarapi', 'extract', 'scheduled__2022-04-26T01:30:51.766646+00:00', '--job-id', '76', '--raw', '--subdir', 'DAGS_FOLDER/starwar_dag.py', '--cfg-path', '/tmp/tmps6pmwxxb', '--error-file', '/tmp/tmppiqg7d8n']
[2022-04-26 01:31:23,614] {standard_task_runner.py:80} INFO - Job 76: Subtask extract
[2022-04-26 01:31:23,740] {logging_mixin.py:109} INFO - Running <TaskInstance: starwarapi.extract scheduled__2022-04-26T01:30:51.766646+00:00 [running]> on host 66327e1a8873
[2022-04-26 01:31:23,856] {taskinstance.py:1448} INFO - Exporting the following env vars:
AIRFLOW_CTX_DAG_OWNER=***
AIRFLOW_CTX_DAG_ID=starwarapi
AIRFLOW_CTX_TASK_ID=extract
AIRFLOW_CTX_EXECUTION_DATE=2022-04-26T01:30:51.766646+00:00
AIRFLOW_CTX_DAG_RUN_ID=scheduled__2022-04-26T01:30:51.766646+00:00
[2022-04-26 01:31:26,980] {logging_mixin.py:109} INFO - <Response [200]>
[2022-04-26 01:31:26,985] {python.py:175} INFO - Done. Returned value was: None
[2022-04-26 01:31:27,016] {taskinstance.py:1288} INFO - Marking task as SUCCESS. dag_id=starwarapi, task_id=extract, execution_date=20220426T013051, start_date=20220426T013123, end_date=20220426T013127
[2022-04-26 01:31:27,081] {local_task_job.py:154} INFO - Task exited with return code 0
[2022-04-26 01:31:27,543] {local_task_job.py:264} INFO - 0 downstream tasks scheduled from follow-on schedule check
