[2022-04-26 01:36:54,932] {taskinstance.py:1043} INFO - Dependencies all met for <TaskInstance: starwarapi.extract scheduled__2022-04-26T01:36:21.766646+00:00 [queued]>
[2022-04-26 01:36:54,962] {taskinstance.py:1043} INFO - Dependencies all met for <TaskInstance: starwarapi.extract scheduled__2022-04-26T01:36:21.766646+00:00 [queued]>
[2022-04-26 01:36:54,963] {taskinstance.py:1249} INFO - 
--------------------------------------------------------------------------------
[2022-04-26 01:36:54,965] {taskinstance.py:1250} INFO - Starting attempt 1 of 2
[2022-04-26 01:36:54,966] {taskinstance.py:1251} INFO - 
--------------------------------------------------------------------------------
[2022-04-26 01:36:54,997] {taskinstance.py:1270} INFO - Executing <Task(PythonOperator): extract> on 2022-04-26 01:36:21.766646+00:00
[2022-04-26 01:36:55,006] {standard_task_runner.py:52} INFO - Started process 996 to run task
[2022-04-26 01:36:55,022] {standard_task_runner.py:79} INFO - Running: ['***', 'tasks', 'run', 'starwarapi', 'extract', 'scheduled__2022-04-26T01:36:21.766646+00:00', '--job-id', '120', '--raw', '--subdir', 'DAGS_FOLDER/starwar_dag.py', '--cfg-path', '/tmp/tmp7aagmv1w', '--error-file', '/tmp/tmpea75z8uf']
[2022-04-26 01:36:55,024] {standard_task_runner.py:80} INFO - Job 120: Subtask extract
[2022-04-26 01:36:55,139] {logging_mixin.py:109} INFO - Running <TaskInstance: starwarapi.extract scheduled__2022-04-26T01:36:21.766646+00:00 [running]> on host 66327e1a8873
[2022-04-26 01:36:55,271] {taskinstance.py:1448} INFO - Exporting the following env vars:
AIRFLOW_CTX_DAG_OWNER=***
AIRFLOW_CTX_DAG_ID=starwarapi
AIRFLOW_CTX_TASK_ID=extract
AIRFLOW_CTX_EXECUTION_DATE=2022-04-26T01:36:21.766646+00:00
AIRFLOW_CTX_DAG_RUN_ID=scheduled__2022-04-26T01:36:21.766646+00:00
[2022-04-26 01:36:58,920] {logging_mixin.py:109} INFO - <Response [200]>
[2022-04-26 01:36:58,924] {python.py:175} INFO - Done. Returned value was: None
[2022-04-26 01:36:58,942] {taskinstance.py:1288} INFO - Marking task as SUCCESS. dag_id=starwarapi, task_id=extract, execution_date=20220426T013621, start_date=20220426T013654, end_date=20220426T013658
[2022-04-26 01:36:59,011] {local_task_job.py:154} INFO - Task exited with return code 0
[2022-04-26 01:36:59,065] {local_task_job.py:264} INFO - 1 downstream tasks scheduled from follow-on schedule check
