[2022-04-26 01:33:00,744] {taskinstance.py:1043} INFO - Dependencies all met for <TaskInstance: starwarapi.loaded scheduled__2022-04-26T01:32:21.766646+00:00 [queued]>
[2022-04-26 01:33:00,770] {taskinstance.py:1043} INFO - Dependencies all met for <TaskInstance: starwarapi.loaded scheduled__2022-04-26T01:32:21.766646+00:00 [queued]>
[2022-04-26 01:33:00,771] {taskinstance.py:1249} INFO - 
--------------------------------------------------------------------------------
[2022-04-26 01:33:00,773] {taskinstance.py:1250} INFO - Starting attempt 1 of 2
[2022-04-26 01:33:00,774] {taskinstance.py:1251} INFO - 
--------------------------------------------------------------------------------
[2022-04-26 01:33:00,798] {taskinstance.py:1270} INFO - Executing <Task(BashOperator): loaded> on 2022-04-26 01:32:21.766646+00:00
[2022-04-26 01:33:00,806] {standard_task_runner.py:52} INFO - Started process 784 to run task
[2022-04-26 01:33:00,815] {standard_task_runner.py:79} INFO - Running: ['***', 'tasks', 'run', 'starwarapi', 'loaded', 'scheduled__2022-04-26T01:32:21.766646+00:00', '--job-id', '91', '--raw', '--subdir', 'DAGS_FOLDER/starwar_dag.py', '--cfg-path', '/tmp/tmplx0_fulv', '--error-file', '/tmp/tmp2zr5w0s3']
[2022-04-26 01:33:00,820] {standard_task_runner.py:80} INFO - Job 91: Subtask loaded
[2022-04-26 01:33:00,935] {logging_mixin.py:109} INFO - Running <TaskInstance: starwarapi.loaded scheduled__2022-04-26T01:32:21.766646+00:00 [running]> on host 66327e1a8873
[2022-04-26 01:33:01,132] {taskinstance.py:1448} INFO - Exporting the following env vars:
AIRFLOW_CTX_DAG_OWNER=***
AIRFLOW_CTX_DAG_ID=starwarapi
AIRFLOW_CTX_TASK_ID=loaded
AIRFLOW_CTX_EXECUTION_DATE=2022-04-26T01:32:21.766646+00:00
AIRFLOW_CTX_DAG_RUN_ID=scheduled__2022-04-26T01:32:21.766646+00:00
[2022-04-26 01:33:01,137] {subprocess.py:62} INFO - Tmp dir root location: 
 /tmp
[2022-04-26 01:33:01,141] {subprocess.py:74} INFO - Running command: ['bash', '-c', "echo 'Data_loaded_to_CSV'"]
[2022-04-26 01:33:01,163] {subprocess.py:85} INFO - Output:
[2022-04-26 01:33:01,172] {subprocess.py:89} INFO - Data_loaded_to_CSV
[2022-04-26 01:33:01,174] {subprocess.py:93} INFO - Command exited with return code 0
[2022-04-26 01:33:01,278] {taskinstance.py:1288} INFO - Marking task as SUCCESS. dag_id=starwarapi, task_id=loaded, execution_date=20220426T013221, start_date=20220426T013300, end_date=20220426T013301
[2022-04-26 01:33:01,339] {local_task_job.py:154} INFO - Task exited with return code 0
[2022-04-26 01:33:01,443] {local_task_job.py:264} INFO - 0 downstream tasks scheduled from follow-on schedule check
