[2022-04-26 01:29:02,450] {taskinstance.py:1043} INFO - Dependencies all met for <TaskInstance: starwarapi.transform_load scheduled__2022-04-26T01:28:21.766646+00:00 [queued]>
[2022-04-26 01:29:02,498] {taskinstance.py:1043} INFO - Dependencies all met for <TaskInstance: starwarapi.transform_load scheduled__2022-04-26T01:28:21.766646+00:00 [queued]>
[2022-04-26 01:29:02,501] {taskinstance.py:1249} INFO - 
--------------------------------------------------------------------------------
[2022-04-26 01:29:02,507] {taskinstance.py:1250} INFO - Starting attempt 1 of 2
[2022-04-26 01:29:02,509] {taskinstance.py:1251} INFO - 
--------------------------------------------------------------------------------
[2022-04-26 01:29:02,557] {taskinstance.py:1270} INFO - Executing <Task(PythonOperator): transform_load> on 2022-04-26 01:28:21.766646+00:00
[2022-04-26 01:29:02,595] {standard_task_runner.py:79} INFO - Running: ['***', 'tasks', 'run', 'starwarapi', 'transform_load', 'scheduled__2022-04-26T01:28:21.766646+00:00', '--job-id', '58', '--raw', '--subdir', 'DAGS_FOLDER/starwar_dag.py', '--cfg-path', '/tmp/tmpu5raa45n', '--error-file', '/tmp/tmppgfiufcb']
[2022-04-26 01:29:02,577] {standard_task_runner.py:52} INFO - Started process 564 to run task
[2022-04-26 01:29:02,604] {standard_task_runner.py:80} INFO - Job 58: Subtask transform_load
[2022-04-26 01:29:02,835] {logging_mixin.py:109} INFO - Running <TaskInstance: starwarapi.transform_load scheduled__2022-04-26T01:28:21.766646+00:00 [running]> on host 66327e1a8873
[2022-04-26 01:29:03,032] {taskinstance.py:1448} INFO - Exporting the following env vars:
AIRFLOW_CTX_DAG_OWNER=***
AIRFLOW_CTX_DAG_ID=starwarapi
AIRFLOW_CTX_TASK_ID=transform_load
AIRFLOW_CTX_EXECUTION_DATE=2022-04-26T01:28:21.766646+00:00
AIRFLOW_CTX_DAG_RUN_ID=scheduled__2022-04-26T01:28:21.766646+00:00
[2022-04-26 01:29:04,989] {python.py:175} INFO - Done. Returned value was: None
[2022-04-26 01:29:05,041] {taskinstance.py:1288} INFO - Marking task as SUCCESS. dag_id=starwarapi, task_id=transform_load, execution_date=20220426T012821, start_date=20220426T012902, end_date=20220426T012905
[2022-04-26 01:29:05,397] {local_task_job.py:154} INFO - Task exited with return code 0
[2022-04-26 01:29:05,514] {local_task_job.py:264} INFO - 1 downstream tasks scheduled from follow-on schedule check
