[2022-04-28 15:32:11,197] {taskinstance.py:1043} INFO - Dependencies all met for <TaskInstance: starwarapi.loaded scheduled__2022-04-28T15:31:02.323668+00:00 [queued]>
[2022-04-28 15:32:11,412] {taskinstance.py:1043} INFO - Dependencies all met for <TaskInstance: starwarapi.loaded scheduled__2022-04-28T15:31:02.323668+00:00 [queued]>
[2022-04-28 15:32:11,416] {taskinstance.py:1249} INFO - 
--------------------------------------------------------------------------------
[2022-04-28 15:32:11,421] {taskinstance.py:1250} INFO - Starting attempt 1 of 2
[2022-04-28 15:32:11,422] {taskinstance.py:1251} INFO - 
--------------------------------------------------------------------------------
[2022-04-28 15:32:11,711] {taskinstance.py:1270} INFO - Executing <Task(BashOperator): loaded> on 2022-04-28 15:31:02.323668+00:00
[2022-04-28 15:32:11,752] {standard_task_runner.py:52} INFO - Started process 629 to run task
[2022-04-28 15:32:12,019] {standard_task_runner.py:79} INFO - Running: ['***', 'tasks', 'run', 'starwarapi', 'loaded', 'scheduled__2022-04-28T15:31:02.323668+00:00', '--job-id', '74', '--raw', '--subdir', 'DAGS_FOLDER/starwar_dag.py', '--cfg-path', '/tmp/tmpo_a9bwdu', '--error-file', '/tmp/tmptvn1rztn']
[2022-04-28 15:32:12,034] {standard_task_runner.py:80} INFO - Job 74: Subtask loaded
[2022-04-28 15:32:12,565] {logging_mixin.py:109} INFO - Running <TaskInstance: starwarapi.loaded scheduled__2022-04-28T15:31:02.323668+00:00 [running]> on host f3cfb7d93a54
[2022-04-28 15:32:12,966] {taskinstance.py:1448} INFO - Exporting the following env vars:
AIRFLOW_CTX_DAG_OWNER=***
AIRFLOW_CTX_DAG_ID=starwarapi
AIRFLOW_CTX_TASK_ID=loaded
AIRFLOW_CTX_EXECUTION_DATE=2022-04-28T15:31:02.323668+00:00
AIRFLOW_CTX_DAG_RUN_ID=scheduled__2022-04-28T15:31:02.323668+00:00
[2022-04-28 15:32:13,101] {subprocess.py:62} INFO - Tmp dir root location: 
 /tmp
[2022-04-28 15:32:13,106] {subprocess.py:74} INFO - Running command: ['bash', '-c', "echo 'Data_loaded_to_CSV'"]
[2022-04-28 15:32:13,156] {subprocess.py:85} INFO - Output:
[2022-04-28 15:32:13,196] {subprocess.py:89} INFO - Data_loaded_to_CSV
[2022-04-28 15:32:13,198] {subprocess.py:93} INFO - Command exited with return code 0
[2022-04-28 15:32:13,341] {taskinstance.py:1288} INFO - Marking task as SUCCESS. dag_id=starwarapi, task_id=loaded, execution_date=20220428T153102, start_date=20220428T153211, end_date=20220428T153213
[2022-04-28 15:32:13,411] {local_task_job.py:154} INFO - Task exited with return code 0
[2022-04-28 15:32:13,709] {local_task_job.py:264} INFO - 0 downstream tasks scheduled from follow-on schedule check
