[2022-04-26 01:34:33,573] {taskinstance.py:1043} INFO - Dependencies all met for <TaskInstance: starwarapi.loaded scheduled__2022-04-26T01:33:51.766646+00:00 [queued]>
[2022-04-26 01:34:33,609] {taskinstance.py:1043} INFO - Dependencies all met for <TaskInstance: starwarapi.loaded scheduled__2022-04-26T01:33:51.766646+00:00 [queued]>
[2022-04-26 01:34:33,633] {taskinstance.py:1249} INFO - 
--------------------------------------------------------------------------------
[2022-04-26 01:34:33,636] {taskinstance.py:1250} INFO - Starting attempt 1 of 2
[2022-04-26 01:34:33,638] {taskinstance.py:1251} INFO - 
--------------------------------------------------------------------------------
[2022-04-26 01:34:33,675] {taskinstance.py:1270} INFO - Executing <Task(BashOperator): loaded> on 2022-04-26 01:33:51.766646+00:00
[2022-04-26 01:34:33,716] {standard_task_runner.py:79} INFO - Running: ['***', 'tasks', 'run', 'starwarapi', 'loaded', 'scheduled__2022-04-26T01:33:51.766646+00:00', '--job-id', '103', '--raw', '--subdir', 'DAGS_FOLDER/starwar_dag.py', '--cfg-path', '/tmp/tmpwmgho82r', '--error-file', '/tmp/tmphkf8yyfs']
[2022-04-26 01:34:33,718] {standard_task_runner.py:80} INFO - Job 103: Subtask loaded
[2022-04-26 01:34:33,689] {standard_task_runner.py:52} INFO - Started process 873 to run task
[2022-04-26 01:34:34,146] {logging_mixin.py:109} INFO - Running <TaskInstance: starwarapi.loaded scheduled__2022-04-26T01:33:51.766646+00:00 [running]> on host 66327e1a8873
[2022-04-26 01:34:34,460] {taskinstance.py:1448} INFO - Exporting the following env vars:
AIRFLOW_CTX_DAG_OWNER=***
AIRFLOW_CTX_DAG_ID=starwarapi
AIRFLOW_CTX_TASK_ID=loaded
AIRFLOW_CTX_EXECUTION_DATE=2022-04-26T01:33:51.766646+00:00
AIRFLOW_CTX_DAG_RUN_ID=scheduled__2022-04-26T01:33:51.766646+00:00
[2022-04-26 01:34:34,469] {subprocess.py:62} INFO - Tmp dir root location: 
 /tmp
[2022-04-26 01:34:34,478] {subprocess.py:74} INFO - Running command: ['bash', '-c', "echo 'Data_loaded_to_CSV'"]
[2022-04-26 01:34:34,509] {subprocess.py:85} INFO - Output:
[2022-04-26 01:34:34,514] {subprocess.py:89} INFO - Data_loaded_to_CSV
[2022-04-26 01:34:34,522] {subprocess.py:93} INFO - Command exited with return code 0
[2022-04-26 01:34:34,669] {taskinstance.py:1288} INFO - Marking task as SUCCESS. dag_id=starwarapi, task_id=loaded, execution_date=20220426T013351, start_date=20220426T013433, end_date=20220426T013434
[2022-04-26 01:34:35,222] {local_task_job.py:154} INFO - Task exited with return code 0
[2022-04-26 01:34:35,567] {local_task_job.py:264} INFO - 0 downstream tasks scheduled from follow-on schedule check
