[2022-04-25 16:26:35,270] {taskinstance.py:1043} INFO - Dependencies all met for <TaskInstance: starwarapi.extracted scheduled__2022-04-25T16:22:39.481243+00:00 [queued]>
[2022-04-25 16:26:35,410] {taskinstance.py:1043} INFO - Dependencies all met for <TaskInstance: starwarapi.extracted scheduled__2022-04-25T16:22:39.481243+00:00 [queued]>
[2022-04-25 16:26:35,427] {taskinstance.py:1249} INFO - 
--------------------------------------------------------------------------------
[2022-04-25 16:26:35,430] {taskinstance.py:1250} INFO - Starting attempt 1 of 2
[2022-04-25 16:26:35,431] {taskinstance.py:1251} INFO - 
--------------------------------------------------------------------------------
[2022-04-25 16:26:35,482] {taskinstance.py:1270} INFO - Executing <Task(BashOperator): extracted> on 2022-04-25 16:22:39.481243+00:00
[2022-04-25 16:26:35,496] {standard_task_runner.py:52} INFO - Started process 101 to run task
[2022-04-25 16:26:35,526] {standard_task_runner.py:79} INFO - Running: ['***', 'tasks', 'run', 'starwarapi', 'extracted', 'scheduled__2022-04-25T16:22:39.481243+00:00', '--job-id', '87', '--raw', '--subdir', 'DAGS_FOLDER/starwar_dag.py', '--cfg-path', '/tmp/tmpfepdcoji', '--error-file', '/tmp/tmpalcj5onc']
[2022-04-25 16:26:35,549] {standard_task_runner.py:80} INFO - Job 87: Subtask extracted
[2022-04-25 16:26:36,343] {logging_mixin.py:109} INFO - Running <TaskInstance: starwarapi.extracted scheduled__2022-04-25T16:22:39.481243+00:00 [running]> on host 78492d0c0135
[2022-04-25 16:26:37,629] {taskinstance.py:1448} INFO - Exporting the following env vars:
AIRFLOW_CTX_DAG_EMAIL=anuragvuppala@gmail.com
AIRFLOW_CTX_DAG_OWNER=***
AIRFLOW_CTX_DAG_ID=starwarapi
AIRFLOW_CTX_TASK_ID=extracted
AIRFLOW_CTX_EXECUTION_DATE=2022-04-25T16:22:39.481243+00:00
AIRFLOW_CTX_DAG_RUN_ID=scheduled__2022-04-25T16:22:39.481243+00:00
[2022-04-25 16:26:37,637] {subprocess.py:62} INFO - Tmp dir root location: 
 /tmp
[2022-04-25 16:26:37,643] {subprocess.py:74} INFO - Running command: ['bash', '-c', "echo 'Data_Extracted'"]
[2022-04-25 16:26:37,689] {subprocess.py:85} INFO - Output:
[2022-04-25 16:26:37,695] {subprocess.py:89} INFO - Data_Extracted
[2022-04-25 16:26:37,708] {subprocess.py:93} INFO - Command exited with return code 0
[2022-04-25 16:26:37,873] {taskinstance.py:1288} INFO - Marking task as SUCCESS. dag_id=starwarapi, task_id=extracted, execution_date=20220425T162239, start_date=20220425T162635, end_date=20220425T162637
[2022-04-25 16:26:38,143] {local_task_job.py:154} INFO - Task exited with return code 0
[2022-04-25 16:26:38,496] {local_task_job.py:264} INFO - 1 downstream tasks scheduled from follow-on schedule check
