[2022-04-28 15:22:04,515] {taskinstance.py:1043} INFO - Dependencies all met for <TaskInstance: starwarapi.extract scheduled__2022-04-28T15:21:02.323668+00:00 [queued]>
[2022-04-28 15:22:04,610] {taskinstance.py:1043} INFO - Dependencies all met for <TaskInstance: starwarapi.extract scheduled__2022-04-28T15:21:02.323668+00:00 [queued]>
[2022-04-28 15:22:04,616] {taskinstance.py:1249} INFO - 
--------------------------------------------------------------------------------
[2022-04-28 15:22:04,621] {taskinstance.py:1250} INFO - Starting attempt 1 of 2
[2022-04-28 15:22:04,644] {taskinstance.py:1251} INFO - 
--------------------------------------------------------------------------------
[2022-04-28 15:22:04,781] {taskinstance.py:1270} INFO - Executing <Task(PythonOperator): extract> on 2022-04-28 15:21:02.323668+00:00
[2022-04-28 15:22:04,991] {standard_task_runner.py:79} INFO - Running: ['***', 'tasks', 'run', 'starwarapi', 'extract', 'scheduled__2022-04-28T15:21:02.323668+00:00', '--job-id', '31', '--raw', '--subdir', 'DAGS_FOLDER/starwar_dag.py', '--cfg-path', '/tmp/tmpktp2p_v_', '--error-file', '/tmp/tmpi_5t82lv']
[2022-04-28 15:22:05,031] {standard_task_runner.py:80} INFO - Job 31: Subtask extract
[2022-04-28 15:22:05,026] {standard_task_runner.py:52} INFO - Started process 126 to run task
[2022-04-28 15:22:05,679] {logging_mixin.py:109} INFO - Running <TaskInstance: starwarapi.extract scheduled__2022-04-28T15:21:02.323668+00:00 [running]> on host f3cfb7d93a54
[2022-04-28 15:22:06,196] {taskinstance.py:1448} INFO - Exporting the following env vars:
AIRFLOW_CTX_DAG_OWNER=***
AIRFLOW_CTX_DAG_ID=starwarapi
AIRFLOW_CTX_TASK_ID=extract
AIRFLOW_CTX_EXECUTION_DATE=2022-04-28T15:21:02.323668+00:00
AIRFLOW_CTX_DAG_RUN_ID=scheduled__2022-04-28T15:21:02.323668+00:00
[2022-04-28 15:22:06,733] {logging_mixin.py:109} INFO - <Response [200]>
[2022-04-28 15:22:06,763] {python.py:175} INFO - Done. Returned value was: None
[2022-04-28 15:22:06,998] {taskinstance.py:1288} INFO - Marking task as SUCCESS. dag_id=starwarapi, task_id=extract, execution_date=20220428T152102, start_date=20220428T152204, end_date=20220428T152206
[2022-04-28 15:22:07,333] {local_task_job.py:154} INFO - Task exited with return code 0
[2022-04-28 15:22:07,759] {local_task_job.py:264} INFO - 0 downstream tasks scheduled from follow-on schedule check
