[2022-04-26 01:40:23,121] {taskinstance.py:1043} INFO - Dependencies all met for <TaskInstance: starwarapi.extract scheduled__2022-04-26T01:39:51.766646+00:00 [queued]>
[2022-04-26 01:40:23,138] {taskinstance.py:1043} INFO - Dependencies all met for <TaskInstance: starwarapi.extract scheduled__2022-04-26T01:39:51.766646+00:00 [queued]>
[2022-04-26 01:40:23,140] {taskinstance.py:1249} INFO - 
--------------------------------------------------------------------------------
[2022-04-26 01:40:23,142] {taskinstance.py:1250} INFO - Starting attempt 1 of 2
[2022-04-26 01:40:23,143] {taskinstance.py:1251} INFO - 
--------------------------------------------------------------------------------
[2022-04-26 01:40:23,163] {taskinstance.py:1270} INFO - Executing <Task(PythonOperator): extract> on 2022-04-26 01:39:51.766646+00:00
[2022-04-26 01:40:23,173] {standard_task_runner.py:52} INFO - Started process 1193 to run task
[2022-04-26 01:40:23,183] {standard_task_runner.py:79} INFO - Running: ['***', 'tasks', 'run', 'starwarapi', 'extract', 'scheduled__2022-04-26T01:39:51.766646+00:00', '--job-id', '148', '--raw', '--subdir', 'DAGS_FOLDER/starwar_dag.py', '--cfg-path', '/tmp/tmpo47pnkek', '--error-file', '/tmp/tmp1aafobfx']
[2022-04-26 01:40:23,184] {standard_task_runner.py:80} INFO - Job 148: Subtask extract
[2022-04-26 01:40:23,269] {logging_mixin.py:109} INFO - Running <TaskInstance: starwarapi.extract scheduled__2022-04-26T01:39:51.766646+00:00 [running]> on host 66327e1a8873
[2022-04-26 01:40:23,355] {taskinstance.py:1448} INFO - Exporting the following env vars:
AIRFLOW_CTX_DAG_OWNER=***
AIRFLOW_CTX_DAG_ID=starwarapi
AIRFLOW_CTX_TASK_ID=extract
AIRFLOW_CTX_EXECUTION_DATE=2022-04-26T01:39:51.766646+00:00
AIRFLOW_CTX_DAG_RUN_ID=scheduled__2022-04-26T01:39:51.766646+00:00
[2022-04-26 01:40:26,521] {logging_mixin.py:109} INFO - <Response [200]>
[2022-04-26 01:40:26,525] {python.py:175} INFO - Done. Returned value was: None
[2022-04-26 01:40:26,542] {taskinstance.py:1288} INFO - Marking task as SUCCESS. dag_id=starwarapi, task_id=extract, execution_date=20220426T013951, start_date=20220426T014023, end_date=20220426T014026
[2022-04-26 01:40:26,607] {local_task_job.py:154} INFO - Task exited with return code 0
[2022-04-26 01:40:26,656] {local_task_job.py:264} INFO - 1 downstream tasks scheduled from follow-on schedule check
