[2022-04-26 01:29:36,971] {taskinstance.py:1043} INFO - Dependencies all met for <TaskInstance: starwarapi.loaded scheduled__2022-04-26T01:28:51.766646+00:00 [queued]>
[2022-04-26 01:29:37,057] {taskinstance.py:1043} INFO - Dependencies all met for <TaskInstance: starwarapi.loaded scheduled__2022-04-26T01:28:51.766646+00:00 [queued]>
[2022-04-26 01:29:37,064] {taskinstance.py:1249} INFO - 
--------------------------------------------------------------------------------
[2022-04-26 01:29:37,071] {taskinstance.py:1250} INFO - Starting attempt 1 of 2
[2022-04-26 01:29:37,108] {taskinstance.py:1251} INFO - 
--------------------------------------------------------------------------------
[2022-04-26 01:29:37,133] {taskinstance.py:1270} INFO - Executing <Task(BashOperator): loaded> on 2022-04-26 01:28:51.766646+00:00
[2022-04-26 01:29:37,144] {standard_task_runner.py:52} INFO - Started process 598 to run task
[2022-04-26 01:29:37,159] {standard_task_runner.py:79} INFO - Running: ['***', 'tasks', 'run', 'starwarapi', 'loaded', 'scheduled__2022-04-26T01:28:51.766646+00:00', '--job-id', '63', '--raw', '--subdir', 'DAGS_FOLDER/starwar_dag.py', '--cfg-path', '/tmp/tmpoirkv5ph', '--error-file', '/tmp/tmpacd2edh4']
[2022-04-26 01:29:37,161] {standard_task_runner.py:80} INFO - Job 63: Subtask loaded
[2022-04-26 01:29:37,394] {logging_mixin.py:109} INFO - Running <TaskInstance: starwarapi.loaded scheduled__2022-04-26T01:28:51.766646+00:00 [running]> on host 66327e1a8873
[2022-04-26 01:29:37,538] {taskinstance.py:1448} INFO - Exporting the following env vars:
AIRFLOW_CTX_DAG_OWNER=***
AIRFLOW_CTX_DAG_ID=starwarapi
AIRFLOW_CTX_TASK_ID=loaded
AIRFLOW_CTX_EXECUTION_DATE=2022-04-26T01:28:51.766646+00:00
AIRFLOW_CTX_DAG_RUN_ID=scheduled__2022-04-26T01:28:51.766646+00:00
[2022-04-26 01:29:37,543] {subprocess.py:62} INFO - Tmp dir root location: 
 /tmp
[2022-04-26 01:29:37,555] {subprocess.py:74} INFO - Running command: ['bash', '-c', "echo 'Data_loaded_to_CSV'"]
[2022-04-26 01:29:37,586] {subprocess.py:85} INFO - Output:
[2022-04-26 01:29:37,599] {subprocess.py:89} INFO - Data_loaded_to_CSV
[2022-04-26 01:29:37,601] {subprocess.py:93} INFO - Command exited with return code 0
[2022-04-26 01:29:37,696] {taskinstance.py:1288} INFO - Marking task as SUCCESS. dag_id=starwarapi, task_id=loaded, execution_date=20220426T012851, start_date=20220426T012936, end_date=20220426T012937
[2022-04-26 01:29:37,838] {local_task_job.py:154} INFO - Task exited with return code 0
[2022-04-26 01:29:38,008] {local_task_job.py:264} INFO - 0 downstream tasks scheduled from follow-on schedule check
