[2022-04-25 23:59:49,065] {taskinstance.py:1043} INFO - Dependencies all met for <TaskInstance: starwarapi.transform_load manual__2022-04-25T23:59:42.725452+00:00 [queued]>
[2022-04-25 23:59:49,123] {taskinstance.py:1043} INFO - Dependencies all met for <TaskInstance: starwarapi.transform_load manual__2022-04-25T23:59:42.725452+00:00 [queued]>
[2022-04-25 23:59:49,124] {taskinstance.py:1249} INFO - 
--------------------------------------------------------------------------------
[2022-04-25 23:59:49,126] {taskinstance.py:1250} INFO - Starting attempt 1 of 2
[2022-04-25 23:59:49,127] {taskinstance.py:1251} INFO - 
--------------------------------------------------------------------------------
[2022-04-25 23:59:49,168] {taskinstance.py:1270} INFO - Executing <Task(PythonOperator): transform_load> on 2022-04-25 23:59:42.725452+00:00
[2022-04-25 23:59:49,184] {standard_task_runner.py:52} INFO - Started process 172 to run task
[2022-04-25 23:59:49,207] {standard_task_runner.py:79} INFO - Running: ['***', 'tasks', 'run', 'starwarapi', 'transform_load', 'manual__2022-04-25T23:59:42.725452+00:00', '--job-id', '5', '--raw', '--subdir', 'DAGS_FOLDER/starwar_dag.py', '--cfg-path', '/tmp/tmp8xbj_zvx', '--error-file', '/tmp/tmp9tg3t_a8']
[2022-04-25 23:59:49,214] {standard_task_runner.py:80} INFO - Job 5: Subtask transform_load
[2022-04-25 23:59:49,626] {logging_mixin.py:109} INFO - Running <TaskInstance: starwarapi.transform_load manual__2022-04-25T23:59:42.725452+00:00 [running]> on host 9333772ee88e
[2022-04-25 23:59:49,831] {taskinstance.py:1448} INFO - Exporting the following env vars:
AIRFLOW_CTX_DAG_OWNER=***
AIRFLOW_CTX_DAG_ID=starwarapi
AIRFLOW_CTX_TASK_ID=transform_load
AIRFLOW_CTX_EXECUTION_DATE=2022-04-25T23:59:42.725452+00:00
AIRFLOW_CTX_DAG_RUN_ID=manual__2022-04-25T23:59:42.725452+00:00
[2022-04-25 23:59:53,134] {python.py:175} INFO - Done. Returned value was: None
[2022-04-25 23:59:53,158] {taskinstance.py:1288} INFO - Marking task as SUCCESS. dag_id=starwarapi, task_id=transform_load, execution_date=20220425T235942, start_date=20220425T235949, end_date=20220425T235953
[2022-04-25 23:59:53,221] {local_task_job.py:154} INFO - Task exited with return code 0
[2022-04-25 23:59:53,274] {local_task_job.py:264} INFO - 1 downstream tasks scheduled from follow-on schedule check
