[2022-04-26 01:37:27,100] {taskinstance.py:1043} INFO - Dependencies all met for <TaskInstance: starwarapi.extracted scheduled__2022-04-26T01:36:51.766646+00:00 [queued]>
[2022-04-26 01:37:27,120] {taskinstance.py:1043} INFO - Dependencies all met for <TaskInstance: starwarapi.extracted scheduled__2022-04-26T01:36:51.766646+00:00 [queued]>
[2022-04-26 01:37:27,122] {taskinstance.py:1249} INFO - 
--------------------------------------------------------------------------------
[2022-04-26 01:37:27,123] {taskinstance.py:1250} INFO - Starting attempt 1 of 2
[2022-04-26 01:37:27,124] {taskinstance.py:1251} INFO - 
--------------------------------------------------------------------------------
[2022-04-26 01:37:27,176] {taskinstance.py:1270} INFO - Executing <Task(BashOperator): extracted> on 2022-04-26 01:36:51.766646+00:00
[2022-04-26 01:37:27,187] {standard_task_runner.py:52} INFO - Started process 1030 to run task
[2022-04-26 01:37:27,195] {standard_task_runner.py:79} INFO - Running: ['***', 'tasks', 'run', 'starwarapi', 'extracted', 'scheduled__2022-04-26T01:36:51.766646+00:00', '--job-id', '125', '--raw', '--subdir', 'DAGS_FOLDER/starwar_dag.py', '--cfg-path', '/tmp/tmp48ix82id', '--error-file', '/tmp/tmph5kj_wx7']
[2022-04-26 01:37:27,200] {standard_task_runner.py:80} INFO - Job 125: Subtask extracted
[2022-04-26 01:37:27,326] {logging_mixin.py:109} INFO - Running <TaskInstance: starwarapi.extracted scheduled__2022-04-26T01:36:51.766646+00:00 [running]> on host 66327e1a8873
[2022-04-26 01:37:27,455] {taskinstance.py:1448} INFO - Exporting the following env vars:
AIRFLOW_CTX_DAG_OWNER=***
AIRFLOW_CTX_DAG_ID=starwarapi
AIRFLOW_CTX_TASK_ID=extracted
AIRFLOW_CTX_EXECUTION_DATE=2022-04-26T01:36:51.766646+00:00
AIRFLOW_CTX_DAG_RUN_ID=scheduled__2022-04-26T01:36:51.766646+00:00
[2022-04-26 01:37:27,482] {subprocess.py:62} INFO - Tmp dir root location: 
 /tmp
[2022-04-26 01:37:27,490] {subprocess.py:74} INFO - Running command: ['bash', '-c', "echo 'Data_Extracted'"]
[2022-04-26 01:37:27,517] {subprocess.py:85} INFO - Output:
[2022-04-26 01:37:27,525] {subprocess.py:89} INFO - Data_Extracted
[2022-04-26 01:37:27,544] {subprocess.py:93} INFO - Command exited with return code 0
[2022-04-26 01:37:27,703] {taskinstance.py:1288} INFO - Marking task as SUCCESS. dag_id=starwarapi, task_id=extracted, execution_date=20220426T013651, start_date=20220426T013727, end_date=20220426T013727
[2022-04-26 01:37:27,809] {local_task_job.py:154} INFO - Task exited with return code 0
[2022-04-26 01:37:28,234] {local_task_job.py:264} INFO - 1 downstream tasks scheduled from follow-on schedule check
