[2022-04-26 01:41:59,365] {taskinstance.py:1043} INFO - Dependencies all met for <TaskInstance: starwarapi.transform_load scheduled__2022-04-26T01:40:51.766646+00:00 [queued]>
[2022-04-26 01:41:59,411] {taskinstance.py:1043} INFO - Dependencies all met for <TaskInstance: starwarapi.transform_load scheduled__2022-04-26T01:40:51.766646+00:00 [queued]>
[2022-04-26 01:41:59,419] {taskinstance.py:1249} INFO - 
--------------------------------------------------------------------------------
[2022-04-26 01:41:59,423] {taskinstance.py:1250} INFO - Starting attempt 1 of 2
[2022-04-26 01:41:59,427] {taskinstance.py:1251} INFO - 
--------------------------------------------------------------------------------
[2022-04-26 01:41:59,465] {taskinstance.py:1270} INFO - Executing <Task(PythonOperator): transform_load> on 2022-04-26 01:40:51.766646+00:00
[2022-04-26 01:41:59,478] {standard_task_runner.py:52} INFO - Started process 1281 to run task
[2022-04-26 01:41:59,502] {standard_task_runner.py:79} INFO - Running: ['***', 'tasks', 'run', 'starwarapi', 'transform_load', 'scheduled__2022-04-26T01:40:51.766646+00:00', '--job-id', '158', '--raw', '--subdir', 'DAGS_FOLDER/starwar_dag.py', '--cfg-path', '/tmp/tmpncgljx30', '--error-file', '/tmp/tmprpjp083a']
[2022-04-26 01:41:59,512] {standard_task_runner.py:80} INFO - Job 158: Subtask transform_load
[2022-04-26 01:41:59,750] {logging_mixin.py:109} INFO - Running <TaskInstance: starwarapi.transform_load scheduled__2022-04-26T01:40:51.766646+00:00 [running]> on host 66327e1a8873
[2022-04-26 01:42:00,214] {taskinstance.py:1448} INFO - Exporting the following env vars:
AIRFLOW_CTX_DAG_OWNER=***
AIRFLOW_CTX_DAG_ID=starwarapi
AIRFLOW_CTX_TASK_ID=transform_load
AIRFLOW_CTX_EXECUTION_DATE=2022-04-26T01:40:51.766646+00:00
AIRFLOW_CTX_DAG_RUN_ID=scheduled__2022-04-26T01:40:51.766646+00:00
[2022-04-26 01:42:01,140] {python.py:175} INFO - Done. Returned value was: None
[2022-04-26 01:42:01,182] {taskinstance.py:1288} INFO - Marking task as SUCCESS. dag_id=starwarapi, task_id=transform_load, execution_date=20220426T014051, start_date=20220426T014159, end_date=20220426T014201
[2022-04-26 01:42:01,358] {local_task_job.py:154} INFO - Task exited with return code 0
[2022-04-26 01:42:01,702] {local_task_job.py:264} INFO - 0 downstream tasks scheduled from follow-on schedule check
