[2022-04-26 01:31:30,168] {taskinstance.py:1043} INFO - Dependencies all met for <TaskInstance: starwarapi.transform_load scheduled__2022-04-26T01:30:51.766646+00:00 [queued]>
[2022-04-26 01:31:30,266] {taskinstance.py:1043} INFO - Dependencies all met for <TaskInstance: starwarapi.transform_load scheduled__2022-04-26T01:30:51.766646+00:00 [queued]>
[2022-04-26 01:31:30,269] {taskinstance.py:1249} INFO - 
--------------------------------------------------------------------------------
[2022-04-26 01:31:30,270] {taskinstance.py:1250} INFO - Starting attempt 1 of 2
[2022-04-26 01:31:30,279] {taskinstance.py:1251} INFO - 
--------------------------------------------------------------------------------
[2022-04-26 01:31:30,499] {taskinstance.py:1270} INFO - Executing <Task(PythonOperator): transform_load> on 2022-04-26 01:30:51.766646+00:00
[2022-04-26 01:31:30,568] {standard_task_runner.py:79} INFO - Running: ['***', 'tasks', 'run', 'starwarapi', 'transform_load', 'scheduled__2022-04-26T01:30:51.766646+00:00', '--job-id', '78', '--raw', '--subdir', 'DAGS_FOLDER/starwar_dag.py', '--cfg-path', '/tmp/tmp2qkeb2xs', '--error-file', '/tmp/tmpo3ouo30q']
[2022-04-26 01:31:30,571] {standard_task_runner.py:80} INFO - Job 78: Subtask transform_load
[2022-04-26 01:31:30,520] {standard_task_runner.py:52} INFO - Started process 699 to run task
[2022-04-26 01:31:30,913] {logging_mixin.py:109} INFO - Running <TaskInstance: starwarapi.transform_load scheduled__2022-04-26T01:30:51.766646+00:00 [running]> on host 66327e1a8873
[2022-04-26 01:31:31,166] {taskinstance.py:1448} INFO - Exporting the following env vars:
AIRFLOW_CTX_DAG_OWNER=***
AIRFLOW_CTX_DAG_ID=starwarapi
AIRFLOW_CTX_TASK_ID=transform_load
AIRFLOW_CTX_EXECUTION_DATE=2022-04-26T01:30:51.766646+00:00
AIRFLOW_CTX_DAG_RUN_ID=scheduled__2022-04-26T01:30:51.766646+00:00
[2022-04-26 01:31:32,624] {python.py:175} INFO - Done. Returned value was: None
[2022-04-26 01:31:32,673] {taskinstance.py:1288} INFO - Marking task as SUCCESS. dag_id=starwarapi, task_id=transform_load, execution_date=20220426T013051, start_date=20220426T013130, end_date=20220426T013132
[2022-04-26 01:31:32,780] {local_task_job.py:154} INFO - Task exited with return code 0
[2022-04-26 01:31:32,886] {local_task_job.py:264} INFO - 1 downstream tasks scheduled from follow-on schedule check
