[2022-04-28 15:27:04,471] {taskinstance.py:1043} INFO - Dependencies all met for <TaskInstance: starwarapi.extract scheduled__2022-04-28T15:26:02.323668+00:00 [queued]>
[2022-04-28 15:27:04,545] {taskinstance.py:1043} INFO - Dependencies all met for <TaskInstance: starwarapi.extract scheduled__2022-04-28T15:26:02.323668+00:00 [queued]>
[2022-04-28 15:27:04,546] {taskinstance.py:1249} INFO - 
--------------------------------------------------------------------------------
[2022-04-28 15:27:04,555] {taskinstance.py:1250} INFO - Starting attempt 1 of 2
[2022-04-28 15:27:04,556] {taskinstance.py:1251} INFO - 
--------------------------------------------------------------------------------
[2022-04-28 15:27:04,592] {taskinstance.py:1270} INFO - Executing <Task(PythonOperator): extract> on 2022-04-28 15:26:02.323668+00:00
[2022-04-28 15:27:04,601] {standard_task_runner.py:52} INFO - Started process 367 to run task
[2022-04-28 15:27:04,613] {standard_task_runner.py:79} INFO - Running: ['***', 'tasks', 'run', 'starwarapi', 'extract', 'scheduled__2022-04-28T15:26:02.323668+00:00', '--job-id', '51', '--raw', '--subdir', 'DAGS_FOLDER/starwar_dag.py', '--cfg-path', '/tmp/tmpufjy5bza', '--error-file', '/tmp/tmpi17u_15u']
[2022-04-28 15:27:04,615] {standard_task_runner.py:80} INFO - Job 51: Subtask extract
[2022-04-28 15:27:04,781] {logging_mixin.py:109} INFO - Running <TaskInstance: starwarapi.extract scheduled__2022-04-28T15:26:02.323668+00:00 [running]> on host f3cfb7d93a54
[2022-04-28 15:27:05,141] {taskinstance.py:1448} INFO - Exporting the following env vars:
AIRFLOW_CTX_DAG_OWNER=***
AIRFLOW_CTX_DAG_ID=starwarapi
AIRFLOW_CTX_TASK_ID=extract
AIRFLOW_CTX_EXECUTION_DATE=2022-04-28T15:26:02.323668+00:00
AIRFLOW_CTX_DAG_RUN_ID=scheduled__2022-04-28T15:26:02.323668+00:00
[2022-04-28 15:27:06,215] {logging_mixin.py:109} INFO - <Response [200]>
[2022-04-28 15:27:06,221] {python.py:175} INFO - Done. Returned value was: None
[2022-04-28 15:27:06,251] {taskinstance.py:1288} INFO - Marking task as SUCCESS. dag_id=starwarapi, task_id=extract, execution_date=20220428T152602, start_date=20220428T152704, end_date=20220428T152706
[2022-04-28 15:27:06,319] {local_task_job.py:154} INFO - Task exited with return code 0
[2022-04-28 15:27:06,499] {local_task_job.py:264} INFO - 1 downstream tasks scheduled from follow-on schedule check
