[2022-04-26 01:21:04,187] {taskinstance.py:1043} INFO - Dependencies all met for <TaskInstance: starwarapi.loaded scheduled__2022-04-26T00:40:25.850955+00:00 [queued]>
[2022-04-26 01:21:04,559] {taskinstance.py:1043} INFO - Dependencies all met for <TaskInstance: starwarapi.loaded scheduled__2022-04-26T00:40:25.850955+00:00 [queued]>
[2022-04-26 01:21:04,590] {taskinstance.py:1249} INFO - 
--------------------------------------------------------------------------------
[2022-04-26 01:21:04,630] {taskinstance.py:1250} INFO - Starting attempt 1 of 2
[2022-04-26 01:21:04,635] {taskinstance.py:1251} INFO - 
--------------------------------------------------------------------------------
[2022-04-26 01:21:05,173] {taskinstance.py:1270} INFO - Executing <Task(BashOperator): loaded> on 2022-04-26 00:40:25.850955+00:00
[2022-04-26 01:21:05,206] {standard_task_runner.py:52} INFO - Started process 221 to run task
[2022-04-26 01:21:05,339] {standard_task_runner.py:79} INFO - Running: ['***', 'tasks', 'run', 'starwarapi', 'loaded', 'scheduled__2022-04-26T00:40:25.850955+00:00', '--job-id', '38', '--raw', '--subdir', 'DAGS_FOLDER/starwar_dag.py', '--cfg-path', '/tmp/tmp6i0w9zz3', '--error-file', '/tmp/tmp3p2li45g']
[2022-04-26 01:21:05,371] {standard_task_runner.py:80} INFO - Job 38: Subtask loaded
[2022-04-26 01:21:08,556] {logging_mixin.py:109} INFO - Running <TaskInstance: starwarapi.loaded scheduled__2022-04-26T00:40:25.850955+00:00 [running]> on host 66327e1a8873
[2022-04-26 01:21:11,176] {taskinstance.py:1448} INFO - Exporting the following env vars:
AIRFLOW_CTX_DAG_OWNER=***
AIRFLOW_CTX_DAG_ID=starwarapi
AIRFLOW_CTX_TASK_ID=loaded
AIRFLOW_CTX_EXECUTION_DATE=2022-04-26T00:40:25.850955+00:00
AIRFLOW_CTX_DAG_RUN_ID=scheduled__2022-04-26T00:40:25.850955+00:00
[2022-04-26 01:21:11,408] {subprocess.py:62} INFO - Tmp dir root location: 
 /tmp
[2022-04-26 01:21:11,420] {subprocess.py:74} INFO - Running command: ['bash', '-c', "echo 'Data_loaded_to_CSV'"]
[2022-04-26 01:21:12,091] {subprocess.py:85} INFO - Output:
[2022-04-26 01:21:12,543] {subprocess.py:89} INFO - Data_loaded_to_CSV
[2022-04-26 01:21:12,559] {subprocess.py:93} INFO - Command exited with return code 0
[2022-04-26 01:21:13,065] {taskinstance.py:1288} INFO - Marking task as SUCCESS. dag_id=starwarapi, task_id=loaded, execution_date=20220426T004025, start_date=20220426T012104, end_date=20220426T012113
[2022-04-26 01:21:14,487] {local_task_job.py:154} INFO - Task exited with return code 0
[2022-04-26 01:21:15,543] {local_task_job.py:264} INFO - 0 downstream tasks scheduled from follow-on schedule check
