[2022-04-26 01:36:04,340] {taskinstance.py:1043} INFO - Dependencies all met for <TaskInstance: starwarapi.transform_load scheduled__2022-04-26T01:35:21.766646+00:00 [queued]>
[2022-04-26 01:36:04,490] {taskinstance.py:1043} INFO - Dependencies all met for <TaskInstance: starwarapi.transform_load scheduled__2022-04-26T01:35:21.766646+00:00 [queued]>
[2022-04-26 01:36:04,494] {taskinstance.py:1249} INFO - 
--------------------------------------------------------------------------------
[2022-04-26 01:36:04,496] {taskinstance.py:1250} INFO - Starting attempt 1 of 2
[2022-04-26 01:36:04,497] {taskinstance.py:1251} INFO - 
--------------------------------------------------------------------------------
[2022-04-26 01:36:04,644] {taskinstance.py:1270} INFO - Executing <Task(PythonOperator): transform_load> on 2022-04-26 01:35:21.766646+00:00
[2022-04-26 01:36:04,694] {standard_task_runner.py:52} INFO - Started process 952 to run task
[2022-04-26 01:36:04,990] {standard_task_runner.py:79} INFO - Running: ['***', 'tasks', 'run', 'starwarapi', 'transform_load', 'scheduled__2022-04-26T01:35:21.766646+00:00', '--job-id', '114', '--raw', '--subdir', 'DAGS_FOLDER/starwar_dag.py', '--cfg-path', '/tmp/tmpx9s6x56e', '--error-file', '/tmp/tmp1ws6j9y5']
[2022-04-26 01:36:04,998] {standard_task_runner.py:80} INFO - Job 114: Subtask transform_load
[2022-04-26 01:36:05,811] {logging_mixin.py:109} INFO - Running <TaskInstance: starwarapi.transform_load scheduled__2022-04-26T01:35:21.766646+00:00 [running]> on host 66327e1a8873
[2022-04-26 01:36:06,230] {taskinstance.py:1448} INFO - Exporting the following env vars:
AIRFLOW_CTX_DAG_OWNER=***
AIRFLOW_CTX_DAG_ID=starwarapi
AIRFLOW_CTX_TASK_ID=transform_load
AIRFLOW_CTX_EXECUTION_DATE=2022-04-26T01:35:21.766646+00:00
AIRFLOW_CTX_DAG_RUN_ID=scheduled__2022-04-26T01:35:21.766646+00:00
[2022-04-26 01:36:08,669] {python.py:175} INFO - Done. Returned value was: None
[2022-04-26 01:36:08,816] {taskinstance.py:1288} INFO - Marking task as SUCCESS. dag_id=starwarapi, task_id=transform_load, execution_date=20220426T013521, start_date=20220426T013604, end_date=20220426T013608
[2022-04-26 01:36:09,060] {local_task_job.py:154} INFO - Task exited with return code 0
[2022-04-26 01:36:09,156] {local_task_job.py:264} INFO - 1 downstream tasks scheduled from follow-on schedule check
