[2022-04-26 01:32:59,147] {taskinstance.py:1043} INFO - Dependencies all met for <TaskInstance: starwarapi.transform_load scheduled__2022-04-26T01:32:21.766646+00:00 [queued]>
[2022-04-26 01:32:59,187] {taskinstance.py:1043} INFO - Dependencies all met for <TaskInstance: starwarapi.transform_load scheduled__2022-04-26T01:32:21.766646+00:00 [queued]>
[2022-04-26 01:32:59,189] {taskinstance.py:1249} INFO - 
--------------------------------------------------------------------------------
[2022-04-26 01:32:59,194] {taskinstance.py:1250} INFO - Starting attempt 1 of 2
[2022-04-26 01:32:59,195] {taskinstance.py:1251} INFO - 
--------------------------------------------------------------------------------
[2022-04-26 01:32:59,228] {taskinstance.py:1270} INFO - Executing <Task(PythonOperator): transform_load> on 2022-04-26 01:32:21.766646+00:00
[2022-04-26 01:32:59,237] {standard_task_runner.py:52} INFO - Started process 781 to run task
[2022-04-26 01:32:59,244] {standard_task_runner.py:79} INFO - Running: ['***', 'tasks', 'run', 'starwarapi', 'transform_load', 'scheduled__2022-04-26T01:32:21.766646+00:00', '--job-id', '90', '--raw', '--subdir', 'DAGS_FOLDER/starwar_dag.py', '--cfg-path', '/tmp/tmpqhqb2je_', '--error-file', '/tmp/tmpkgjngi6k']
[2022-04-26 01:32:59,246] {standard_task_runner.py:80} INFO - Job 90: Subtask transform_load
[2022-04-26 01:32:59,381] {logging_mixin.py:109} INFO - Running <TaskInstance: starwarapi.transform_load scheduled__2022-04-26T01:32:21.766646+00:00 [running]> on host 66327e1a8873
[2022-04-26 01:32:59,501] {taskinstance.py:1448} INFO - Exporting the following env vars:
AIRFLOW_CTX_DAG_OWNER=***
AIRFLOW_CTX_DAG_ID=starwarapi
AIRFLOW_CTX_TASK_ID=transform_load
AIRFLOW_CTX_EXECUTION_DATE=2022-04-26T01:32:21.766646+00:00
AIRFLOW_CTX_DAG_RUN_ID=scheduled__2022-04-26T01:32:21.766646+00:00
[2022-04-26 01:32:59,912] {python.py:175} INFO - Done. Returned value was: None
[2022-04-26 01:32:59,936] {taskinstance.py:1288} INFO - Marking task as SUCCESS. dag_id=starwarapi, task_id=transform_load, execution_date=20220426T013221, start_date=20220426T013259, end_date=20220426T013259
[2022-04-26 01:33:00,141] {local_task_job.py:154} INFO - Task exited with return code 0
[2022-04-26 01:33:00,256] {local_task_job.py:264} INFO - 0 downstream tasks scheduled from follow-on schedule check
