[2022-04-26 01:43:02,518] {taskinstance.py:1043} INFO - Dependencies all met for <TaskInstance: starwarapi.loaded scheduled__2022-04-26T01:41:51.766646+00:00 [queued]>
[2022-04-26 01:43:02,548] {taskinstance.py:1043} INFO - Dependencies all met for <TaskInstance: starwarapi.loaded scheduled__2022-04-26T01:41:51.766646+00:00 [queued]>
[2022-04-26 01:43:02,553] {taskinstance.py:1249} INFO - 
--------------------------------------------------------------------------------
[2022-04-26 01:43:02,555] {taskinstance.py:1250} INFO - Starting attempt 1 of 2
[2022-04-26 01:43:02,556] {taskinstance.py:1251} INFO - 
--------------------------------------------------------------------------------
[2022-04-26 01:43:02,625] {taskinstance.py:1270} INFO - Executing <Task(BashOperator): loaded> on 2022-04-26 01:41:51.766646+00:00
[2022-04-26 01:43:02,659] {standard_task_runner.py:52} INFO - Started process 1341 to run task
[2022-04-26 01:43:02,700] {standard_task_runner.py:79} INFO - Running: ['***', 'tasks', 'run', 'starwarapi', 'loaded', 'scheduled__2022-04-26T01:41:51.766646+00:00', '--job-id', '163', '--raw', '--subdir', 'DAGS_FOLDER/starwar_dag.py', '--cfg-path', '/tmp/tmpv3a3r6oh', '--error-file', '/tmp/tmp8o8x0q9b']
[2022-04-26 01:43:02,710] {standard_task_runner.py:80} INFO - Job 163: Subtask loaded
[2022-04-26 01:43:02,968] {logging_mixin.py:109} INFO - Running <TaskInstance: starwarapi.loaded scheduled__2022-04-26T01:41:51.766646+00:00 [running]> on host 66327e1a8873
[2022-04-26 01:43:03,199] {taskinstance.py:1448} INFO - Exporting the following env vars:
AIRFLOW_CTX_DAG_OWNER=***
AIRFLOW_CTX_DAG_ID=starwarapi
AIRFLOW_CTX_TASK_ID=loaded
AIRFLOW_CTX_EXECUTION_DATE=2022-04-26T01:41:51.766646+00:00
AIRFLOW_CTX_DAG_RUN_ID=scheduled__2022-04-26T01:41:51.766646+00:00
[2022-04-26 01:43:03,226] {subprocess.py:62} INFO - Tmp dir root location: 
 /tmp
[2022-04-26 01:43:03,242] {subprocess.py:74} INFO - Running command: ['bash', '-c', "echo 'Data_loaded_to_CSV'"]
[2022-04-26 01:43:03,329] {subprocess.py:85} INFO - Output:
[2022-04-26 01:43:03,336] {subprocess.py:89} INFO - Data_loaded_to_CSV
[2022-04-26 01:43:03,349] {subprocess.py:93} INFO - Command exited with return code 0
[2022-04-26 01:43:03,481] {taskinstance.py:1288} INFO - Marking task as SUCCESS. dag_id=starwarapi, task_id=loaded, execution_date=20220426T014151, start_date=20220426T014302, end_date=20220426T014303
[2022-04-26 01:43:03,665] {local_task_job.py:154} INFO - Task exited with return code 0
[2022-04-26 01:43:03,944] {local_task_job.py:264} INFO - 0 downstream tasks scheduled from follow-on schedule check
