[2022-04-28 15:29:03,117] {taskinstance.py:1043} INFO - Dependencies all met for <TaskInstance: starwarapi.extract scheduled__2022-04-28T15:28:02.323668+00:00 [queued]>
[2022-04-28 15:29:03,136] {taskinstance.py:1043} INFO - Dependencies all met for <TaskInstance: starwarapi.extract scheduled__2022-04-28T15:28:02.323668+00:00 [queued]>
[2022-04-28 15:29:03,137] {taskinstance.py:1249} INFO - 
--------------------------------------------------------------------------------
[2022-04-28 15:29:03,138] {taskinstance.py:1250} INFO - Starting attempt 1 of 2
[2022-04-28 15:29:03,140] {taskinstance.py:1251} INFO - 
--------------------------------------------------------------------------------
[2022-04-28 15:29:03,163] {taskinstance.py:1270} INFO - Executing <Task(PythonOperator): extract> on 2022-04-28 15:28:02.323668+00:00
[2022-04-28 15:29:03,178] {standard_task_runner.py:79} INFO - Running: ['***', 'tasks', 'run', 'starwarapi', 'extract', 'scheduled__2022-04-28T15:28:02.323668+00:00', '--job-id', '59', '--raw', '--subdir', 'DAGS_FOLDER/starwar_dag.py', '--cfg-path', '/tmp/tmpv791bokh', '--error-file', '/tmp/tmp3q65urxp']
[2022-04-28 15:29:03,180] {standard_task_runner.py:80} INFO - Job 59: Subtask extract
[2022-04-28 15:29:03,173] {standard_task_runner.py:52} INFO - Started process 458 to run task
[2022-04-28 15:29:03,288] {logging_mixin.py:109} INFO - Running <TaskInstance: starwarapi.extract scheduled__2022-04-28T15:28:02.323668+00:00 [running]> on host f3cfb7d93a54
[2022-04-28 15:29:03,379] {taskinstance.py:1448} INFO - Exporting the following env vars:
AIRFLOW_CTX_DAG_OWNER=***
AIRFLOW_CTX_DAG_ID=starwarapi
AIRFLOW_CTX_TASK_ID=extract
AIRFLOW_CTX_EXECUTION_DATE=2022-04-28T15:28:02.323668+00:00
AIRFLOW_CTX_DAG_RUN_ID=scheduled__2022-04-28T15:28:02.323668+00:00
[2022-04-28 15:29:03,578] {logging_mixin.py:109} INFO - <Response [200]>
[2022-04-28 15:29:03,584] {python.py:175} INFO - Done. Returned value was: None
[2022-04-28 15:29:03,613] {taskinstance.py:1288} INFO - Marking task as SUCCESS. dag_id=starwarapi, task_id=extract, execution_date=20220428T152802, start_date=20220428T152903, end_date=20220428T152903
[2022-04-28 15:29:03,687] {local_task_job.py:154} INFO - Task exited with return code 0
[2022-04-28 15:29:03,784] {local_task_job.py:264} INFO - 1 downstream tasks scheduled from follow-on schedule check
