[2022-04-26 01:39:31,978] {taskinstance.py:1043} INFO - Dependencies all met for <TaskInstance: starwarapi.transform_load scheduled__2022-04-26T01:38:51.766646+00:00 [queued]>
[2022-04-26 01:39:32,007] {taskinstance.py:1043} INFO - Dependencies all met for <TaskInstance: starwarapi.transform_load scheduled__2022-04-26T01:38:51.766646+00:00 [queued]>
[2022-04-26 01:39:32,008] {taskinstance.py:1249} INFO - 
--------------------------------------------------------------------------------
[2022-04-26 01:39:32,015] {taskinstance.py:1250} INFO - Starting attempt 1 of 2
[2022-04-26 01:39:32,022] {taskinstance.py:1251} INFO - 
--------------------------------------------------------------------------------
[2022-04-26 01:39:32,047] {taskinstance.py:1270} INFO - Executing <Task(PythonOperator): transform_load> on 2022-04-26 01:38:51.766646+00:00
[2022-04-26 01:39:32,057] {standard_task_runner.py:52} INFO - Started process 1145 to run task
[2022-04-26 01:39:32,064] {standard_task_runner.py:79} INFO - Running: ['***', 'tasks', 'run', 'starwarapi', 'transform_load', 'scheduled__2022-04-26T01:38:51.766646+00:00', '--job-id', '142', '--raw', '--subdir', 'DAGS_FOLDER/starwar_dag.py', '--cfg-path', '/tmp/tmpxh0ceu4t', '--error-file', '/tmp/tmp8m8q1l_b']
[2022-04-26 01:39:32,066] {standard_task_runner.py:80} INFO - Job 142: Subtask transform_load
[2022-04-26 01:39:32,156] {logging_mixin.py:109} INFO - Running <TaskInstance: starwarapi.transform_load scheduled__2022-04-26T01:38:51.766646+00:00 [running]> on host 66327e1a8873
[2022-04-26 01:39:32,236] {taskinstance.py:1448} INFO - Exporting the following env vars:
AIRFLOW_CTX_DAG_OWNER=***
AIRFLOW_CTX_DAG_ID=starwarapi
AIRFLOW_CTX_TASK_ID=transform_load
AIRFLOW_CTX_EXECUTION_DATE=2022-04-26T01:38:51.766646+00:00
AIRFLOW_CTX_DAG_RUN_ID=scheduled__2022-04-26T01:38:51.766646+00:00
[2022-04-26 01:39:33,111] {python.py:175} INFO - Done. Returned value was: None
[2022-04-26 01:39:33,153] {taskinstance.py:1288} INFO - Marking task as SUCCESS. dag_id=starwarapi, task_id=transform_load, execution_date=20220426T013851, start_date=20220426T013931, end_date=20220426T013933
[2022-04-26 01:39:33,232] {local_task_job.py:154} INFO - Task exited with return code 0
[2022-04-26 01:39:33,318] {local_task_job.py:264} INFO - 1 downstream tasks scheduled from follow-on schedule check
