[2022-04-26 01:37:22,647] {taskinstance.py:1043} INFO - Dependencies all met for <TaskInstance: starwarapi.extract scheduled__2022-04-26T01:36:51.766646+00:00 [queued]>
[2022-04-26 01:37:22,665] {taskinstance.py:1043} INFO - Dependencies all met for <TaskInstance: starwarapi.extract scheduled__2022-04-26T01:36:51.766646+00:00 [queued]>
[2022-04-26 01:37:22,666] {taskinstance.py:1249} INFO - 
--------------------------------------------------------------------------------
[2022-04-26 01:37:22,667] {taskinstance.py:1250} INFO - Starting attempt 1 of 2
[2022-04-26 01:37:22,669] {taskinstance.py:1251} INFO - 
--------------------------------------------------------------------------------
[2022-04-26 01:37:22,688] {taskinstance.py:1270} INFO - Executing <Task(PythonOperator): extract> on 2022-04-26 01:36:51.766646+00:00
[2022-04-26 01:37:22,695] {standard_task_runner.py:52} INFO - Started process 1028 to run task
[2022-04-26 01:37:22,703] {standard_task_runner.py:79} INFO - Running: ['***', 'tasks', 'run', 'starwarapi', 'extract', 'scheduled__2022-04-26T01:36:51.766646+00:00', '--job-id', '124', '--raw', '--subdir', 'DAGS_FOLDER/starwar_dag.py', '--cfg-path', '/tmp/tmp2jlul1n0', '--error-file', '/tmp/tmpz0lo3v5y']
[2022-04-26 01:37:22,709] {standard_task_runner.py:80} INFO - Job 124: Subtask extract
[2022-04-26 01:37:22,799] {logging_mixin.py:109} INFO - Running <TaskInstance: starwarapi.extract scheduled__2022-04-26T01:36:51.766646+00:00 [running]> on host 66327e1a8873
[2022-04-26 01:37:22,874] {taskinstance.py:1448} INFO - Exporting the following env vars:
AIRFLOW_CTX_DAG_OWNER=***
AIRFLOW_CTX_DAG_ID=starwarapi
AIRFLOW_CTX_TASK_ID=extract
AIRFLOW_CTX_EXECUTION_DATE=2022-04-26T01:36:51.766646+00:00
AIRFLOW_CTX_DAG_RUN_ID=scheduled__2022-04-26T01:36:51.766646+00:00
[2022-04-26 01:37:25,955] {logging_mixin.py:109} INFO - <Response [200]>
[2022-04-26 01:37:25,966] {python.py:175} INFO - Done. Returned value was: None
[2022-04-26 01:37:26,073] {taskinstance.py:1288} INFO - Marking task as SUCCESS. dag_id=starwarapi, task_id=extract, execution_date=20220426T013651, start_date=20220426T013722, end_date=20220426T013726
[2022-04-26 01:37:26,173] {local_task_job.py:154} INFO - Task exited with return code 0
[2022-04-26 01:37:26,290] {local_task_job.py:264} INFO - 1 downstream tasks scheduled from follow-on schedule check
