[2022-04-26 01:19:01,146] {taskinstance.py:1043} INFO - Dependencies all met for <TaskInstance: starwarapi.extract scheduled__2022-04-26T00:47:49.654927+00:00 [queued]>
[2022-04-26 01:19:01,581] {taskinstance.py:1043} INFO - Dependencies all met for <TaskInstance: starwarapi.extract scheduled__2022-04-26T00:47:49.654927+00:00 [queued]>
[2022-04-26 01:19:01,602] {taskinstance.py:1249} INFO - 
--------------------------------------------------------------------------------
[2022-04-26 01:19:01,618] {taskinstance.py:1250} INFO - Starting attempt 2 of 2
[2022-04-26 01:19:01,622] {taskinstance.py:1251} INFO - 
--------------------------------------------------------------------------------
[2022-04-26 01:19:03,210] {taskinstance.py:1270} INFO - Executing <Task(PythonOperator): extract> on 2022-04-26 00:47:49.654927+00:00
[2022-04-26 01:19:03,653] {standard_task_runner.py:52} INFO - Started process 105 to run task
[2022-04-26 01:19:04,863] {standard_task_runner.py:79} INFO - Running: ['***', 'tasks', 'run', 'starwarapi', 'extract', 'scheduled__2022-04-26T00:47:49.654927+00:00', '--job-id', '14', '--raw', '--subdir', 'DAGS_FOLDER/starwar_dag.py', '--cfg-path', '/tmp/tmpsxctrbj7', '--error-file', '/tmp/tmpfm4c8kj6']
[2022-04-26 01:19:04,868] {standard_task_runner.py:80} INFO - Job 14: Subtask extract
[2022-04-26 01:19:11,240] {logging_mixin.py:109} INFO - Running <TaskInstance: starwarapi.extract scheduled__2022-04-26T00:47:49.654927+00:00 [running]> on host 66327e1a8873
[2022-04-26 01:19:14,668] {taskinstance.py:1448} INFO - Exporting the following env vars:
AIRFLOW_CTX_DAG_OWNER=***
AIRFLOW_CTX_DAG_ID=starwarapi
AIRFLOW_CTX_TASK_ID=extract
AIRFLOW_CTX_EXECUTION_DATE=2022-04-26T00:47:49.654927+00:00
AIRFLOW_CTX_DAG_RUN_ID=scheduled__2022-04-26T00:47:49.654927+00:00
[2022-04-26 01:19:16,465] {logging_mixin.py:109} INFO - <Response [200]>
[2022-04-26 01:19:16,578] {python.py:175} INFO - Done. Returned value was: None
[2022-04-26 01:19:17,301] {taskinstance.py:1288} INFO - Marking task as SUCCESS. dag_id=starwarapi, task_id=extract, execution_date=20220426T004749, start_date=20220426T011901, end_date=20220426T011917
[2022-04-26 01:19:19,823] {local_task_job.py:154} INFO - Task exited with return code 0
[2022-04-26 01:19:21,175] {local_task_job.py:264} INFO - 1 downstream tasks scheduled from follow-on schedule check
