[2022-04-28 15:28:02,966] {taskinstance.py:1043} INFO - Dependencies all met for <TaskInstance: starwarapi.extract scheduled__2022-04-28T15:27:02.323668+00:00 [queued]>
[2022-04-28 15:28:02,999] {taskinstance.py:1043} INFO - Dependencies all met for <TaskInstance: starwarapi.extract scheduled__2022-04-28T15:27:02.323668+00:00 [queued]>
[2022-04-28 15:28:03,002] {taskinstance.py:1249} INFO - 
--------------------------------------------------------------------------------
[2022-04-28 15:28:03,004] {taskinstance.py:1250} INFO - Starting attempt 1 of 2
[2022-04-28 15:28:03,006] {taskinstance.py:1251} INFO - 
--------------------------------------------------------------------------------
[2022-04-28 15:28:03,028] {taskinstance.py:1270} INFO - Executing <Task(PythonOperator): extract> on 2022-04-28 15:27:02.323668+00:00
[2022-04-28 15:28:03,037] {standard_task_runner.py:52} INFO - Started process 408 to run task
[2022-04-28 15:28:03,045] {standard_task_runner.py:79} INFO - Running: ['***', 'tasks', 'run', 'starwarapi', 'extract', 'scheduled__2022-04-28T15:27:02.323668+00:00', '--job-id', '55', '--raw', '--subdir', 'DAGS_FOLDER/starwar_dag.py', '--cfg-path', '/tmp/tmp8dcah31r', '--error-file', '/tmp/tmp6ludz68g']
[2022-04-28 15:28:03,047] {standard_task_runner.py:80} INFO - Job 55: Subtask extract
[2022-04-28 15:28:03,156] {logging_mixin.py:109} INFO - Running <TaskInstance: starwarapi.extract scheduled__2022-04-28T15:27:02.323668+00:00 [running]> on host f3cfb7d93a54
[2022-04-28 15:28:03,240] {taskinstance.py:1448} INFO - Exporting the following env vars:
AIRFLOW_CTX_DAG_OWNER=***
AIRFLOW_CTX_DAG_ID=starwarapi
AIRFLOW_CTX_TASK_ID=extract
AIRFLOW_CTX_EXECUTION_DATE=2022-04-28T15:27:02.323668+00:00
AIRFLOW_CTX_DAG_RUN_ID=scheduled__2022-04-28T15:27:02.323668+00:00
[2022-04-28 15:28:03,590] {logging_mixin.py:109} INFO - <Response [200]>
[2022-04-28 15:28:03,595] {python.py:175} INFO - Done. Returned value was: None
[2022-04-28 15:28:03,619] {taskinstance.py:1288} INFO - Marking task as SUCCESS. dag_id=starwarapi, task_id=extract, execution_date=20220428T152702, start_date=20220428T152802, end_date=20220428T152803
[2022-04-28 15:28:03,674] {local_task_job.py:154} INFO - Task exited with return code 0
[2022-04-28 15:28:03,743] {local_task_job.py:264} INFO - 1 downstream tasks scheduled from follow-on schedule check
