[2022-04-26 00:36:02,178] {taskinstance.py:1043} INFO - Dependencies all met for <TaskInstance: starwarapi.extract manual__2022-04-26T00:35:54.381161+00:00 [queued]>
[2022-04-26 00:36:02,291] {taskinstance.py:1043} INFO - Dependencies all met for <TaskInstance: starwarapi.extract manual__2022-04-26T00:35:54.381161+00:00 [queued]>
[2022-04-26 00:36:02,296] {taskinstance.py:1249} INFO - 
--------------------------------------------------------------------------------
[2022-04-26 00:36:02,297] {taskinstance.py:1250} INFO - Starting attempt 1 of 2
[2022-04-26 00:36:02,298] {taskinstance.py:1251} INFO - 
--------------------------------------------------------------------------------
[2022-04-26 00:36:02,353] {taskinstance.py:1270} INFO - Executing <Task(PythonOperator): extract> on 2022-04-26 00:35:54.381161+00:00
[2022-04-26 00:36:02,373] {standard_task_runner.py:52} INFO - Started process 135 to run task
[2022-04-26 00:36:02,529] {standard_task_runner.py:79} INFO - Running: ['***', 'tasks', 'run', 'starwarapi', 'extract', 'manual__2022-04-26T00:35:54.381161+00:00', '--job-id', '3', '--raw', '--subdir', 'DAGS_FOLDER/starwar_dag.py', '--cfg-path', '/tmp/tmp54c5nthv', '--error-file', '/tmp/tmp4uk680u_']
[2022-04-26 00:36:02,545] {standard_task_runner.py:80} INFO - Job 3: Subtask extract
[2022-04-26 00:36:02,679] {logging_mixin.py:109} INFO - Running <TaskInstance: starwarapi.extract manual__2022-04-26T00:35:54.381161+00:00 [running]> on host 647d11b86f63
[2022-04-26 00:36:02,825] {taskinstance.py:1448} INFO - Exporting the following env vars:
AIRFLOW_CTX_DAG_OWNER=***
AIRFLOW_CTX_DAG_ID=starwarapi
AIRFLOW_CTX_TASK_ID=extract
AIRFLOW_CTX_EXECUTION_DATE=2022-04-26T00:35:54.381161+00:00
AIRFLOW_CTX_DAG_RUN_ID=manual__2022-04-26T00:35:54.381161+00:00
[2022-04-26 00:36:03,582] {logging_mixin.py:109} INFO - <Response [200]>
[2022-04-26 00:36:03,596] {python.py:175} INFO - Done. Returned value was: None
[2022-04-26 00:36:03,634] {taskinstance.py:1288} INFO - Marking task as SUCCESS. dag_id=starwarapi, task_id=extract, execution_date=20220426T003554, start_date=20220426T003602, end_date=20220426T003603
[2022-04-26 00:36:03,720] {local_task_job.py:154} INFO - Task exited with return code 0
[2022-04-26 00:36:03,958] {local_task_job.py:264} INFO - 1 downstream tasks scheduled from follow-on schedule check
