[2022-04-28 15:21:34,430] {taskinstance.py:1043} INFO - Dependencies all met for <TaskInstance: starwarapi.extract scheduled__2022-04-28T15:17:27.665379+00:00 [queued]>
[2022-04-28 15:21:34,520] {taskinstance.py:1043} INFO - Dependencies all met for <TaskInstance: starwarapi.extract scheduled__2022-04-28T15:17:27.665379+00:00 [queued]>
[2022-04-28 15:21:34,524] {taskinstance.py:1249} INFO - 
--------------------------------------------------------------------------------
[2022-04-28 15:21:34,539] {taskinstance.py:1250} INFO - Starting attempt 1 of 2
[2022-04-28 15:21:34,549] {taskinstance.py:1251} INFO - 
--------------------------------------------------------------------------------
[2022-04-28 15:21:34,626] {taskinstance.py:1270} INFO - Executing <Task(PythonOperator): extract> on 2022-04-28 15:17:27.665379+00:00
[2022-04-28 15:21:34,684] {standard_task_runner.py:52} INFO - Started process 89 to run task
[2022-04-28 15:21:34,743] {standard_task_runner.py:79} INFO - Running: ['***', 'tasks', 'run', 'starwarapi', 'extract', 'scheduled__2022-04-28T15:17:27.665379+00:00', '--job-id', '23', '--raw', '--subdir', 'DAGS_FOLDER/starwar_dag.py', '--cfg-path', '/tmp/tmp6gbdgfr8', '--error-file', '/tmp/tmp9yfzn9y1']
[2022-04-28 15:21:34,749] {standard_task_runner.py:80} INFO - Job 23: Subtask extract
[2022-04-28 15:21:35,851] {logging_mixin.py:109} INFO - Running <TaskInstance: starwarapi.extract scheduled__2022-04-28T15:17:27.665379+00:00 [running]> on host f3cfb7d93a54
[2022-04-28 15:21:36,517] {taskinstance.py:1448} INFO - Exporting the following env vars:
AIRFLOW_CTX_DAG_OWNER=***
AIRFLOW_CTX_DAG_ID=starwarapi
AIRFLOW_CTX_TASK_ID=extract
AIRFLOW_CTX_EXECUTION_DATE=2022-04-28T15:17:27.665379+00:00
AIRFLOW_CTX_DAG_RUN_ID=scheduled__2022-04-28T15:17:27.665379+00:00
[2022-04-28 15:21:37,615] {logging_mixin.py:109} INFO - <Response [200]>
[2022-04-28 15:21:37,661] {python.py:175} INFO - Done. Returned value was: None
[2022-04-28 15:21:38,037] {taskinstance.py:1288} INFO - Marking task as SUCCESS. dag_id=starwarapi, task_id=extract, execution_date=20220428T151727, start_date=20220428T152134, end_date=20220428T152138
[2022-04-28 15:21:38,375] {local_task_job.py:154} INFO - Task exited with return code 0
[2022-04-28 15:21:38,824] {local_task_job.py:264} INFO - 1 downstream tasks scheduled from follow-on schedule check
