[2022-04-26 01:19:28,321] {taskinstance.py:1043} INFO - Dependencies all met for <TaskInstance: starwarapi.extracted scheduled__2022-04-26T00:45:34.862951+00:00 [queued]>
[2022-04-26 01:19:29,095] {taskinstance.py:1043} INFO - Dependencies all met for <TaskInstance: starwarapi.extracted scheduled__2022-04-26T00:45:34.862951+00:00 [queued]>
[2022-04-26 01:19:29,793] {taskinstance.py:1249} INFO - 
--------------------------------------------------------------------------------
[2022-04-26 01:19:29,972] {taskinstance.py:1250} INFO - Starting attempt 1 of 2
[2022-04-26 01:19:30,033] {taskinstance.py:1251} INFO - 
--------------------------------------------------------------------------------
[2022-04-26 01:19:32,896] {taskinstance.py:1270} INFO - Executing <Task(BashOperator): extracted> on 2022-04-26 00:45:34.862951+00:00
[2022-04-26 01:19:33,818] {standard_task_runner.py:52} INFO - Started process 136 to run task
[2022-04-26 01:19:34,793] {standard_task_runner.py:79} INFO - Running: ['***', 'tasks', 'run', 'starwarapi', 'extracted', 'scheduled__2022-04-26T00:45:34.862951+00:00', '--job-id', '20', '--raw', '--subdir', 'DAGS_FOLDER/starwar_dag.py', '--cfg-path', '/tmp/tmp2m2z4dsr', '--error-file', '/tmp/tmpbbktehn5']
[2022-04-26 01:19:34,834] {standard_task_runner.py:80} INFO - Job 20: Subtask extracted
[2022-04-26 01:19:40,122] {logging_mixin.py:109} INFO - Running <TaskInstance: starwarapi.extracted scheduled__2022-04-26T00:45:34.862951+00:00 [running]> on host 66327e1a8873
[2022-04-26 01:19:41,962] {taskinstance.py:1448} INFO - Exporting the following env vars:
AIRFLOW_CTX_DAG_OWNER=***
AIRFLOW_CTX_DAG_ID=starwarapi
AIRFLOW_CTX_TASK_ID=extracted
AIRFLOW_CTX_EXECUTION_DATE=2022-04-26T00:45:34.862951+00:00
AIRFLOW_CTX_DAG_RUN_ID=scheduled__2022-04-26T00:45:34.862951+00:00
[2022-04-26 01:19:41,978] {subprocess.py:62} INFO - Tmp dir root location: 
 /tmp
[2022-04-26 01:19:41,986] {subprocess.py:74} INFO - Running command: ['bash', '-c', "echo 'Data_Extracted'"]
[2022-04-26 01:19:42,416] {subprocess.py:85} INFO - Output:
[2022-04-26 01:19:42,812] {subprocess.py:89} INFO - Data_Extracted
[2022-04-26 01:19:42,828] {subprocess.py:93} INFO - Command exited with return code 0
[2022-04-26 01:19:43,080] {taskinstance.py:1288} INFO - Marking task as SUCCESS. dag_id=starwarapi, task_id=extracted, execution_date=20220426T004534, start_date=20220426T011928, end_date=20220426T011943
[2022-04-26 01:19:43,790] {local_task_job.py:154} INFO - Task exited with return code 0
[2022-04-26 01:19:45,071] {local_task_job.py:264} INFO - 0 downstream tasks scheduled from follow-on schedule check
