[2022-04-26 01:32:36,302] {taskinstance.py:1043} INFO - Dependencies all met for <TaskInstance: starwarapi.extracted scheduled__2022-04-26T01:31:51.766646+00:00 [queued]>
[2022-04-26 01:32:36,519] {taskinstance.py:1043} INFO - Dependencies all met for <TaskInstance: starwarapi.extracted scheduled__2022-04-26T01:31:51.766646+00:00 [queued]>
[2022-04-26 01:32:36,545] {taskinstance.py:1249} INFO - 
--------------------------------------------------------------------------------
[2022-04-26 01:32:36,547] {taskinstance.py:1250} INFO - Starting attempt 1 of 2
[2022-04-26 01:32:36,554] {taskinstance.py:1251} INFO - 
--------------------------------------------------------------------------------
[2022-04-26 01:32:36,803] {taskinstance.py:1270} INFO - Executing <Task(BashOperator): extracted> on 2022-04-26 01:31:51.766646+00:00
[2022-04-26 01:32:36,821] {standard_task_runner.py:52} INFO - Started process 755 to run task
[2022-04-26 01:32:36,840] {standard_task_runner.py:79} INFO - Running: ['***', 'tasks', 'run', 'starwarapi', 'extracted', 'scheduled__2022-04-26T01:31:51.766646+00:00', '--job-id', '85', '--raw', '--subdir', 'DAGS_FOLDER/starwar_dag.py', '--cfg-path', '/tmp/tmp3416ruv9', '--error-file', '/tmp/tmpnhxjrxgv']
[2022-04-26 01:32:36,845] {standard_task_runner.py:80} INFO - Job 85: Subtask extracted
[2022-04-26 01:32:37,653] {logging_mixin.py:109} INFO - Running <TaskInstance: starwarapi.extracted scheduled__2022-04-26T01:31:51.766646+00:00 [running]> on host 66327e1a8873
[2022-04-26 01:32:39,004] {taskinstance.py:1448} INFO - Exporting the following env vars:
AIRFLOW_CTX_DAG_OWNER=***
AIRFLOW_CTX_DAG_ID=starwarapi
AIRFLOW_CTX_TASK_ID=extracted
AIRFLOW_CTX_EXECUTION_DATE=2022-04-26T01:31:51.766646+00:00
AIRFLOW_CTX_DAG_RUN_ID=scheduled__2022-04-26T01:31:51.766646+00:00
[2022-04-26 01:32:39,014] {subprocess.py:62} INFO - Tmp dir root location: 
 /tmp
[2022-04-26 01:32:39,054] {subprocess.py:74} INFO - Running command: ['bash', '-c', "echo 'Data_Extracted'"]
[2022-04-26 01:32:39,156] {subprocess.py:85} INFO - Output:
[2022-04-26 01:32:39,164] {subprocess.py:89} INFO - Data_Extracted
[2022-04-26 01:32:39,167] {subprocess.py:93} INFO - Command exited with return code 0
[2022-04-26 01:32:39,262] {taskinstance.py:1288} INFO - Marking task as SUCCESS. dag_id=starwarapi, task_id=extracted, execution_date=20220426T013151, start_date=20220426T013236, end_date=20220426T013239
[2022-04-26 01:32:39,437] {local_task_job.py:154} INFO - Task exited with return code 0
[2022-04-26 01:32:40,242] {local_task_job.py:264} INFO - 0 downstream tasks scheduled from follow-on schedule check
