[2022-04-25 23:59:53,978] {taskinstance.py:1043} INFO - Dependencies all met for <TaskInstance: starwarapi.loaded manual__2022-04-25T23:59:42.725452+00:00 [queued]>
[2022-04-25 23:59:53,997] {taskinstance.py:1043} INFO - Dependencies all met for <TaskInstance: starwarapi.loaded manual__2022-04-25T23:59:42.725452+00:00 [queued]>
[2022-04-25 23:59:53,999] {taskinstance.py:1249} INFO - 
--------------------------------------------------------------------------------
[2022-04-25 23:59:54,000] {taskinstance.py:1250} INFO - Starting attempt 1 of 2
[2022-04-25 23:59:54,001] {taskinstance.py:1251} INFO - 
--------------------------------------------------------------------------------
[2022-04-25 23:59:54,024] {taskinstance.py:1270} INFO - Executing <Task(BashOperator): loaded> on 2022-04-25 23:59:42.725452+00:00
[2022-04-25 23:59:54,031] {standard_task_runner.py:52} INFO - Started process 175 to run task
[2022-04-25 23:59:54,044] {standard_task_runner.py:79} INFO - Running: ['***', 'tasks', 'run', 'starwarapi', 'loaded', 'manual__2022-04-25T23:59:42.725452+00:00', '--job-id', '6', '--raw', '--subdir', 'DAGS_FOLDER/starwar_dag.py', '--cfg-path', '/tmp/tmpamioc9ym', '--error-file', '/tmp/tmpmii1q3l8']
[2022-04-25 23:59:54,045] {standard_task_runner.py:80} INFO - Job 6: Subtask loaded
[2022-04-25 23:59:54,126] {logging_mixin.py:109} INFO - Running <TaskInstance: starwarapi.loaded manual__2022-04-25T23:59:42.725452+00:00 [running]> on host 9333772ee88e
[2022-04-25 23:59:54,200] {taskinstance.py:1448} INFO - Exporting the following env vars:
AIRFLOW_CTX_DAG_OWNER=***
AIRFLOW_CTX_DAG_ID=starwarapi
AIRFLOW_CTX_TASK_ID=loaded
AIRFLOW_CTX_EXECUTION_DATE=2022-04-25T23:59:42.725452+00:00
AIRFLOW_CTX_DAG_RUN_ID=manual__2022-04-25T23:59:42.725452+00:00
[2022-04-25 23:59:54,208] {subprocess.py:62} INFO - Tmp dir root location: 
 /tmp
[2022-04-25 23:59:54,211] {subprocess.py:74} INFO - Running command: ['bash', '-c', "echo 'Data_loaded_to_CSV'"]
[2022-04-25 23:59:54,236] {subprocess.py:85} INFO - Output:
[2022-04-25 23:59:54,241] {subprocess.py:89} INFO - Data_loaded_to_CSV
[2022-04-25 23:59:54,243] {subprocess.py:93} INFO - Command exited with return code 0
[2022-04-25 23:59:54,286] {taskinstance.py:1288} INFO - Marking task as SUCCESS. dag_id=starwarapi, task_id=loaded, execution_date=20220425T235942, start_date=20220425T235953, end_date=20220425T235954
[2022-04-25 23:59:54,346] {local_task_job.py:154} INFO - Task exited with return code 0
[2022-04-25 23:59:54,440] {local_task_job.py:264} INFO - 0 downstream tasks scheduled from follow-on schedule check
