[2022-04-26 01:48:44,496] {taskinstance.py:1043} INFO - Dependencies all met for <TaskInstance: starwarapi.extracted scheduled__2022-04-26T01:47:38.733923+00:00 [queued]>
[2022-04-26 01:48:44,527] {taskinstance.py:1043} INFO - Dependencies all met for <TaskInstance: starwarapi.extracted scheduled__2022-04-26T01:47:38.733923+00:00 [queued]>
[2022-04-26 01:48:44,531] {taskinstance.py:1249} INFO - 
--------------------------------------------------------------------------------
[2022-04-26 01:48:44,534] {taskinstance.py:1250} INFO - Starting attempt 1 of 2
[2022-04-26 01:48:44,536] {taskinstance.py:1251} INFO - 
--------------------------------------------------------------------------------
[2022-04-26 01:48:44,563] {taskinstance.py:1270} INFO - Executing <Task(BashOperator): extracted> on 2022-04-26 01:47:38.733923+00:00
[2022-04-26 01:48:44,573] {standard_task_runner.py:52} INFO - Started process 1586 to run task
[2022-04-26 01:48:44,585] {standard_task_runner.py:79} INFO - Running: ['***', 'tasks', 'run', 'starwarapi', 'extracted', 'scheduled__2022-04-26T01:47:38.733923+00:00', '--job-id', '173', '--raw', '--subdir', 'DAGS_FOLDER/starwar_dag.py', '--cfg-path', '/tmp/tmpc_uacf8f', '--error-file', '/tmp/tmp8vlm_68f']
[2022-04-26 01:48:44,588] {standard_task_runner.py:80} INFO - Job 173: Subtask extracted
[2022-04-26 01:48:44,697] {logging_mixin.py:109} INFO - Running <TaskInstance: starwarapi.extracted scheduled__2022-04-26T01:47:38.733923+00:00 [running]> on host 66327e1a8873
[2022-04-26 01:48:44,874] {taskinstance.py:1448} INFO - Exporting the following env vars:
AIRFLOW_CTX_DAG_OWNER=***
AIRFLOW_CTX_DAG_ID=starwarapi
AIRFLOW_CTX_TASK_ID=extracted
AIRFLOW_CTX_EXECUTION_DATE=2022-04-26T01:47:38.733923+00:00
AIRFLOW_CTX_DAG_RUN_ID=scheduled__2022-04-26T01:47:38.733923+00:00
[2022-04-26 01:48:44,879] {subprocess.py:62} INFO - Tmp dir root location: 
 /tmp
[2022-04-26 01:48:44,883] {subprocess.py:74} INFO - Running command: ['bash', '-c', "echo 'Data_Extracted'"]
[2022-04-26 01:48:44,911] {subprocess.py:85} INFO - Output:
[2022-04-26 01:48:44,917] {subprocess.py:89} INFO - Data_Extracted
[2022-04-26 01:48:44,919] {subprocess.py:93} INFO - Command exited with return code 0
[2022-04-26 01:48:44,992] {taskinstance.py:1288} INFO - Marking task as SUCCESS. dag_id=starwarapi, task_id=extracted, execution_date=20220426T014738, start_date=20220426T014844, end_date=20220426T014844
[2022-04-26 01:48:45,083] {local_task_job.py:154} INFO - Task exited with return code 0
[2022-04-26 01:48:45,225] {local_task_job.py:264} INFO - 1 downstream tasks scheduled from follow-on schedule check
