[2022-04-26 01:35:34,661] {taskinstance.py:1043} INFO - Dependencies all met for <TaskInstance: starwarapi.loaded scheduled__2022-04-26T01:34:51.766646+00:00 [queued]>
[2022-04-26 01:35:34,697] {taskinstance.py:1043} INFO - Dependencies all met for <TaskInstance: starwarapi.loaded scheduled__2022-04-26T01:34:51.766646+00:00 [queued]>
[2022-04-26 01:35:34,700] {taskinstance.py:1249} INFO - 
--------------------------------------------------------------------------------
[2022-04-26 01:35:34,705] {taskinstance.py:1250} INFO - Starting attempt 1 of 2
[2022-04-26 01:35:34,709] {taskinstance.py:1251} INFO - 
--------------------------------------------------------------------------------
[2022-04-26 01:35:34,757] {taskinstance.py:1270} INFO - Executing <Task(BashOperator): loaded> on 2022-04-26 01:34:51.766646+00:00
[2022-04-26 01:35:34,773] {standard_task_runner.py:52} INFO - Started process 935 to run task
[2022-04-26 01:35:34,783] {standard_task_runner.py:79} INFO - Running: ['***', 'tasks', 'run', 'starwarapi', 'loaded', 'scheduled__2022-04-26T01:34:51.766646+00:00', '--job-id', '111', '--raw', '--subdir', 'DAGS_FOLDER/starwar_dag.py', '--cfg-path', '/tmp/tmpafst0tus', '--error-file', '/tmp/tmpyg5z7q9q']
[2022-04-26 01:35:34,789] {standard_task_runner.py:80} INFO - Job 111: Subtask loaded
[2022-04-26 01:35:35,091] {logging_mixin.py:109} INFO - Running <TaskInstance: starwarapi.loaded scheduled__2022-04-26T01:34:51.766646+00:00 [running]> on host 66327e1a8873
[2022-04-26 01:35:35,281] {taskinstance.py:1448} INFO - Exporting the following env vars:
AIRFLOW_CTX_DAG_OWNER=***
AIRFLOW_CTX_DAG_ID=starwarapi
AIRFLOW_CTX_TASK_ID=loaded
AIRFLOW_CTX_EXECUTION_DATE=2022-04-26T01:34:51.766646+00:00
AIRFLOW_CTX_DAG_RUN_ID=scheduled__2022-04-26T01:34:51.766646+00:00
[2022-04-26 01:35:35,286] {subprocess.py:62} INFO - Tmp dir root location: 
 /tmp
[2022-04-26 01:35:35,289] {subprocess.py:74} INFO - Running command: ['bash', '-c', "echo 'Data_loaded_to_CSV'"]
[2022-04-26 01:35:35,320] {subprocess.py:85} INFO - Output:
[2022-04-26 01:35:35,323] {subprocess.py:89} INFO - Data_loaded_to_CSV
[2022-04-26 01:35:35,326] {subprocess.py:93} INFO - Command exited with return code 0
[2022-04-26 01:35:35,386] {taskinstance.py:1288} INFO - Marking task as SUCCESS. dag_id=starwarapi, task_id=loaded, execution_date=20220426T013451, start_date=20220426T013534, end_date=20220426T013535
[2022-04-26 01:35:35,442] {local_task_job.py:154} INFO - Task exited with return code 0
[2022-04-26 01:35:35,549] {local_task_job.py:264} INFO - 0 downstream tasks scheduled from follow-on schedule check
