[2022-04-26 01:40:27,191] {taskinstance.py:1043} INFO - Dependencies all met for <TaskInstance: starwarapi.extracted scheduled__2022-04-26T01:39:51.766646+00:00 [queued]>
[2022-04-26 01:40:27,209] {taskinstance.py:1043} INFO - Dependencies all met for <TaskInstance: starwarapi.extracted scheduled__2022-04-26T01:39:51.766646+00:00 [queued]>
[2022-04-26 01:40:27,211] {taskinstance.py:1249} INFO - 
--------------------------------------------------------------------------------
[2022-04-26 01:40:27,212] {taskinstance.py:1250} INFO - Starting attempt 1 of 2
[2022-04-26 01:40:27,214] {taskinstance.py:1251} INFO - 
--------------------------------------------------------------------------------
[2022-04-26 01:40:27,236] {taskinstance.py:1270} INFO - Executing <Task(BashOperator): extracted> on 2022-04-26 01:39:51.766646+00:00
[2022-04-26 01:40:27,244] {standard_task_runner.py:52} INFO - Started process 1195 to run task
[2022-04-26 01:40:27,251] {standard_task_runner.py:79} INFO - Running: ['***', 'tasks', 'run', 'starwarapi', 'extracted', 'scheduled__2022-04-26T01:39:51.766646+00:00', '--job-id', '149', '--raw', '--subdir', 'DAGS_FOLDER/starwar_dag.py', '--cfg-path', '/tmp/tmpjezu8fp8', '--error-file', '/tmp/tmpb5l91wzw']
[2022-04-26 01:40:27,254] {standard_task_runner.py:80} INFO - Job 149: Subtask extracted
[2022-04-26 01:40:27,339] {logging_mixin.py:109} INFO - Running <TaskInstance: starwarapi.extracted scheduled__2022-04-26T01:39:51.766646+00:00 [running]> on host 66327e1a8873
[2022-04-26 01:40:27,413] {taskinstance.py:1448} INFO - Exporting the following env vars:
AIRFLOW_CTX_DAG_OWNER=***
AIRFLOW_CTX_DAG_ID=starwarapi
AIRFLOW_CTX_TASK_ID=extracted
AIRFLOW_CTX_EXECUTION_DATE=2022-04-26T01:39:51.766646+00:00
AIRFLOW_CTX_DAG_RUN_ID=scheduled__2022-04-26T01:39:51.766646+00:00
[2022-04-26 01:40:27,416] {subprocess.py:62} INFO - Tmp dir root location: 
 /tmp
[2022-04-26 01:40:27,418] {subprocess.py:74} INFO - Running command: ['bash', '-c', "echo 'Data_Extracted'"]
[2022-04-26 01:40:27,437] {subprocess.py:85} INFO - Output:
[2022-04-26 01:40:27,440] {subprocess.py:89} INFO - Data_Extracted
[2022-04-26 01:40:27,442] {subprocess.py:93} INFO - Command exited with return code 0
[2022-04-26 01:40:27,475] {taskinstance.py:1288} INFO - Marking task as SUCCESS. dag_id=starwarapi, task_id=extracted, execution_date=20220426T013951, start_date=20220426T014027, end_date=20220426T014027
[2022-04-26 01:40:27,503] {local_task_job.py:154} INFO - Task exited with return code 0
[2022-04-26 01:40:27,777] {local_task_job.py:264} INFO - 1 downstream tasks scheduled from follow-on schedule check
