[2022-04-28 15:31:02,890] {taskinstance.py:1043} INFO - Dependencies all met for <TaskInstance: starwarapi.extract scheduled__2022-04-28T15:30:02.323668+00:00 [queued]>
[2022-04-28 15:31:02,940] {taskinstance.py:1043} INFO - Dependencies all met for <TaskInstance: starwarapi.extract scheduled__2022-04-28T15:30:02.323668+00:00 [queued]>
[2022-04-28 15:31:02,942] {taskinstance.py:1249} INFO - 
--------------------------------------------------------------------------------
[2022-04-28 15:31:02,944] {taskinstance.py:1250} INFO - Starting attempt 1 of 2
[2022-04-28 15:31:02,945] {taskinstance.py:1251} INFO - 
--------------------------------------------------------------------------------
[2022-04-28 15:31:02,973] {taskinstance.py:1270} INFO - Executing <Task(PythonOperator): extract> on 2022-04-28 15:30:02.323668+00:00
[2022-04-28 15:31:02,988] {standard_task_runner.py:52} INFO - Started process 561 to run task
[2022-04-28 15:31:02,997] {standard_task_runner.py:79} INFO - Running: ['***', 'tasks', 'run', 'starwarapi', 'extract', 'scheduled__2022-04-28T15:30:02.323668+00:00', '--job-id', '67', '--raw', '--subdir', 'DAGS_FOLDER/starwar_dag.py', '--cfg-path', '/tmp/tmpmb9dsfrp', '--error-file', '/tmp/tmp044za548']
[2022-04-28 15:31:02,999] {standard_task_runner.py:80} INFO - Job 67: Subtask extract
[2022-04-28 15:31:03,142] {logging_mixin.py:109} INFO - Running <TaskInstance: starwarapi.extract scheduled__2022-04-28T15:30:02.323668+00:00 [running]> on host f3cfb7d93a54
[2022-04-28 15:31:03,229] {taskinstance.py:1448} INFO - Exporting the following env vars:
AIRFLOW_CTX_DAG_OWNER=***
AIRFLOW_CTX_DAG_ID=starwarapi
AIRFLOW_CTX_TASK_ID=extract
AIRFLOW_CTX_EXECUTION_DATE=2022-04-28T15:30:02.323668+00:00
AIRFLOW_CTX_DAG_RUN_ID=scheduled__2022-04-28T15:30:02.323668+00:00
[2022-04-28 15:31:03,775] {logging_mixin.py:109} INFO - <Response [200]>
[2022-04-28 15:31:03,779] {python.py:175} INFO - Done. Returned value was: None
[2022-04-28 15:31:03,800] {taskinstance.py:1288} INFO - Marking task as SUCCESS. dag_id=starwarapi, task_id=extract, execution_date=20220428T153002, start_date=20220428T153102, end_date=20220428T153103
[2022-04-28 15:31:03,872] {local_task_job.py:154} INFO - Task exited with return code 0
[2022-04-28 15:31:03,973] {local_task_job.py:264} INFO - 1 downstream tasks scheduled from follow-on schedule check
