[2022-04-26 01:23:51,291] {taskinstance.py:1043} INFO - Dependencies all met for <TaskInstance: starwarapi.extracted manual__2022-04-26T01:23:46.966955+00:00 [queued]>
[2022-04-26 01:23:51,339] {taskinstance.py:1043} INFO - Dependencies all met for <TaskInstance: starwarapi.extracted manual__2022-04-26T01:23:46.966955+00:00 [queued]>
[2022-04-26 01:23:51,340] {taskinstance.py:1249} INFO - 
--------------------------------------------------------------------------------
[2022-04-26 01:23:51,342] {taskinstance.py:1250} INFO - Starting attempt 1 of 2
[2022-04-26 01:23:51,346] {taskinstance.py:1251} INFO - 
--------------------------------------------------------------------------------
[2022-04-26 01:23:51,390] {taskinstance.py:1270} INFO - Executing <Task(BashOperator): extracted> on 2022-04-26 01:23:46.966955+00:00
[2022-04-26 01:23:51,404] {standard_task_runner.py:52} INFO - Started process 353 to run task
[2022-04-26 01:23:51,417] {standard_task_runner.py:79} INFO - Running: ['***', 'tasks', 'run', 'starwarapi', 'extracted', 'manual__2022-04-26T01:23:46.966955+00:00', '--job-id', '49', '--raw', '--subdir', 'DAGS_FOLDER/starwar_dag.py', '--cfg-path', '/tmp/tmpay8wm8sj', '--error-file', '/tmp/tmp_4pf2mnq']
[2022-04-26 01:23:51,420] {standard_task_runner.py:80} INFO - Job 49: Subtask extracted
[2022-04-26 01:23:51,667] {logging_mixin.py:109} INFO - Running <TaskInstance: starwarapi.extracted manual__2022-04-26T01:23:46.966955+00:00 [running]> on host 66327e1a8873
[2022-04-26 01:23:51,816] {taskinstance.py:1448} INFO - Exporting the following env vars:
AIRFLOW_CTX_DAG_OWNER=***
AIRFLOW_CTX_DAG_ID=starwarapi
AIRFLOW_CTX_TASK_ID=extracted
AIRFLOW_CTX_EXECUTION_DATE=2022-04-26T01:23:46.966955+00:00
AIRFLOW_CTX_DAG_RUN_ID=manual__2022-04-26T01:23:46.966955+00:00
[2022-04-26 01:23:51,822] {subprocess.py:62} INFO - Tmp dir root location: 
 /tmp
[2022-04-26 01:23:51,825] {subprocess.py:74} INFO - Running command: ['bash', '-c', "echo 'Data_Extracted'"]
[2022-04-26 01:23:51,851] {subprocess.py:85} INFO - Output:
[2022-04-26 01:23:51,858] {subprocess.py:89} INFO - Data_Extracted
[2022-04-26 01:23:51,863] {subprocess.py:93} INFO - Command exited with return code 0
[2022-04-26 01:23:51,932] {taskinstance.py:1288} INFO - Marking task as SUCCESS. dag_id=starwarapi, task_id=extracted, execution_date=20220426T012346, start_date=20220426T012351, end_date=20220426T012351
[2022-04-26 01:23:52,003] {local_task_job.py:154} INFO - Task exited with return code 0
[2022-04-26 01:23:52,108] {local_task_job.py:264} INFO - 1 downstream tasks scheduled from follow-on schedule check
