[2022-04-26 01:50:39,924] {taskinstance.py:1043} INFO - Dependencies all met for <TaskInstance: starwarapi.extract scheduled__2022-04-26T01:49:38.733923+00:00 [queued]>
[2022-04-26 01:50:39,948] {taskinstance.py:1043} INFO - Dependencies all met for <TaskInstance: starwarapi.extract scheduled__2022-04-26T01:49:38.733923+00:00 [queued]>
[2022-04-26 01:50:39,949] {taskinstance.py:1249} INFO - 
--------------------------------------------------------------------------------
[2022-04-26 01:50:39,950] {taskinstance.py:1250} INFO - Starting attempt 1 of 2
[2022-04-26 01:50:39,951] {taskinstance.py:1251} INFO - 
--------------------------------------------------------------------------------
[2022-04-26 01:50:39,981] {taskinstance.py:1270} INFO - Executing <Task(PythonOperator): extract> on 2022-04-26 01:49:38.733923+00:00
[2022-04-26 01:50:39,994] {standard_task_runner.py:52} INFO - Started process 1680 to run task
[2022-04-26 01:50:40,001] {standard_task_runner.py:79} INFO - Running: ['***', 'tasks', 'run', 'starwarapi', 'extract', 'scheduled__2022-04-26T01:49:38.733923+00:00', '--job-id', '180', '--raw', '--subdir', 'DAGS_FOLDER/starwar_dag.py', '--cfg-path', '/tmp/tmp_x3m1mgp', '--error-file', '/tmp/tmpkekfob_8']
[2022-04-26 01:50:40,002] {standard_task_runner.py:80} INFO - Job 180: Subtask extract
[2022-04-26 01:50:40,096] {logging_mixin.py:109} INFO - Running <TaskInstance: starwarapi.extract scheduled__2022-04-26T01:49:38.733923+00:00 [running]> on host 66327e1a8873
[2022-04-26 01:50:40,192] {taskinstance.py:1448} INFO - Exporting the following env vars:
AIRFLOW_CTX_DAG_OWNER=***
AIRFLOW_CTX_DAG_ID=starwarapi
AIRFLOW_CTX_TASK_ID=extract
AIRFLOW_CTX_EXECUTION_DATE=2022-04-26T01:49:38.733923+00:00
AIRFLOW_CTX_DAG_RUN_ID=scheduled__2022-04-26T01:49:38.733923+00:00
[2022-04-26 01:50:43,477] {logging_mixin.py:109} INFO - <Response [200]>
[2022-04-26 01:50:43,482] {python.py:175} INFO - Done. Returned value was: None
[2022-04-26 01:50:43,499] {taskinstance.py:1288} INFO - Marking task as SUCCESS. dag_id=starwarapi, task_id=extract, execution_date=20220426T014938, start_date=20220426T015039, end_date=20220426T015043
[2022-04-26 01:50:43,581] {local_task_job.py:154} INFO - Task exited with return code 0
[2022-04-26 01:50:43,648] {local_task_job.py:264} INFO - 1 downstream tasks scheduled from follow-on schedule check
