[2022-04-28 15:30:02,915] {taskinstance.py:1043} INFO - Dependencies all met for <TaskInstance: starwarapi.extract scheduled__2022-04-28T15:29:02.323668+00:00 [queued]>
[2022-04-28 15:30:02,936] {taskinstance.py:1043} INFO - Dependencies all met for <TaskInstance: starwarapi.extract scheduled__2022-04-28T15:29:02.323668+00:00 [queued]>
[2022-04-28 15:30:02,940] {taskinstance.py:1249} INFO - 
--------------------------------------------------------------------------------
[2022-04-28 15:30:02,941] {taskinstance.py:1250} INFO - Starting attempt 1 of 2
[2022-04-28 15:30:02,942] {taskinstance.py:1251} INFO - 
--------------------------------------------------------------------------------
[2022-04-28 15:30:02,965] {taskinstance.py:1270} INFO - Executing <Task(PythonOperator): extract> on 2022-04-28 15:29:02.323668+00:00
[2022-04-28 15:30:02,978] {standard_task_runner.py:52} INFO - Started process 508 to run task
[2022-04-28 15:30:02,985] {standard_task_runner.py:79} INFO - Running: ['***', 'tasks', 'run', 'starwarapi', 'extract', 'scheduled__2022-04-28T15:29:02.323668+00:00', '--job-id', '63', '--raw', '--subdir', 'DAGS_FOLDER/starwar_dag.py', '--cfg-path', '/tmp/tmpln7u_r82', '--error-file', '/tmp/tmpl4f5is6s']
[2022-04-28 15:30:02,987] {standard_task_runner.py:80} INFO - Job 63: Subtask extract
[2022-04-28 15:30:03,173] {logging_mixin.py:109} INFO - Running <TaskInstance: starwarapi.extract scheduled__2022-04-28T15:29:02.323668+00:00 [running]> on host f3cfb7d93a54
[2022-04-28 15:30:03,452] {taskinstance.py:1448} INFO - Exporting the following env vars:
AIRFLOW_CTX_DAG_OWNER=***
AIRFLOW_CTX_DAG_ID=starwarapi
AIRFLOW_CTX_TASK_ID=extract
AIRFLOW_CTX_EXECUTION_DATE=2022-04-28T15:29:02.323668+00:00
AIRFLOW_CTX_DAG_RUN_ID=scheduled__2022-04-28T15:29:02.323668+00:00
[2022-04-28 15:30:04,087] {logging_mixin.py:109} INFO - <Response [200]>
[2022-04-28 15:30:04,095] {python.py:175} INFO - Done. Returned value was: None
[2022-04-28 15:30:04,131] {taskinstance.py:1288} INFO - Marking task as SUCCESS. dag_id=starwarapi, task_id=extract, execution_date=20220428T152902, start_date=20220428T153002, end_date=20220428T153004
[2022-04-28 15:30:04,239] {local_task_job.py:154} INFO - Task exited with return code 0
[2022-04-28 15:30:04,368] {local_task_job.py:264} INFO - 1 downstream tasks scheduled from follow-on schedule check
