[2022-04-26 01:49:55,723] {taskinstance.py:1043} INFO - Dependencies all met for <TaskInstance: starwarapi.loaded scheduled__2022-04-26T01:48:38.733923+00:00 [queued]>
[2022-04-26 01:49:55,739] {taskinstance.py:1043} INFO - Dependencies all met for <TaskInstance: starwarapi.loaded scheduled__2022-04-26T01:48:38.733923+00:00 [queued]>
[2022-04-26 01:49:55,740] {taskinstance.py:1249} INFO - 
--------------------------------------------------------------------------------
[2022-04-26 01:49:55,741] {taskinstance.py:1250} INFO - Starting attempt 1 of 2
[2022-04-26 01:49:55,742] {taskinstance.py:1251} INFO - 
--------------------------------------------------------------------------------
[2022-04-26 01:49:55,761] {taskinstance.py:1270} INFO - Executing <Task(BashOperator): loaded> on 2022-04-26 01:48:38.733923+00:00
[2022-04-26 01:49:55,768] {standard_task_runner.py:52} INFO - Started process 1646 to run task
[2022-04-26 01:49:55,773] {standard_task_runner.py:79} INFO - Running: ['***', 'tasks', 'run', 'starwarapi', 'loaded', 'scheduled__2022-04-26T01:48:38.733923+00:00', '--job-id', '179', '--raw', '--subdir', 'DAGS_FOLDER/starwar_dag.py', '--cfg-path', '/tmp/tmpb5br_yxp', '--error-file', '/tmp/tmp6418jtq4']
[2022-04-26 01:49:55,775] {standard_task_runner.py:80} INFO - Job 179: Subtask loaded
[2022-04-26 01:49:55,858] {logging_mixin.py:109} INFO - Running <TaskInstance: starwarapi.loaded scheduled__2022-04-26T01:48:38.733923+00:00 [running]> on host 66327e1a8873
[2022-04-26 01:49:55,937] {taskinstance.py:1448} INFO - Exporting the following env vars:
AIRFLOW_CTX_DAG_OWNER=***
AIRFLOW_CTX_DAG_ID=starwarapi
AIRFLOW_CTX_TASK_ID=loaded
AIRFLOW_CTX_EXECUTION_DATE=2022-04-26T01:48:38.733923+00:00
AIRFLOW_CTX_DAG_RUN_ID=scheduled__2022-04-26T01:48:38.733923+00:00
[2022-04-26 01:49:55,946] {subprocess.py:62} INFO - Tmp dir root location: 
 /tmp
[2022-04-26 01:49:55,951] {subprocess.py:74} INFO - Running command: ['bash', '-c', "echo 'Data_loaded_to_CSV'"]
[2022-04-26 01:49:55,974] {subprocess.py:85} INFO - Output:
[2022-04-26 01:49:55,978] {subprocess.py:89} INFO - Data_loaded_to_CSV
[2022-04-26 01:49:55,980] {subprocess.py:93} INFO - Command exited with return code 0
[2022-04-26 01:49:56,026] {taskinstance.py:1288} INFO - Marking task as SUCCESS. dag_id=starwarapi, task_id=loaded, execution_date=20220426T014838, start_date=20220426T014955, end_date=20220426T014956
[2022-04-26 01:49:56,076] {local_task_job.py:154} INFO - Task exited with return code 0
[2022-04-26 01:49:56,215] {local_task_job.py:264} INFO - 0 downstream tasks scheduled from follow-on schedule check
