[2022-04-26 01:28:32,913] {taskinstance.py:1043} INFO - Dependencies all met for <TaskInstance: starwarapi.loaded scheduled__2022-04-26T01:27:49.954356+00:00 [queued]>
[2022-04-26 01:28:32,944] {taskinstance.py:1043} INFO - Dependencies all met for <TaskInstance: starwarapi.loaded scheduled__2022-04-26T01:27:49.954356+00:00 [queued]>
[2022-04-26 01:28:32,945] {taskinstance.py:1249} INFO - 
--------------------------------------------------------------------------------
[2022-04-26 01:28:32,947] {taskinstance.py:1250} INFO - Starting attempt 1 of 2
[2022-04-26 01:28:32,949] {taskinstance.py:1251} INFO - 
--------------------------------------------------------------------------------
[2022-04-26 01:28:33,007] {taskinstance.py:1270} INFO - Executing <Task(BashOperator): loaded> on 2022-04-26 01:27:49.954356+00:00
[2022-04-26 01:28:33,019] {standard_task_runner.py:52} INFO - Started process 537 to run task
[2022-04-26 01:28:33,036] {standard_task_runner.py:79} INFO - Running: ['***', 'tasks', 'run', 'starwarapi', 'loaded', 'scheduled__2022-04-26T01:27:49.954356+00:00', '--job-id', '55', '--raw', '--subdir', 'DAGS_FOLDER/starwar_dag.py', '--cfg-path', '/tmp/tmpbmormmcc', '--error-file', '/tmp/tmpuqe32g68']
[2022-04-26 01:28:33,044] {standard_task_runner.py:80} INFO - Job 55: Subtask loaded
[2022-04-26 01:28:33,171] {logging_mixin.py:109} INFO - Running <TaskInstance: starwarapi.loaded scheduled__2022-04-26T01:27:49.954356+00:00 [running]> on host 66327e1a8873
[2022-04-26 01:28:33,365] {taskinstance.py:1448} INFO - Exporting the following env vars:
AIRFLOW_CTX_DAG_OWNER=***
AIRFLOW_CTX_DAG_ID=starwarapi
AIRFLOW_CTX_TASK_ID=loaded
AIRFLOW_CTX_EXECUTION_DATE=2022-04-26T01:27:49.954356+00:00
AIRFLOW_CTX_DAG_RUN_ID=scheduled__2022-04-26T01:27:49.954356+00:00
[2022-04-26 01:28:33,369] {subprocess.py:62} INFO - Tmp dir root location: 
 /tmp
[2022-04-26 01:28:33,375] {subprocess.py:74} INFO - Running command: ['bash', '-c', "echo 'Data_loaded_to_CSV'"]
[2022-04-26 01:28:33,399] {subprocess.py:85} INFO - Output:
[2022-04-26 01:28:33,409] {subprocess.py:89} INFO - Data_loaded_to_CSV
[2022-04-26 01:28:33,413] {subprocess.py:93} INFO - Command exited with return code 0
[2022-04-26 01:28:33,486] {taskinstance.py:1288} INFO - Marking task as SUCCESS. dag_id=starwarapi, task_id=loaded, execution_date=20220426T012749, start_date=20220426T012832, end_date=20220426T012833
[2022-04-26 01:28:33,579] {local_task_job.py:154} INFO - Task exited with return code 0
[2022-04-26 01:28:33,874] {local_task_job.py:264} INFO - 0 downstream tasks scheduled from follow-on schedule check
