[2022-04-26 01:19:01,173] {taskinstance.py:1043} INFO - Dependencies all met for <TaskInstance: starwarapi.extract scheduled__2022-04-26T01:17:05.889191+00:00 [queued]>
[2022-04-26 01:19:02,757] {taskinstance.py:1043} INFO - Dependencies all met for <TaskInstance: starwarapi.extract scheduled__2022-04-26T01:17:05.889191+00:00 [queued]>
[2022-04-26 01:19:02,761] {taskinstance.py:1249} INFO - 
--------------------------------------------------------------------------------
[2022-04-26 01:19:02,766] {taskinstance.py:1250} INFO - Starting attempt 1 of 2
[2022-04-26 01:19:02,791] {taskinstance.py:1251} INFO - 
--------------------------------------------------------------------------------
[2022-04-26 01:19:03,801] {taskinstance.py:1270} INFO - Executing <Task(PythonOperator): extract> on 2022-04-26 01:17:05.889191+00:00
[2022-04-26 01:19:04,214] {standard_task_runner.py:52} INFO - Started process 107 to run task
[2022-04-26 01:19:05,109] {standard_task_runner.py:79} INFO - Running: ['***', 'tasks', 'run', 'starwarapi', 'extract', 'scheduled__2022-04-26T01:17:05.889191+00:00', '--job-id', '13', '--raw', '--subdir', 'DAGS_FOLDER/starwar_dag.py', '--cfg-path', '/tmp/tmpudrhvln5', '--error-file', '/tmp/tmph6ymijii']
[2022-04-26 01:19:05,146] {standard_task_runner.py:80} INFO - Job 13: Subtask extract
[2022-04-26 01:19:06,527] {logging_mixin.py:109} INFO - Running <TaskInstance: starwarapi.extract scheduled__2022-04-26T01:17:05.889191+00:00 [running]> on host 66327e1a8873
[2022-04-26 01:19:09,586] {taskinstance.py:1448} INFO - Exporting the following env vars:
AIRFLOW_CTX_DAG_OWNER=***
AIRFLOW_CTX_DAG_ID=starwarapi
AIRFLOW_CTX_TASK_ID=extract
AIRFLOW_CTX_EXECUTION_DATE=2022-04-26T01:17:05.889191+00:00
AIRFLOW_CTX_DAG_RUN_ID=scheduled__2022-04-26T01:17:05.889191+00:00
[2022-04-26 01:19:13,822] {logging_mixin.py:109} INFO - <Response [200]>
[2022-04-26 01:19:14,015] {python.py:175} INFO - Done. Returned value was: None
[2022-04-26 01:19:15,568] {taskinstance.py:1288} INFO - Marking task as SUCCESS. dag_id=starwarapi, task_id=extract, execution_date=20220426T011705, start_date=20220426T011901, end_date=20220426T011915
[2022-04-26 01:19:16,863] {local_task_job.py:154} INFO - Task exited with return code 0
[2022-04-26 01:19:18,530] {local_task_job.py:264} INFO - 0 downstream tasks scheduled from follow-on schedule check
