[2022-04-26 01:41:09,829] {taskinstance.py:1043} INFO - Dependencies all met for <TaskInstance: starwarapi.transform_load scheduled__2022-04-26T01:40:21.766646+00:00 [queued]>
[2022-04-26 01:41:09,990] {taskinstance.py:1043} INFO - Dependencies all met for <TaskInstance: starwarapi.transform_load scheduled__2022-04-26T01:40:21.766646+00:00 [queued]>
[2022-04-26 01:41:10,007] {taskinstance.py:1249} INFO - 
--------------------------------------------------------------------------------
[2022-04-26 01:41:10,013] {taskinstance.py:1250} INFO - Starting attempt 1 of 2
[2022-04-26 01:41:10,015] {taskinstance.py:1251} INFO - 
--------------------------------------------------------------------------------
[2022-04-26 01:41:10,063] {taskinstance.py:1270} INFO - Executing <Task(PythonOperator): transform_load> on 2022-04-26 01:40:21.766646+00:00
[2022-04-26 01:41:10,092] {standard_task_runner.py:52} INFO - Started process 1236 to run task
[2022-04-26 01:41:10,110] {standard_task_runner.py:79} INFO - Running: ['***', 'tasks', 'run', 'starwarapi', 'transform_load', 'scheduled__2022-04-26T01:40:21.766646+00:00', '--job-id', '154', '--raw', '--subdir', 'DAGS_FOLDER/starwar_dag.py', '--cfg-path', '/tmp/tmpi69uvkhd', '--error-file', '/tmp/tmph290foup']
[2022-04-26 01:41:10,114] {standard_task_runner.py:80} INFO - Job 154: Subtask transform_load
[2022-04-26 01:41:10,819] {logging_mixin.py:109} INFO - Running <TaskInstance: starwarapi.transform_load scheduled__2022-04-26T01:40:21.766646+00:00 [running]> on host 66327e1a8873
[2022-04-26 01:41:11,312] {taskinstance.py:1448} INFO - Exporting the following env vars:
AIRFLOW_CTX_DAG_OWNER=***
AIRFLOW_CTX_DAG_ID=starwarapi
AIRFLOW_CTX_TASK_ID=transform_load
AIRFLOW_CTX_EXECUTION_DATE=2022-04-26T01:40:21.766646+00:00
AIRFLOW_CTX_DAG_RUN_ID=scheduled__2022-04-26T01:40:21.766646+00:00
[2022-04-26 01:41:15,541] {python.py:175} INFO - Done. Returned value was: None
[2022-04-26 01:41:15,567] {taskinstance.py:1288} INFO - Marking task as SUCCESS. dag_id=starwarapi, task_id=transform_load, execution_date=20220426T014021, start_date=20220426T014109, end_date=20220426T014115
[2022-04-26 01:41:15,665] {local_task_job.py:154} INFO - Task exited with return code 0
[2022-04-26 01:41:15,956] {local_task_job.py:264} INFO - 1 downstream tasks scheduled from follow-on schedule check
