[2022-04-26 01:30:33,516] {taskinstance.py:1043} INFO - Dependencies all met for <TaskInstance: starwarapi.transform_load scheduled__2022-04-26T01:29:51.766646+00:00 [queued]>
[2022-04-26 01:30:33,553] {taskinstance.py:1043} INFO - Dependencies all met for <TaskInstance: starwarapi.transform_load scheduled__2022-04-26T01:29:51.766646+00:00 [queued]>
[2022-04-26 01:30:33,555] {taskinstance.py:1249} INFO - 
--------------------------------------------------------------------------------
[2022-04-26 01:30:33,559] {taskinstance.py:1250} INFO - Starting attempt 1 of 2
[2022-04-26 01:30:33,567] {taskinstance.py:1251} INFO - 
--------------------------------------------------------------------------------
[2022-04-26 01:30:33,651] {taskinstance.py:1270} INFO - Executing <Task(PythonOperator): transform_load> on 2022-04-26 01:29:51.766646+00:00
[2022-04-26 01:30:33,689] {standard_task_runner.py:52} INFO - Started process 648 to run task
[2022-04-26 01:30:33,716] {standard_task_runner.py:79} INFO - Running: ['***', 'tasks', 'run', 'starwarapi', 'transform_load', 'scheduled__2022-04-26T01:29:51.766646+00:00', '--job-id', '70', '--raw', '--subdir', 'DAGS_FOLDER/starwar_dag.py', '--cfg-path', '/tmp/tmp5kick0o5', '--error-file', '/tmp/tmpr4tx54mg']
[2022-04-26 01:30:33,720] {standard_task_runner.py:80} INFO - Job 70: Subtask transform_load
[2022-04-26 01:30:33,991] {logging_mixin.py:109} INFO - Running <TaskInstance: starwarapi.transform_load scheduled__2022-04-26T01:29:51.766646+00:00 [running]> on host 66327e1a8873
[2022-04-26 01:30:34,308] {taskinstance.py:1448} INFO - Exporting the following env vars:
AIRFLOW_CTX_DAG_OWNER=***
AIRFLOW_CTX_DAG_ID=starwarapi
AIRFLOW_CTX_TASK_ID=transform_load
AIRFLOW_CTX_EXECUTION_DATE=2022-04-26T01:29:51.766646+00:00
AIRFLOW_CTX_DAG_RUN_ID=scheduled__2022-04-26T01:29:51.766646+00:00
[2022-04-26 01:30:35,610] {python.py:175} INFO - Done. Returned value was: None
[2022-04-26 01:30:35,650] {taskinstance.py:1288} INFO - Marking task as SUCCESS. dag_id=starwarapi, task_id=transform_load, execution_date=20220426T012951, start_date=20220426T013033, end_date=20220426T013035
[2022-04-26 01:30:35,749] {local_task_job.py:154} INFO - Task exited with return code 0
[2022-04-26 01:30:36,111] {local_task_job.py:264} INFO - 1 downstream tasks scheduled from follow-on schedule check
