[2022-04-26 01:40:54,234] {taskinstance.py:1043} INFO - Dependencies all met for <TaskInstance: starwarapi.extract scheduled__2022-04-26T01:40:21.766646+00:00 [queued]>
[2022-04-26 01:40:54,261] {taskinstance.py:1043} INFO - Dependencies all met for <TaskInstance: starwarapi.extract scheduled__2022-04-26T01:40:21.766646+00:00 [queued]>
[2022-04-26 01:40:54,263] {taskinstance.py:1249} INFO - 
--------------------------------------------------------------------------------
[2022-04-26 01:40:54,264] {taskinstance.py:1250} INFO - Starting attempt 1 of 2
[2022-04-26 01:40:54,265] {taskinstance.py:1251} INFO - 
--------------------------------------------------------------------------------
[2022-04-26 01:40:54,298] {taskinstance.py:1270} INFO - Executing <Task(PythonOperator): extract> on 2022-04-26 01:40:21.766646+00:00
[2022-04-26 01:40:54,343] {standard_task_runner.py:52} INFO - Started process 1224 to run task
[2022-04-26 01:40:54,877] {standard_task_runner.py:79} INFO - Running: ['***', 'tasks', 'run', 'starwarapi', 'extract', 'scheduled__2022-04-26T01:40:21.766646+00:00', '--job-id', '152', '--raw', '--subdir', 'DAGS_FOLDER/starwar_dag.py', '--cfg-path', '/tmp/tmpupa82a8q', '--error-file', '/tmp/tmps933di9d']
[2022-04-26 01:40:54,891] {standard_task_runner.py:80} INFO - Job 152: Subtask extract
[2022-04-26 01:40:55,477] {logging_mixin.py:109} INFO - Running <TaskInstance: starwarapi.extract scheduled__2022-04-26T01:40:21.766646+00:00 [running]> on host 66327e1a8873
[2022-04-26 01:40:55,799] {taskinstance.py:1448} INFO - Exporting the following env vars:
AIRFLOW_CTX_DAG_OWNER=***
AIRFLOW_CTX_DAG_ID=starwarapi
AIRFLOW_CTX_TASK_ID=extract
AIRFLOW_CTX_EXECUTION_DATE=2022-04-26T01:40:21.766646+00:00
AIRFLOW_CTX_DAG_RUN_ID=scheduled__2022-04-26T01:40:21.766646+00:00
[2022-04-26 01:40:59,508] {logging_mixin.py:109} INFO - <Response [200]>
[2022-04-26 01:40:59,589] {python.py:175} INFO - Done. Returned value was: None
[2022-04-26 01:41:00,292] {taskinstance.py:1288} INFO - Marking task as SUCCESS. dag_id=starwarapi, task_id=extract, execution_date=20220426T014021, start_date=20220426T014054, end_date=20220426T014100
[2022-04-26 01:41:01,243] {local_task_job.py:212} WARNING - State of this instance has been externally set to success. Terminating instance.
[2022-04-26 01:41:01,813] {process_utils.py:124} INFO - Sending Signals.SIGTERM to group 1224. PIDs of all processes in the group: [1224]
[2022-04-26 01:41:01,816] {process_utils.py:75} INFO - Sending the signal Signals.SIGTERM to group 1224
[2022-04-26 01:41:01,827] {process_utils.py:70} INFO - Process psutil.Process(pid=1224, status='terminated', exitcode=0, started='01:40:53') (1224) terminated with exit code 0
