[2022-04-26 01:38:02,733] {taskinstance.py:1043} INFO - Dependencies all met for <TaskInstance: starwarapi.transform_load scheduled__2022-04-26T01:37:21.766646+00:00 [queued]>
[2022-04-26 01:38:02,837] {taskinstance.py:1043} INFO - Dependencies all met for <TaskInstance: starwarapi.transform_load scheduled__2022-04-26T01:37:21.766646+00:00 [queued]>
[2022-04-26 01:38:02,840] {taskinstance.py:1249} INFO - 
--------------------------------------------------------------------------------
[2022-04-26 01:38:02,842] {taskinstance.py:1250} INFO - Starting attempt 1 of 2
[2022-04-26 01:38:02,844] {taskinstance.py:1251} INFO - 
--------------------------------------------------------------------------------
[2022-04-26 01:38:02,934] {taskinstance.py:1270} INFO - Executing <Task(PythonOperator): transform_load> on 2022-04-26 01:37:21.766646+00:00
[2022-04-26 01:38:02,984] {standard_task_runner.py:52} INFO - Started process 1063 to run task
[2022-04-26 01:38:03,022] {standard_task_runner.py:79} INFO - Running: ['***', 'tasks', 'run', 'starwarapi', 'transform_load', 'scheduled__2022-04-26T01:37:21.766646+00:00', '--job-id', '130', '--raw', '--subdir', 'DAGS_FOLDER/starwar_dag.py', '--cfg-path', '/tmp/tmpr6l_h3go', '--error-file', '/tmp/tmpdwczd8kx']
[2022-04-26 01:38:03,090] {standard_task_runner.py:80} INFO - Job 130: Subtask transform_load
[2022-04-26 01:38:03,548] {logging_mixin.py:109} INFO - Running <TaskInstance: starwarapi.transform_load scheduled__2022-04-26T01:37:21.766646+00:00 [running]> on host 66327e1a8873
[2022-04-26 01:38:04,108] {taskinstance.py:1448} INFO - Exporting the following env vars:
AIRFLOW_CTX_DAG_OWNER=***
AIRFLOW_CTX_DAG_ID=starwarapi
AIRFLOW_CTX_TASK_ID=transform_load
AIRFLOW_CTX_EXECUTION_DATE=2022-04-26T01:37:21.766646+00:00
AIRFLOW_CTX_DAG_RUN_ID=scheduled__2022-04-26T01:37:21.766646+00:00
[2022-04-26 01:38:08,368] {python.py:175} INFO - Done. Returned value was: None
[2022-04-26 01:38:08,424] {taskinstance.py:1288} INFO - Marking task as SUCCESS. dag_id=starwarapi, task_id=transform_load, execution_date=20220426T013721, start_date=20220426T013802, end_date=20220426T013808
[2022-04-26 01:38:08,925] {local_task_job.py:154} INFO - Task exited with return code 0
[2022-04-26 01:38:09,096] {local_task_job.py:264} INFO - 1 downstream tasks scheduled from follow-on schedule check
