[2022-04-26 01:19:01,226] {taskinstance.py:1043} INFO - Dependencies all met for <TaskInstance: starwarapi.extract scheduled__2022-04-26T00:49:49.654927+00:00 [queued]>
[2022-04-26 01:19:01,785] {taskinstance.py:1043} INFO - Dependencies all met for <TaskInstance: starwarapi.extract scheduled__2022-04-26T00:49:49.654927+00:00 [queued]>
[2022-04-26 01:19:01,806] {taskinstance.py:1249} INFO - 
--------------------------------------------------------------------------------
[2022-04-26 01:19:01,814] {taskinstance.py:1250} INFO - Starting attempt 1 of 2
[2022-04-26 01:19:01,835] {taskinstance.py:1251} INFO - 
--------------------------------------------------------------------------------
[2022-04-26 01:19:03,186] {taskinstance.py:1270} INFO - Executing <Task(PythonOperator): extract> on 2022-04-26 00:49:49.654927+00:00
[2022-04-26 01:19:04,047] {standard_task_runner.py:52} INFO - Started process 106 to run task
[2022-04-26 01:19:04,816] {standard_task_runner.py:79} INFO - Running: ['***', 'tasks', 'run', 'starwarapi', 'extract', 'scheduled__2022-04-26T00:49:49.654927+00:00', '--job-id', '18', '--raw', '--subdir', 'DAGS_FOLDER/starwar_dag.py', '--cfg-path', '/tmp/tmp9qepuscm', '--error-file', '/tmp/tmprghi23cq']
[2022-04-26 01:19:05,040] {standard_task_runner.py:80} INFO - Job 18: Subtask extract
[2022-04-26 01:19:10,835] {logging_mixin.py:109} INFO - Running <TaskInstance: starwarapi.extract scheduled__2022-04-26T00:49:49.654927+00:00 [running]> on host 66327e1a8873
[2022-04-26 01:19:14,998] {taskinstance.py:1448} INFO - Exporting the following env vars:
AIRFLOW_CTX_DAG_OWNER=***
AIRFLOW_CTX_DAG_ID=starwarapi
AIRFLOW_CTX_TASK_ID=extract
AIRFLOW_CTX_EXECUTION_DATE=2022-04-26T00:49:49.654927+00:00
AIRFLOW_CTX_DAG_RUN_ID=scheduled__2022-04-26T00:49:49.654927+00:00
[2022-04-26 01:19:16,838] {logging_mixin.py:109} INFO - <Response [200]>
[2022-04-26 01:19:16,941] {python.py:175} INFO - Done. Returned value was: None
[2022-04-26 01:19:17,401] {taskinstance.py:1288} INFO - Marking task as SUCCESS. dag_id=starwarapi, task_id=extract, execution_date=20220426T004949, start_date=20220426T011901, end_date=20220426T011917
[2022-04-26 01:19:19,201] {local_task_job.py:212} WARNING - State of this instance has been externally set to success. Terminating instance.
[2022-04-26 01:19:19,424] {process_utils.py:124} INFO - Sending Signals.SIGTERM to group 106. PIDs of all processes in the group: [106]
[2022-04-26 01:19:19,479] {process_utils.py:75} INFO - Sending the signal Signals.SIGTERM to group 106
[2022-04-26 01:19:19,563] {process_utils.py:70} INFO - Process psutil.Process(pid=106, status='terminated', exitcode=0, started='01:19:03') (106) terminated with exit code 0
