[2022-04-26 01:23:56,756] {taskinstance.py:1043} INFO - Dependencies all met for <TaskInstance: starwarapi.loaded manual__2022-04-26T01:23:46.966955+00:00 [queued]>
[2022-04-26 01:23:56,808] {taskinstance.py:1043} INFO - Dependencies all met for <TaskInstance: starwarapi.loaded manual__2022-04-26T01:23:46.966955+00:00 [queued]>
[2022-04-26 01:23:56,850] {taskinstance.py:1249} INFO - 
--------------------------------------------------------------------------------
[2022-04-26 01:23:56,861] {taskinstance.py:1250} INFO - Starting attempt 1 of 2
[2022-04-26 01:23:56,871] {taskinstance.py:1251} INFO - 
--------------------------------------------------------------------------------
[2022-04-26 01:23:56,918] {taskinstance.py:1270} INFO - Executing <Task(BashOperator): loaded> on 2022-04-26 01:23:46.966955+00:00
[2022-04-26 01:23:56,946] {standard_task_runner.py:52} INFO - Started process 370 to run task
[2022-04-26 01:23:56,954] {standard_task_runner.py:79} INFO - Running: ['***', 'tasks', 'run', 'starwarapi', 'loaded', 'manual__2022-04-26T01:23:46.966955+00:00', '--job-id', '51', '--raw', '--subdir', 'DAGS_FOLDER/starwar_dag.py', '--cfg-path', '/tmp/tmpohk69uui', '--error-file', '/tmp/tmpop54yjj2']
[2022-04-26 01:23:56,958] {standard_task_runner.py:80} INFO - Job 51: Subtask loaded
[2022-04-26 01:23:57,178] {logging_mixin.py:109} INFO - Running <TaskInstance: starwarapi.loaded manual__2022-04-26T01:23:46.966955+00:00 [running]> on host 66327e1a8873
[2022-04-26 01:23:57,524] {taskinstance.py:1448} INFO - Exporting the following env vars:
AIRFLOW_CTX_DAG_OWNER=***
AIRFLOW_CTX_DAG_ID=starwarapi
AIRFLOW_CTX_TASK_ID=loaded
AIRFLOW_CTX_EXECUTION_DATE=2022-04-26T01:23:46.966955+00:00
AIRFLOW_CTX_DAG_RUN_ID=manual__2022-04-26T01:23:46.966955+00:00
[2022-04-26 01:23:57,548] {subprocess.py:62} INFO - Tmp dir root location: 
 /tmp
[2022-04-26 01:23:57,565] {subprocess.py:74} INFO - Running command: ['bash', '-c', "echo 'Data_loaded_to_CSV'"]
[2022-04-26 01:23:57,678] {subprocess.py:85} INFO - Output:
[2022-04-26 01:23:57,720] {subprocess.py:89} INFO - Data_loaded_to_CSV
[2022-04-26 01:23:57,723] {subprocess.py:93} INFO - Command exited with return code 0
[2022-04-26 01:23:57,829] {taskinstance.py:1288} INFO - Marking task as SUCCESS. dag_id=starwarapi, task_id=loaded, execution_date=20220426T012346, start_date=20220426T012356, end_date=20220426T012357
[2022-04-26 01:23:57,943] {local_task_job.py:154} INFO - Task exited with return code 0
[2022-04-26 01:23:58,128] {local_task_job.py:264} INFO - 0 downstream tasks scheduled from follow-on schedule check
