[2022-04-26 01:31:52,746] {taskinstance.py:1043} INFO - Dependencies all met for <TaskInstance: starwarapi.extract scheduled__2022-04-26T01:31:21.766646+00:00 [queued]>
[2022-04-26 01:31:52,796] {taskinstance.py:1043} INFO - Dependencies all met for <TaskInstance: starwarapi.extract scheduled__2022-04-26T01:31:21.766646+00:00 [queued]>
[2022-04-26 01:31:52,800] {taskinstance.py:1249} INFO - 
--------------------------------------------------------------------------------
[2022-04-26 01:31:52,802] {taskinstance.py:1250} INFO - Starting attempt 1 of 2
[2022-04-26 01:31:52,805] {taskinstance.py:1251} INFO - 
--------------------------------------------------------------------------------
[2022-04-26 01:31:52,867] {taskinstance.py:1270} INFO - Executing <Task(PythonOperator): extract> on 2022-04-26 01:31:21.766646+00:00
[2022-04-26 01:31:52,897] {standard_task_runner.py:52} INFO - Started process 723 to run task
[2022-04-26 01:31:52,917] {standard_task_runner.py:79} INFO - Running: ['***', 'tasks', 'run', 'starwarapi', 'extract', 'scheduled__2022-04-26T01:31:21.766646+00:00', '--job-id', '80', '--raw', '--subdir', 'DAGS_FOLDER/starwar_dag.py', '--cfg-path', '/tmp/tmpt_hikemm', '--error-file', '/tmp/tmplb0a7364']
[2022-04-26 01:31:52,931] {standard_task_runner.py:80} INFO - Job 80: Subtask extract
[2022-04-26 01:31:53,462] {logging_mixin.py:109} INFO - Running <TaskInstance: starwarapi.extract scheduled__2022-04-26T01:31:21.766646+00:00 [running]> on host 66327e1a8873
[2022-04-26 01:31:54,097] {taskinstance.py:1448} INFO - Exporting the following env vars:
AIRFLOW_CTX_DAG_OWNER=***
AIRFLOW_CTX_DAG_ID=starwarapi
AIRFLOW_CTX_TASK_ID=extract
AIRFLOW_CTX_EXECUTION_DATE=2022-04-26T01:31:21.766646+00:00
AIRFLOW_CTX_DAG_RUN_ID=scheduled__2022-04-26T01:31:21.766646+00:00
[2022-04-26 01:31:55,679] {logging_mixin.py:109} INFO - <Response [200]>
[2022-04-26 01:31:55,688] {python.py:175} INFO - Done. Returned value was: None
[2022-04-26 01:31:55,740] {taskinstance.py:1288} INFO - Marking task as SUCCESS. dag_id=starwarapi, task_id=extract, execution_date=20220426T013121, start_date=20220426T013152, end_date=20220426T013155
[2022-04-26 01:31:55,867] {local_task_job.py:154} INFO - Task exited with return code 0
[2022-04-26 01:31:56,051] {local_task_job.py:264} INFO - 1 downstream tasks scheduled from follow-on schedule check
