[2022-04-26 01:41:56,961] {taskinstance.py:1043} INFO - Dependencies all met for <TaskInstance: starwarapi.extracted scheduled__2022-04-26T01:40:51.766646+00:00 [queued]>
[2022-04-26 01:41:56,991] {taskinstance.py:1043} INFO - Dependencies all met for <TaskInstance: starwarapi.extracted scheduled__2022-04-26T01:40:51.766646+00:00 [queued]>
[2022-04-26 01:41:56,993] {taskinstance.py:1249} INFO - 
--------------------------------------------------------------------------------
[2022-04-26 01:41:56,995] {taskinstance.py:1250} INFO - Starting attempt 1 of 2
[2022-04-26 01:41:56,996] {taskinstance.py:1251} INFO - 
--------------------------------------------------------------------------------
[2022-04-26 01:41:57,041] {taskinstance.py:1270} INFO - Executing <Task(BashOperator): extracted> on 2022-04-26 01:40:51.766646+00:00
[2022-04-26 01:41:57,056] {standard_task_runner.py:52} INFO - Started process 1271 to run task
[2022-04-26 01:41:57,065] {standard_task_runner.py:79} INFO - Running: ['***', 'tasks', 'run', 'starwarapi', 'extracted', 'scheduled__2022-04-26T01:40:51.766646+00:00', '--job-id', '157', '--raw', '--subdir', 'DAGS_FOLDER/starwar_dag.py', '--cfg-path', '/tmp/tmpvt4yjzoz', '--error-file', '/tmp/tmpw__qdipz']
[2022-04-26 01:41:57,072] {standard_task_runner.py:80} INFO - Job 157: Subtask extracted
[2022-04-26 01:41:57,227] {logging_mixin.py:109} INFO - Running <TaskInstance: starwarapi.extracted scheduled__2022-04-26T01:40:51.766646+00:00 [running]> on host 66327e1a8873
[2022-04-26 01:41:57,441] {taskinstance.py:1448} INFO - Exporting the following env vars:
AIRFLOW_CTX_DAG_OWNER=***
AIRFLOW_CTX_DAG_ID=starwarapi
AIRFLOW_CTX_TASK_ID=extracted
AIRFLOW_CTX_EXECUTION_DATE=2022-04-26T01:40:51.766646+00:00
AIRFLOW_CTX_DAG_RUN_ID=scheduled__2022-04-26T01:40:51.766646+00:00
[2022-04-26 01:41:57,446] {subprocess.py:62} INFO - Tmp dir root location: 
 /tmp
[2022-04-26 01:41:57,448] {subprocess.py:74} INFO - Running command: ['bash', '-c', "echo 'Data_Extracted'"]
[2022-04-26 01:41:57,473] {subprocess.py:85} INFO - Output:
[2022-04-26 01:41:57,480] {subprocess.py:89} INFO - Data_Extracted
[2022-04-26 01:41:57,482] {subprocess.py:93} INFO - Command exited with return code 0
[2022-04-26 01:41:57,531] {taskinstance.py:1288} INFO - Marking task as SUCCESS. dag_id=starwarapi, task_id=extracted, execution_date=20220426T014051, start_date=20220426T014156, end_date=20220426T014157
[2022-04-26 01:41:57,638] {local_task_job.py:154} INFO - Task exited with return code 0
[2022-04-26 01:41:57,742] {local_task_job.py:264} INFO - 1 downstream tasks scheduled from follow-on schedule check
