[2022-04-25 23:59:47,173] {taskinstance.py:1043} INFO - Dependencies all met for <TaskInstance: starwarapi.extracted manual__2022-04-25T23:59:42.725452+00:00 [queued]>
[2022-04-25 23:59:47,268] {taskinstance.py:1043} INFO - Dependencies all met for <TaskInstance: starwarapi.extracted manual__2022-04-25T23:59:42.725452+00:00 [queued]>
[2022-04-25 23:59:47,269] {taskinstance.py:1249} INFO - 
--------------------------------------------------------------------------------
[2022-04-25 23:59:47,271] {taskinstance.py:1250} INFO - Starting attempt 1 of 2
[2022-04-25 23:59:47,272] {taskinstance.py:1251} INFO - 
--------------------------------------------------------------------------------
[2022-04-25 23:59:47,352] {taskinstance.py:1270} INFO - Executing <Task(BashOperator): extracted> on 2022-04-25 23:59:42.725452+00:00
[2022-04-25 23:59:47,369] {standard_task_runner.py:52} INFO - Started process 167 to run task
[2022-04-25 23:59:47,422] {standard_task_runner.py:79} INFO - Running: ['***', 'tasks', 'run', 'starwarapi', 'extracted', 'manual__2022-04-25T23:59:42.725452+00:00', '--job-id', '4', '--raw', '--subdir', 'DAGS_FOLDER/starwar_dag.py', '--cfg-path', '/tmp/tmpolsl8aqi', '--error-file', '/tmp/tmp96_qj6ue']
[2022-04-25 23:59:47,428] {standard_task_runner.py:80} INFO - Job 4: Subtask extracted
[2022-04-25 23:59:47,696] {logging_mixin.py:109} INFO - Running <TaskInstance: starwarapi.extracted manual__2022-04-25T23:59:42.725452+00:00 [running]> on host 9333772ee88e
[2022-04-25 23:59:47,905] {taskinstance.py:1448} INFO - Exporting the following env vars:
AIRFLOW_CTX_DAG_OWNER=***
AIRFLOW_CTX_DAG_ID=starwarapi
AIRFLOW_CTX_TASK_ID=extracted
AIRFLOW_CTX_EXECUTION_DATE=2022-04-25T23:59:42.725452+00:00
AIRFLOW_CTX_DAG_RUN_ID=manual__2022-04-25T23:59:42.725452+00:00
[2022-04-25 23:59:47,911] {subprocess.py:62} INFO - Tmp dir root location: 
 /tmp
[2022-04-25 23:59:47,915] {subprocess.py:74} INFO - Running command: ['bash', '-c', "echo 'Data_Extracted'"]
[2022-04-25 23:59:48,000] {subprocess.py:85} INFO - Output:
[2022-04-25 23:59:48,002] {subprocess.py:89} INFO - Data_Extracted
[2022-04-25 23:59:48,005] {subprocess.py:93} INFO - Command exited with return code 0
[2022-04-25 23:59:48,109] {taskinstance.py:1288} INFO - Marking task as SUCCESS. dag_id=starwarapi, task_id=extracted, execution_date=20220425T235942, start_date=20220425T235947, end_date=20220425T235948
[2022-04-25 23:59:48,227] {local_task_job.py:154} INFO - Task exited with return code 0
[2022-04-25 23:59:48,397] {local_task_job.py:264} INFO - 1 downstream tasks scheduled from follow-on schedule check
