[2022-04-26 01:39:58,534] {taskinstance.py:1043} INFO - Dependencies all met for <TaskInstance: starwarapi.transform_load scheduled__2022-04-26T01:39:21.766646+00:00 [queued]>
[2022-04-26 01:39:58,574] {taskinstance.py:1043} INFO - Dependencies all met for <TaskInstance: starwarapi.transform_load scheduled__2022-04-26T01:39:21.766646+00:00 [queued]>
[2022-04-26 01:39:58,583] {taskinstance.py:1249} INFO - 
--------------------------------------------------------------------------------
[2022-04-26 01:39:58,584] {taskinstance.py:1250} INFO - Starting attempt 1 of 2
[2022-04-26 01:39:58,585] {taskinstance.py:1251} INFO - 
--------------------------------------------------------------------------------
[2022-04-26 01:39:58,618] {taskinstance.py:1270} INFO - Executing <Task(PythonOperator): transform_load> on 2022-04-26 01:39:21.766646+00:00
[2022-04-26 01:39:58,649] {standard_task_runner.py:52} INFO - Started process 1175 to run task
[2022-04-26 01:39:58,660] {standard_task_runner.py:79} INFO - Running: ['***', 'tasks', 'run', 'starwarapi', 'transform_load', 'scheduled__2022-04-26T01:39:21.766646+00:00', '--job-id', '146', '--raw', '--subdir', 'DAGS_FOLDER/starwar_dag.py', '--cfg-path', '/tmp/tmp0f18b0pv', '--error-file', '/tmp/tmp1nnl7ncz']
[2022-04-26 01:39:58,693] {standard_task_runner.py:80} INFO - Job 146: Subtask transform_load
[2022-04-26 01:39:59,483] {logging_mixin.py:109} INFO - Running <TaskInstance: starwarapi.transform_load scheduled__2022-04-26T01:39:21.766646+00:00 [running]> on host 66327e1a8873
[2022-04-26 01:40:00,156] {taskinstance.py:1448} INFO - Exporting the following env vars:
AIRFLOW_CTX_DAG_OWNER=***
AIRFLOW_CTX_DAG_ID=starwarapi
AIRFLOW_CTX_TASK_ID=transform_load
AIRFLOW_CTX_EXECUTION_DATE=2022-04-26T01:39:21.766646+00:00
AIRFLOW_CTX_DAG_RUN_ID=scheduled__2022-04-26T01:39:21.766646+00:00
[2022-04-26 01:40:08,115] {python.py:175} INFO - Done. Returned value was: None
[2022-04-26 01:40:08,165] {taskinstance.py:1288} INFO - Marking task as SUCCESS. dag_id=starwarapi, task_id=transform_load, execution_date=20220426T013921, start_date=20220426T013958, end_date=20220426T014008
[2022-04-26 01:40:08,276] {local_task_job.py:154} INFO - Task exited with return code 0
[2022-04-26 01:40:08,380] {local_task_job.py:264} INFO - 1 downstream tasks scheduled from follow-on schedule check
