[2022-04-26 01:36:40,899] {taskinstance.py:1043} INFO - Dependencies all met for <TaskInstance: starwarapi.loaded scheduled__2022-04-26T01:35:51.766646+00:00 [queued]>
[2022-04-26 01:36:41,137] {taskinstance.py:1043} INFO - Dependencies all met for <TaskInstance: starwarapi.loaded scheduled__2022-04-26T01:35:51.766646+00:00 [queued]>
[2022-04-26 01:36:41,143] {taskinstance.py:1249} INFO - 
--------------------------------------------------------------------------------
[2022-04-26 01:36:41,146] {taskinstance.py:1250} INFO - Starting attempt 1 of 2
[2022-04-26 01:36:41,151] {taskinstance.py:1251} INFO - 
--------------------------------------------------------------------------------
[2022-04-26 01:36:41,283] {taskinstance.py:1270} INFO - Executing <Task(BashOperator): loaded> on 2022-04-26 01:35:51.766646+00:00
[2022-04-26 01:36:41,325] {standard_task_runner.py:52} INFO - Started process 984 to run task
[2022-04-26 01:36:41,352] {standard_task_runner.py:79} INFO - Running: ['***', 'tasks', 'run', 'starwarapi', 'loaded', 'scheduled__2022-04-26T01:35:51.766646+00:00', '--job-id', '119', '--raw', '--subdir', 'DAGS_FOLDER/starwar_dag.py', '--cfg-path', '/tmp/tmpid9km8qr', '--error-file', '/tmp/tmpt14wq45_']
[2022-04-26 01:36:41,354] {standard_task_runner.py:80} INFO - Job 119: Subtask loaded
[2022-04-26 01:36:42,377] {logging_mixin.py:109} INFO - Running <TaskInstance: starwarapi.loaded scheduled__2022-04-26T01:35:51.766646+00:00 [running]> on host 66327e1a8873
[2022-04-26 01:36:42,846] {taskinstance.py:1448} INFO - Exporting the following env vars:
AIRFLOW_CTX_DAG_OWNER=***
AIRFLOW_CTX_DAG_ID=starwarapi
AIRFLOW_CTX_TASK_ID=loaded
AIRFLOW_CTX_EXECUTION_DATE=2022-04-26T01:35:51.766646+00:00
AIRFLOW_CTX_DAG_RUN_ID=scheduled__2022-04-26T01:35:51.766646+00:00
[2022-04-26 01:36:42,856] {subprocess.py:62} INFO - Tmp dir root location: 
 /tmp
[2022-04-26 01:36:42,859] {subprocess.py:74} INFO - Running command: ['bash', '-c', "echo 'Data_loaded_to_CSV'"]
[2022-04-26 01:36:42,899] {subprocess.py:85} INFO - Output:
[2022-04-26 01:36:42,901] {subprocess.py:89} INFO - Data_loaded_to_CSV
[2022-04-26 01:36:42,903] {subprocess.py:93} INFO - Command exited with return code 0
[2022-04-26 01:36:42,970] {taskinstance.py:1288} INFO - Marking task as SUCCESS. dag_id=starwarapi, task_id=loaded, execution_date=20220426T013551, start_date=20220426T013640, end_date=20220426T013642
[2022-04-26 01:36:43,141] {local_task_job.py:154} INFO - Task exited with return code 0
[2022-04-26 01:36:43,236] {local_task_job.py:264} INFO - 0 downstream tasks scheduled from follow-on schedule check
