[2022-04-26 01:39:52,587] {taskinstance.py:1043} INFO - Dependencies all met for <TaskInstance: starwarapi.extract scheduled__2022-04-26T01:39:21.766646+00:00 [queued]>
[2022-04-26 01:39:52,603] {taskinstance.py:1043} INFO - Dependencies all met for <TaskInstance: starwarapi.extract scheduled__2022-04-26T01:39:21.766646+00:00 [queued]>
[2022-04-26 01:39:52,604] {taskinstance.py:1249} INFO - 
--------------------------------------------------------------------------------
[2022-04-26 01:39:52,605] {taskinstance.py:1250} INFO - Starting attempt 1 of 2
[2022-04-26 01:39:52,606] {taskinstance.py:1251} INFO - 
--------------------------------------------------------------------------------
[2022-04-26 01:39:52,623] {taskinstance.py:1270} INFO - Executing <Task(PythonOperator): extract> on 2022-04-26 01:39:21.766646+00:00
[2022-04-26 01:39:52,629] {standard_task_runner.py:52} INFO - Started process 1161 to run task
[2022-04-26 01:39:52,635] {standard_task_runner.py:79} INFO - Running: ['***', 'tasks', 'run', 'starwarapi', 'extract', 'scheduled__2022-04-26T01:39:21.766646+00:00', '--job-id', '144', '--raw', '--subdir', 'DAGS_FOLDER/starwar_dag.py', '--cfg-path', '/tmp/tmpgwecg8js', '--error-file', '/tmp/tmp0g0b0_gb']
[2022-04-26 01:39:52,636] {standard_task_runner.py:80} INFO - Job 144: Subtask extract
[2022-04-26 01:39:52,716] {logging_mixin.py:109} INFO - Running <TaskInstance: starwarapi.extract scheduled__2022-04-26T01:39:21.766646+00:00 [running]> on host 66327e1a8873
[2022-04-26 01:39:52,788] {taskinstance.py:1448} INFO - Exporting the following env vars:
AIRFLOW_CTX_DAG_OWNER=***
AIRFLOW_CTX_DAG_ID=starwarapi
AIRFLOW_CTX_TASK_ID=extract
AIRFLOW_CTX_EXECUTION_DATE=2022-04-26T01:39:21.766646+00:00
AIRFLOW_CTX_DAG_RUN_ID=scheduled__2022-04-26T01:39:21.766646+00:00
[2022-04-26 01:39:55,603] {logging_mixin.py:109} INFO - <Response [200]>
[2022-04-26 01:39:55,609] {python.py:175} INFO - Done. Returned value was: None
[2022-04-26 01:39:55,638] {taskinstance.py:1288} INFO - Marking task as SUCCESS. dag_id=starwarapi, task_id=extract, execution_date=20220426T013921, start_date=20220426T013952, end_date=20220426T013955
[2022-04-26 01:39:55,765] {local_task_job.py:154} INFO - Task exited with return code 0
[2022-04-26 01:39:55,889] {local_task_job.py:264} INFO - 0 downstream tasks scheduled from follow-on schedule check
