[2022-04-26 01:19:28,307] {taskinstance.py:1043} INFO - Dependencies all met for <TaskInstance: starwarapi.extracted scheduled__2022-04-26T01:17:05.889191+00:00 [queued]>
[2022-04-26 01:19:29,070] {taskinstance.py:1043} INFO - Dependencies all met for <TaskInstance: starwarapi.extracted scheduled__2022-04-26T01:17:05.889191+00:00 [queued]>
[2022-04-26 01:19:29,081] {taskinstance.py:1249} INFO - 
--------------------------------------------------------------------------------
[2022-04-26 01:19:29,083] {taskinstance.py:1250} INFO - Starting attempt 1 of 2
[2022-04-26 01:19:29,090] {taskinstance.py:1251} INFO - 
--------------------------------------------------------------------------------
[2022-04-26 01:19:30,848] {taskinstance.py:1270} INFO - Executing <Task(BashOperator): extracted> on 2022-04-26 01:17:05.889191+00:00
[2022-04-26 01:19:31,645] {standard_task_runner.py:52} INFO - Started process 134 to run task
[2022-04-26 01:19:32,277] {standard_task_runner.py:79} INFO - Running: ['***', 'tasks', 'run', 'starwarapi', 'extracted', 'scheduled__2022-04-26T01:17:05.889191+00:00', '--job-id', '21', '--raw', '--subdir', 'DAGS_FOLDER/starwar_dag.py', '--cfg-path', '/tmp/tmpmgmoaxzp', '--error-file', '/tmp/tmp_8qavcmp']
[2022-04-26 01:19:32,539] {standard_task_runner.py:80} INFO - Job 21: Subtask extracted
[2022-04-26 01:19:38,869] {logging_mixin.py:109} INFO - Running <TaskInstance: starwarapi.extracted scheduled__2022-04-26T01:17:05.889191+00:00 [running]> on host 66327e1a8873
[2022-04-26 01:19:42,096] {taskinstance.py:1448} INFO - Exporting the following env vars:
AIRFLOW_CTX_DAG_OWNER=***
AIRFLOW_CTX_DAG_ID=starwarapi
AIRFLOW_CTX_TASK_ID=extracted
AIRFLOW_CTX_EXECUTION_DATE=2022-04-26T01:17:05.889191+00:00
AIRFLOW_CTX_DAG_RUN_ID=scheduled__2022-04-26T01:17:05.889191+00:00
[2022-04-26 01:19:42,130] {subprocess.py:62} INFO - Tmp dir root location: 
 /tmp
[2022-04-26 01:19:42,181] {subprocess.py:74} INFO - Running command: ['bash', '-c', "echo 'Data_Extracted'"]
[2022-04-26 01:19:42,761] {subprocess.py:85} INFO - Output:
[2022-04-26 01:19:42,838] {subprocess.py:89} INFO - Data_Extracted
[2022-04-26 01:19:42,848] {subprocess.py:93} INFO - Command exited with return code 0
[2022-04-26 01:19:43,621] {taskinstance.py:1288} INFO - Marking task as SUCCESS. dag_id=starwarapi, task_id=extracted, execution_date=20220426T011705, start_date=20220426T011928, end_date=20220426T011943
[2022-04-26 01:19:44,359] {local_task_job.py:154} INFO - Task exited with return code 0
[2022-04-26 01:19:45,993] {local_task_job.py:264} INFO - 1 downstream tasks scheduled from follow-on schedule check
