[2022-04-26 01:44:00,827] {taskinstance.py:1043} INFO - Dependencies all met for <TaskInstance: starwarapi.transform_load scheduled__2022-04-26T01:42:51.766646+00:00 [queued]>
[2022-04-26 01:44:00,923] {taskinstance.py:1043} INFO - Dependencies all met for <TaskInstance: starwarapi.transform_load scheduled__2022-04-26T01:42:51.766646+00:00 [queued]>
[2022-04-26 01:44:00,930] {taskinstance.py:1249} INFO - 
--------------------------------------------------------------------------------
[2022-04-26 01:44:00,934] {taskinstance.py:1250} INFO - Starting attempt 1 of 2
[2022-04-26 01:44:00,953] {taskinstance.py:1251} INFO - 
--------------------------------------------------------------------------------
[2022-04-26 01:44:01,124] {taskinstance.py:1270} INFO - Executing <Task(PythonOperator): transform_load> on 2022-04-26 01:42:51.766646+00:00
[2022-04-26 01:44:01,139] {standard_task_runner.py:52} INFO - Started process 1379 to run task
[2022-04-26 01:44:01,165] {standard_task_runner.py:79} INFO - Running: ['***', 'tasks', 'run', 'starwarapi', 'transform_load', 'scheduled__2022-04-26T01:42:51.766646+00:00', '--job-id', '166', '--raw', '--subdir', 'DAGS_FOLDER/starwar_dag.py', '--cfg-path', '/tmp/tmpjdcpz3hq', '--error-file', '/tmp/tmp5mgrx5hj']
[2022-04-26 01:44:01,179] {standard_task_runner.py:80} INFO - Job 166: Subtask transform_load
[2022-04-26 01:44:01,481] {logging_mixin.py:109} INFO - Running <TaskInstance: starwarapi.transform_load scheduled__2022-04-26T01:42:51.766646+00:00 [running]> on host 66327e1a8873
[2022-04-26 01:44:01,745] {taskinstance.py:1448} INFO - Exporting the following env vars:
AIRFLOW_CTX_DAG_OWNER=***
AIRFLOW_CTX_DAG_ID=starwarapi
AIRFLOW_CTX_TASK_ID=transform_load
AIRFLOW_CTX_EXECUTION_DATE=2022-04-26T01:42:51.766646+00:00
AIRFLOW_CTX_DAG_RUN_ID=scheduled__2022-04-26T01:42:51.766646+00:00
[2022-04-26 01:44:02,858] {python.py:175} INFO - Done. Returned value was: None
[2022-04-26 01:44:02,903] {taskinstance.py:1288} INFO - Marking task as SUCCESS. dag_id=starwarapi, task_id=transform_load, execution_date=20220426T014251, start_date=20220426T014400, end_date=20220426T014402
[2022-04-26 01:44:03,019] {local_task_job.py:154} INFO - Task exited with return code 0
[2022-04-26 01:44:03,181] {local_task_job.py:264} INFO - 1 downstream tasks scheduled from follow-on schedule check
