[2022-04-26 01:48:46,923] {taskinstance.py:1043} INFO - Dependencies all met for <TaskInstance: starwarapi.transform_load scheduled__2022-04-26T01:47:38.733923+00:00 [queued]>
[2022-04-26 01:48:46,979] {taskinstance.py:1043} INFO - Dependencies all met for <TaskInstance: starwarapi.transform_load scheduled__2022-04-26T01:47:38.733923+00:00 [queued]>
[2022-04-26 01:48:46,997] {taskinstance.py:1249} INFO - 
--------------------------------------------------------------------------------
[2022-04-26 01:48:47,001] {taskinstance.py:1250} INFO - Starting attempt 1 of 2
[2022-04-26 01:48:47,004] {taskinstance.py:1251} INFO - 
--------------------------------------------------------------------------------
[2022-04-26 01:48:47,061] {taskinstance.py:1270} INFO - Executing <Task(PythonOperator): transform_load> on 2022-04-26 01:47:38.733923+00:00
[2022-04-26 01:48:47,095] {standard_task_runner.py:52} INFO - Started process 1589 to run task
[2022-04-26 01:48:47,112] {standard_task_runner.py:79} INFO - Running: ['***', 'tasks', 'run', 'starwarapi', 'transform_load', 'scheduled__2022-04-26T01:47:38.733923+00:00', '--job-id', '174', '--raw', '--subdir', 'DAGS_FOLDER/starwar_dag.py', '--cfg-path', '/tmp/tmp1e214mfu', '--error-file', '/tmp/tmp86k5einf']
[2022-04-26 01:48:47,122] {standard_task_runner.py:80} INFO - Job 174: Subtask transform_load
[2022-04-26 01:48:47,419] {logging_mixin.py:109} INFO - Running <TaskInstance: starwarapi.transform_load scheduled__2022-04-26T01:47:38.733923+00:00 [running]> on host 66327e1a8873
[2022-04-26 01:48:47,625] {taskinstance.py:1448} INFO - Exporting the following env vars:
AIRFLOW_CTX_DAG_OWNER=***
AIRFLOW_CTX_DAG_ID=starwarapi
AIRFLOW_CTX_TASK_ID=transform_load
AIRFLOW_CTX_EXECUTION_DATE=2022-04-26T01:47:38.733923+00:00
AIRFLOW_CTX_DAG_RUN_ID=scheduled__2022-04-26T01:47:38.733923+00:00
[2022-04-26 01:48:48,835] {python.py:175} INFO - Done. Returned value was: None
[2022-04-26 01:48:48,876] {taskinstance.py:1288} INFO - Marking task as SUCCESS. dag_id=starwarapi, task_id=transform_load, execution_date=20220426T014738, start_date=20220426T014846, end_date=20220426T014848
[2022-04-26 01:48:49,001] {local_task_job.py:154} INFO - Task exited with return code 0
[2022-04-26 01:48:49,130] {local_task_job.py:264} INFO - 1 downstream tasks scheduled from follow-on schedule check
