[2022-04-26 01:21:43,434] {taskinstance.py:1043} INFO - Dependencies all met for <TaskInstance: starwarapi.extracted manual__2022-04-26T01:21:33.403481+00:00 [queued]>
[2022-04-26 01:21:43,458] {taskinstance.py:1043} INFO - Dependencies all met for <TaskInstance: starwarapi.extracted manual__2022-04-26T01:21:33.403481+00:00 [queued]>
[2022-04-26 01:21:43,462] {taskinstance.py:1249} INFO - 
--------------------------------------------------------------------------------
[2022-04-26 01:21:43,464] {taskinstance.py:1250} INFO - Starting attempt 1 of 2
[2022-04-26 01:21:43,469] {taskinstance.py:1251} INFO - 
--------------------------------------------------------------------------------
[2022-04-26 01:21:43,532] {taskinstance.py:1270} INFO - Executing <Task(BashOperator): extracted> on 2022-04-26 01:21:33.403481+00:00
[2022-04-26 01:21:43,557] {standard_task_runner.py:79} INFO - Running: ['***', 'tasks', 'run', 'starwarapi', 'extracted', 'manual__2022-04-26T01:21:33.403481+00:00', '--job-id', '45', '--raw', '--subdir', 'DAGS_FOLDER/starwar_dag.py', '--cfg-path', '/tmp/tmpbzlnijw8', '--error-file', '/tmp/tmpfgyrri6t']
[2022-04-26 01:21:43,562] {standard_task_runner.py:80} INFO - Job 45: Subtask extracted
[2022-04-26 01:21:43,548] {standard_task_runner.py:52} INFO - Started process 262 to run task
[2022-04-26 01:21:43,780] {logging_mixin.py:109} INFO - Running <TaskInstance: starwarapi.extracted manual__2022-04-26T01:21:33.403481+00:00 [running]> on host 66327e1a8873
[2022-04-26 01:21:43,918] {taskinstance.py:1448} INFO - Exporting the following env vars:
AIRFLOW_CTX_DAG_OWNER=***
AIRFLOW_CTX_DAG_ID=starwarapi
AIRFLOW_CTX_TASK_ID=extracted
AIRFLOW_CTX_EXECUTION_DATE=2022-04-26T01:21:33.403481+00:00
AIRFLOW_CTX_DAG_RUN_ID=manual__2022-04-26T01:21:33.403481+00:00
[2022-04-26 01:21:43,920] {subprocess.py:62} INFO - Tmp dir root location: 
 /tmp
[2022-04-26 01:21:43,922] {subprocess.py:74} INFO - Running command: ['bash', '-c', "echo 'Data_Extracted'"]
[2022-04-26 01:21:43,941] {subprocess.py:85} INFO - Output:
[2022-04-26 01:21:43,945] {subprocess.py:89} INFO - Data_Extracted
[2022-04-26 01:21:43,947] {subprocess.py:93} INFO - Command exited with return code 0
[2022-04-26 01:21:44,013] {taskinstance.py:1288} INFO - Marking task as SUCCESS. dag_id=starwarapi, task_id=extracted, execution_date=20220426T012133, start_date=20220426T012143, end_date=20220426T012144
[2022-04-26 01:21:44,084] {local_task_job.py:154} INFO - Task exited with return code 0
[2022-04-26 01:21:44,212] {local_task_job.py:264} INFO - 1 downstream tasks scheduled from follow-on schedule check
