[2022-04-26 01:35:30,935] {taskinstance.py:1043} INFO - Dependencies all met for <TaskInstance: starwarapi.transform_load scheduled__2022-04-26T01:34:51.766646+00:00 [queued]>
[2022-04-26 01:35:30,998] {taskinstance.py:1043} INFO - Dependencies all met for <TaskInstance: starwarapi.transform_load scheduled__2022-04-26T01:34:51.766646+00:00 [queued]>
[2022-04-26 01:35:31,000] {taskinstance.py:1249} INFO - 
--------------------------------------------------------------------------------
[2022-04-26 01:35:31,004] {taskinstance.py:1250} INFO - Starting attempt 1 of 2
[2022-04-26 01:35:31,006] {taskinstance.py:1251} INFO - 
--------------------------------------------------------------------------------
[2022-04-26 01:35:31,204] {taskinstance.py:1270} INFO - Executing <Task(PythonOperator): transform_load> on 2022-04-26 01:34:51.766646+00:00
[2022-04-26 01:35:31,225] {standard_task_runner.py:52} INFO - Started process 932 to run task
[2022-04-26 01:35:31,283] {standard_task_runner.py:79} INFO - Running: ['***', 'tasks', 'run', 'starwarapi', 'transform_load', 'scheduled__2022-04-26T01:34:51.766646+00:00', '--job-id', '110', '--raw', '--subdir', 'DAGS_FOLDER/starwar_dag.py', '--cfg-path', '/tmp/tmp2_tr0o1r', '--error-file', '/tmp/tmplec6oraf']
[2022-04-26 01:35:31,286] {standard_task_runner.py:80} INFO - Job 110: Subtask transform_load
[2022-04-26 01:35:31,500] {logging_mixin.py:109} INFO - Running <TaskInstance: starwarapi.transform_load scheduled__2022-04-26T01:34:51.766646+00:00 [running]> on host 66327e1a8873
[2022-04-26 01:35:31,654] {taskinstance.py:1448} INFO - Exporting the following env vars:
AIRFLOW_CTX_DAG_OWNER=***
AIRFLOW_CTX_DAG_ID=starwarapi
AIRFLOW_CTX_TASK_ID=transform_load
AIRFLOW_CTX_EXECUTION_DATE=2022-04-26T01:34:51.766646+00:00
AIRFLOW_CTX_DAG_RUN_ID=scheduled__2022-04-26T01:34:51.766646+00:00
[2022-04-26 01:35:33,038] {python.py:175} INFO - Done. Returned value was: None
[2022-04-26 01:35:33,097] {taskinstance.py:1288} INFO - Marking task as SUCCESS. dag_id=starwarapi, task_id=transform_load, execution_date=20220426T013451, start_date=20220426T013530, end_date=20220426T013533
[2022-04-26 01:35:33,305] {local_task_job.py:154} INFO - Task exited with return code 0
[2022-04-26 01:35:33,750] {local_task_job.py:264} INFO - 0 downstream tasks scheduled from follow-on schedule check
