[2022-04-26 01:42:03,114] {taskinstance.py:1043} INFO - Dependencies all met for <TaskInstance: starwarapi.loaded scheduled__2022-04-26T01:40:51.766646+00:00 [queued]>
[2022-04-26 01:42:03,145] {taskinstance.py:1043} INFO - Dependencies all met for <TaskInstance: starwarapi.loaded scheduled__2022-04-26T01:40:51.766646+00:00 [queued]>
[2022-04-26 01:42:03,150] {taskinstance.py:1249} INFO - 
--------------------------------------------------------------------------------
[2022-04-26 01:42:03,151] {taskinstance.py:1250} INFO - Starting attempt 1 of 2
[2022-04-26 01:42:03,153] {taskinstance.py:1251} INFO - 
--------------------------------------------------------------------------------
[2022-04-26 01:42:03,194] {taskinstance.py:1270} INFO - Executing <Task(BashOperator): loaded> on 2022-04-26 01:40:51.766646+00:00
[2022-04-26 01:42:03,208] {standard_task_runner.py:52} INFO - Started process 1286 to run task
[2022-04-26 01:42:03,225] {standard_task_runner.py:79} INFO - Running: ['***', 'tasks', 'run', 'starwarapi', 'loaded', 'scheduled__2022-04-26T01:40:51.766646+00:00', '--job-id', '159', '--raw', '--subdir', 'DAGS_FOLDER/starwar_dag.py', '--cfg-path', '/tmp/tmpxr72gcg5', '--error-file', '/tmp/tmp7fvwfvom']
[2022-04-26 01:42:03,228] {standard_task_runner.py:80} INFO - Job 159: Subtask loaded
[2022-04-26 01:42:03,425] {logging_mixin.py:109} INFO - Running <TaskInstance: starwarapi.loaded scheduled__2022-04-26T01:40:51.766646+00:00 [running]> on host 66327e1a8873
[2022-04-26 01:42:03,666] {taskinstance.py:1448} INFO - Exporting the following env vars:
AIRFLOW_CTX_DAG_OWNER=***
AIRFLOW_CTX_DAG_ID=starwarapi
AIRFLOW_CTX_TASK_ID=loaded
AIRFLOW_CTX_EXECUTION_DATE=2022-04-26T01:40:51.766646+00:00
AIRFLOW_CTX_DAG_RUN_ID=scheduled__2022-04-26T01:40:51.766646+00:00
[2022-04-26 01:42:03,672] {subprocess.py:62} INFO - Tmp dir root location: 
 /tmp
[2022-04-26 01:42:03,674] {subprocess.py:74} INFO - Running command: ['bash', '-c', "echo 'Data_loaded_to_CSV'"]
[2022-04-26 01:42:03,699] {subprocess.py:85} INFO - Output:
[2022-04-26 01:42:03,702] {subprocess.py:89} INFO - Data_loaded_to_CSV
[2022-04-26 01:42:03,704] {subprocess.py:93} INFO - Command exited with return code 0
[2022-04-26 01:42:03,769] {taskinstance.py:1288} INFO - Marking task as SUCCESS. dag_id=starwarapi, task_id=loaded, execution_date=20220426T014051, start_date=20220426T014203, end_date=20220426T014203
[2022-04-26 01:42:03,856] {local_task_job.py:154} INFO - Task exited with return code 0
[2022-04-26 01:42:03,963] {local_task_job.py:264} INFO - 0 downstream tasks scheduled from follow-on schedule check
