[2022-04-25 16:52:32,943] {taskinstance.py:1043} INFO - Dependencies all met for <TaskInstance: starwarapi.loaded scheduled__2022-04-25T16:50:57.590925+00:00 [queued]>
[2022-04-25 16:52:32,994] {taskinstance.py:1043} INFO - Dependencies all met for <TaskInstance: starwarapi.loaded scheduled__2022-04-25T16:50:57.590925+00:00 [queued]>
[2022-04-25 16:52:32,996] {taskinstance.py:1249} INFO - 
--------------------------------------------------------------------------------
[2022-04-25 16:52:32,997] {taskinstance.py:1250} INFO - Starting attempt 1 of 2
[2022-04-25 16:52:32,998] {taskinstance.py:1251} INFO - 
--------------------------------------------------------------------------------
[2022-04-25 16:52:33,045] {taskinstance.py:1270} INFO - Executing <Task(BashOperator): loaded> on 2022-04-25 16:50:57.590925+00:00
[2022-04-25 16:52:33,067] {standard_task_runner.py:52} INFO - Started process 183 to run task
[2022-04-25 16:52:33,090] {standard_task_runner.py:79} INFO - Running: ['***', 'tasks', 'run', 'starwarapi', 'loaded', 'scheduled__2022-04-25T16:50:57.590925+00:00', '--job-id', '116', '--raw', '--subdir', 'DAGS_FOLDER/starwar_dag.py', '--cfg-path', '/tmp/tmph882qqf9', '--error-file', '/tmp/tmpfx8g_dhf']
[2022-04-25 16:52:33,096] {standard_task_runner.py:80} INFO - Job 116: Subtask loaded
[2022-04-25 16:52:33,358] {logging_mixin.py:109} INFO - Running <TaskInstance: starwarapi.loaded scheduled__2022-04-25T16:50:57.590925+00:00 [running]> on host 171c4f2b9aa0
[2022-04-25 16:52:33,526] {taskinstance.py:1448} INFO - Exporting the following env vars:
AIRFLOW_CTX_DAG_EMAIL=anuragvuppala@gmail.com
AIRFLOW_CTX_DAG_OWNER=***
AIRFLOW_CTX_DAG_ID=starwarapi
AIRFLOW_CTX_TASK_ID=loaded
AIRFLOW_CTX_EXECUTION_DATE=2022-04-25T16:50:57.590925+00:00
AIRFLOW_CTX_DAG_RUN_ID=scheduled__2022-04-25T16:50:57.590925+00:00
[2022-04-25 16:52:33,537] {subprocess.py:62} INFO - Tmp dir root location: 
 /tmp
[2022-04-25 16:52:33,551] {subprocess.py:74} INFO - Running command: ['bash', '-c', "echo 'Data_loaded_to_CSV'"]
[2022-04-25 16:52:33,627] {subprocess.py:85} INFO - Output:
[2022-04-25 16:52:33,638] {subprocess.py:89} INFO - Data_loaded_to_CSV
[2022-04-25 16:52:33,642] {subprocess.py:93} INFO - Command exited with return code 0
[2022-04-25 16:52:33,727] {taskinstance.py:1288} INFO - Marking task as SUCCESS. dag_id=starwarapi, task_id=loaded, execution_date=20220425T165057, start_date=20220425T165232, end_date=20220425T165233
[2022-04-25 16:52:33,813] {local_task_job.py:154} INFO - Task exited with return code 0
[2022-04-25 16:52:33,950] {local_task_job.py:264} INFO - 0 downstream tasks scheduled from follow-on schedule check
