[2022-04-28 15:25:03,303] {taskinstance.py:1043} INFO - Dependencies all met for <TaskInstance: starwarapi.extract scheduled__2022-04-28T15:24:02.323668+00:00 [queued]>
[2022-04-28 15:25:03,321] {taskinstance.py:1043} INFO - Dependencies all met for <TaskInstance: starwarapi.extract scheduled__2022-04-28T15:24:02.323668+00:00 [queued]>
[2022-04-28 15:25:03,323] {taskinstance.py:1249} INFO - 
--------------------------------------------------------------------------------
[2022-04-28 15:25:03,324] {taskinstance.py:1250} INFO - Starting attempt 1 of 2
[2022-04-28 15:25:03,325] {taskinstance.py:1251} INFO - 
--------------------------------------------------------------------------------
[2022-04-28 15:25:03,346] {taskinstance.py:1270} INFO - Executing <Task(PythonOperator): extract> on 2022-04-28 15:24:02.323668+00:00
[2022-04-28 15:25:03,356] {standard_task_runner.py:52} INFO - Started process 264 to run task
[2022-04-28 15:25:03,364] {standard_task_runner.py:79} INFO - Running: ['***', 'tasks', 'run', 'starwarapi', 'extract', 'scheduled__2022-04-28T15:24:02.323668+00:00', '--job-id', '43', '--raw', '--subdir', 'DAGS_FOLDER/starwar_dag.py', '--cfg-path', '/tmp/tmpu7crlrak', '--error-file', '/tmp/tmpbyck98q6']
[2022-04-28 15:25:03,366] {standard_task_runner.py:80} INFO - Job 43: Subtask extract
[2022-04-28 15:25:03,451] {logging_mixin.py:109} INFO - Running <TaskInstance: starwarapi.extract scheduled__2022-04-28T15:24:02.323668+00:00 [running]> on host f3cfb7d93a54
[2022-04-28 15:25:03,524] {taskinstance.py:1448} INFO - Exporting the following env vars:
AIRFLOW_CTX_DAG_OWNER=***
AIRFLOW_CTX_DAG_ID=starwarapi
AIRFLOW_CTX_TASK_ID=extract
AIRFLOW_CTX_EXECUTION_DATE=2022-04-28T15:24:02.323668+00:00
AIRFLOW_CTX_DAG_RUN_ID=scheduled__2022-04-28T15:24:02.323668+00:00
[2022-04-28 15:25:03,976] {logging_mixin.py:109} INFO - <Response [200]>
[2022-04-28 15:25:03,980] {python.py:175} INFO - Done. Returned value was: None
[2022-04-28 15:25:04,010] {taskinstance.py:1288} INFO - Marking task as SUCCESS. dag_id=starwarapi, task_id=extract, execution_date=20220428T152402, start_date=20220428T152503, end_date=20220428T152504
[2022-04-28 15:25:04,067] {local_task_job.py:154} INFO - Task exited with return code 0
[2022-04-28 15:25:04,116] {local_task_job.py:264} INFO - 1 downstream tasks scheduled from follow-on schedule check
