[2022-04-26 01:36:23,618] {taskinstance.py:1043} INFO - Dependencies all met for <TaskInstance: starwarapi.extract scheduled__2022-04-26T01:35:51.766646+00:00 [queued]>
[2022-04-26 01:36:23,701] {taskinstance.py:1043} INFO - Dependencies all met for <TaskInstance: starwarapi.extract scheduled__2022-04-26T01:35:51.766646+00:00 [queued]>
[2022-04-26 01:36:23,707] {taskinstance.py:1249} INFO - 
--------------------------------------------------------------------------------
[2022-04-26 01:36:23,729] {taskinstance.py:1250} INFO - Starting attempt 1 of 2
[2022-04-26 01:36:23,731] {taskinstance.py:1251} INFO - 
--------------------------------------------------------------------------------
[2022-04-26 01:36:23,811] {taskinstance.py:1270} INFO - Executing <Task(PythonOperator): extract> on 2022-04-26 01:35:51.766646+00:00
[2022-04-26 01:36:23,832] {standard_task_runner.py:52} INFO - Started process 967 to run task
[2022-04-26 01:36:23,850] {standard_task_runner.py:79} INFO - Running: ['***', 'tasks', 'run', 'starwarapi', 'extract', 'scheduled__2022-04-26T01:35:51.766646+00:00', '--job-id', '116', '--raw', '--subdir', 'DAGS_FOLDER/starwar_dag.py', '--cfg-path', '/tmp/tmpzfs8wij9', '--error-file', '/tmp/tmpgunglg6v']
[2022-04-26 01:36:23,857] {standard_task_runner.py:80} INFO - Job 116: Subtask extract
[2022-04-26 01:36:24,155] {logging_mixin.py:109} INFO - Running <TaskInstance: starwarapi.extract scheduled__2022-04-26T01:35:51.766646+00:00 [running]> on host 66327e1a8873
[2022-04-26 01:36:24,281] {taskinstance.py:1448} INFO - Exporting the following env vars:
AIRFLOW_CTX_DAG_OWNER=***
AIRFLOW_CTX_DAG_ID=starwarapi
AIRFLOW_CTX_TASK_ID=extract
AIRFLOW_CTX_EXECUTION_DATE=2022-04-26T01:35:51.766646+00:00
AIRFLOW_CTX_DAG_RUN_ID=scheduled__2022-04-26T01:35:51.766646+00:00
[2022-04-26 01:36:28,232] {logging_mixin.py:109} INFO - <Response [200]>
[2022-04-26 01:36:28,241] {python.py:175} INFO - Done. Returned value was: None
[2022-04-26 01:36:28,324] {taskinstance.py:1288} INFO - Marking task as SUCCESS. dag_id=starwarapi, task_id=extract, execution_date=20220426T013551, start_date=20220426T013623, end_date=20220426T013628
[2022-04-26 01:36:28,455] {local_task_job.py:154} INFO - Task exited with return code 0
[2022-04-26 01:36:28,557] {local_task_job.py:264} INFO - 1 downstream tasks scheduled from follow-on schedule check
