[2022-04-25 16:52:27,723] {taskinstance.py:1043} INFO - Dependencies all met for <TaskInstance: starwarapi.transform_load scheduled__2022-04-25T16:50:57.590925+00:00 [queued]>
[2022-04-25 16:52:27,786] {taskinstance.py:1043} INFO - Dependencies all met for <TaskInstance: starwarapi.transform_load scheduled__2022-04-25T16:50:57.590925+00:00 [queued]>
[2022-04-25 16:52:27,789] {taskinstance.py:1249} INFO - 
--------------------------------------------------------------------------------
[2022-04-25 16:52:27,791] {taskinstance.py:1250} INFO - Starting attempt 1 of 2
[2022-04-25 16:52:27,796] {taskinstance.py:1251} INFO - 
--------------------------------------------------------------------------------
[2022-04-25 16:52:27,855] {taskinstance.py:1270} INFO - Executing <Task(PythonOperator): transform_load> on 2022-04-25 16:50:57.590925+00:00
[2022-04-25 16:52:27,866] {standard_task_runner.py:52} INFO - Started process 178 to run task
[2022-04-25 16:52:27,897] {standard_task_runner.py:79} INFO - Running: ['***', 'tasks', 'run', 'starwarapi', 'transform_load', 'scheduled__2022-04-25T16:50:57.590925+00:00', '--job-id', '115', '--raw', '--subdir', 'DAGS_FOLDER/starwar_dag.py', '--cfg-path', '/tmp/tmpjk4cge2b', '--error-file', '/tmp/tmpg1bdp9wt']
[2022-04-25 16:52:27,904] {standard_task_runner.py:80} INFO - Job 115: Subtask transform_load
[2022-04-25 16:52:28,325] {logging_mixin.py:109} INFO - Running <TaskInstance: starwarapi.transform_load scheduled__2022-04-25T16:50:57.590925+00:00 [running]> on host 171c4f2b9aa0
[2022-04-25 16:52:28,875] {taskinstance.py:1448} INFO - Exporting the following env vars:
AIRFLOW_CTX_DAG_EMAIL=anuragvuppala@gmail.com
AIRFLOW_CTX_DAG_OWNER=***
AIRFLOW_CTX_DAG_ID=starwarapi
AIRFLOW_CTX_TASK_ID=transform_load
AIRFLOW_CTX_EXECUTION_DATE=2022-04-25T16:50:57.590925+00:00
AIRFLOW_CTX_DAG_RUN_ID=scheduled__2022-04-25T16:50:57.590925+00:00
[2022-04-25 16:52:28,956] {python.py:175} INFO - Done. Returned value was: loaded
[2022-04-25 16:52:29,441] {taskinstance.py:1288} INFO - Marking task as SUCCESS. dag_id=starwarapi, task_id=transform_load, execution_date=20220425T165057, start_date=20220425T165227, end_date=20220425T165229
[2022-04-25 16:52:29,618] {local_task_job.py:154} INFO - Task exited with return code 0
[2022-04-25 16:52:29,732] {local_task_job.py:264} INFO - 1 downstream tasks scheduled from follow-on schedule check
