[2022-04-26 01:48:39,746] {taskinstance.py:1043} INFO - Dependencies all met for <TaskInstance: starwarapi.extract scheduled__2022-04-26T01:47:38.733923+00:00 [queued]>
[2022-04-26 01:48:39,765] {taskinstance.py:1043} INFO - Dependencies all met for <TaskInstance: starwarapi.extract scheduled__2022-04-26T01:47:38.733923+00:00 [queued]>
[2022-04-26 01:48:39,767] {taskinstance.py:1249} INFO - 
--------------------------------------------------------------------------------
[2022-04-26 01:48:39,768] {taskinstance.py:1250} INFO - Starting attempt 1 of 2
[2022-04-26 01:48:39,769] {taskinstance.py:1251} INFO - 
--------------------------------------------------------------------------------
[2022-04-26 01:48:39,792] {taskinstance.py:1270} INFO - Executing <Task(PythonOperator): extract> on 2022-04-26 01:47:38.733923+00:00
[2022-04-26 01:48:39,802] {standard_task_runner.py:52} INFO - Started process 1584 to run task
[2022-04-26 01:48:39,810] {standard_task_runner.py:79} INFO - Running: ['***', 'tasks', 'run', 'starwarapi', 'extract', 'scheduled__2022-04-26T01:47:38.733923+00:00', '--job-id', '172', '--raw', '--subdir', 'DAGS_FOLDER/starwar_dag.py', '--cfg-path', '/tmp/tmp9lg9m_4e', '--error-file', '/tmp/tmprc78irup']
[2022-04-26 01:48:39,812] {standard_task_runner.py:80} INFO - Job 172: Subtask extract
[2022-04-26 01:48:39,899] {logging_mixin.py:109} INFO - Running <TaskInstance: starwarapi.extract scheduled__2022-04-26T01:47:38.733923+00:00 [running]> on host 66327e1a8873
[2022-04-26 01:48:39,982] {taskinstance.py:1448} INFO - Exporting the following env vars:
AIRFLOW_CTX_DAG_OWNER=***
AIRFLOW_CTX_DAG_ID=starwarapi
AIRFLOW_CTX_TASK_ID=extract
AIRFLOW_CTX_EXECUTION_DATE=2022-04-26T01:47:38.733923+00:00
AIRFLOW_CTX_DAG_RUN_ID=scheduled__2022-04-26T01:47:38.733923+00:00
[2022-04-26 01:48:43,310] {logging_mixin.py:109} INFO - <Response [200]>
[2022-04-26 01:48:43,314] {python.py:175} INFO - Done. Returned value was: None
[2022-04-26 01:48:43,340] {taskinstance.py:1288} INFO - Marking task as SUCCESS. dag_id=starwarapi, task_id=extract, execution_date=20220426T014738, start_date=20220426T014839, end_date=20220426T014843
[2022-04-26 01:48:43,381] {local_task_job.py:154} INFO - Task exited with return code 0
[2022-04-26 01:48:43,464] {local_task_job.py:264} INFO - 1 downstream tasks scheduled from follow-on schedule check
