[2022-04-28 15:21:35,290] {taskinstance.py:1043} INFO - Dependencies all met for <TaskInstance: starwarapi.extract scheduled__2022-04-28T15:20:02.323668+00:00 [queued]>
[2022-04-28 15:21:35,377] {taskinstance.py:1043} INFO - Dependencies all met for <TaskInstance: starwarapi.extract scheduled__2022-04-28T15:20:02.323668+00:00 [queued]>
[2022-04-28 15:21:35,381] {taskinstance.py:1249} INFO - 
--------------------------------------------------------------------------------
[2022-04-28 15:21:35,385] {taskinstance.py:1250} INFO - Starting attempt 1 of 2
[2022-04-28 15:21:35,389] {taskinstance.py:1251} INFO - 
--------------------------------------------------------------------------------
[2022-04-28 15:21:35,575] {taskinstance.py:1270} INFO - Executing <Task(PythonOperator): extract> on 2022-04-28 15:20:02.323668+00:00
[2022-04-28 15:21:35,611] {standard_task_runner.py:52} INFO - Started process 90 to run task
[2022-04-28 15:21:35,721] {standard_task_runner.py:79} INFO - Running: ['***', 'tasks', 'run', 'starwarapi', 'extract', 'scheduled__2022-04-28T15:20:02.323668+00:00', '--job-id', '24', '--raw', '--subdir', 'DAGS_FOLDER/starwar_dag.py', '--cfg-path', '/tmp/tmppdczml2s', '--error-file', '/tmp/tmp4npe5zyv']
[2022-04-28 15:21:35,723] {standard_task_runner.py:80} INFO - Job 24: Subtask extract
[2022-04-28 15:21:36,286] {logging_mixin.py:109} INFO - Running <TaskInstance: starwarapi.extract scheduled__2022-04-28T15:20:02.323668+00:00 [running]> on host f3cfb7d93a54
[2022-04-28 15:21:37,927] {taskinstance.py:1448} INFO - Exporting the following env vars:
AIRFLOW_CTX_DAG_OWNER=***
AIRFLOW_CTX_DAG_ID=starwarapi
AIRFLOW_CTX_TASK_ID=extract
AIRFLOW_CTX_EXECUTION_DATE=2022-04-28T15:20:02.323668+00:00
AIRFLOW_CTX_DAG_RUN_ID=scheduled__2022-04-28T15:20:02.323668+00:00
[2022-04-28 15:21:38,549] {logging_mixin.py:109} INFO - <Response [200]>
[2022-04-28 15:21:38,590] {python.py:175} INFO - Done. Returned value was: None
[2022-04-28 15:21:38,728] {taskinstance.py:1288} INFO - Marking task as SUCCESS. dag_id=starwarapi, task_id=extract, execution_date=20220428T152002, start_date=20220428T152135, end_date=20220428T152138
[2022-04-28 15:21:39,162] {local_task_job.py:154} INFO - Task exited with return code 0
[2022-04-28 15:21:39,701] {local_task_job.py:264} INFO - 0 downstream tasks scheduled from follow-on schedule check
