[2022-04-28 15:21:41,456] {taskinstance.py:1043} INFO - Dependencies all met for <TaskInstance: starwarapi.extracted scheduled__2022-04-28T15:20:02.323668+00:00 [queued]>
[2022-04-28 15:21:41,706] {taskinstance.py:1043} INFO - Dependencies all met for <TaskInstance: starwarapi.extracted scheduled__2022-04-28T15:20:02.323668+00:00 [queued]>
[2022-04-28 15:21:41,709] {taskinstance.py:1249} INFO - 
--------------------------------------------------------------------------------
[2022-04-28 15:21:41,711] {taskinstance.py:1250} INFO - Starting attempt 1 of 2
[2022-04-28 15:21:41,715] {taskinstance.py:1251} INFO - 
--------------------------------------------------------------------------------
[2022-04-28 15:21:42,001] {taskinstance.py:1270} INFO - Executing <Task(BashOperator): extracted> on 2022-04-28 15:20:02.323668+00:00
[2022-04-28 15:21:42,092] {standard_task_runner.py:52} INFO - Started process 94 to run task
[2022-04-28 15:21:42,363] {standard_task_runner.py:79} INFO - Running: ['***', 'tasks', 'run', 'starwarapi', 'extracted', 'scheduled__2022-04-28T15:20:02.323668+00:00', '--job-id', '26', '--raw', '--subdir', 'DAGS_FOLDER/starwar_dag.py', '--cfg-path', '/tmp/tmpu9n5fc8y', '--error-file', '/tmp/tmpqncz0jrc']
[2022-04-28 15:21:42,366] {standard_task_runner.py:80} INFO - Job 26: Subtask extracted
[2022-04-28 15:21:45,822] {logging_mixin.py:109} INFO - Running <TaskInstance: starwarapi.extracted scheduled__2022-04-28T15:20:02.323668+00:00 [running]> on host f3cfb7d93a54
[2022-04-28 15:21:46,221] {taskinstance.py:1448} INFO - Exporting the following env vars:
AIRFLOW_CTX_DAG_OWNER=***
AIRFLOW_CTX_DAG_ID=starwarapi
AIRFLOW_CTX_TASK_ID=extracted
AIRFLOW_CTX_EXECUTION_DATE=2022-04-28T15:20:02.323668+00:00
AIRFLOW_CTX_DAG_RUN_ID=scheduled__2022-04-28T15:20:02.323668+00:00
[2022-04-28 15:21:46,232] {subprocess.py:62} INFO - Tmp dir root location: 
 /tmp
[2022-04-28 15:21:46,243] {subprocess.py:74} INFO - Running command: ['bash', '-c', "echo 'Data_Extracted'"]
[2022-04-28 15:21:46,409] {subprocess.py:85} INFO - Output:
[2022-04-28 15:21:46,434] {subprocess.py:89} INFO - Data_Extracted
[2022-04-28 15:21:46,438] {subprocess.py:93} INFO - Command exited with return code 0
[2022-04-28 15:21:46,702] {taskinstance.py:1288} INFO - Marking task as SUCCESS. dag_id=starwarapi, task_id=extracted, execution_date=20220428T152002, start_date=20220428T152141, end_date=20220428T152146
[2022-04-28 15:21:47,269] {local_task_job.py:154} INFO - Task exited with return code 0
[2022-04-28 15:21:47,687] {local_task_job.py:264} INFO - 0 downstream tasks scheduled from follow-on schedule check
