[2022-04-26 01:35:53,967] {taskinstance.py:1043} INFO - Dependencies all met for <TaskInstance: starwarapi.extract scheduled__2022-04-26T01:35:21.766646+00:00 [queued]>
[2022-04-26 01:35:54,015] {taskinstance.py:1043} INFO - Dependencies all met for <TaskInstance: starwarapi.extract scheduled__2022-04-26T01:35:21.766646+00:00 [queued]>
[2022-04-26 01:35:54,031] {taskinstance.py:1249} INFO - 
--------------------------------------------------------------------------------
[2022-04-26 01:35:54,033] {taskinstance.py:1250} INFO - Starting attempt 1 of 2
[2022-04-26 01:35:54,039] {taskinstance.py:1251} INFO - 
--------------------------------------------------------------------------------
[2022-04-26 01:35:54,134] {taskinstance.py:1270} INFO - Executing <Task(PythonOperator): extract> on 2022-04-26 01:35:21.766646+00:00
[2022-04-26 01:35:54,182] {standard_task_runner.py:52} INFO - Started process 947 to run task
[2022-04-26 01:35:54,190] {standard_task_runner.py:79} INFO - Running: ['***', 'tasks', 'run', 'starwarapi', 'extract', 'scheduled__2022-04-26T01:35:21.766646+00:00', '--job-id', '112', '--raw', '--subdir', 'DAGS_FOLDER/starwar_dag.py', '--cfg-path', '/tmp/tmp0bj7zn_a', '--error-file', '/tmp/tmppc7wi_bs']
[2022-04-26 01:35:54,193] {standard_task_runner.py:80} INFO - Job 112: Subtask extract
[2022-04-26 01:35:54,432] {logging_mixin.py:109} INFO - Running <TaskInstance: starwarapi.extract scheduled__2022-04-26T01:35:21.766646+00:00 [running]> on host 66327e1a8873
[2022-04-26 01:35:54,863] {taskinstance.py:1448} INFO - Exporting the following env vars:
AIRFLOW_CTX_DAG_OWNER=***
AIRFLOW_CTX_DAG_ID=starwarapi
AIRFLOW_CTX_TASK_ID=extract
AIRFLOW_CTX_EXECUTION_DATE=2022-04-26T01:35:21.766646+00:00
AIRFLOW_CTX_DAG_RUN_ID=scheduled__2022-04-26T01:35:21.766646+00:00
[2022-04-26 01:35:57,906] {logging_mixin.py:109} INFO - <Response [200]>
[2022-04-26 01:35:58,016] {python.py:175} INFO - Done. Returned value was: None
[2022-04-26 01:35:58,246] {taskinstance.py:1288} INFO - Marking task as SUCCESS. dag_id=starwarapi, task_id=extract, execution_date=20220426T013521, start_date=20220426T013553, end_date=20220426T013558
[2022-04-26 01:35:58,530] {local_task_job.py:154} INFO - Task exited with return code 0
[2022-04-26 01:35:58,945] {local_task_job.py:264} INFO - 1 downstream tasks scheduled from follow-on schedule check
