[2022-04-26 01:37:58,847] {taskinstance.py:1043} INFO - Dependencies all met for <TaskInstance: starwarapi.extracted scheduled__2022-04-26T01:37:21.766646+00:00 [queued]>
[2022-04-26 01:37:58,870] {taskinstance.py:1043} INFO - Dependencies all met for <TaskInstance: starwarapi.extracted scheduled__2022-04-26T01:37:21.766646+00:00 [queued]>
[2022-04-26 01:37:58,871] {taskinstance.py:1249} INFO - 
--------------------------------------------------------------------------------
[2022-04-26 01:37:58,873] {taskinstance.py:1250} INFO - Starting attempt 1 of 2
[2022-04-26 01:37:58,874] {taskinstance.py:1251} INFO - 
--------------------------------------------------------------------------------
[2022-04-26 01:37:58,906] {taskinstance.py:1270} INFO - Executing <Task(BashOperator): extracted> on 2022-04-26 01:37:21.766646+00:00
[2022-04-26 01:37:58,921] {standard_task_runner.py:52} INFO - Started process 1060 to run task
[2022-04-26 01:37:58,946] {standard_task_runner.py:79} INFO - Running: ['***', 'tasks', 'run', 'starwarapi', 'extracted', 'scheduled__2022-04-26T01:37:21.766646+00:00', '--job-id', '129', '--raw', '--subdir', 'DAGS_FOLDER/starwar_dag.py', '--cfg-path', '/tmp/tmp5wfmaxh_', '--error-file', '/tmp/tmpihox3iyc']
[2022-04-26 01:37:58,947] {standard_task_runner.py:80} INFO - Job 129: Subtask extracted
[2022-04-26 01:37:59,091] {logging_mixin.py:109} INFO - Running <TaskInstance: starwarapi.extracted scheduled__2022-04-26T01:37:21.766646+00:00 [running]> on host 66327e1a8873
[2022-04-26 01:37:59,373] {taskinstance.py:1448} INFO - Exporting the following env vars:
AIRFLOW_CTX_DAG_OWNER=***
AIRFLOW_CTX_DAG_ID=starwarapi
AIRFLOW_CTX_TASK_ID=extracted
AIRFLOW_CTX_EXECUTION_DATE=2022-04-26T01:37:21.766646+00:00
AIRFLOW_CTX_DAG_RUN_ID=scheduled__2022-04-26T01:37:21.766646+00:00
[2022-04-26 01:37:59,380] {subprocess.py:62} INFO - Tmp dir root location: 
 /tmp
[2022-04-26 01:37:59,384] {subprocess.py:74} INFO - Running command: ['bash', '-c', "echo 'Data_Extracted'"]
[2022-04-26 01:37:59,442] {subprocess.py:85} INFO - Output:
[2022-04-26 01:37:59,450] {subprocess.py:89} INFO - Data_Extracted
[2022-04-26 01:37:59,468] {subprocess.py:93} INFO - Command exited with return code 0
[2022-04-26 01:37:59,595] {taskinstance.py:1288} INFO - Marking task as SUCCESS. dag_id=starwarapi, task_id=extracted, execution_date=20220426T013721, start_date=20220426T013758, end_date=20220426T013759
[2022-04-26 01:37:59,707] {local_task_job.py:154} INFO - Task exited with return code 0
[2022-04-26 01:38:00,211] {local_task_job.py:264} INFO - 0 downstream tasks scheduled from follow-on schedule check
