[2022-04-26 01:32:47,937] {taskinstance.py:1043} INFO - Dependencies all met for <TaskInstance: starwarapi.loaded scheduled__2022-04-26T01:31:51.766646+00:00 [queued]>
[2022-04-26 01:32:48,100] {taskinstance.py:1043} INFO - Dependencies all met for <TaskInstance: starwarapi.loaded scheduled__2022-04-26T01:31:51.766646+00:00 [queued]>
[2022-04-26 01:32:48,135] {taskinstance.py:1249} INFO - 
--------------------------------------------------------------------------------
[2022-04-26 01:32:48,157] {taskinstance.py:1250} INFO - Starting attempt 1 of 2
[2022-04-26 01:32:48,161] {taskinstance.py:1251} INFO - 
--------------------------------------------------------------------------------
[2022-04-26 01:32:48,280] {taskinstance.py:1270} INFO - Executing <Task(BashOperator): loaded> on 2022-04-26 01:31:51.766646+00:00
[2022-04-26 01:32:48,295] {standard_task_runner.py:52} INFO - Started process 763 to run task
[2022-04-26 01:32:48,393] {standard_task_runner.py:79} INFO - Running: ['***', 'tasks', 'run', 'starwarapi', 'loaded', 'scheduled__2022-04-26T01:31:51.766646+00:00', '--job-id', '87', '--raw', '--subdir', 'DAGS_FOLDER/starwar_dag.py', '--cfg-path', '/tmp/tmpog01vtm3', '--error-file', '/tmp/tmp35s5qypw']
[2022-04-26 01:32:48,398] {standard_task_runner.py:80} INFO - Job 87: Subtask loaded
[2022-04-26 01:32:48,680] {logging_mixin.py:109} INFO - Running <TaskInstance: starwarapi.loaded scheduled__2022-04-26T01:31:51.766646+00:00 [running]> on host 66327e1a8873
[2022-04-26 01:32:48,945] {taskinstance.py:1448} INFO - Exporting the following env vars:
AIRFLOW_CTX_DAG_OWNER=***
AIRFLOW_CTX_DAG_ID=starwarapi
AIRFLOW_CTX_TASK_ID=loaded
AIRFLOW_CTX_EXECUTION_DATE=2022-04-26T01:31:51.766646+00:00
AIRFLOW_CTX_DAG_RUN_ID=scheduled__2022-04-26T01:31:51.766646+00:00
[2022-04-26 01:32:48,951] {subprocess.py:62} INFO - Tmp dir root location: 
 /tmp
[2022-04-26 01:32:48,960] {subprocess.py:74} INFO - Running command: ['bash', '-c', "echo 'Data_loaded_to_CSV'"]
[2022-04-26 01:32:49,079] {subprocess.py:85} INFO - Output:
[2022-04-26 01:32:49,092] {subprocess.py:89} INFO - Data_loaded_to_CSV
[2022-04-26 01:32:49,104] {subprocess.py:93} INFO - Command exited with return code 0
[2022-04-26 01:32:49,269] {taskinstance.py:1288} INFO - Marking task as SUCCESS. dag_id=starwarapi, task_id=loaded, execution_date=20220426T013151, start_date=20220426T013247, end_date=20220426T013249
[2022-04-26 01:32:49,540] {local_task_job.py:154} INFO - Task exited with return code 0
[2022-04-26 01:32:49,913] {local_task_job.py:264} INFO - 0 downstream tasks scheduled from follow-on schedule check
