[2022-04-25 23:57:28,785] {manager.py:517} INFO - Processing files using up to 2 processes at a time 
[2022-04-25 23:57:28,796] {manager.py:518} INFO - Process each file at most once every 30 seconds
[2022-04-25 23:57:28,799] {manager.py:520} INFO - Checking for new files in /opt/airflow/dags every 300 seconds
[2022-04-25 23:57:28,801] {manager.py:704} INFO - Searching for files in /opt/airflow/dags
[2022-04-25 23:57:28,847] {manager.py:707} INFO - There are 1 files in /opt/airflow/dags
[2022-04-25 23:57:29,276] {manager.py:1106} INFO - Finding 'running' jobs without a recent heartbeat
[2022-04-25 23:57:29,288] {manager.py:1110} INFO - Failing jobs without heartbeat after 2022-04-25 23:52:29.283870+00:00
[2022-04-25 23:57:29,622] {manager.py:825} INFO - 
================================================================================
DAG File Processing Stats

File Path                           PID  Runtime      # DAGs    # Errors  Last Runtime    Last Run
--------------------------------  -----  ---------  --------  ----------  --------------  ----------
/opt/airflow/dags/starwar_dag.py     73  0.53s             0           0
================================================================================
[2022-04-25 23:57:39,671] {manager.py:1106} INFO - Finding 'running' jobs without a recent heartbeat
[2022-04-25 23:57:39,674] {manager.py:1110} INFO - Failing jobs without heartbeat after 2022-04-25 23:52:39.674530+00:00
[2022-04-25 23:57:49,809] {manager.py:1106} INFO - Finding 'running' jobs without a recent heartbeat
[2022-04-25 23:57:49,815] {manager.py:1110} INFO - Failing jobs without heartbeat after 2022-04-25 23:52:49.814672+00:00
[2022-04-25 23:57:59,996] {manager.py:1106} INFO - Finding 'running' jobs without a recent heartbeat
[2022-04-25 23:58:00,022] {manager.py:1110} INFO - Failing jobs without heartbeat after 2022-04-25 23:53:00.022149+00:00
[2022-04-25 23:58:00,178] {manager.py:825} INFO - 
================================================================================
DAG File Processing Stats

File Path                           PID  Runtime      # DAGs    # Errors  Last Runtime    Last Run
--------------------------------  -----  ---------  --------  ----------  --------------  ----------
/opt/airflow/dags/starwar_dag.py     73  31.08s            0           0
================================================================================
[2022-04-25 23:58:10,356] {manager.py:1106} INFO - Finding 'running' jobs without a recent heartbeat
[2022-04-25 23:58:10,366] {manager.py:1110} INFO - Failing jobs without heartbeat after 2022-04-25 23:53:10.365051+00:00
[2022-04-25 23:58:20,621] {manager.py:1106} INFO - Finding 'running' jobs without a recent heartbeat
[2022-04-25 23:58:20,626] {manager.py:1110} INFO - Failing jobs without heartbeat after 2022-04-25 23:53:20.626625+00:00
[2022-04-25 23:58:30,663] {manager.py:1106} INFO - Finding 'running' jobs without a recent heartbeat
[2022-04-25 23:58:30,667] {manager.py:1110} INFO - Failing jobs without heartbeat after 2022-04-25 23:53:30.667193+00:00
[2022-04-25 23:58:30,700] {manager.py:825} INFO - 
================================================================================
DAG File Processing Stats

File Path                         PID    Runtime      # DAGs    # Errors  Last Runtime    Last Run
--------------------------------  -----  ---------  --------  ----------  --------------  -------------------
/opt/airflow/dags/starwar_dag.py                           1           0  48.41s          2022-04-25T23:58:17
================================================================================
[2022-04-25 23:58:40,744] {manager.py:1106} INFO - Finding 'running' jobs without a recent heartbeat
[2022-04-25 23:58:40,748] {manager.py:1110} INFO - Failing jobs without heartbeat after 2022-04-25 23:53:40.748669+00:00
[2022-04-25 23:58:52,446] {manager.py:1106} INFO - Finding 'running' jobs without a recent heartbeat
[2022-04-25 23:58:52,930] {manager.py:1110} INFO - Failing jobs without heartbeat after 2022-04-25 23:53:52.930508+00:00
[2022-04-25 23:59:01,230] {manager.py:825} INFO - 
================================================================================
DAG File Processing Stats

File Path                         PID    Runtime      # DAGs    # Errors  Last Runtime    Last Run
--------------------------------  -----  ---------  --------  ----------  --------------  -------------------
/opt/airflow/dags/starwar_dag.py                           1           0  9.78s           2022-04-25T23:58:57
================================================================================
[2022-04-25 23:59:04,254] {manager.py:1106} INFO - Finding 'running' jobs without a recent heartbeat
[2022-04-25 23:59:04,258] {manager.py:1110} INFO - Failing jobs without heartbeat after 2022-04-25 23:54:04.258134+00:00
[2022-04-25 23:59:14,490] {manager.py:1106} INFO - Finding 'running' jobs without a recent heartbeat
[2022-04-25 23:59:14,563] {manager.py:1110} INFO - Failing jobs without heartbeat after 2022-04-25 23:54:14.563245+00:00
[2022-04-25 23:59:24,818] {manager.py:1106} INFO - Finding 'running' jobs without a recent heartbeat
[2022-04-25 23:59:24,829] {manager.py:1110} INFO - Failing jobs without heartbeat after 2022-04-25 23:54:24.829106+00:00
[2022-04-25 23:59:31,410] {manager.py:825} INFO - 
================================================================================
DAG File Processing Stats

File Path                         PID    Runtime      # DAGs    # Errors  Last Runtime    Last Run
--------------------------------  -----  ---------  --------  ----------  --------------  -------------------
/opt/airflow/dags/starwar_dag.py                           1           0  2.55s           2022-04-25T23:59:30
================================================================================
[2022-04-25 23:59:35,423] {manager.py:1106} INFO - Finding 'running' jobs without a recent heartbeat
[2022-04-25 23:59:35,426] {manager.py:1110} INFO - Failing jobs without heartbeat after 2022-04-25 23:54:35.426122+00:00
[2022-04-25 23:59:45,474] {manager.py:1106} INFO - Finding 'running' jobs without a recent heartbeat
[2022-04-25 23:59:45,479] {manager.py:1110} INFO - Failing jobs without heartbeat after 2022-04-25 23:54:45.479089+00:00
[2022-04-25 23:59:55,556] {manager.py:1106} INFO - Finding 'running' jobs without a recent heartbeat
[2022-04-25 23:59:55,561] {manager.py:1110} INFO - Failing jobs without heartbeat after 2022-04-25 23:54:55.561257+00:00
[2022-04-26 00:00:01,596] {manager.py:825} INFO - 
================================================================================
DAG File Processing Stats

File Path                           PID  Runtime      # DAGs    # Errors  Last Runtime    Last Run
--------------------------------  -----  ---------  --------  ----------  --------------  -------------------
/opt/airflow/dags/starwar_dag.py    156  0.66s             1           0  2.55s           2022-04-25T23:59:30
================================================================================
[2022-04-26 00:00:05,619] {manager.py:1106} INFO - Finding 'running' jobs without a recent heartbeat
[2022-04-26 00:00:05,621] {manager.py:1110} INFO - Failing jobs without heartbeat after 2022-04-25 23:55:05.621495+00:00
[2022-04-26 00:00:15,727] {manager.py:1106} INFO - Finding 'running' jobs without a recent heartbeat
[2022-04-26 00:00:15,787] {manager.py:1110} INFO - Failing jobs without heartbeat after 2022-04-25 23:55:15.785491+00:00
[2022-04-26 00:00:25,959] {manager.py:1106} INFO - Finding 'running' jobs without a recent heartbeat
[2022-04-26 00:00:25,965] {manager.py:1110} INFO - Failing jobs without heartbeat after 2022-04-25 23:55:25.965829+00:00
[2022-04-26 00:00:32,166] {manager.py:825} INFO - 
================================================================================
DAG File Processing Stats

File Path                           PID  Runtime      # DAGs    # Errors  Last Runtime    Last Run
--------------------------------  -----  ---------  --------  ----------  --------------  -------------------
/opt/airflow/dags/starwar_dag.py    182  0.02s             1           0  0.95s           2022-04-26T00:00:01
================================================================================
[2022-04-26 00:00:36,187] {manager.py:1106} INFO - Finding 'running' jobs without a recent heartbeat
[2022-04-26 00:00:36,190] {manager.py:1110} INFO - Failing jobs without heartbeat after 2022-04-25 23:55:36.190046+00:00
[2022-04-26 00:00:46,240] {manager.py:1106} INFO - Finding 'running' jobs without a recent heartbeat
[2022-04-26 00:00:46,244] {manager.py:1110} INFO - Failing jobs without heartbeat after 2022-04-25 23:55:46.244197+00:00
[2022-04-26 00:00:56,332] {manager.py:1106} INFO - Finding 'running' jobs without a recent heartbeat
[2022-04-26 00:00:56,336] {manager.py:1110} INFO - Failing jobs without heartbeat after 2022-04-25 23:55:56.336661+00:00
[2022-04-26 00:01:02,345] {manager.py:825} INFO - 
================================================================================
DAG File Processing Stats

File Path                         PID    Runtime      # DAGs    # Errors  Last Runtime    Last Run
--------------------------------  -----  ---------  --------  ----------  --------------  -------------------
/opt/airflow/dags/starwar_dag.py                           1           0  1.56s           2022-04-26T00:00:33
================================================================================
[2022-04-26 00:01:06,922] {manager.py:1106} INFO - Finding 'running' jobs without a recent heartbeat
[2022-04-26 00:01:06,930] {manager.py:1110} INFO - Failing jobs without heartbeat after 2022-04-25 23:56:06.930762+00:00
[2022-04-26 00:01:17,218] {manager.py:1106} INFO - Finding 'running' jobs without a recent heartbeat
[2022-04-26 00:01:17,222] {manager.py:1110} INFO - Failing jobs without heartbeat after 2022-04-25 23:56:17.222118+00:00
[2022-04-26 00:01:27,287] {manager.py:1106} INFO - Finding 'running' jobs without a recent heartbeat
[2022-04-26 00:01:27,290] {manager.py:1110} INFO - Failing jobs without heartbeat after 2022-04-25 23:56:27.290312+00:00
[2022-04-26 00:01:33,301] {manager.py:825} INFO - 
================================================================================
DAG File Processing Stats

File Path                         PID    Runtime      # DAGs    # Errors  Last Runtime    Last Run
--------------------------------  -----  ---------  --------  ----------  --------------  -------------------
/opt/airflow/dags/starwar_dag.py                           1           0  1.40s           2022-04-26T00:01:05
================================================================================
[2022-04-26 00:01:37,337] {manager.py:1106} INFO - Finding 'running' jobs without a recent heartbeat
[2022-04-26 00:01:37,341] {manager.py:1110} INFO - Failing jobs without heartbeat after 2022-04-25 23:56:37.341690+00:00
[2022-04-26 00:01:47,422] {manager.py:1106} INFO - Finding 'running' jobs without a recent heartbeat
[2022-04-26 00:01:47,426] {manager.py:1110} INFO - Failing jobs without heartbeat after 2022-04-25 23:56:47.426459+00:00
[2022-04-26 00:01:57,552] {manager.py:1106} INFO - Finding 'running' jobs without a recent heartbeat
[2022-04-26 00:01:57,574] {manager.py:1110} INFO - Failing jobs without heartbeat after 2022-04-25 23:56:57.574398+00:00
[2022-04-26 00:02:03,603] {manager.py:825} INFO - 
================================================================================
DAG File Processing Stats

File Path                         PID    Runtime      # DAGs    # Errors  Last Runtime    Last Run
--------------------------------  -----  ---------  --------  ----------  --------------  -------------------
/opt/airflow/dags/starwar_dag.py                           1           0  0.60s           2022-04-26T00:01:35
================================================================================
[2022-04-26 00:02:07,621] {manager.py:1106} INFO - Finding 'running' jobs without a recent heartbeat
[2022-04-26 00:02:07,694] {manager.py:1110} INFO - Failing jobs without heartbeat after 2022-04-25 23:57:07.694372+00:00
[2022-04-26 00:02:08,096] {manager.py:498} INFO - Exiting gracefully upon receiving signal 15
