[2022-04-28 15:23:02,927] {taskinstance.py:1043} INFO - Dependencies all met for <TaskInstance: starwarapi.extract scheduled__2022-04-28T15:22:02.323668+00:00 [queued]>
[2022-04-28 15:23:02,943] {taskinstance.py:1043} INFO - Dependencies all met for <TaskInstance: starwarapi.extract scheduled__2022-04-28T15:22:02.323668+00:00 [queued]>
[2022-04-28 15:23:02,945] {taskinstance.py:1249} INFO - 
--------------------------------------------------------------------------------
[2022-04-28 15:23:02,946] {taskinstance.py:1250} INFO - Starting attempt 1 of 2
[2022-04-28 15:23:02,947] {taskinstance.py:1251} INFO - 
--------------------------------------------------------------------------------
[2022-04-28 15:23:02,964] {taskinstance.py:1270} INFO - Executing <Task(PythonOperator): extract> on 2022-04-28 15:22:02.323668+00:00
[2022-04-28 15:23:02,973] {standard_task_runner.py:52} INFO - Started process 167 to run task
[2022-04-28 15:23:02,979] {standard_task_runner.py:79} INFO - Running: ['***', 'tasks', 'run', 'starwarapi', 'extract', 'scheduled__2022-04-28T15:22:02.323668+00:00', '--job-id', '35', '--raw', '--subdir', 'DAGS_FOLDER/starwar_dag.py', '--cfg-path', '/tmp/tmpknd_8rqx', '--error-file', '/tmp/tmpz3j8tk9g']
[2022-04-28 15:23:02,981] {standard_task_runner.py:80} INFO - Job 35: Subtask extract
[2022-04-28 15:23:03,063] {logging_mixin.py:109} INFO - Running <TaskInstance: starwarapi.extract scheduled__2022-04-28T15:22:02.323668+00:00 [running]> on host f3cfb7d93a54
[2022-04-28 15:23:03,134] {taskinstance.py:1448} INFO - Exporting the following env vars:
AIRFLOW_CTX_DAG_OWNER=***
AIRFLOW_CTX_DAG_ID=starwarapi
AIRFLOW_CTX_TASK_ID=extract
AIRFLOW_CTX_EXECUTION_DATE=2022-04-28T15:22:02.323668+00:00
AIRFLOW_CTX_DAG_RUN_ID=scheduled__2022-04-28T15:22:02.323668+00:00
[2022-04-28 15:23:03,332] {logging_mixin.py:109} INFO - <Response [200]>
[2022-04-28 15:23:03,337] {python.py:175} INFO - Done. Returned value was: None
[2022-04-28 15:23:03,361] {taskinstance.py:1288} INFO - Marking task as SUCCESS. dag_id=starwarapi, task_id=extract, execution_date=20220428T152202, start_date=20220428T152302, end_date=20220428T152303
[2022-04-28 15:23:03,440] {local_task_job.py:154} INFO - Task exited with return code 0
[2022-04-28 15:23:03,504] {local_task_job.py:264} INFO - 1 downstream tasks scheduled from follow-on schedule check
