[2022-04-25 16:52:03,818] {taskinstance.py:1043} INFO - Dependencies all met for <TaskInstance: starwarapi.transform_load scheduled__2022-04-25T16:30:10.547488+00:00 [queued]>
[2022-04-25 16:52:04,158] {taskinstance.py:1043} INFO - Dependencies all met for <TaskInstance: starwarapi.transform_load scheduled__2022-04-25T16:30:10.547488+00:00 [queued]>
[2022-04-25 16:52:04,176] {taskinstance.py:1249} INFO - 
--------------------------------------------------------------------------------
[2022-04-25 16:52:04,196] {taskinstance.py:1250} INFO - Starting attempt 1 of 2
[2022-04-25 16:52:04,217] {taskinstance.py:1251} INFO - 
--------------------------------------------------------------------------------
[2022-04-25 16:52:04,566] {taskinstance.py:1270} INFO - Executing <Task(PythonOperator): transform_load> on 2022-04-25 16:30:10.547488+00:00
[2022-04-25 16:52:04,731] {standard_task_runner.py:52} INFO - Started process 142 to run task
[2022-04-25 16:52:04,926] {standard_task_runner.py:79} INFO - Running: ['***', 'tasks', 'run', 'starwarapi', 'transform_load', 'scheduled__2022-04-25T16:30:10.547488+00:00', '--job-id', '109', '--raw', '--subdir', 'DAGS_FOLDER/starwar_dag.py', '--cfg-path', '/tmp/tmp36h5ym_i', '--error-file', '/tmp/tmp2gn6jlnr']
[2022-04-25 16:52:04,953] {standard_task_runner.py:80} INFO - Job 109: Subtask transform_load
[2022-04-25 16:52:07,494] {logging_mixin.py:109} INFO - Running <TaskInstance: starwarapi.transform_load scheduled__2022-04-25T16:30:10.547488+00:00 [running]> on host 171c4f2b9aa0
[2022-04-25 16:52:08,317] {taskinstance.py:1448} INFO - Exporting the following env vars:
AIRFLOW_CTX_DAG_EMAIL=anuragvuppala@gmail.com
AIRFLOW_CTX_DAG_OWNER=***
AIRFLOW_CTX_DAG_ID=starwarapi
AIRFLOW_CTX_TASK_ID=transform_load
AIRFLOW_CTX_EXECUTION_DATE=2022-04-25T16:30:10.547488+00:00
AIRFLOW_CTX_DAG_RUN_ID=scheduled__2022-04-25T16:30:10.547488+00:00
[2022-04-25 16:52:08,489] {python.py:175} INFO - Done. Returned value was: loaded
[2022-04-25 16:52:08,729] {taskinstance.py:1288} INFO - Marking task as SUCCESS. dag_id=starwarapi, task_id=transform_load, execution_date=20220425T163010, start_date=20220425T165203, end_date=20220425T165208
[2022-04-25 16:52:09,091] {local_task_job.py:154} INFO - Task exited with return code 0
[2022-04-25 16:52:09,914] {local_task_job.py:264} INFO - 0 downstream tasks scheduled from follow-on schedule check
