[2022-04-26 01:47:44,984] {taskinstance.py:1043} INFO - Dependencies all met for <TaskInstance: starwarapi.extracted scheduled__2022-04-26T01:46:38.733923+00:00 [queued]>
[2022-04-26 01:47:45,102] {taskinstance.py:1043} INFO - Dependencies all met for <TaskInstance: starwarapi.extracted scheduled__2022-04-26T01:46:38.733923+00:00 [queued]>
[2022-04-26 01:47:45,138] {taskinstance.py:1249} INFO - 
--------------------------------------------------------------------------------
[2022-04-26 01:47:45,143] {taskinstance.py:1250} INFO - Starting attempt 1 of 2
[2022-04-26 01:47:45,148] {taskinstance.py:1251} INFO - 
--------------------------------------------------------------------------------
[2022-04-26 01:47:45,211] {taskinstance.py:1270} INFO - Executing <Task(BashOperator): extracted> on 2022-04-26 01:46:38.733923+00:00
[2022-04-26 01:47:45,268] {standard_task_runner.py:79} INFO - Running: ['***', 'tasks', 'run', 'starwarapi', 'extracted', 'scheduled__2022-04-26T01:46:38.733923+00:00', '--job-id', '169', '--raw', '--subdir', 'DAGS_FOLDER/starwar_dag.py', '--cfg-path', '/tmp/tmp06karpp1', '--error-file', '/tmp/tmpa8vz9p0c']
[2022-04-26 01:47:45,281] {standard_task_runner.py:80} INFO - Job 169: Subtask extracted
[2022-04-26 01:47:45,261] {standard_task_runner.py:52} INFO - Started process 1535 to run task
[2022-04-26 01:47:45,856] {logging_mixin.py:109} INFO - Running <TaskInstance: starwarapi.extracted scheduled__2022-04-26T01:46:38.733923+00:00 [running]> on host 66327e1a8873
[2022-04-26 01:47:46,339] {taskinstance.py:1448} INFO - Exporting the following env vars:
AIRFLOW_CTX_DAG_OWNER=***
AIRFLOW_CTX_DAG_ID=starwarapi
AIRFLOW_CTX_TASK_ID=extracted
AIRFLOW_CTX_EXECUTION_DATE=2022-04-26T01:46:38.733923+00:00
AIRFLOW_CTX_DAG_RUN_ID=scheduled__2022-04-26T01:46:38.733923+00:00
[2022-04-26 01:47:46,349] {subprocess.py:62} INFO - Tmp dir root location: 
 /tmp
[2022-04-26 01:47:46,353] {subprocess.py:74} INFO - Running command: ['bash', '-c', "echo 'Data_Extracted'"]
[2022-04-26 01:47:46,395] {subprocess.py:85} INFO - Output:
[2022-04-26 01:47:46,414] {subprocess.py:89} INFO - Data_Extracted
[2022-04-26 01:47:46,415] {subprocess.py:93} INFO - Command exited with return code 0
[2022-04-26 01:47:46,523] {taskinstance.py:1288} INFO - Marking task as SUCCESS. dag_id=starwarapi, task_id=extracted, execution_date=20220426T014638, start_date=20220426T014744, end_date=20220426T014746
[2022-04-26 01:47:46,697] {local_task_job.py:154} INFO - Task exited with return code 0
[2022-04-26 01:47:46,838] {local_task_job.py:264} INFO - 2 downstream tasks scheduled from follow-on schedule check
