[2022-04-26 01:19:01,106] {taskinstance.py:1043} INFO - Dependencies all met for <TaskInstance: starwarapi.extract scheduled__2022-04-26T00:40:25.850955+00:00 [queued]>
[2022-04-26 01:19:01,894] {taskinstance.py:1043} INFO - Dependencies all met for <TaskInstance: starwarapi.extract scheduled__2022-04-26T00:40:25.850955+00:00 [queued]>
[2022-04-26 01:19:01,914] {taskinstance.py:1249} INFO - 
--------------------------------------------------------------------------------
[2022-04-26 01:19:02,043] {taskinstance.py:1250} INFO - Starting attempt 2 of 2
[2022-04-26 01:19:02,440] {taskinstance.py:1251} INFO - 
--------------------------------------------------------------------------------
[2022-04-26 01:19:03,967] {taskinstance.py:1270} INFO - Executing <Task(PythonOperator): extract> on 2022-04-26 00:40:25.850955+00:00
[2022-04-26 01:19:04,143] {standard_task_runner.py:52} INFO - Started process 108 to run task
[2022-04-26 01:19:04,892] {standard_task_runner.py:79} INFO - Running: ['***', 'tasks', 'run', 'starwarapi', 'extract', 'scheduled__2022-04-26T00:40:25.850955+00:00', '--job-id', '17', '--raw', '--subdir', 'DAGS_FOLDER/starwar_dag.py', '--cfg-path', '/tmp/tmpa8hnq9bf', '--error-file', '/tmp/tmpvio0cqw_']
[2022-04-26 01:19:04,971] {standard_task_runner.py:80} INFO - Job 17: Subtask extract
[2022-04-26 01:19:09,794] {logging_mixin.py:109} INFO - Running <TaskInstance: starwarapi.extract scheduled__2022-04-26T00:40:25.850955+00:00 [running]> on host 66327e1a8873
[2022-04-26 01:19:14,758] {taskinstance.py:1448} INFO - Exporting the following env vars:
AIRFLOW_CTX_DAG_OWNER=***
AIRFLOW_CTX_DAG_ID=starwarapi
AIRFLOW_CTX_TASK_ID=extract
AIRFLOW_CTX_EXECUTION_DATE=2022-04-26T00:40:25.850955+00:00
AIRFLOW_CTX_DAG_RUN_ID=scheduled__2022-04-26T00:40:25.850955+00:00
[2022-04-26 01:19:15,728] {logging_mixin.py:109} INFO - <Response [200]>
[2022-04-26 01:19:15,806] {python.py:175} INFO - Done. Returned value was: None
[2022-04-26 01:19:16,645] {taskinstance.py:1288} INFO - Marking task as SUCCESS. dag_id=starwarapi, task_id=extract, execution_date=20220426T004025, start_date=20220426T011901, end_date=20220426T011916
[2022-04-26 01:19:17,158] {local_task_job.py:154} INFO - Task exited with return code 0
[2022-04-26 01:19:19,334] {local_task_job.py:264} INFO - 1 downstream tasks scheduled from follow-on schedule check
