[2022-04-28 15:27:07,695] {taskinstance.py:1043} INFO - Dependencies all met for <TaskInstance: starwarapi.extracted scheduled__2022-04-28T15:26:02.323668+00:00 [queued]>
[2022-04-28 15:27:07,733] {taskinstance.py:1043} INFO - Dependencies all met for <TaskInstance: starwarapi.extracted scheduled__2022-04-28T15:26:02.323668+00:00 [queued]>
[2022-04-28 15:27:07,736] {taskinstance.py:1249} INFO - 
--------------------------------------------------------------------------------
[2022-04-28 15:27:07,739] {taskinstance.py:1250} INFO - Starting attempt 1 of 2
[2022-04-28 15:27:07,745] {taskinstance.py:1251} INFO - 
--------------------------------------------------------------------------------
[2022-04-28 15:27:07,779] {taskinstance.py:1270} INFO - Executing <Task(BashOperator): extracted> on 2022-04-28 15:26:02.323668+00:00
[2022-04-28 15:27:07,793] {standard_task_runner.py:52} INFO - Started process 369 to run task
[2022-04-28 15:27:07,805] {standard_task_runner.py:79} INFO - Running: ['***', 'tasks', 'run', 'starwarapi', 'extracted', 'scheduled__2022-04-28T15:26:02.323668+00:00', '--job-id', '52', '--raw', '--subdir', 'DAGS_FOLDER/starwar_dag.py', '--cfg-path', '/tmp/tmp9_r5_ldp', '--error-file', '/tmp/tmpl35c4y6f']
[2022-04-28 15:27:07,807] {standard_task_runner.py:80} INFO - Job 52: Subtask extracted
[2022-04-28 15:27:08,022] {logging_mixin.py:109} INFO - Running <TaskInstance: starwarapi.extracted scheduled__2022-04-28T15:26:02.323668+00:00 [running]> on host f3cfb7d93a54
[2022-04-28 15:27:08,156] {taskinstance.py:1448} INFO - Exporting the following env vars:
AIRFLOW_CTX_DAG_OWNER=***
AIRFLOW_CTX_DAG_ID=starwarapi
AIRFLOW_CTX_TASK_ID=extracted
AIRFLOW_CTX_EXECUTION_DATE=2022-04-28T15:26:02.323668+00:00
AIRFLOW_CTX_DAG_RUN_ID=scheduled__2022-04-28T15:26:02.323668+00:00
[2022-04-28 15:27:08,160] {subprocess.py:62} INFO - Tmp dir root location: 
 /tmp
[2022-04-28 15:27:08,168] {subprocess.py:74} INFO - Running command: ['bash', '-c', "echo 'Data_Extracted'"]
[2022-04-28 15:27:08,196] {subprocess.py:85} INFO - Output:
[2022-04-28 15:27:08,203] {subprocess.py:89} INFO - Data_Extracted
[2022-04-28 15:27:08,205] {subprocess.py:93} INFO - Command exited with return code 0
[2022-04-28 15:27:08,278] {taskinstance.py:1288} INFO - Marking task as SUCCESS. dag_id=starwarapi, task_id=extracted, execution_date=20220428T152602, start_date=20220428T152707, end_date=20220428T152708
[2022-04-28 15:27:08,360] {local_task_job.py:154} INFO - Task exited with return code 0
[2022-04-28 15:27:08,445] {local_task_job.py:264} INFO - 1 downstream tasks scheduled from follow-on schedule check
