[2022-04-26 01:37:34,942] {taskinstance.py:1043} INFO - Dependencies all met for <TaskInstance: starwarapi.loaded scheduled__2022-04-26T01:36:51.766646+00:00 [queued]>
[2022-04-26 01:37:35,041] {taskinstance.py:1043} INFO - Dependencies all met for <TaskInstance: starwarapi.loaded scheduled__2022-04-26T01:36:51.766646+00:00 [queued]>
[2022-04-26 01:37:35,047] {taskinstance.py:1249} INFO - 
--------------------------------------------------------------------------------
[2022-04-26 01:37:35,066] {taskinstance.py:1250} INFO - Starting attempt 1 of 2
[2022-04-26 01:37:35,082] {taskinstance.py:1251} INFO - 
--------------------------------------------------------------------------------
[2022-04-26 01:37:35,246] {taskinstance.py:1270} INFO - Executing <Task(BashOperator): loaded> on 2022-04-26 01:36:51.766646+00:00
[2022-04-26 01:37:35,362] {standard_task_runner.py:52} INFO - Started process 1036 to run task
[2022-04-26 01:37:35,576] {standard_task_runner.py:79} INFO - Running: ['***', 'tasks', 'run', 'starwarapi', 'loaded', 'scheduled__2022-04-26T01:36:51.766646+00:00', '--job-id', '127', '--raw', '--subdir', 'DAGS_FOLDER/starwar_dag.py', '--cfg-path', '/tmp/tmpvn5eohl_', '--error-file', '/tmp/tmph93263_1']
[2022-04-26 01:37:35,587] {standard_task_runner.py:80} INFO - Job 127: Subtask loaded
[2022-04-26 01:37:36,709] {logging_mixin.py:109} INFO - Running <TaskInstance: starwarapi.loaded scheduled__2022-04-26T01:36:51.766646+00:00 [running]> on host 66327e1a8873
[2022-04-26 01:37:37,711] {taskinstance.py:1448} INFO - Exporting the following env vars:
AIRFLOW_CTX_DAG_OWNER=***
AIRFLOW_CTX_DAG_ID=starwarapi
AIRFLOW_CTX_TASK_ID=loaded
AIRFLOW_CTX_EXECUTION_DATE=2022-04-26T01:36:51.766646+00:00
AIRFLOW_CTX_DAG_RUN_ID=scheduled__2022-04-26T01:36:51.766646+00:00
[2022-04-26 01:37:37,716] {subprocess.py:62} INFO - Tmp dir root location: 
 /tmp
[2022-04-26 01:37:37,726] {subprocess.py:74} INFO - Running command: ['bash', '-c', "echo 'Data_loaded_to_CSV'"]
[2022-04-26 01:37:37,820] {subprocess.py:85} INFO - Output:
[2022-04-26 01:37:37,845] {subprocess.py:89} INFO - Data_loaded_to_CSV
[2022-04-26 01:37:37,863] {subprocess.py:93} INFO - Command exited with return code 0
[2022-04-26 01:37:38,217] {taskinstance.py:1288} INFO - Marking task as SUCCESS. dag_id=starwarapi, task_id=loaded, execution_date=20220426T013651, start_date=20220426T013734, end_date=20220426T013738
[2022-04-26 01:37:38,417] {local_task_job.py:154} INFO - Task exited with return code 0
[2022-04-26 01:37:38,641] {local_task_job.py:264} INFO - 0 downstream tasks scheduled from follow-on schedule check
