[2022-04-28 15:26:03,016] {taskinstance.py:1043} INFO - Dependencies all met for <TaskInstance: starwarapi.extract scheduled__2022-04-28T15:25:02.323668+00:00 [queued]>
[2022-04-28 15:26:03,037] {taskinstance.py:1043} INFO - Dependencies all met for <TaskInstance: starwarapi.extract scheduled__2022-04-28T15:25:02.323668+00:00 [queued]>
[2022-04-28 15:26:03,038] {taskinstance.py:1249} INFO - 
--------------------------------------------------------------------------------
[2022-04-28 15:26:03,040] {taskinstance.py:1250} INFO - Starting attempt 1 of 2
[2022-04-28 15:26:03,042] {taskinstance.py:1251} INFO - 
--------------------------------------------------------------------------------
[2022-04-28 15:26:03,073] {taskinstance.py:1270} INFO - Executing <Task(PythonOperator): extract> on 2022-04-28 15:25:02.323668+00:00
[2022-04-28 15:26:03,084] {standard_task_runner.py:52} INFO - Started process 315 to run task
[2022-04-28 15:26:03,099] {standard_task_runner.py:79} INFO - Running: ['***', 'tasks', 'run', 'starwarapi', 'extract', 'scheduled__2022-04-28T15:25:02.323668+00:00', '--job-id', '47', '--raw', '--subdir', 'DAGS_FOLDER/starwar_dag.py', '--cfg-path', '/tmp/tmpfpfvkwz5', '--error-file', '/tmp/tmpiy9vy7ck']
[2022-04-28 15:26:03,101] {standard_task_runner.py:80} INFO - Job 47: Subtask extract
[2022-04-28 15:26:03,217] {logging_mixin.py:109} INFO - Running <TaskInstance: starwarapi.extract scheduled__2022-04-28T15:25:02.323668+00:00 [running]> on host f3cfb7d93a54
[2022-04-28 15:26:03,386] {taskinstance.py:1448} INFO - Exporting the following env vars:
AIRFLOW_CTX_DAG_OWNER=***
AIRFLOW_CTX_DAG_ID=starwarapi
AIRFLOW_CTX_TASK_ID=extract
AIRFLOW_CTX_EXECUTION_DATE=2022-04-28T15:25:02.323668+00:00
AIRFLOW_CTX_DAG_RUN_ID=scheduled__2022-04-28T15:25:02.323668+00:00
[2022-04-28 15:26:04,245] {logging_mixin.py:109} INFO - <Response [200]>
[2022-04-28 15:26:04,253] {python.py:175} INFO - Done. Returned value was: None
[2022-04-28 15:26:04,344] {taskinstance.py:1288} INFO - Marking task as SUCCESS. dag_id=starwarapi, task_id=extract, execution_date=20220428T152502, start_date=20220428T152603, end_date=20220428T152604
[2022-04-28 15:26:04,585] {local_task_job.py:154} INFO - Task exited with return code 0
[2022-04-28 15:26:04,902] {local_task_job.py:264} INFO - 1 downstream tasks scheduled from follow-on schedule check
