[2022-04-26 01:34:27,274] {taskinstance.py:1043} INFO - Dependencies all met for <TaskInstance: starwarapi.extracted scheduled__2022-04-26T01:33:51.766646+00:00 [queued]>
[2022-04-26 01:34:27,290] {taskinstance.py:1043} INFO - Dependencies all met for <TaskInstance: starwarapi.extracted scheduled__2022-04-26T01:33:51.766646+00:00 [queued]>
[2022-04-26 01:34:27,291] {taskinstance.py:1249} INFO - 
--------------------------------------------------------------------------------
[2022-04-26 01:34:27,292] {taskinstance.py:1250} INFO - Starting attempt 1 of 2
[2022-04-26 01:34:27,293] {taskinstance.py:1251} INFO - 
--------------------------------------------------------------------------------
[2022-04-26 01:34:27,317] {taskinstance.py:1270} INFO - Executing <Task(BashOperator): extracted> on 2022-04-26 01:33:51.766646+00:00
[2022-04-26 01:34:27,328] {standard_task_runner.py:52} INFO - Started process 867 to run task
[2022-04-26 01:34:27,336] {standard_task_runner.py:79} INFO - Running: ['***', 'tasks', 'run', 'starwarapi', 'extracted', 'scheduled__2022-04-26T01:33:51.766646+00:00', '--job-id', '101', '--raw', '--subdir', 'DAGS_FOLDER/starwar_dag.py', '--cfg-path', '/tmp/tmp9bftrzoz', '--error-file', '/tmp/tmpyjr2i7lf']
[2022-04-26 01:34:27,338] {standard_task_runner.py:80} INFO - Job 101: Subtask extracted
[2022-04-26 01:34:27,763] {logging_mixin.py:109} INFO - Running <TaskInstance: starwarapi.extracted scheduled__2022-04-26T01:33:51.766646+00:00 [running]> on host 66327e1a8873
[2022-04-26 01:34:28,113] {taskinstance.py:1448} INFO - Exporting the following env vars:
AIRFLOW_CTX_DAG_OWNER=***
AIRFLOW_CTX_DAG_ID=starwarapi
AIRFLOW_CTX_TASK_ID=extracted
AIRFLOW_CTX_EXECUTION_DATE=2022-04-26T01:33:51.766646+00:00
AIRFLOW_CTX_DAG_RUN_ID=scheduled__2022-04-26T01:33:51.766646+00:00
[2022-04-26 01:34:28,130] {subprocess.py:62} INFO - Tmp dir root location: 
 /tmp
[2022-04-26 01:34:28,141] {subprocess.py:74} INFO - Running command: ['bash', '-c', "echo 'Data_Extracted'"]
[2022-04-26 01:34:28,183] {subprocess.py:85} INFO - Output:
[2022-04-26 01:34:28,194] {subprocess.py:89} INFO - Data_Extracted
[2022-04-26 01:34:28,198] {subprocess.py:93} INFO - Command exited with return code 0
[2022-04-26 01:34:28,350] {taskinstance.py:1288} INFO - Marking task as SUCCESS. dag_id=starwarapi, task_id=extracted, execution_date=20220426T013351, start_date=20220426T013427, end_date=20220426T013428
[2022-04-26 01:34:28,502] {local_task_job.py:154} INFO - Task exited with return code 0
[2022-04-26 01:34:28,781] {local_task_job.py:264} INFO - 1 downstream tasks scheduled from follow-on schedule check
