[2022-04-25 16:51:39,308] {taskinstance.py:1043} INFO - Dependencies all met for <TaskInstance: starwarapi.extracted scheduled__2022-04-25T16:49:08.155533+00:00 [queued]>
[2022-04-25 16:51:39,865] {taskinstance.py:1043} INFO - Dependencies all met for <TaskInstance: starwarapi.extracted scheduled__2022-04-25T16:49:08.155533+00:00 [queued]>
[2022-04-25 16:51:39,888] {taskinstance.py:1249} INFO - 
--------------------------------------------------------------------------------
[2022-04-25 16:51:39,899] {taskinstance.py:1250} INFO - Starting attempt 1 of 2
[2022-04-25 16:51:39,913] {taskinstance.py:1251} INFO - 
--------------------------------------------------------------------------------
[2022-04-25 16:51:40,334] {taskinstance.py:1270} INFO - Executing <Task(BashOperator): extracted> on 2022-04-25 16:49:08.155533+00:00
[2022-04-25 16:51:40,742] {standard_task_runner.py:52} INFO - Started process 126 to run task
[2022-04-25 16:51:40,821] {standard_task_runner.py:79} INFO - Running: ['***', 'tasks', 'run', 'starwarapi', 'extracted', 'scheduled__2022-04-25T16:49:08.155533+00:00', '--job-id', '107', '--raw', '--subdir', 'DAGS_FOLDER/starwar_dag.py', '--cfg-path', '/tmp/tmp1n2hwuv0', '--error-file', '/tmp/tmpitzgyv4x']
[2022-04-25 16:51:40,947] {standard_task_runner.py:80} INFO - Job 107: Subtask extracted
[2022-04-25 16:51:44,237] {logging_mixin.py:109} INFO - Running <TaskInstance: starwarapi.extracted scheduled__2022-04-25T16:49:08.155533+00:00 [running]> on host 171c4f2b9aa0
[2022-04-25 16:51:45,736] {taskinstance.py:1448} INFO - Exporting the following env vars:
AIRFLOW_CTX_DAG_EMAIL=anuragvuppala@gmail.com
AIRFLOW_CTX_DAG_OWNER=***
AIRFLOW_CTX_DAG_ID=starwarapi
AIRFLOW_CTX_TASK_ID=extracted
AIRFLOW_CTX_EXECUTION_DATE=2022-04-25T16:49:08.155533+00:00
AIRFLOW_CTX_DAG_RUN_ID=scheduled__2022-04-25T16:49:08.155533+00:00
[2022-04-25 16:51:45,778] {subprocess.py:62} INFO - Tmp dir root location: 
 /tmp
[2022-04-25 16:51:45,784] {subprocess.py:74} INFO - Running command: ['bash', '-c', "echo 'Data_Extracted'"]
[2022-04-25 16:51:46,593] {subprocess.py:85} INFO - Output:
[2022-04-25 16:51:46,625] {subprocess.py:89} INFO - Data_Extracted
[2022-04-25 16:51:46,640] {subprocess.py:93} INFO - Command exited with return code 0
[2022-04-25 16:51:47,118] {taskinstance.py:1288} INFO - Marking task as SUCCESS. dag_id=starwarapi, task_id=extracted, execution_date=20220425T164908, start_date=20220425T165139, end_date=20220425T165147
[2022-04-25 16:51:47,543] {local_task_job.py:154} INFO - Task exited with return code 0
[2022-04-25 16:51:48,137] {local_task_job.py:264} INFO - 1 downstream tasks scheduled from follow-on schedule check
