[2022-04-26 01:31:57,024] {taskinstance.py:1043} INFO - Dependencies all met for <TaskInstance: starwarapi.extracted scheduled__2022-04-26T01:31:21.766646+00:00 [queued]>
[2022-04-26 01:31:57,054] {taskinstance.py:1043} INFO - Dependencies all met for <TaskInstance: starwarapi.extracted scheduled__2022-04-26T01:31:21.766646+00:00 [queued]>
[2022-04-26 01:31:57,066] {taskinstance.py:1249} INFO - 
--------------------------------------------------------------------------------
[2022-04-26 01:31:57,068] {taskinstance.py:1250} INFO - Starting attempt 1 of 2
[2022-04-26 01:31:57,069] {taskinstance.py:1251} INFO - 
--------------------------------------------------------------------------------
[2022-04-26 01:31:57,133] {taskinstance.py:1270} INFO - Executing <Task(BashOperator): extracted> on 2022-04-26 01:31:21.766646+00:00
[2022-04-26 01:31:57,149] {standard_task_runner.py:52} INFO - Started process 727 to run task
[2022-04-26 01:31:57,187] {standard_task_runner.py:79} INFO - Running: ['***', 'tasks', 'run', 'starwarapi', 'extracted', 'scheduled__2022-04-26T01:31:21.766646+00:00', '--job-id', '81', '--raw', '--subdir', 'DAGS_FOLDER/starwar_dag.py', '--cfg-path', '/tmp/tmpkj1hkcb1', '--error-file', '/tmp/tmpvhnk4zce']
[2022-04-26 01:31:57,191] {standard_task_runner.py:80} INFO - Job 81: Subtask extracted
[2022-04-26 01:31:57,836] {logging_mixin.py:109} INFO - Running <TaskInstance: starwarapi.extracted scheduled__2022-04-26T01:31:21.766646+00:00 [running]> on host 66327e1a8873
[2022-04-26 01:31:58,301] {taskinstance.py:1448} INFO - Exporting the following env vars:
AIRFLOW_CTX_DAG_OWNER=***
AIRFLOW_CTX_DAG_ID=starwarapi
AIRFLOW_CTX_TASK_ID=extracted
AIRFLOW_CTX_EXECUTION_DATE=2022-04-26T01:31:21.766646+00:00
AIRFLOW_CTX_DAG_RUN_ID=scheduled__2022-04-26T01:31:21.766646+00:00
[2022-04-26 01:31:58,314] {subprocess.py:62} INFO - Tmp dir root location: 
 /tmp
[2022-04-26 01:31:58,346] {subprocess.py:74} INFO - Running command: ['bash', '-c', "echo 'Data_Extracted'"]
[2022-04-26 01:31:58,498] {subprocess.py:85} INFO - Output:
[2022-04-26 01:31:58,508] {subprocess.py:89} INFO - Data_Extracted
[2022-04-26 01:31:58,532] {subprocess.py:93} INFO - Command exited with return code 0
[2022-04-26 01:31:58,705] {taskinstance.py:1288} INFO - Marking task as SUCCESS. dag_id=starwarapi, task_id=extracted, execution_date=20220426T013121, start_date=20220426T013157, end_date=20220426T013158
[2022-04-26 01:31:58,836] {local_task_job.py:154} INFO - Task exited with return code 0
[2022-04-26 01:31:59,786] {local_task_job.py:264} INFO - 1 downstream tasks scheduled from follow-on schedule check
