[2022-04-26 01:30:53,868] {taskinstance.py:1043} INFO - Dependencies all met for <TaskInstance: starwarapi.extract scheduled__2022-04-26T01:30:21.766646+00:00 [queued]>
[2022-04-26 01:30:53,895] {taskinstance.py:1043} INFO - Dependencies all met for <TaskInstance: starwarapi.extract scheduled__2022-04-26T01:30:21.766646+00:00 [queued]>
[2022-04-26 01:30:53,897] {taskinstance.py:1249} INFO - 
--------------------------------------------------------------------------------
[2022-04-26 01:30:53,898] {taskinstance.py:1250} INFO - Starting attempt 1 of 2
[2022-04-26 01:30:53,900] {taskinstance.py:1251} INFO - 
--------------------------------------------------------------------------------
[2022-04-26 01:30:53,925] {taskinstance.py:1270} INFO - Executing <Task(PythonOperator): extract> on 2022-04-26 01:30:21.766646+00:00
[2022-04-26 01:30:53,944] {standard_task_runner.py:79} INFO - Running: ['***', 'tasks', 'run', 'starwarapi', 'extract', 'scheduled__2022-04-26T01:30:21.766646+00:00', '--job-id', '72', '--raw', '--subdir', 'DAGS_FOLDER/starwar_dag.py', '--cfg-path', '/tmp/tmpwq6n56zs', '--error-file', '/tmp/tmplh115tnn']
[2022-04-26 01:30:53,958] {standard_task_runner.py:80} INFO - Job 72: Subtask extract
[2022-04-26 01:30:53,938] {standard_task_runner.py:52} INFO - Started process 663 to run task
[2022-04-26 01:30:54,149] {logging_mixin.py:109} INFO - Running <TaskInstance: starwarapi.extract scheduled__2022-04-26T01:30:21.766646+00:00 [running]> on host 66327e1a8873
[2022-04-26 01:30:54,594] {taskinstance.py:1448} INFO - Exporting the following env vars:
AIRFLOW_CTX_DAG_OWNER=***
AIRFLOW_CTX_DAG_ID=starwarapi
AIRFLOW_CTX_TASK_ID=extract
AIRFLOW_CTX_EXECUTION_DATE=2022-04-26T01:30:21.766646+00:00
AIRFLOW_CTX_DAG_RUN_ID=scheduled__2022-04-26T01:30:21.766646+00:00
[2022-04-26 01:30:57,799] {logging_mixin.py:109} INFO - <Response [200]>
[2022-04-26 01:30:57,871] {python.py:175} INFO - Done. Returned value was: None
[2022-04-26 01:30:57,938] {taskinstance.py:1288} INFO - Marking task as SUCCESS. dag_id=starwarapi, task_id=extract, execution_date=20220426T013021, start_date=20220426T013053, end_date=20220426T013057
[2022-04-26 01:30:58,202] {local_task_job.py:154} INFO - Task exited with return code 0
[2022-04-26 01:30:58,839] {local_task_job.py:264} INFO - 0 downstream tasks scheduled from follow-on schedule check
