[2022-04-26 01:19:00,962] {taskinstance.py:1043} INFO - Dependencies all met for <TaskInstance: starwarapi.extract scheduled__2022-04-26T00:50:49.654927+00:00 [queued]>
[2022-04-26 01:19:01,539] {taskinstance.py:1043} INFO - Dependencies all met for <TaskInstance: starwarapi.extract scheduled__2022-04-26T00:50:49.654927+00:00 [queued]>
[2022-04-26 01:19:01,548] {taskinstance.py:1249} INFO - 
--------------------------------------------------------------------------------
[2022-04-26 01:19:01,550] {taskinstance.py:1250} INFO - Starting attempt 1 of 2
[2022-04-26 01:19:01,552] {taskinstance.py:1251} INFO - 
--------------------------------------------------------------------------------
[2022-04-26 01:19:02,809] {taskinstance.py:1270} INFO - Executing <Task(PythonOperator): extract> on 2022-04-26 00:50:49.654927+00:00
[2022-04-26 01:19:03,371] {standard_task_runner.py:52} INFO - Started process 104 to run task
[2022-04-26 01:19:03,969] {standard_task_runner.py:79} INFO - Running: ['***', 'tasks', 'run', 'starwarapi', 'extract', 'scheduled__2022-04-26T00:50:49.654927+00:00', '--job-id', '15', '--raw', '--subdir', 'DAGS_FOLDER/starwar_dag.py', '--cfg-path', '/tmp/tmpas05myvj', '--error-file', '/tmp/tmpk5utp6cn']
[2022-04-26 01:19:04,032] {standard_task_runner.py:80} INFO - Job 15: Subtask extract
[2022-04-26 01:19:08,952] {logging_mixin.py:109} INFO - Running <TaskInstance: starwarapi.extract scheduled__2022-04-26T00:50:49.654927+00:00 [running]> on host 66327e1a8873
[2022-04-26 01:19:12,801] {taskinstance.py:1448} INFO - Exporting the following env vars:
AIRFLOW_CTX_DAG_OWNER=***
AIRFLOW_CTX_DAG_ID=starwarapi
AIRFLOW_CTX_TASK_ID=extract
AIRFLOW_CTX_EXECUTION_DATE=2022-04-26T00:50:49.654927+00:00
AIRFLOW_CTX_DAG_RUN_ID=scheduled__2022-04-26T00:50:49.654927+00:00
[2022-04-26 01:19:14,662] {logging_mixin.py:109} INFO - <Response [200]>
[2022-04-26 01:19:14,808] {python.py:175} INFO - Done. Returned value was: None
[2022-04-26 01:19:15,575] {taskinstance.py:1288} INFO - Marking task as SUCCESS. dag_id=starwarapi, task_id=extract, execution_date=20220426T005049, start_date=20220426T011901, end_date=20220426T011915
[2022-04-26 01:19:16,822] {local_task_job.py:154} INFO - Task exited with return code 0
[2022-04-26 01:19:18,942] {local_task_job.py:264} INFO - 0 downstream tasks scheduled from follow-on schedule check
