[2022-04-26 01:21:47,770] {taskinstance.py:1043} INFO - Dependencies all met for <TaskInstance: starwarapi.loaded manual__2022-04-26T01:21:33.403481+00:00 [queued]>
[2022-04-26 01:21:47,838] {taskinstance.py:1043} INFO - Dependencies all met for <TaskInstance: starwarapi.loaded manual__2022-04-26T01:21:33.403481+00:00 [queued]>
[2022-04-26 01:21:47,852] {taskinstance.py:1249} INFO - 
--------------------------------------------------------------------------------
[2022-04-26 01:21:47,856] {taskinstance.py:1250} INFO - Starting attempt 1 of 2
[2022-04-26 01:21:47,867] {taskinstance.py:1251} INFO - 
--------------------------------------------------------------------------------
[2022-04-26 01:21:47,915] {taskinstance.py:1270} INFO - Executing <Task(BashOperator): loaded> on 2022-04-26 01:21:33.403481+00:00
[2022-04-26 01:21:47,938] {standard_task_runner.py:52} INFO - Started process 268 to run task
[2022-04-26 01:21:47,964] {standard_task_runner.py:79} INFO - Running: ['***', 'tasks', 'run', 'starwarapi', 'loaded', 'manual__2022-04-26T01:21:33.403481+00:00', '--job-id', '47', '--raw', '--subdir', 'DAGS_FOLDER/starwar_dag.py', '--cfg-path', '/tmp/tmpcfdb7lsi', '--error-file', '/tmp/tmpj22vo3mm']
[2022-04-26 01:21:47,968] {standard_task_runner.py:80} INFO - Job 47: Subtask loaded
[2022-04-26 01:21:48,095] {logging_mixin.py:109} INFO - Running <TaskInstance: starwarapi.loaded manual__2022-04-26T01:21:33.403481+00:00 [running]> on host 66327e1a8873
[2022-04-26 01:21:48,266] {taskinstance.py:1448} INFO - Exporting the following env vars:
AIRFLOW_CTX_DAG_OWNER=***
AIRFLOW_CTX_DAG_ID=starwarapi
AIRFLOW_CTX_TASK_ID=loaded
AIRFLOW_CTX_EXECUTION_DATE=2022-04-26T01:21:33.403481+00:00
AIRFLOW_CTX_DAG_RUN_ID=manual__2022-04-26T01:21:33.403481+00:00
[2022-04-26 01:21:48,273] {subprocess.py:62} INFO - Tmp dir root location: 
 /tmp
[2022-04-26 01:21:48,277] {subprocess.py:74} INFO - Running command: ['bash', '-c', "echo 'Data_loaded_to_CSV'"]
[2022-04-26 01:21:48,325] {subprocess.py:85} INFO - Output:
[2022-04-26 01:21:48,346] {subprocess.py:89} INFO - Data_loaded_to_CSV
[2022-04-26 01:21:48,352] {subprocess.py:93} INFO - Command exited with return code 0
[2022-04-26 01:21:48,449] {taskinstance.py:1288} INFO - Marking task as SUCCESS. dag_id=starwarapi, task_id=loaded, execution_date=20220426T012133, start_date=20220426T012147, end_date=20220426T012148
[2022-04-26 01:21:48,611] {local_task_job.py:154} INFO - Task exited with return code 0
[2022-04-26 01:21:48,801] {local_task_job.py:264} INFO - 0 downstream tasks scheduled from follow-on schedule check
