[2022-04-26 01:29:00,803] {taskinstance.py:1043} INFO - Dependencies all met for <TaskInstance: starwarapi.extracted scheduled__2022-04-26T01:28:21.766646+00:00 [queued]>
[2022-04-26 01:29:00,841] {taskinstance.py:1043} INFO - Dependencies all met for <TaskInstance: starwarapi.extracted scheduled__2022-04-26T01:28:21.766646+00:00 [queued]>
[2022-04-26 01:29:00,863] {taskinstance.py:1249} INFO - 
--------------------------------------------------------------------------------
[2022-04-26 01:29:00,867] {taskinstance.py:1250} INFO - Starting attempt 1 of 2
[2022-04-26 01:29:00,873] {taskinstance.py:1251} INFO - 
--------------------------------------------------------------------------------
[2022-04-26 01:29:00,912] {taskinstance.py:1270} INFO - Executing <Task(BashOperator): extracted> on 2022-04-26 01:28:21.766646+00:00
[2022-04-26 01:29:00,933] {standard_task_runner.py:52} INFO - Started process 561 to run task
[2022-04-26 01:29:00,956] {standard_task_runner.py:79} INFO - Running: ['***', 'tasks', 'run', 'starwarapi', 'extracted', 'scheduled__2022-04-26T01:28:21.766646+00:00', '--job-id', '57', '--raw', '--subdir', 'DAGS_FOLDER/starwar_dag.py', '--cfg-path', '/tmp/tmpwguvin2a', '--error-file', '/tmp/tmpjjeqktns']
[2022-04-26 01:29:00,962] {standard_task_runner.py:80} INFO - Job 57: Subtask extracted
[2022-04-26 01:29:01,094] {logging_mixin.py:109} INFO - Running <TaskInstance: starwarapi.extracted scheduled__2022-04-26T01:28:21.766646+00:00 [running]> on host 66327e1a8873
[2022-04-26 01:29:01,244] {taskinstance.py:1448} INFO - Exporting the following env vars:
AIRFLOW_CTX_DAG_OWNER=***
AIRFLOW_CTX_DAG_ID=starwarapi
AIRFLOW_CTX_TASK_ID=extracted
AIRFLOW_CTX_EXECUTION_DATE=2022-04-26T01:28:21.766646+00:00
AIRFLOW_CTX_DAG_RUN_ID=scheduled__2022-04-26T01:28:21.766646+00:00
[2022-04-26 01:29:01,247] {subprocess.py:62} INFO - Tmp dir root location: 
 /tmp
[2022-04-26 01:29:01,250] {subprocess.py:74} INFO - Running command: ['bash', '-c', "echo 'Data_Extracted'"]
[2022-04-26 01:29:01,268] {subprocess.py:85} INFO - Output:
[2022-04-26 01:29:01,272] {subprocess.py:89} INFO - Data_Extracted
[2022-04-26 01:29:01,279] {subprocess.py:93} INFO - Command exited with return code 0
[2022-04-26 01:29:01,332] {taskinstance.py:1288} INFO - Marking task as SUCCESS. dag_id=starwarapi, task_id=extracted, execution_date=20220426T012821, start_date=20220426T012900, end_date=20220426T012901
[2022-04-26 01:29:01,430] {local_task_job.py:154} INFO - Task exited with return code 0
[2022-04-26 01:29:01,545] {local_task_job.py:264} INFO - 1 downstream tasks scheduled from follow-on schedule check
