[2022-04-26 01:30:31,392] {taskinstance.py:1043} INFO - Dependencies all met for <TaskInstance: starwarapi.extracted scheduled__2022-04-26T01:29:51.766646+00:00 [queued]>
[2022-04-26 01:30:31,430] {taskinstance.py:1043} INFO - Dependencies all met for <TaskInstance: starwarapi.extracted scheduled__2022-04-26T01:29:51.766646+00:00 [queued]>
[2022-04-26 01:30:31,431] {taskinstance.py:1249} INFO - 
--------------------------------------------------------------------------------
[2022-04-26 01:30:31,433] {taskinstance.py:1250} INFO - Starting attempt 1 of 2
[2022-04-26 01:30:31,436] {taskinstance.py:1251} INFO - 
--------------------------------------------------------------------------------
[2022-04-26 01:30:31,478] {taskinstance.py:1270} INFO - Executing <Task(BashOperator): extracted> on 2022-04-26 01:29:51.766646+00:00
[2022-04-26 01:30:31,506] {standard_task_runner.py:52} INFO - Started process 645 to run task
[2022-04-26 01:30:31,540] {standard_task_runner.py:79} INFO - Running: ['***', 'tasks', 'run', 'starwarapi', 'extracted', 'scheduled__2022-04-26T01:29:51.766646+00:00', '--job-id', '69', '--raw', '--subdir', 'DAGS_FOLDER/starwar_dag.py', '--cfg-path', '/tmp/tmpw642q97_', '--error-file', '/tmp/tmp4_crnhuq']
[2022-04-26 01:30:31,542] {standard_task_runner.py:80} INFO - Job 69: Subtask extracted
[2022-04-26 01:30:31,823] {logging_mixin.py:109} INFO - Running <TaskInstance: starwarapi.extracted scheduled__2022-04-26T01:29:51.766646+00:00 [running]> on host 66327e1a8873
[2022-04-26 01:30:32,017] {taskinstance.py:1448} INFO - Exporting the following env vars:
AIRFLOW_CTX_DAG_OWNER=***
AIRFLOW_CTX_DAG_ID=starwarapi
AIRFLOW_CTX_TASK_ID=extracted
AIRFLOW_CTX_EXECUTION_DATE=2022-04-26T01:29:51.766646+00:00
AIRFLOW_CTX_DAG_RUN_ID=scheduled__2022-04-26T01:29:51.766646+00:00
[2022-04-26 01:30:32,022] {subprocess.py:62} INFO - Tmp dir root location: 
 /tmp
[2022-04-26 01:30:32,024] {subprocess.py:74} INFO - Running command: ['bash', '-c', "echo 'Data_Extracted'"]
[2022-04-26 01:30:32,068] {subprocess.py:85} INFO - Output:
[2022-04-26 01:30:32,073] {subprocess.py:89} INFO - Data_Extracted
[2022-04-26 01:30:32,078] {subprocess.py:93} INFO - Command exited with return code 0
[2022-04-26 01:30:32,149] {taskinstance.py:1288} INFO - Marking task as SUCCESS. dag_id=starwarapi, task_id=extracted, execution_date=20220426T012951, start_date=20220426T013031, end_date=20220426T013032
[2022-04-26 01:30:32,211] {local_task_job.py:154} INFO - Task exited with return code 0
[2022-04-26 01:30:32,324] {local_task_job.py:264} INFO - 1 downstream tasks scheduled from follow-on schedule check
