[2022-04-26 01:21:12,962] {taskinstance.py:1043} INFO - Dependencies all met for <TaskInstance: starwarapi.loaded scheduled__2022-04-26T00:49:49.654927+00:00 [queued]>
[2022-04-26 01:21:14,080] {taskinstance.py:1043} INFO - Dependencies all met for <TaskInstance: starwarapi.loaded scheduled__2022-04-26T00:49:49.654927+00:00 [queued]>
[2022-04-26 01:21:14,114] {taskinstance.py:1249} INFO - 
--------------------------------------------------------------------------------
[2022-04-26 01:21:14,116] {taskinstance.py:1250} INFO - Starting attempt 1 of 2
[2022-04-26 01:21:14,123] {taskinstance.py:1251} INFO - 
--------------------------------------------------------------------------------
[2022-04-26 01:21:15,127] {taskinstance.py:1270} INFO - Executing <Task(BashOperator): loaded> on 2022-04-26 00:49:49.654927+00:00
[2022-04-26 01:21:15,358] {standard_task_runner.py:52} INFO - Started process 238 to run task
[2022-04-26 01:21:15,429] {standard_task_runner.py:79} INFO - Running: ['***', 'tasks', 'run', 'starwarapi', 'loaded', 'scheduled__2022-04-26T00:49:49.654927+00:00', '--job-id', '43', '--raw', '--subdir', 'DAGS_FOLDER/starwar_dag.py', '--cfg-path', '/tmp/tmpeqwymi1l', '--error-file', '/tmp/tmptzub13pj']
[2022-04-26 01:21:15,478] {standard_task_runner.py:80} INFO - Job 43: Subtask loaded
[2022-04-26 01:21:17,718] {logging_mixin.py:109} INFO - Running <TaskInstance: starwarapi.loaded scheduled__2022-04-26T00:49:49.654927+00:00 [running]> on host 66327e1a8873
[2022-04-26 01:21:19,077] {taskinstance.py:1448} INFO - Exporting the following env vars:
AIRFLOW_CTX_DAG_OWNER=***
AIRFLOW_CTX_DAG_ID=starwarapi
AIRFLOW_CTX_TASK_ID=loaded
AIRFLOW_CTX_EXECUTION_DATE=2022-04-26T00:49:49.654927+00:00
AIRFLOW_CTX_DAG_RUN_ID=scheduled__2022-04-26T00:49:49.654927+00:00
[2022-04-26 01:21:19,099] {subprocess.py:62} INFO - Tmp dir root location: 
 /tmp
[2022-04-26 01:21:19,108] {subprocess.py:74} INFO - Running command: ['bash', '-c', "echo 'Data_loaded_to_CSV'"]
[2022-04-26 01:21:19,241] {subprocess.py:85} INFO - Output:
[2022-04-26 01:21:19,296] {subprocess.py:89} INFO - Data_loaded_to_CSV
[2022-04-26 01:21:19,301] {subprocess.py:93} INFO - Command exited with return code 0
[2022-04-26 01:21:19,432] {taskinstance.py:1288} INFO - Marking task as SUCCESS. dag_id=starwarapi, task_id=loaded, execution_date=20220426T004949, start_date=20220426T012112, end_date=20220426T012119
[2022-04-26 01:21:19,609] {local_task_job.py:154} INFO - Task exited with return code 0
[2022-04-26 01:21:20,501] {local_task_job.py:264} INFO - 0 downstream tasks scheduled from follow-on schedule check
