[2022-04-26 01:49:40,106] {taskinstance.py:1043} INFO - Dependencies all met for <TaskInstance: starwarapi.extract scheduled__2022-04-26T01:48:38.733923+00:00 [queued]>
[2022-04-26 01:49:40,121] {taskinstance.py:1043} INFO - Dependencies all met for <TaskInstance: starwarapi.extract scheduled__2022-04-26T01:48:38.733923+00:00 [queued]>
[2022-04-26 01:49:40,122] {taskinstance.py:1249} INFO - 
--------------------------------------------------------------------------------
[2022-04-26 01:49:40,124] {taskinstance.py:1250} INFO - Starting attempt 1 of 2
[2022-04-26 01:49:40,125] {taskinstance.py:1251} INFO - 
--------------------------------------------------------------------------------
[2022-04-26 01:49:40,140] {taskinstance.py:1270} INFO - Executing <Task(PythonOperator): extract> on 2022-04-26 01:48:38.733923+00:00
[2022-04-26 01:49:40,147] {standard_task_runner.py:52} INFO - Started process 1627 to run task
[2022-04-26 01:49:40,153] {standard_task_runner.py:79} INFO - Running: ['***', 'tasks', 'run', 'starwarapi', 'extract', 'scheduled__2022-04-26T01:48:38.733923+00:00', '--job-id', '176', '--raw', '--subdir', 'DAGS_FOLDER/starwar_dag.py', '--cfg-path', '/tmp/tmpxtsw4ug1', '--error-file', '/tmp/tmpjqn3yssd']
[2022-04-26 01:49:40,155] {standard_task_runner.py:80} INFO - Job 176: Subtask extract
[2022-04-26 01:49:40,238] {logging_mixin.py:109} INFO - Running <TaskInstance: starwarapi.extract scheduled__2022-04-26T01:48:38.733923+00:00 [running]> on host 66327e1a8873
[2022-04-26 01:49:40,310] {taskinstance.py:1448} INFO - Exporting the following env vars:
AIRFLOW_CTX_DAG_OWNER=***
AIRFLOW_CTX_DAG_ID=starwarapi
AIRFLOW_CTX_TASK_ID=extract
AIRFLOW_CTX_EXECUTION_DATE=2022-04-26T01:48:38.733923+00:00
AIRFLOW_CTX_DAG_RUN_ID=scheduled__2022-04-26T01:48:38.733923+00:00
[2022-04-26 01:49:50,542] {logging_mixin.py:109} INFO - <Response [200]>
[2022-04-26 01:49:50,545] {python.py:175} INFO - Done. Returned value was: None
[2022-04-26 01:49:50,562] {taskinstance.py:1288} INFO - Marking task as SUCCESS. dag_id=starwarapi, task_id=extract, execution_date=20220426T014838, start_date=20220426T014940, end_date=20220426T014950
[2022-04-26 01:49:50,614] {local_task_job.py:154} INFO - Task exited with return code 0
[2022-04-26 01:49:50,681] {local_task_job.py:264} INFO - 1 downstream tasks scheduled from follow-on schedule check
