[2022-04-28 15:26:11,130] {taskinstance.py:1043} INFO - Dependencies all met for <TaskInstance: starwarapi.loaded scheduled__2022-04-28T15:25:02.323668+00:00 [queued]>
[2022-04-28 15:26:11,164] {taskinstance.py:1043} INFO - Dependencies all met for <TaskInstance: starwarapi.loaded scheduled__2022-04-28T15:25:02.323668+00:00 [queued]>
[2022-04-28 15:26:11,169] {taskinstance.py:1249} INFO - 
--------------------------------------------------------------------------------
[2022-04-28 15:26:11,181] {taskinstance.py:1250} INFO - Starting attempt 1 of 2
[2022-04-28 15:26:11,184] {taskinstance.py:1251} INFO - 
--------------------------------------------------------------------------------
[2022-04-28 15:26:11,208] {taskinstance.py:1270} INFO - Executing <Task(BashOperator): loaded> on 2022-04-28 15:25:02.323668+00:00
[2022-04-28 15:26:11,218] {standard_task_runner.py:52} INFO - Started process 335 to run task
[2022-04-28 15:26:11,230] {standard_task_runner.py:79} INFO - Running: ['***', 'tasks', 'run', 'starwarapi', 'loaded', 'scheduled__2022-04-28T15:25:02.323668+00:00', '--job-id', '50', '--raw', '--subdir', 'DAGS_FOLDER/starwar_dag.py', '--cfg-path', '/tmp/tmpx3vt1hl2', '--error-file', '/tmp/tmp8sn88xfi']
[2022-04-28 15:26:11,232] {standard_task_runner.py:80} INFO - Job 50: Subtask loaded
[2022-04-28 15:26:11,353] {logging_mixin.py:109} INFO - Running <TaskInstance: starwarapi.loaded scheduled__2022-04-28T15:25:02.323668+00:00 [running]> on host f3cfb7d93a54
[2022-04-28 15:26:11,531] {taskinstance.py:1448} INFO - Exporting the following env vars:
AIRFLOW_CTX_DAG_OWNER=***
AIRFLOW_CTX_DAG_ID=starwarapi
AIRFLOW_CTX_TASK_ID=loaded
AIRFLOW_CTX_EXECUTION_DATE=2022-04-28T15:25:02.323668+00:00
AIRFLOW_CTX_DAG_RUN_ID=scheduled__2022-04-28T15:25:02.323668+00:00
[2022-04-28 15:26:11,543] {subprocess.py:62} INFO - Tmp dir root location: 
 /tmp
[2022-04-28 15:26:11,545] {subprocess.py:74} INFO - Running command: ['bash', '-c', "echo 'Data_loaded_to_CSV'"]
[2022-04-28 15:26:11,588] {subprocess.py:85} INFO - Output:
[2022-04-28 15:26:11,593] {subprocess.py:89} INFO - Data_loaded_to_CSV
[2022-04-28 15:26:11,606] {subprocess.py:93} INFO - Command exited with return code 0
[2022-04-28 15:26:11,719] {taskinstance.py:1288} INFO - Marking task as SUCCESS. dag_id=starwarapi, task_id=loaded, execution_date=20220428T152502, start_date=20220428T152611, end_date=20220428T152611
[2022-04-28 15:26:11,825] {local_task_job.py:154} INFO - Task exited with return code 0
[2022-04-28 15:26:11,908] {local_task_job.py:264} INFO - 0 downstream tasks scheduled from follow-on schedule check
