[2022-04-26 01:23:48,328] {taskinstance.py:1043} INFO - Dependencies all met for <TaskInstance: starwarapi.extract manual__2022-04-26T01:23:46.966955+00:00 [queued]>
[2022-04-26 01:23:48,380] {taskinstance.py:1043} INFO - Dependencies all met for <TaskInstance: starwarapi.extract manual__2022-04-26T01:23:46.966955+00:00 [queued]>
[2022-04-26 01:23:48,383] {taskinstance.py:1249} INFO - 
--------------------------------------------------------------------------------
[2022-04-26 01:23:48,385] {taskinstance.py:1250} INFO - Starting attempt 1 of 2
[2022-04-26 01:23:48,388] {taskinstance.py:1251} INFO - 
--------------------------------------------------------------------------------
[2022-04-26 01:23:48,455] {taskinstance.py:1270} INFO - Executing <Task(PythonOperator): extract> on 2022-04-26 01:23:46.966955+00:00
[2022-04-26 01:23:48,471] {standard_task_runner.py:52} INFO - Started process 351 to run task
[2022-04-26 01:23:48,485] {standard_task_runner.py:79} INFO - Running: ['***', 'tasks', 'run', 'starwarapi', 'extract', 'manual__2022-04-26T01:23:46.966955+00:00', '--job-id', '48', '--raw', '--subdir', 'DAGS_FOLDER/starwar_dag.py', '--cfg-path', '/tmp/tmpim8nbh7k', '--error-file', '/tmp/tmpdb51074t']
[2022-04-26 01:23:48,487] {standard_task_runner.py:80} INFO - Job 48: Subtask extract
[2022-04-26 01:23:48,885] {logging_mixin.py:109} INFO - Running <TaskInstance: starwarapi.extract manual__2022-04-26T01:23:46.966955+00:00 [running]> on host 66327e1a8873
[2022-04-26 01:23:49,130] {taskinstance.py:1448} INFO - Exporting the following env vars:
AIRFLOW_CTX_DAG_OWNER=***
AIRFLOW_CTX_DAG_ID=starwarapi
AIRFLOW_CTX_TASK_ID=extract
AIRFLOW_CTX_EXECUTION_DATE=2022-04-26T01:23:46.966955+00:00
AIRFLOW_CTX_DAG_RUN_ID=manual__2022-04-26T01:23:46.966955+00:00
[2022-04-26 01:23:49,611] {logging_mixin.py:109} INFO - <Response [200]>
[2022-04-26 01:23:49,633] {python.py:175} INFO - Done. Returned value was: None
[2022-04-26 01:23:49,746] {taskinstance.py:1288} INFO - Marking task as SUCCESS. dag_id=starwarapi, task_id=extract, execution_date=20220426T012346, start_date=20220426T012348, end_date=20220426T012349
[2022-04-26 01:23:49,826] {local_task_job.py:154} INFO - Task exited with return code 0
[2022-04-26 01:23:50,038] {local_task_job.py:264} INFO - 1 downstream tasks scheduled from follow-on schedule check
