[2022-04-28 15:26:06,045] {taskinstance.py:1043} INFO - Dependencies all met for <TaskInstance: starwarapi.extracted scheduled__2022-04-28T15:25:02.323668+00:00 [queued]>
[2022-04-28 15:26:06,071] {taskinstance.py:1043} INFO - Dependencies all met for <TaskInstance: starwarapi.extracted scheduled__2022-04-28T15:25:02.323668+00:00 [queued]>
[2022-04-28 15:26:06,073] {taskinstance.py:1249} INFO - 
--------------------------------------------------------------------------------
[2022-04-28 15:26:06,075] {taskinstance.py:1250} INFO - Starting attempt 1 of 2
[2022-04-28 15:26:06,077] {taskinstance.py:1251} INFO - 
--------------------------------------------------------------------------------
[2022-04-28 15:26:06,122] {taskinstance.py:1270} INFO - Executing <Task(BashOperator): extracted> on 2022-04-28 15:25:02.323668+00:00
[2022-04-28 15:26:06,134] {standard_task_runner.py:52} INFO - Started process 317 to run task
[2022-04-28 15:26:06,152] {standard_task_runner.py:79} INFO - Running: ['***', 'tasks', 'run', 'starwarapi', 'extracted', 'scheduled__2022-04-28T15:25:02.323668+00:00', '--job-id', '48', '--raw', '--subdir', 'DAGS_FOLDER/starwar_dag.py', '--cfg-path', '/tmp/tmpiu_kovq4', '--error-file', '/tmp/tmpn_zipbo7']
[2022-04-28 15:26:06,154] {standard_task_runner.py:80} INFO - Job 48: Subtask extracted
[2022-04-28 15:26:06,487] {logging_mixin.py:109} INFO - Running <TaskInstance: starwarapi.extracted scheduled__2022-04-28T15:25:02.323668+00:00 [running]> on host f3cfb7d93a54
[2022-04-28 15:26:06,710] {taskinstance.py:1448} INFO - Exporting the following env vars:
AIRFLOW_CTX_DAG_OWNER=***
AIRFLOW_CTX_DAG_ID=starwarapi
AIRFLOW_CTX_TASK_ID=extracted
AIRFLOW_CTX_EXECUTION_DATE=2022-04-28T15:25:02.323668+00:00
AIRFLOW_CTX_DAG_RUN_ID=scheduled__2022-04-28T15:25:02.323668+00:00
[2022-04-28 15:26:06,716] {subprocess.py:62} INFO - Tmp dir root location: 
 /tmp
[2022-04-28 15:26:06,734] {subprocess.py:74} INFO - Running command: ['bash', '-c', "echo 'Data_Extracted'"]
[2022-04-28 15:26:06,802] {subprocess.py:85} INFO - Output:
[2022-04-28 15:26:06,812] {subprocess.py:89} INFO - Data_Extracted
[2022-04-28 15:26:06,823] {subprocess.py:93} INFO - Command exited with return code 0
[2022-04-28 15:26:06,960] {taskinstance.py:1288} INFO - Marking task as SUCCESS. dag_id=starwarapi, task_id=extracted, execution_date=20220428T152502, start_date=20220428T152606, end_date=20220428T152606
[2022-04-28 15:26:07,174] {local_task_job.py:154} INFO - Task exited with return code 0
[2022-04-28 15:26:07,486] {local_task_job.py:264} INFO - 1 downstream tasks scheduled from follow-on schedule check
