[2022-04-26 01:29:22,581] {taskinstance.py:1043} INFO - Dependencies all met for <TaskInstance: starwarapi.extract scheduled__2022-04-26T01:28:51.766646+00:00 [queued]>
[2022-04-26 01:29:22,598] {taskinstance.py:1043} INFO - Dependencies all met for <TaskInstance: starwarapi.extract scheduled__2022-04-26T01:28:51.766646+00:00 [queued]>
[2022-04-26 01:29:22,599] {taskinstance.py:1249} INFO - 
--------------------------------------------------------------------------------
[2022-04-26 01:29:22,601] {taskinstance.py:1250} INFO - Starting attempt 1 of 2
[2022-04-26 01:29:22,602] {taskinstance.py:1251} INFO - 
--------------------------------------------------------------------------------
[2022-04-26 01:29:22,649] {taskinstance.py:1270} INFO - Executing <Task(PythonOperator): extract> on 2022-04-26 01:28:51.766646+00:00
[2022-04-26 01:29:22,671] {standard_task_runner.py:52} INFO - Started process 580 to run task
[2022-04-26 01:29:22,684] {standard_task_runner.py:79} INFO - Running: ['***', 'tasks', 'run', 'starwarapi', 'extract', 'scheduled__2022-04-26T01:28:51.766646+00:00', '--job-id', '60', '--raw', '--subdir', 'DAGS_FOLDER/starwar_dag.py', '--cfg-path', '/tmp/tmpqg12lz94', '--error-file', '/tmp/tmph3t9mmz_']
[2022-04-26 01:29:22,686] {standard_task_runner.py:80} INFO - Job 60: Subtask extract
[2022-04-26 01:29:23,064] {logging_mixin.py:109} INFO - Running <TaskInstance: starwarapi.extract scheduled__2022-04-26T01:28:51.766646+00:00 [running]> on host 66327e1a8873
[2022-04-26 01:29:23,306] {taskinstance.py:1448} INFO - Exporting the following env vars:
AIRFLOW_CTX_DAG_OWNER=***
AIRFLOW_CTX_DAG_ID=starwarapi
AIRFLOW_CTX_TASK_ID=extract
AIRFLOW_CTX_EXECUTION_DATE=2022-04-26T01:28:51.766646+00:00
AIRFLOW_CTX_DAG_RUN_ID=scheduled__2022-04-26T01:28:51.766646+00:00
[2022-04-26 01:29:26,398] {logging_mixin.py:109} INFO - <Response [200]>
[2022-04-26 01:29:26,415] {python.py:175} INFO - Done. Returned value was: None
[2022-04-26 01:29:26,551] {taskinstance.py:1288} INFO - Marking task as SUCCESS. dag_id=starwarapi, task_id=extract, execution_date=20220426T012851, start_date=20220426T012922, end_date=20220426T012926
[2022-04-26 01:29:26,944] {local_task_job.py:154} INFO - Task exited with return code 0
[2022-04-26 01:29:27,438] {local_task_job.py:264} INFO - 1 downstream tasks scheduled from follow-on schedule check
