[2022-04-26 01:47:39,368] {taskinstance.py:1043} INFO - Dependencies all met for <TaskInstance: starwarapi.extract scheduled__2022-04-26T01:46:38.733923+00:00 [queued]>
[2022-04-26 01:47:39,386] {taskinstance.py:1043} INFO - Dependencies all met for <TaskInstance: starwarapi.extract scheduled__2022-04-26T01:46:38.733923+00:00 [queued]>
[2022-04-26 01:47:39,387] {taskinstance.py:1249} INFO - 
--------------------------------------------------------------------------------
[2022-04-26 01:47:39,388] {taskinstance.py:1250} INFO - Starting attempt 1 of 2
[2022-04-26 01:47:39,389] {taskinstance.py:1251} INFO - 
--------------------------------------------------------------------------------
[2022-04-26 01:47:39,413] {taskinstance.py:1270} INFO - Executing <Task(PythonOperator): extract> on 2022-04-26 01:46:38.733923+00:00
[2022-04-26 01:47:39,420] {standard_task_runner.py:52} INFO - Started process 1533 to run task
[2022-04-26 01:47:39,428] {standard_task_runner.py:79} INFO - Running: ['***', 'tasks', 'run', 'starwarapi', 'extract', 'scheduled__2022-04-26T01:46:38.733923+00:00', '--job-id', '168', '--raw', '--subdir', 'DAGS_FOLDER/starwar_dag.py', '--cfg-path', '/tmp/tmp2m30s4cr', '--error-file', '/tmp/tmp6ihidlaw']
[2022-04-26 01:47:39,430] {standard_task_runner.py:80} INFO - Job 168: Subtask extract
[2022-04-26 01:47:39,529] {logging_mixin.py:109} INFO - Running <TaskInstance: starwarapi.extract scheduled__2022-04-26T01:46:38.733923+00:00 [running]> on host 66327e1a8873
[2022-04-26 01:47:40,065] {taskinstance.py:1448} INFO - Exporting the following env vars:
AIRFLOW_CTX_DAG_OWNER=***
AIRFLOW_CTX_DAG_ID=starwarapi
AIRFLOW_CTX_TASK_ID=extract
AIRFLOW_CTX_EXECUTION_DATE=2022-04-26T01:46:38.733923+00:00
AIRFLOW_CTX_DAG_RUN_ID=scheduled__2022-04-26T01:46:38.733923+00:00
[2022-04-26 01:47:42,845] {logging_mixin.py:109} INFO - <Response [200]>
[2022-04-26 01:47:42,861] {python.py:175} INFO - Done. Returned value was: None
[2022-04-26 01:47:42,936] {taskinstance.py:1288} INFO - Marking task as SUCCESS. dag_id=starwarapi, task_id=extract, execution_date=20220426T014638, start_date=20220426T014739, end_date=20220426T014742
[2022-04-26 01:47:43,151] {local_task_job.py:154} INFO - Task exited with return code 0
[2022-04-26 01:47:43,450] {local_task_job.py:264} INFO - 1 downstream tasks scheduled from follow-on schedule check
