[2022-04-25 23:57:29,322] {processor.py:163} INFO - Started process (PID=73) to work on /opt/airflow/dags/starwar_dag.py
[2022-04-25 23:57:29,336] {processor.py:642} INFO - Processing file /opt/airflow/dags/starwar_dag.py for tasks to queue
[2022-04-25 23:57:29,370] {logging_mixin.py:109} INFO - [2022-04-25 23:57:29,357] {dagbag.py:500} INFO - Filling up the DagBag from /opt/airflow/dags/starwar_dag.py
[2022-04-25 23:57:29,845] {processor.py:652} INFO - DAG(s) dict_keys(['starwarapi']) retrieved from /opt/airflow/dags/starwar_dag.py
[2022-04-25 23:58:16,573] {logging_mixin.py:109} INFO - [2022-04-25 23:58:16,572] {manager.py:496} INFO - Created Permission View: can edit on DAG:starwarapi
[2022-04-25 23:58:16,633] {logging_mixin.py:109} INFO - [2022-04-25 23:58:16,633] {manager.py:496} INFO - Created Permission View: can read on DAG:starwarapi
[2022-04-25 23:58:16,638] {logging_mixin.py:109} INFO - [2022-04-25 23:58:16,637] {dag.py:2398} INFO - Sync 1 DAGs
[2022-04-25 23:58:16,748] {logging_mixin.py:109} INFO - [2022-04-25 23:58:16,748] {dag.py:2417} INFO - Creating ORM DAG for starwarapi
[2022-04-25 23:58:16,805] {logging_mixin.py:109} INFO - [2022-04-25 23:58:16,805] {dag.py:2937} INFO - Setting next_dagrun for starwarapi to 2022-04-25T23:57:29.615017+00:00
[2022-04-25 23:58:16,882] {processor.py:171} INFO - Processing /opt/airflow/dags/starwar_dag.py took 47.659 seconds
[2022-04-25 23:58:47,815] {processor.py:163} INFO - Started process (PID=115) to work on /opt/airflow/dags/starwar_dag.py
[2022-04-25 23:58:47,818] {processor.py:642} INFO - Processing file /opt/airflow/dags/starwar_dag.py for tasks to queue
[2022-04-25 23:58:47,821] {logging_mixin.py:109} INFO - [2022-04-25 23:58:47,821] {dagbag.py:500} INFO - Filling up the DagBag from /opt/airflow/dags/starwar_dag.py
[2022-04-25 23:58:47,925] {processor.py:652} INFO - DAG(s) dict_keys(['starwarapi']) retrieved from /opt/airflow/dags/starwar_dag.py
[2022-04-25 23:58:57,439] {logging_mixin.py:109} INFO - [2022-04-25 23:58:57,439] {dag.py:2398} INFO - Sync 1 DAGs
[2022-04-25 23:58:57,473] {logging_mixin.py:109} INFO - [2022-04-25 23:58:57,473] {dag.py:2937} INFO - Setting next_dagrun for starwarapi to 2022-04-25T23:58:47.894377+00:00
[2022-04-25 23:58:57,503] {processor.py:171} INFO - Processing /opt/airflow/dags/starwar_dag.py took 9.697 seconds
[2022-04-25 23:59:28,682] {processor.py:163} INFO - Started process (PID=136) to work on /opt/airflow/dags/starwar_dag.py
[2022-04-25 23:59:28,738] {processor.py:642} INFO - Processing file /opt/airflow/dags/starwar_dag.py for tasks to queue
[2022-04-25 23:59:28,745] {logging_mixin.py:109} INFO - [2022-04-25 23:59:28,745] {dagbag.py:500} INFO - Filling up the DagBag from /opt/airflow/dags/starwar_dag.py
[2022-04-25 23:59:29,259] {processor.py:652} INFO - DAG(s) dict_keys(['starwarapi']) retrieved from /opt/airflow/dags/starwar_dag.py
[2022-04-25 23:59:30,669] {logging_mixin.py:109} INFO - [2022-04-25 23:59:30,669] {dag.py:2398} INFO - Sync 1 DAGs
[2022-04-25 23:59:30,747] {logging_mixin.py:109} INFO - [2022-04-25 23:59:30,747] {dag.py:2937} INFO - Setting next_dagrun for starwarapi to 2022-04-25T23:59:28.992706+00:00
[2022-04-25 23:59:30,777] {processor.py:171} INFO - Processing /opt/airflow/dags/starwar_dag.py took 2.114 seconds
