[2022-04-26 01:21:35,934] {taskinstance.py:1043} INFO - Dependencies all met for <TaskInstance: starwarapi.extract manual__2022-04-26T01:21:33.403481+00:00 [queued]>
[2022-04-26 01:21:35,984] {taskinstance.py:1043} INFO - Dependencies all met for <TaskInstance: starwarapi.extract manual__2022-04-26T01:21:33.403481+00:00 [queued]>
[2022-04-26 01:21:35,986] {taskinstance.py:1249} INFO - 
--------------------------------------------------------------------------------
[2022-04-26 01:21:35,988] {taskinstance.py:1250} INFO - Starting attempt 1 of 2
[2022-04-26 01:21:35,990] {taskinstance.py:1251} INFO - 
--------------------------------------------------------------------------------
[2022-04-26 01:21:36,024] {taskinstance.py:1270} INFO - Executing <Task(PythonOperator): extract> on 2022-04-26 01:21:33.403481+00:00
[2022-04-26 01:21:36,048] {standard_task_runner.py:52} INFO - Started process 260 to run task
[2022-04-26 01:21:36,071] {standard_task_runner.py:79} INFO - Running: ['***', 'tasks', 'run', 'starwarapi', 'extract', 'manual__2022-04-26T01:21:33.403481+00:00', '--job-id', '44', '--raw', '--subdir', 'DAGS_FOLDER/starwar_dag.py', '--cfg-path', '/tmp/tmpt7rtkg9w', '--error-file', '/tmp/tmpdi0nfj78']
[2022-04-26 01:21:36,074] {standard_task_runner.py:80} INFO - Job 44: Subtask extract
[2022-04-26 01:21:36,270] {logging_mixin.py:109} INFO - Running <TaskInstance: starwarapi.extract manual__2022-04-26T01:21:33.403481+00:00 [running]> on host 66327e1a8873
[2022-04-26 01:21:36,404] {taskinstance.py:1448} INFO - Exporting the following env vars:
AIRFLOW_CTX_DAG_OWNER=***
AIRFLOW_CTX_DAG_ID=starwarapi
AIRFLOW_CTX_TASK_ID=extract
AIRFLOW_CTX_EXECUTION_DATE=2022-04-26T01:21:33.403481+00:00
AIRFLOW_CTX_DAG_RUN_ID=manual__2022-04-26T01:21:33.403481+00:00
[2022-04-26 01:21:41,850] {logging_mixin.py:109} INFO - <Response [200]>
[2022-04-26 01:21:41,857] {python.py:175} INFO - Done. Returned value was: None
[2022-04-26 01:21:41,878] {taskinstance.py:1288} INFO - Marking task as SUCCESS. dag_id=starwarapi, task_id=extract, execution_date=20220426T012133, start_date=20220426T012135, end_date=20220426T012141
[2022-04-26 01:21:41,923] {local_task_job.py:154} INFO - Task exited with return code 0
[2022-04-26 01:21:42,002] {local_task_job.py:264} INFO - 1 downstream tasks scheduled from follow-on schedule check
