[2022-04-28 15:28:04,722] {taskinstance.py:1043} INFO - Dependencies all met for <TaskInstance: starwarapi.extracted scheduled__2022-04-28T15:27:02.323668+00:00 [queued]>
[2022-04-28 15:28:04,749] {taskinstance.py:1043} INFO - Dependencies all met for <TaskInstance: starwarapi.extracted scheduled__2022-04-28T15:27:02.323668+00:00 [queued]>
[2022-04-28 15:28:04,753] {taskinstance.py:1249} INFO - 
--------------------------------------------------------------------------------
[2022-04-28 15:28:04,754] {taskinstance.py:1250} INFO - Starting attempt 1 of 2
[2022-04-28 15:28:04,756] {taskinstance.py:1251} INFO - 
--------------------------------------------------------------------------------
[2022-04-28 15:28:04,782] {taskinstance.py:1270} INFO - Executing <Task(BashOperator): extracted> on 2022-04-28 15:27:02.323668+00:00
[2022-04-28 15:28:04,817] {standard_task_runner.py:52} INFO - Started process 410 to run task
[2022-04-28 15:28:04,828] {standard_task_runner.py:79} INFO - Running: ['***', 'tasks', 'run', 'starwarapi', 'extracted', 'scheduled__2022-04-28T15:27:02.323668+00:00', '--job-id', '56', '--raw', '--subdir', 'DAGS_FOLDER/starwar_dag.py', '--cfg-path', '/tmp/tmprfxd9po4', '--error-file', '/tmp/tmpvkfj8wqr']
[2022-04-28 15:28:04,844] {standard_task_runner.py:80} INFO - Job 56: Subtask extracted
[2022-04-28 15:28:05,105] {logging_mixin.py:109} INFO - Running <TaskInstance: starwarapi.extracted scheduled__2022-04-28T15:27:02.323668+00:00 [running]> on host f3cfb7d93a54
[2022-04-28 15:28:05,350] {taskinstance.py:1448} INFO - Exporting the following env vars:
AIRFLOW_CTX_DAG_OWNER=***
AIRFLOW_CTX_DAG_ID=starwarapi
AIRFLOW_CTX_TASK_ID=extracted
AIRFLOW_CTX_EXECUTION_DATE=2022-04-28T15:27:02.323668+00:00
AIRFLOW_CTX_DAG_RUN_ID=scheduled__2022-04-28T15:27:02.323668+00:00
[2022-04-28 15:28:05,353] {subprocess.py:62} INFO - Tmp dir root location: 
 /tmp
[2022-04-28 15:28:05,357] {subprocess.py:74} INFO - Running command: ['bash', '-c', "echo 'Data_Extracted'"]
[2022-04-28 15:28:05,423] {subprocess.py:85} INFO - Output:
[2022-04-28 15:28:05,434] {subprocess.py:89} INFO - Data_Extracted
[2022-04-28 15:28:05,454] {subprocess.py:93} INFO - Command exited with return code 0
[2022-04-28 15:28:05,572] {taskinstance.py:1288} INFO - Marking task as SUCCESS. dag_id=starwarapi, task_id=extracted, execution_date=20220428T152702, start_date=20220428T152804, end_date=20220428T152805
[2022-04-28 15:28:05,747] {local_task_job.py:154} INFO - Task exited with return code 0
[2022-04-28 15:28:06,245] {local_task_job.py:264} INFO - 0 downstream tasks scheduled from follow-on schedule check
