[2022-04-28 15:28:11,819] {taskinstance.py:1043} INFO - Dependencies all met for <TaskInstance: starwarapi.loaded scheduled__2022-04-28T15:27:02.323668+00:00 [queued]>
[2022-04-28 15:28:11,873] {taskinstance.py:1043} INFO - Dependencies all met for <TaskInstance: starwarapi.loaded scheduled__2022-04-28T15:27:02.323668+00:00 [queued]>
[2022-04-28 15:28:11,876] {taskinstance.py:1249} INFO - 
--------------------------------------------------------------------------------
[2022-04-28 15:28:11,883] {taskinstance.py:1250} INFO - Starting attempt 1 of 2
[2022-04-28 15:28:11,886] {taskinstance.py:1251} INFO - 
--------------------------------------------------------------------------------
[2022-04-28 15:28:11,954] {taskinstance.py:1270} INFO - Executing <Task(BashOperator): loaded> on 2022-04-28 15:27:02.323668+00:00
[2022-04-28 15:28:11,968] {standard_task_runner.py:52} INFO - Started process 426 to run task
[2022-04-28 15:28:11,990] {standard_task_runner.py:79} INFO - Running: ['***', 'tasks', 'run', 'starwarapi', 'loaded', 'scheduled__2022-04-28T15:27:02.323668+00:00', '--job-id', '58', '--raw', '--subdir', 'DAGS_FOLDER/starwar_dag.py', '--cfg-path', '/tmp/tmp2p2wx72v', '--error-file', '/tmp/tmpv31s0ggq']
[2022-04-28 15:28:11,993] {standard_task_runner.py:80} INFO - Job 58: Subtask loaded
[2022-04-28 15:28:12,357] {logging_mixin.py:109} INFO - Running <TaskInstance: starwarapi.loaded scheduled__2022-04-28T15:27:02.323668+00:00 [running]> on host f3cfb7d93a54
[2022-04-28 15:28:12,560] {taskinstance.py:1448} INFO - Exporting the following env vars:
AIRFLOW_CTX_DAG_OWNER=***
AIRFLOW_CTX_DAG_ID=starwarapi
AIRFLOW_CTX_TASK_ID=loaded
AIRFLOW_CTX_EXECUTION_DATE=2022-04-28T15:27:02.323668+00:00
AIRFLOW_CTX_DAG_RUN_ID=scheduled__2022-04-28T15:27:02.323668+00:00
[2022-04-28 15:28:12,566] {subprocess.py:62} INFO - Tmp dir root location: 
 /tmp
[2022-04-28 15:28:12,570] {subprocess.py:74} INFO - Running command: ['bash', '-c', "echo 'Data_loaded_to_CSV'"]
[2022-04-28 15:28:12,660] {subprocess.py:85} INFO - Output:
[2022-04-28 15:28:12,707] {subprocess.py:89} INFO - Data_loaded_to_CSV
[2022-04-28 15:28:12,720] {subprocess.py:93} INFO - Command exited with return code 0
[2022-04-28 15:28:12,811] {taskinstance.py:1288} INFO - Marking task as SUCCESS. dag_id=starwarapi, task_id=loaded, execution_date=20220428T152702, start_date=20220428T152811, end_date=20220428T152812
[2022-04-28 15:28:12,910] {local_task_job.py:154} INFO - Task exited with return code 0
[2022-04-28 15:28:13,101] {local_task_job.py:264} INFO - 0 downstream tasks scheduled from follow-on schedule check
