[2022-04-28 15:23:08,464] {taskinstance.py:1043} INFO - Dependencies all met for <TaskInstance: starwarapi.transform_load scheduled__2022-04-28T15:22:02.323668+00:00 [queued]>
[2022-04-28 15:23:08,501] {taskinstance.py:1043} INFO - Dependencies all met for <TaskInstance: starwarapi.transform_load scheduled__2022-04-28T15:22:02.323668+00:00 [queued]>
[2022-04-28 15:23:08,519] {taskinstance.py:1249} INFO - 
--------------------------------------------------------------------------------
[2022-04-28 15:23:08,520] {taskinstance.py:1250} INFO - Starting attempt 1 of 2
[2022-04-28 15:23:08,523] {taskinstance.py:1251} INFO - 
--------------------------------------------------------------------------------
[2022-04-28 15:23:08,546] {taskinstance.py:1270} INFO - Executing <Task(PythonOperator): transform_load> on 2022-04-28 15:22:02.323668+00:00
[2022-04-28 15:23:08,555] {standard_task_runner.py:52} INFO - Started process 172 to run task
[2022-04-28 15:23:08,566] {standard_task_runner.py:79} INFO - Running: ['***', 'tasks', 'run', 'starwarapi', 'transform_load', 'scheduled__2022-04-28T15:22:02.323668+00:00', '--job-id', '37', '--raw', '--subdir', 'DAGS_FOLDER/starwar_dag.py', '--cfg-path', '/tmp/tmp81zlf35l', '--error-file', '/tmp/tmp_458juip']
[2022-04-28 15:23:08,568] {standard_task_runner.py:80} INFO - Job 37: Subtask transform_load
[2022-04-28 15:23:08,684] {logging_mixin.py:109} INFO - Running <TaskInstance: starwarapi.transform_load scheduled__2022-04-28T15:22:02.323668+00:00 [running]> on host f3cfb7d93a54
[2022-04-28 15:23:08,795] {taskinstance.py:1448} INFO - Exporting the following env vars:
AIRFLOW_CTX_DAG_OWNER=***
AIRFLOW_CTX_DAG_ID=starwarapi
AIRFLOW_CTX_TASK_ID=transform_load
AIRFLOW_CTX_EXECUTION_DATE=2022-04-28T15:22:02.323668+00:00
AIRFLOW_CTX_DAG_RUN_ID=scheduled__2022-04-28T15:22:02.323668+00:00
[2022-04-28 15:23:09,823] {python.py:175} INFO - Done. Returned value was: None
[2022-04-28 15:23:09,890] {taskinstance.py:1288} INFO - Marking task as SUCCESS. dag_id=starwarapi, task_id=transform_load, execution_date=20220428T152202, start_date=20220428T152308, end_date=20220428T152309
[2022-04-28 15:23:10,109] {local_task_job.py:154} INFO - Task exited with return code 0
[2022-04-28 15:23:10,213] {local_task_job.py:264} INFO - 1 downstream tasks scheduled from follow-on schedule check
