[2022-04-26 01:35:28,264] {taskinstance.py:1043} INFO - Dependencies all met for <TaskInstance: starwarapi.extracted scheduled__2022-04-26T01:34:51.766646+00:00 [queued]>
[2022-04-26 01:35:28,305] {taskinstance.py:1043} INFO - Dependencies all met for <TaskInstance: starwarapi.extracted scheduled__2022-04-26T01:34:51.766646+00:00 [queued]>
[2022-04-26 01:35:28,309] {taskinstance.py:1249} INFO - 
--------------------------------------------------------------------------------
[2022-04-26 01:35:28,315] {taskinstance.py:1250} INFO - Starting attempt 1 of 2
[2022-04-26 01:35:28,318] {taskinstance.py:1251} INFO - 
--------------------------------------------------------------------------------
[2022-04-26 01:35:28,389] {taskinstance.py:1270} INFO - Executing <Task(BashOperator): extracted> on 2022-04-26 01:34:51.766646+00:00
[2022-04-26 01:35:28,404] {standard_task_runner.py:52} INFO - Started process 929 to run task
[2022-04-26 01:35:28,425] {standard_task_runner.py:79} INFO - Running: ['***', 'tasks', 'run', 'starwarapi', 'extracted', 'scheduled__2022-04-26T01:34:51.766646+00:00', '--job-id', '109', '--raw', '--subdir', 'DAGS_FOLDER/starwar_dag.py', '--cfg-path', '/tmp/tmpgoznqc4w', '--error-file', '/tmp/tmpfyqv5zun']
[2022-04-26 01:35:28,428] {standard_task_runner.py:80} INFO - Job 109: Subtask extracted
[2022-04-26 01:35:28,549] {logging_mixin.py:109} INFO - Running <TaskInstance: starwarapi.extracted scheduled__2022-04-26T01:34:51.766646+00:00 [running]> on host 66327e1a8873
[2022-04-26 01:35:28,819] {taskinstance.py:1448} INFO - Exporting the following env vars:
AIRFLOW_CTX_DAG_OWNER=***
AIRFLOW_CTX_DAG_ID=starwarapi
AIRFLOW_CTX_TASK_ID=extracted
AIRFLOW_CTX_EXECUTION_DATE=2022-04-26T01:34:51.766646+00:00
AIRFLOW_CTX_DAG_RUN_ID=scheduled__2022-04-26T01:34:51.766646+00:00
[2022-04-26 01:35:28,822] {subprocess.py:62} INFO - Tmp dir root location: 
 /tmp
[2022-04-26 01:35:28,828] {subprocess.py:74} INFO - Running command: ['bash', '-c', "echo 'Data_Extracted'"]
[2022-04-26 01:35:28,847] {subprocess.py:85} INFO - Output:
[2022-04-26 01:35:28,852] {subprocess.py:89} INFO - Data_Extracted
[2022-04-26 01:35:28,866] {subprocess.py:93} INFO - Command exited with return code 0
[2022-04-26 01:35:28,925] {taskinstance.py:1288} INFO - Marking task as SUCCESS. dag_id=starwarapi, task_id=extracted, execution_date=20220426T013451, start_date=20220426T013528, end_date=20220426T013528
[2022-04-26 01:35:29,024] {local_task_job.py:154} INFO - Task exited with return code 0
[2022-04-26 01:35:29,322] {local_task_job.py:264} INFO - 1 downstream tasks scheduled from follow-on schedule check
