[2022-04-26 01:37:52,807] {taskinstance.py:1043} INFO - Dependencies all met for <TaskInstance: starwarapi.extract scheduled__2022-04-26T01:37:21.766646+00:00 [queued]>
[2022-04-26 01:37:52,853] {taskinstance.py:1043} INFO - Dependencies all met for <TaskInstance: starwarapi.extract scheduled__2022-04-26T01:37:21.766646+00:00 [queued]>
[2022-04-26 01:37:52,855] {taskinstance.py:1249} INFO - 
--------------------------------------------------------------------------------
[2022-04-26 01:37:52,858] {taskinstance.py:1250} INFO - Starting attempt 1 of 2
[2022-04-26 01:37:52,862] {taskinstance.py:1251} INFO - 
--------------------------------------------------------------------------------
[2022-04-26 01:37:52,905] {taskinstance.py:1270} INFO - Executing <Task(PythonOperator): extract> on 2022-04-26 01:37:21.766646+00:00
[2022-04-26 01:37:52,925] {standard_task_runner.py:52} INFO - Started process 1048 to run task
[2022-04-26 01:37:52,943] {standard_task_runner.py:79} INFO - Running: ['***', 'tasks', 'run', 'starwarapi', 'extract', 'scheduled__2022-04-26T01:37:21.766646+00:00', '--job-id', '128', '--raw', '--subdir', 'DAGS_FOLDER/starwar_dag.py', '--cfg-path', '/tmp/tmp8drdf101', '--error-file', '/tmp/tmp2rqyh_gr']
[2022-04-26 01:37:52,947] {standard_task_runner.py:80} INFO - Job 128: Subtask extract
[2022-04-26 01:37:53,103] {logging_mixin.py:109} INFO - Running <TaskInstance: starwarapi.extract scheduled__2022-04-26T01:37:21.766646+00:00 [running]> on host 66327e1a8873
[2022-04-26 01:37:53,195] {taskinstance.py:1448} INFO - Exporting the following env vars:
AIRFLOW_CTX_DAG_OWNER=***
AIRFLOW_CTX_DAG_ID=starwarapi
AIRFLOW_CTX_TASK_ID=extract
AIRFLOW_CTX_EXECUTION_DATE=2022-04-26T01:37:21.766646+00:00
AIRFLOW_CTX_DAG_RUN_ID=scheduled__2022-04-26T01:37:21.766646+00:00
[2022-04-26 01:37:57,322] {logging_mixin.py:109} INFO - <Response [200]>
[2022-04-26 01:37:57,440] {python.py:175} INFO - Done. Returned value was: None
[2022-04-26 01:37:57,470] {taskinstance.py:1288} INFO - Marking task as SUCCESS. dag_id=starwarapi, task_id=extract, execution_date=20220426T013721, start_date=20220426T013752, end_date=20220426T013757
[2022-04-26 01:37:57,568] {local_task_job.py:154} INFO - Task exited with return code 0
[2022-04-26 01:37:57,644] {local_task_job.py:264} INFO - 1 downstream tasks scheduled from follow-on schedule check
