[2022-04-28 15:23:11,716] {taskinstance.py:1043} INFO - Dependencies all met for <TaskInstance: starwarapi.loaded scheduled__2022-04-28T15:22:02.323668+00:00 [queued]>
[2022-04-28 15:23:11,752] {taskinstance.py:1043} INFO - Dependencies all met for <TaskInstance: starwarapi.loaded scheduled__2022-04-28T15:22:02.323668+00:00 [queued]>
[2022-04-28 15:23:11,754] {taskinstance.py:1249} INFO - 
--------------------------------------------------------------------------------
[2022-04-28 15:23:11,756] {taskinstance.py:1250} INFO - Starting attempt 1 of 2
[2022-04-28 15:23:11,757] {taskinstance.py:1251} INFO - 
--------------------------------------------------------------------------------
[2022-04-28 15:23:11,798] {taskinstance.py:1270} INFO - Executing <Task(BashOperator): loaded> on 2022-04-28 15:22:02.323668+00:00
[2022-04-28 15:23:11,810] {standard_task_runner.py:52} INFO - Started process 182 to run task
[2022-04-28 15:23:11,832] {standard_task_runner.py:79} INFO - Running: ['***', 'tasks', 'run', 'starwarapi', 'loaded', 'scheduled__2022-04-28T15:22:02.323668+00:00', '--job-id', '38', '--raw', '--subdir', 'DAGS_FOLDER/starwar_dag.py', '--cfg-path', '/tmp/tmpr3pq0w6g', '--error-file', '/tmp/tmpuv3szyma']
[2022-04-28 15:23:11,834] {standard_task_runner.py:80} INFO - Job 38: Subtask loaded
[2022-04-28 15:23:11,959] {logging_mixin.py:109} INFO - Running <TaskInstance: starwarapi.loaded scheduled__2022-04-28T15:22:02.323668+00:00 [running]> on host f3cfb7d93a54
[2022-04-28 15:23:12,107] {taskinstance.py:1448} INFO - Exporting the following env vars:
AIRFLOW_CTX_DAG_OWNER=***
AIRFLOW_CTX_DAG_ID=starwarapi
AIRFLOW_CTX_TASK_ID=loaded
AIRFLOW_CTX_EXECUTION_DATE=2022-04-28T15:22:02.323668+00:00
AIRFLOW_CTX_DAG_RUN_ID=scheduled__2022-04-28T15:22:02.323668+00:00
[2022-04-28 15:23:12,131] {subprocess.py:62} INFO - Tmp dir root location: 
 /tmp
[2022-04-28 15:23:12,135] {subprocess.py:74} INFO - Running command: ['bash', '-c', "echo 'Data_loaded_to_CSV'"]
[2022-04-28 15:23:12,178] {subprocess.py:85} INFO - Output:
[2022-04-28 15:23:12,185] {subprocess.py:89} INFO - Data_loaded_to_CSV
[2022-04-28 15:23:12,188] {subprocess.py:93} INFO - Command exited with return code 0
[2022-04-28 15:23:12,286] {taskinstance.py:1288} INFO - Marking task as SUCCESS. dag_id=starwarapi, task_id=loaded, execution_date=20220428T152202, start_date=20220428T152311, end_date=20220428T152312
[2022-04-28 15:23:12,377] {local_task_job.py:154} INFO - Task exited with return code 0
[2022-04-28 15:23:12,502] {local_task_job.py:264} INFO - 0 downstream tasks scheduled from follow-on schedule check
