[2022-04-26 01:32:42,248] {taskinstance.py:1043} INFO - Dependencies all met for <TaskInstance: starwarapi.transform_load scheduled__2022-04-26T01:31:51.766646+00:00 [queued]>
[2022-04-26 01:32:42,298] {taskinstance.py:1043} INFO - Dependencies all met for <TaskInstance: starwarapi.transform_load scheduled__2022-04-26T01:31:51.766646+00:00 [queued]>
[2022-04-26 01:32:42,300] {taskinstance.py:1249} INFO - 
--------------------------------------------------------------------------------
[2022-04-26 01:32:42,305] {taskinstance.py:1250} INFO - Starting attempt 1 of 2
[2022-04-26 01:32:42,307] {taskinstance.py:1251} INFO - 
--------------------------------------------------------------------------------
[2022-04-26 01:32:42,345] {taskinstance.py:1270} INFO - Executing <Task(PythonOperator): transform_load> on 2022-04-26 01:31:51.766646+00:00
[2022-04-26 01:32:42,358] {standard_task_runner.py:52} INFO - Started process 760 to run task
[2022-04-26 01:32:42,375] {standard_task_runner.py:79} INFO - Running: ['***', 'tasks', 'run', 'starwarapi', 'transform_load', 'scheduled__2022-04-26T01:31:51.766646+00:00', '--job-id', '86', '--raw', '--subdir', 'DAGS_FOLDER/starwar_dag.py', '--cfg-path', '/tmp/tmpor8mxviz', '--error-file', '/tmp/tmpmg91ri7n']
[2022-04-26 01:32:42,378] {standard_task_runner.py:80} INFO - Job 86: Subtask transform_load
[2022-04-26 01:32:42,490] {logging_mixin.py:109} INFO - Running <TaskInstance: starwarapi.transform_load scheduled__2022-04-26T01:31:51.766646+00:00 [running]> on host 66327e1a8873
[2022-04-26 01:32:42,858] {taskinstance.py:1448} INFO - Exporting the following env vars:
AIRFLOW_CTX_DAG_OWNER=***
AIRFLOW_CTX_DAG_ID=starwarapi
AIRFLOW_CTX_TASK_ID=transform_load
AIRFLOW_CTX_EXECUTION_DATE=2022-04-26T01:31:51.766646+00:00
AIRFLOW_CTX_DAG_RUN_ID=scheduled__2022-04-26T01:31:51.766646+00:00
[2022-04-26 01:32:45,912] {python.py:175} INFO - Done. Returned value was: None
[2022-04-26 01:32:46,155] {taskinstance.py:1288} INFO - Marking task as SUCCESS. dag_id=starwarapi, task_id=transform_load, execution_date=20220426T013151, start_date=20220426T013242, end_date=20220426T013246
[2022-04-26 01:32:46,402] {local_task_job.py:154} INFO - Task exited with return code 0
[2022-04-26 01:32:46,740] {local_task_job.py:264} INFO - 1 downstream tasks scheduled from follow-on schedule check
