[2022-04-26 01:41:52,714] {taskinstance.py:1043} INFO - Dependencies all met for <TaskInstance: starwarapi.extract scheduled__2022-04-26T01:40:51.766646+00:00 [queued]>
[2022-04-26 01:41:52,754] {taskinstance.py:1043} INFO - Dependencies all met for <TaskInstance: starwarapi.extract scheduled__2022-04-26T01:40:51.766646+00:00 [queued]>
[2022-04-26 01:41:52,757] {taskinstance.py:1249} INFO - 
--------------------------------------------------------------------------------
[2022-04-26 01:41:52,762] {taskinstance.py:1250} INFO - Starting attempt 1 of 2
[2022-04-26 01:41:52,763] {taskinstance.py:1251} INFO - 
--------------------------------------------------------------------------------
[2022-04-26 01:41:52,804] {taskinstance.py:1270} INFO - Executing <Task(PythonOperator): extract> on 2022-04-26 01:40:51.766646+00:00
[2022-04-26 01:41:52,813] {standard_task_runner.py:52} INFO - Started process 1269 to run task
[2022-04-26 01:41:52,830] {standard_task_runner.py:79} INFO - Running: ['***', 'tasks', 'run', 'starwarapi', 'extract', 'scheduled__2022-04-26T01:40:51.766646+00:00', '--job-id', '156', '--raw', '--subdir', 'DAGS_FOLDER/starwar_dag.py', '--cfg-path', '/tmp/tmp8qr4asof', '--error-file', '/tmp/tmp6ce322b3']
[2022-04-26 01:41:52,834] {standard_task_runner.py:80} INFO - Job 156: Subtask extract
[2022-04-26 01:41:52,940] {logging_mixin.py:109} INFO - Running <TaskInstance: starwarapi.extract scheduled__2022-04-26T01:40:51.766646+00:00 [running]> on host 66327e1a8873
[2022-04-26 01:41:53,032] {taskinstance.py:1448} INFO - Exporting the following env vars:
AIRFLOW_CTX_DAG_OWNER=***
AIRFLOW_CTX_DAG_ID=starwarapi
AIRFLOW_CTX_TASK_ID=extract
AIRFLOW_CTX_EXECUTION_DATE=2022-04-26T01:40:51.766646+00:00
AIRFLOW_CTX_DAG_RUN_ID=scheduled__2022-04-26T01:40:51.766646+00:00
[2022-04-26 01:41:56,005] {logging_mixin.py:109} INFO - <Response [200]>
[2022-04-26 01:41:56,011] {python.py:175} INFO - Done. Returned value was: None
[2022-04-26 01:41:56,073] {taskinstance.py:1288} INFO - Marking task as SUCCESS. dag_id=starwarapi, task_id=extract, execution_date=20220426T014051, start_date=20220426T014152, end_date=20220426T014156
[2022-04-26 01:41:56,140] {local_task_job.py:154} INFO - Task exited with return code 0
[2022-04-26 01:41:56,416] {local_task_job.py:264} INFO - 0 downstream tasks scheduled from follow-on schedule check
