[2022-04-28 15:32:03,645] {taskinstance.py:1043} INFO - Dependencies all met for <TaskInstance: starwarapi.extract scheduled__2022-04-28T15:31:02.323668+00:00 [queued]>
[2022-04-28 15:32:03,663] {taskinstance.py:1043} INFO - Dependencies all met for <TaskInstance: starwarapi.extract scheduled__2022-04-28T15:31:02.323668+00:00 [queued]>
[2022-04-28 15:32:03,665] {taskinstance.py:1249} INFO - 
--------------------------------------------------------------------------------
[2022-04-28 15:32:03,666] {taskinstance.py:1250} INFO - Starting attempt 1 of 2
[2022-04-28 15:32:03,668] {taskinstance.py:1251} INFO - 
--------------------------------------------------------------------------------
[2022-04-28 15:32:03,690] {taskinstance.py:1270} INFO - Executing <Task(PythonOperator): extract> on 2022-04-28 15:31:02.323668+00:00
[2022-04-28 15:32:03,699] {standard_task_runner.py:52} INFO - Started process 614 to run task
[2022-04-28 15:32:03,706] {standard_task_runner.py:79} INFO - Running: ['***', 'tasks', 'run', 'starwarapi', 'extract', 'scheduled__2022-04-28T15:31:02.323668+00:00', '--job-id', '71', '--raw', '--subdir', 'DAGS_FOLDER/starwar_dag.py', '--cfg-path', '/tmp/tmp8nsosq0e', '--error-file', '/tmp/tmp1e1oeovt']
[2022-04-28 15:32:03,708] {standard_task_runner.py:80} INFO - Job 71: Subtask extract
[2022-04-28 15:32:03,811] {logging_mixin.py:109} INFO - Running <TaskInstance: starwarapi.extract scheduled__2022-04-28T15:31:02.323668+00:00 [running]> on host f3cfb7d93a54
[2022-04-28 15:32:03,910] {taskinstance.py:1448} INFO - Exporting the following env vars:
AIRFLOW_CTX_DAG_OWNER=***
AIRFLOW_CTX_DAG_ID=starwarapi
AIRFLOW_CTX_TASK_ID=extract
AIRFLOW_CTX_EXECUTION_DATE=2022-04-28T15:31:02.323668+00:00
AIRFLOW_CTX_DAG_RUN_ID=scheduled__2022-04-28T15:31:02.323668+00:00
[2022-04-28 15:32:04,091] {logging_mixin.py:109} INFO - <Response [200]>
[2022-04-28 15:32:04,097] {python.py:175} INFO - Done. Returned value was: None
[2022-04-28 15:32:04,120] {taskinstance.py:1288} INFO - Marking task as SUCCESS. dag_id=starwarapi, task_id=extract, execution_date=20220428T153102, start_date=20220428T153203, end_date=20220428T153204
[2022-04-28 15:32:04,206] {local_task_job.py:154} INFO - Task exited with return code 0
[2022-04-28 15:32:04,305] {local_task_job.py:264} INFO - 1 downstream tasks scheduled from follow-on schedule check
