[2022-04-25 16:52:21,773] {taskinstance.py:1043} INFO - Dependencies all met for <TaskInstance: starwarapi.extracted scheduled__2022-04-25T16:50:57.590925+00:00 [queued]>
[2022-04-25 16:52:21,838] {taskinstance.py:1043} INFO - Dependencies all met for <TaskInstance: starwarapi.extracted scheduled__2022-04-25T16:50:57.590925+00:00 [queued]>
[2022-04-25 16:52:21,840] {taskinstance.py:1249} INFO - 
--------------------------------------------------------------------------------
[2022-04-25 16:52:21,842] {taskinstance.py:1250} INFO - Starting attempt 1 of 2
[2022-04-25 16:52:21,846] {taskinstance.py:1251} INFO - 
--------------------------------------------------------------------------------
[2022-04-25 16:52:21,939] {taskinstance.py:1270} INFO - Executing <Task(BashOperator): extracted> on 2022-04-25 16:50:57.590925+00:00
[2022-04-25 16:52:21,974] {standard_task_runner.py:52} INFO - Started process 167 to run task
[2022-04-25 16:52:22,009] {standard_task_runner.py:79} INFO - Running: ['***', 'tasks', 'run', 'starwarapi', 'extracted', 'scheduled__2022-04-25T16:50:57.590925+00:00', '--job-id', '114', '--raw', '--subdir', 'DAGS_FOLDER/starwar_dag.py', '--cfg-path', '/tmp/tmpp6t90yzl', '--error-file', '/tmp/tmph19wvk51']
[2022-04-25 16:52:22,016] {standard_task_runner.py:80} INFO - Job 114: Subtask extracted
[2022-04-25 16:52:22,704] {logging_mixin.py:109} INFO - Running <TaskInstance: starwarapi.extracted scheduled__2022-04-25T16:50:57.590925+00:00 [running]> on host 171c4f2b9aa0
[2022-04-25 16:52:23,218] {taskinstance.py:1448} INFO - Exporting the following env vars:
AIRFLOW_CTX_DAG_EMAIL=anuragvuppala@gmail.com
AIRFLOW_CTX_DAG_OWNER=***
AIRFLOW_CTX_DAG_ID=starwarapi
AIRFLOW_CTX_TASK_ID=extracted
AIRFLOW_CTX_EXECUTION_DATE=2022-04-25T16:50:57.590925+00:00
AIRFLOW_CTX_DAG_RUN_ID=scheduled__2022-04-25T16:50:57.590925+00:00
[2022-04-25 16:52:23,226] {subprocess.py:62} INFO - Tmp dir root location: 
 /tmp
[2022-04-25 16:52:23,231] {subprocess.py:74} INFO - Running command: ['bash', '-c', "echo 'Data_Extracted'"]
[2022-04-25 16:52:23,358] {subprocess.py:85} INFO - Output:
[2022-04-25 16:52:23,370] {subprocess.py:89} INFO - Data_Extracted
[2022-04-25 16:52:23,377] {subprocess.py:93} INFO - Command exited with return code 0
[2022-04-25 16:52:23,556] {taskinstance.py:1288} INFO - Marking task as SUCCESS. dag_id=starwarapi, task_id=extracted, execution_date=20220425T165057, start_date=20220425T165221, end_date=20220425T165223
[2022-04-25 16:52:23,873] {local_task_job.py:154} INFO - Task exited with return code 0
[2022-04-25 16:52:24,255] {local_task_job.py:264} INFO - 0 downstream tasks scheduled from follow-on schedule check
