[2022-04-26 01:28:26,707] {taskinstance.py:1043} INFO - Dependencies all met for <TaskInstance: starwarapi.extracted scheduled__2022-04-26T01:27:49.954356+00:00 [queued]>
[2022-04-26 01:28:26,760] {taskinstance.py:1043} INFO - Dependencies all met for <TaskInstance: starwarapi.extracted scheduled__2022-04-26T01:27:49.954356+00:00 [queued]>
[2022-04-26 01:28:26,761] {taskinstance.py:1249} INFO - 
--------------------------------------------------------------------------------
[2022-04-26 01:28:26,762] {taskinstance.py:1250} INFO - Starting attempt 1 of 2
[2022-04-26 01:28:26,764] {taskinstance.py:1251} INFO - 
--------------------------------------------------------------------------------
[2022-04-26 01:28:26,784] {taskinstance.py:1270} INFO - Executing <Task(BashOperator): extracted> on 2022-04-26 01:27:49.954356+00:00
[2022-04-26 01:28:26,797] {standard_task_runner.py:52} INFO - Started process 531 to run task
[2022-04-26 01:28:26,804] {standard_task_runner.py:79} INFO - Running: ['***', 'tasks', 'run', 'starwarapi', 'extracted', 'scheduled__2022-04-26T01:27:49.954356+00:00', '--job-id', '53', '--raw', '--subdir', 'DAGS_FOLDER/starwar_dag.py', '--cfg-path', '/tmp/tmphgdmllpf', '--error-file', '/tmp/tmp9r9mlzop']
[2022-04-26 01:28:26,806] {standard_task_runner.py:80} INFO - Job 53: Subtask extracted
[2022-04-26 01:28:26,951] {logging_mixin.py:109} INFO - Running <TaskInstance: starwarapi.extracted scheduled__2022-04-26T01:27:49.954356+00:00 [running]> on host 66327e1a8873
[2022-04-26 01:28:27,102] {taskinstance.py:1448} INFO - Exporting the following env vars:
AIRFLOW_CTX_DAG_OWNER=***
AIRFLOW_CTX_DAG_ID=starwarapi
AIRFLOW_CTX_TASK_ID=extracted
AIRFLOW_CTX_EXECUTION_DATE=2022-04-26T01:27:49.954356+00:00
AIRFLOW_CTX_DAG_RUN_ID=scheduled__2022-04-26T01:27:49.954356+00:00
[2022-04-26 01:28:27,108] {subprocess.py:62} INFO - Tmp dir root location: 
 /tmp
[2022-04-26 01:28:27,113] {subprocess.py:74} INFO - Running command: ['bash', '-c', "echo 'Data_Extracted'"]
[2022-04-26 01:28:27,135] {subprocess.py:85} INFO - Output:
[2022-04-26 01:28:27,141] {subprocess.py:89} INFO - Data_Extracted
[2022-04-26 01:28:27,150] {subprocess.py:93} INFO - Command exited with return code 0
[2022-04-26 01:28:27,296] {taskinstance.py:1288} INFO - Marking task as SUCCESS. dag_id=starwarapi, task_id=extracted, execution_date=20220426T012749, start_date=20220426T012826, end_date=20220426T012827
[2022-04-26 01:28:27,354] {local_task_job.py:154} INFO - Task exited with return code 0
[2022-04-26 01:28:27,475] {local_task_job.py:264} INFO - 1 downstream tasks scheduled from follow-on schedule check
