[2022-04-26 01:21:02,469] {taskinstance.py:1043} INFO - Dependencies all met for <TaskInstance: starwarapi.loaded scheduled__2022-04-26T00:50:49.654927+00:00 [queued]>
[2022-04-26 01:21:03,006] {taskinstance.py:1043} INFO - Dependencies all met for <TaskInstance: starwarapi.loaded scheduled__2022-04-26T00:50:49.654927+00:00 [queued]>
[2022-04-26 01:21:03,011] {taskinstance.py:1249} INFO - 
--------------------------------------------------------------------------------
[2022-04-26 01:21:03,015] {taskinstance.py:1250} INFO - Starting attempt 1 of 2
[2022-04-26 01:21:03,018] {taskinstance.py:1251} INFO - 
--------------------------------------------------------------------------------
[2022-04-26 01:21:04,230] {taskinstance.py:1270} INFO - Executing <Task(BashOperator): loaded> on 2022-04-26 00:50:49.654927+00:00
[2022-04-26 01:21:04,411] {standard_task_runner.py:52} INFO - Started process 220 to run task
[2022-04-26 01:21:04,703] {standard_task_runner.py:79} INFO - Running: ['***', 'tasks', 'run', 'starwarapi', 'loaded', 'scheduled__2022-04-26T00:50:49.654927+00:00', '--job-id', '36', '--raw', '--subdir', 'DAGS_FOLDER/starwar_dag.py', '--cfg-path', '/tmp/tmpxzorbfsh', '--error-file', '/tmp/tmp69qt28jd']
[2022-04-26 01:21:04,707] {standard_task_runner.py:80} INFO - Job 36: Subtask loaded
[2022-04-26 01:21:06,885] {logging_mixin.py:109} INFO - Running <TaskInstance: starwarapi.loaded scheduled__2022-04-26T00:50:49.654927+00:00 [running]> on host 66327e1a8873
[2022-04-26 01:21:08,601] {taskinstance.py:1448} INFO - Exporting the following env vars:
AIRFLOW_CTX_DAG_OWNER=***
AIRFLOW_CTX_DAG_ID=starwarapi
AIRFLOW_CTX_TASK_ID=loaded
AIRFLOW_CTX_EXECUTION_DATE=2022-04-26T00:50:49.654927+00:00
AIRFLOW_CTX_DAG_RUN_ID=scheduled__2022-04-26T00:50:49.654927+00:00
[2022-04-26 01:21:08,881] {subprocess.py:62} INFO - Tmp dir root location: 
 /tmp
[2022-04-26 01:21:08,889] {subprocess.py:74} INFO - Running command: ['bash', '-c', "echo 'Data_loaded_to_CSV'"]
[2022-04-26 01:21:09,571] {subprocess.py:85} INFO - Output:
[2022-04-26 01:21:10,198] {subprocess.py:89} INFO - Data_loaded_to_CSV
[2022-04-26 01:21:10,203] {subprocess.py:93} INFO - Command exited with return code 0
[2022-04-26 01:21:11,559] {taskinstance.py:1288} INFO - Marking task as SUCCESS. dag_id=starwarapi, task_id=loaded, execution_date=20220426T005049, start_date=20220426T012102, end_date=20220426T012111
[2022-04-26 01:21:13,426] {local_task_job.py:154} INFO - Task exited with return code 0
[2022-04-26 01:21:14,880] {local_task_job.py:264} INFO - 0 downstream tasks scheduled from follow-on schedule check
